#
# A fatal error has been detected by the Java Runtime Environment:
#
#  EXCEPTION_ACCESS_VIOLATION (0xc0000005) at pc=0x000000006559fbec, pid=7624, tid=9388
#
# JRE version: Java(TM) SE Runtime Environment (7.0_40-b43) (build 1.7.0_40-b43)
# Java VM: Java HotSpot(TM) 64-Bit Server VM (24.0-b56 mixed mode windows-amd64 compressed oops)
# Problematic frame:
# C  [gdx64.dll+0x1fbec]
#
# Failed to write core dump. Minidumps are not enabled by default on client versions of Windows
#
# If you would like to submit a bug report, please visit:
#   http://bugreport.sun.com/bugreport/crash.jsp
# The crash happened outside the Java Virtual Machine in native code.
# See problematic frame for where to report the bug.
#

---------------  T H R E A D  ---------------

Current thread (0x000000000ae83000):  JavaThread "LWJGL Application" [_thread_in_native, id=9388, stack(0x000000000bb90000,0x000000000bc90000)]

siginfo: ExceptionCode=0xc0000005, reading address 0x0000000000000000

Registers:
RAX=0x0000000000000000, RBX=0x0000000010df4740, RCX=0x0000000000000000, RDX=0x000000000bcaa820
RSP=0x000000000bc8ef30, RBP=0x000000000bc8f0e0, RSI=0x000000000bcaa820, RDI=0x0000000000000000
R8 =0x000000000bcaa820, R9 =0x00000000000000db, R10=0x00000000022f3064, R11=0x000000005ec2f7d0
R12=0x0000000000000000, R13=0x000000009b723a68, R14=0x000000000bc8f110, R15=0x000000000ae83000
RIP=0x000000006559fbec, EFLAGS=0x0000000000010246

Top of Stack: (sp=0x000000000bc8ef30)
0x000000000bc8ef30:   00000000093fb178 000000005eb25c01
0x000000000bc8ef40:   000000000ae83000 000000000bcaa820
0x000000000bc8ef50:   000000000bcaa820 0000000000000001
0x000000000bc8ef60:   0000000000000000 00000000655a1bc4
0x000000000bc8ef70:   00001cebaadbdf92 000000005eacf72f
0x000000000bc8ef80:   000000009b7239a8 000000005eb5c49f
0x000000000bc8ef90:   0000000010df01f0 0000000000000000
0x000000000bc8efa0:   000000000ae83000 000000005eaeabb0
0x000000000bc8efb0:   0000000000000000 0000000000000001
0x000000000bc8efc0:   0000000000000003 000000000000000e
0x000000000bc8efd0:   000000000bc80000 00000000022fe103
0x000000000bc8efe0:   00000000655d3070 00000000655d3928
0x000000000bc8eff0:   000000000bc8f020 00000000655a1c31
0x000000000bc8f000:   000000000bc8ef70 000000005eaeadce
0x000000000bc8f010:   00000000093fd000 000000009b75c7e4
0x000000000bc8f020:   000000000bc8f0e0 00000000655aae75 

Instructions: (pc=0x000000006559fbec)
0x000000006559fbcc:   00 00 00 00 57 56 53 48 83 ec 20 8b 41 30 48 89
0x000000006559fbdc:   cb 48 89 d6 85 c0 0f 85 a8 00 00 00 48 8b 4b 18
0x000000006559fbec:   48 8b 01 ff 50 18 48 8b 53 28 41 89 c0 48 89 f1
0x000000006559fbfc:   41 c1 e0 05 e8 fb b9 fe ff 48 8b 7b 18 48 c7 43 


Register to memory mapping:

RAX=0x0000000000000000 is an unknown value
RBX=0x0000000010df4740 is an unknown value
RCX=0x0000000000000000 is an unknown value
RDX=0x000000000bcaa820 is an unknown value
RSP=0x000000000bc8ef30 is pointing into the stack for thread: 0x000000000ae83000
RBP=0x000000000bc8f0e0 is pointing into the stack for thread: 0x000000000ae83000
RSI=0x000000000bcaa820 is an unknown value
RDI=0x0000000000000000 is an unknown value
R8 =0x000000000bcaa820 is an unknown value
R9 =0x00000000000000db is an unknown value
R10=0x00000000022f3064 is at code_begin+644 in an Interpreter codelet
method entry point (kind = native)  [0x00000000022f2de0, 0x00000000022f3680]  2208 bytes
R11=0x000000005ec2f7d0 is an unknown value
R12=0x0000000000000000 is an unknown value
R13=0x000000009b723a68 is an oop
{method} 
 - klass: {other class}
R14=0x000000000bc8f110 is pointing into the stack for thread: 0x000000000ae83000
R15=0x000000000ae83000 is a thread


Stack: [0x000000000bb90000,0x000000000bc90000],  sp=0x000000000bc8ef30,  free space=1019k
Native frames: (J=compiled Java code, j=interpreted, Vv=VM code, C=native code)
C  [gdx64.dll+0x1fbec]
j  com.badlogic.gdx.physics.box2d.World.dispose()V+5
j  com.infinithinks.pentastic.entities.Track.dispose()V+4
j  com.infinithinks.pentastic.level.Level_1.dispose()V+18
j  com.infinithinks.pentastic.level.Level_1.hide()V+1
j  com.badlogic.gdx.Game.dispose()V+11
j  com.infinithinks.pentastic.PENtasticMain.dispose()V+1
j  com.badlogic.gdx.backends.lwjgl.LwjglApplication.mainLoop()V+780
j  com.badlogic.gdx.backends.lwjgl.LwjglApplication$1.run()V+27
v  ~StubRoutines::call_stub
V  [jvm.dll+0x1cb013]

Java frames: (J=compiled Java code, j=interpreted, Vv=VM code)
j  com.badlogic.gdx.physics.box2d.World.jniDispose(J)V+0
j  com.badlogic.gdx.physics.box2d.World.dispose()V+5
j  com.infinithinks.pentastic.entities.Track.dispose()V+4
j  com.infinithinks.pentastic.level.Level_1.dispose()V+18
j  com.infinithinks.pentastic.level.Level_1.hide()V+1
j  com.badlogic.gdx.Game.dispose()V+11
j  com.infinithinks.pentastic.PENtasticMain.dispose()V+1
j  com.badlogic.gdx.backends.lwjgl.LwjglApplication.mainLoop()V+780
j  com.badlogic.gdx.backends.lwjgl.LwjglApplication$1.run()V+27
v  ~StubRoutines::call_stub

---------------  P R O C E S S  ---------------

Java Threads: ( => current thread )
  0x000000000ae84000 JavaThread "LWJGL Timer" daemon [_thread_blocked, id=7600, stack(0x0000000011800000,0x0000000011900000)]
  0x00000000021e0800 JavaThread "DestroyJavaVM" [_thread_blocked, id=9628, stack(0x0000000002010000,0x0000000002110000)]
=>0x000000000ae83000 JavaThread "LWJGL Application" [_thread_in_native, id=9388, stack(0x000000000bb90000,0x000000000bc90000)]
  0x0000000009409800 JavaThread "Service Thread" daemon [_thread_blocked, id=9080, stack(0x000000000ab80000,0x000000000ac80000)]
  0x00000000093f9800 JavaThread "C2 CompilerThread1" daemon [_thread_blocked, id=1532, stack(0x000000000aa80000,0x000000000ab80000)]
  0x00000000093f4800 JavaThread "C2 CompilerThread0" daemon [_thread_blocked, id=9284, stack(0x000000000a980000,0x000000000aa80000)]
  0x00000000093f1800 JavaThread "Attach Listener" daemon [_thread_blocked, id=9384, stack(0x000000000a880000,0x000000000a980000)]
  0x00000000093ee800 JavaThread "Signal Dispatcher" daemon [_thread_blocked, id=1236, stack(0x000000000a780000,0x000000000a880000)]
  0x00000000093bb000 JavaThread "Finalizer" daemon [_thread_blocked, id=748, stack(0x000000000a680000,0x000000000a780000)]
  0x00000000093b1800 JavaThread "Reference Handler" daemon [_thread_blocked, id=9468, stack(0x000000000a580000,0x000000000a680000)]

Other Threads:
  0x00000000093af000 VMThread [stack: 0x000000000a480000,0x000000000a580000] [id=3084]
  0x0000000009412000 WatcherThread [stack: 0x000000000ac80000,0x000000000ad80000] [id=8388]

VM state:not at safepoint (normal execution)

VM Mutex/Monitor currently owned by a thread: None

Heap
 PSYoungGen      total 28672K, used 11620K [0x00000000e0100000, 0x00000000e2100000, 0x0000000100000000)
  eden space 24576K, 47% used [0x00000000e0100000,0x00000000e0c593b8,0x00000000e1900000)
  from space 4096K, 0% used [0x00000000e1d00000,0x00000000e1d00000,0x00000000e2100000)
  to   space 4096K, 0% used [0x00000000e1900000,0x00000000e1900000,0x00000000e1d00000)
 ParOldGen       total 65024K, used 0K [0x00000000a0400000, 0x00000000a4380000, 0x00000000e0100000)
  object space 65024K, 0% used [0x00000000a0400000,0x00000000a0400000,0x00000000a4380000)
 PSPermGen       total 21504K, used 6131K [0x000000009b200000, 0x000000009c700000, 0x00000000a0400000)
  object space 21504K, 28% used [0x000000009b200000,0x000000009b7fcf60,0x000000009c700000)

Card table byte_map: [0x00000000053a0000,0x00000000056d0000] byte_map_base: 0x0000000004ec7000

Polling page: 0x00000000006d0000

Code Cache  [0x00000000022e0000, 0x0000000002550000, 0x00000000052e0000)
 total_blobs=463 nmethods=65 adapters=351 free_code_cache=48570Kb largest_free_block=49715840

Compilation events (10 events):
Event: 4.951 Thread 0x00000000093f4800 nmethod 61 0x000000000236e990 code [0x000000000236eac0, 0x000000000236eb58]
Event: 4.951 Thread 0x00000000093f9800 nmethod 60 0x000000000236e6d0 code [0x000000000236e800, 0x000000000236e898]
Event: 4.965 Thread 0x00000000093f4800   62             org.lwjgl.BufferChecks::checkFunctionAddress (23 bytes)
Event: 4.966 Thread 0x00000000093f4800 nmethod 62 0x000000000236ec10 code [0x000000000236ed40, 0x000000000236ed98]
Event: 5.832 Thread 0x00000000093f9800   63             java.nio.Buffer::limit (62 bytes)
Event: 5.833 Thread 0x00000000093f9800 nmethod 63 0x000000000236e490 code [0x000000000236e5c0, 0x000000000236e658]
Event: 5.850 Thread 0x00000000093f4800   64             com.badlogic.gdx.backends.lwjgl.LwjglGraphics::getGL20 (5 bytes)
Event: 5.851 Thread 0x00000000093f4800 nmethod 64 0x000000000236e290 code [0x000000000236e3c0, 0x000000000236e418]
Event: 6.515 Thread 0x00000000093f9800   65             java.nio.Buffer::remaining (10 bytes)
Event: 6.516 Thread 0x00000000093f9800 nmethod 65 0x000000000236e090 code [0x000000000236e1c0, 0x000000000236e218]

GC Heap History (0 events):
No events

Deoptimization events (0 events):
No events

Internal exceptions (10 events):
Event: 1.221 Thread 0x000000000ae83000 Threw 0x00000000e0bc2350 at C:\jdk7u2_64p\jdk7u40\hotspot\src\share\vm\prims\jvm.cpp:1244
Event: 1.222 Thread 0x000000000ae83000 Threw 0x00000000e0bc6858 at C:\jdk7u2_64p\jdk7u40\hotspot\src\share\vm\prims\jvm.cpp:1244
Event: 1.223 Thread 0x000000000ae83000 Threw 0x00000000e0bca3e0 at C:\jdk7u2_64p\jdk7u40\hotspot\src\share\vm\prims\jvm.cpp:1244
Event: 1.224 Thread 0x000000000ae83000 Threw 0x00000000e0bce7b8 at C:\jdk7u2_64p\jdk7u40\hotspot\src\share\vm\prims\jvm.cpp:1244
Event: 1.248 Thread 0x000000000ae83000 Threw 0x00000000e0bd3d58 at C:\jdk7u2_64p\jdk7u40\hotspot\src\share\vm\prims\jvm.cpp:1244
Event: 1.249 Thread 0x000000000ae83000 Threw 0x00000000e0bd7b40 at C:\jdk7u2_64p\jdk7u40\hotspot\src\share\vm\prims\jvm.cpp:1244
Event: 1.250 Thread 0x000000000ae83000 Threw 0x00000000e0bdb6b0 at C:\jdk7u2_64p\jdk7u40\hotspot\src\share\vm\prims\jvm.cpp:1244
Event: 2.515 Thread 0x000000000ae83000 Threw 0x00000000e0beaf20 at C:\jdk7u2_64p\jdk7u40\hotspot\src\share\vm\prims\jvm.cpp:1244
Event: 2.516 Thread 0x000000000ae83000 Threw 0x00000000e0beeac0 at C:\jdk7u2_64p\jdk7u40\hotspot\src\share\vm\prims\jvm.cpp:1244
Event: 7.118 Thread 0x000000000ae83000 Threw 0x00000000e0c0b638 at C:\jdk7u2_64p\jdk7u40\hotspot\src\share\vm\prims\jvm.cpp:1244

Events (10 events):
Event: 1.250 loading class 0x000000000f118c40 done
Event: 1.251 Thread 0x000000000ae84000 Thread added: 0x000000000ae84000
Event: 2.515 loading class 0x000000000ae278c0
Event: 2.515 loading class 0x000000000ae278c0 done
Event: 2.516 loading class 0x000000000ae9ae00
Event: 2.516 loading class 0x000000000ae9ae00 done
Event: 4.101 Executing VM operation: EnableBiasedLocking
Event: 4.102 Executing VM operation: EnableBiasedLocking done
Event: 7.117 loading class 0x000000000946e520
Event: 7.118 loading class 0x000000000946e520 done


Dynamic libraries:
0x00007ff701950000 - 0x00007ff701983000 	C:\Program Files\Java\jre7\bin\javaw.exe
0x00007ff8e6620000 - 0x00007ff8e67c9000 	C:\WINDOWS\SYSTEM32\ntdll.dll
0x00007ff8e4600000 - 0x00007ff8e4739000 	C:\WINDOWS\system32\KERNEL32.DLL
0x00007ff8e3da0000 - 0x00007ff8e3eae000 	C:\WINDOWS\system32\KERNELBASE.dll
0x00007ff8e25d0000 - 0x00007ff8e265b000 	C:\WINDOWS\system32\apphelp.dll
0x00007ff8d6d50000 - 0x00007ff8d6d9f000 	C:\WINDOWS\AppPatch\AppPatch64\AcGenral.DLL
0x00007ff8e4c20000 - 0x00007ff8e4cc7000 	C:\WINDOWS\system32\msvcrt.dll
0x00007ff8e37e0000 - 0x00007ff8e380b000 	C:\WINDOWS\SYSTEM32\SspiCli.dll
0x00007ff8e63d0000 - 0x00007ff8e6421000 	C:\WINDOWS\system32\SHLWAPI.dll
0x00007ff8e4d70000 - 0x00007ff8e4ee1000 	C:\WINDOWS\system32\USER32.dll
0x00007ff8e4aa0000 - 0x00007ff8e4c16000 	C:\WINDOWS\system32\ole32.dll
0x00007ff8e4f00000 - 0x00007ff8e630f000 	C:\WINDOWS\system32\SHELL32.dll
0x00007ff8e2fb0000 - 0x00007ff8e2fcf000 	C:\WINDOWS\SYSTEM32\USERENV.dll
0x00007ff8e6310000 - 0x00007ff8e63b5000 	C:\WINDOWS\system32\ADVAPI32.dll
0x00007ff8da3e0000 - 0x00007ff8da3fb000 	C:\WINDOWS\SYSTEM32\MPR.dll
0x00007ff8e4740000 - 0x00007ff8e4876000 	C:\WINDOWS\system32\RPCRT4.dll
0x00007ff8e4d10000 - 0x00007ff8e4d67000 	C:\WINDOWS\SYSTEM32\sechost.dll
0x00007ff8e6430000 - 0x00007ff8e6607000 	C:\WINDOWS\SYSTEM32\combase.dll
0x00007ff8e4110000 - 0x00007ff8e4255000 	C:\WINDOWS\system32\GDI32.dll
0x00007ff8e39a0000 - 0x00007ff8e39b4000 	C:\WINDOWS\SYSTEM32\profapi.dll
0x00007ff8e2030000 - 0x00007ff8e20d1000 	C:\WINDOWS\SYSTEM32\SHCORE.dll
0x00007ff8e4cd0000 - 0x00007ff8e4d04000 	C:\WINDOWS\system32\IMM32.DLL
0x00007ff8e3f20000 - 0x00007ff8e4058000 	C:\WINDOWS\system32\MSCTF.dll
0x00007ff8e0e50000 - 0x00007ff8e10aa000 	C:\WINDOWS\WinSxS\amd64_microsoft.windows.common-controls_6595b64144ccf1df_6.0.9600.16384_none_62475f7becb72503\COMCTL32.dll
0x000000005f220000 - 0x000000005f2f1000 	C:\Program Files\Java\jre7\bin\msvcr100.dll
0x000000005ea50000 - 0x000000005f219000 	C:\Program Files\Java\jre7\bin\server\jvm.dll
0x00007ff8e0500000 - 0x00007ff8e0509000 	C:\WINDOWS\SYSTEM32\WSOCK32.dll
0x00007ff8d91f0000 - 0x00007ff8d920f000 	C:\WINDOWS\SYSTEM32\WINMM.dll
0x00007ff8e3f10000 - 0x00007ff8e3f17000 	C:\WINDOWS\system32\PSAPI.DLL
0x00007ff8e49a0000 - 0x00007ff8e49f8000 	C:\WINDOWS\system32\WS2_32.dll
0x00007ff8d7680000 - 0x00007ff8d76aa000 	C:\WINDOWS\SYSTEM32\WINMMBASE.dll
0x00007ff8e63c0000 - 0x00007ff8e63c9000 	C:\WINDOWS\system32\NSI.dll
0x00007ff8e3d50000 - 0x00007ff8e3d9a000 	C:\WINDOWS\SYSTEM32\cfgmgr32.dll
0x00007ff8e2830000 - 0x00007ff8e2856000 	C:\WINDOWS\SYSTEM32\DEVOBJ.dll
0x0000000060240000 - 0x000000006024f000 	C:\Program Files\Java\jre7\bin\verify.dll
0x000000005f4f0000 - 0x000000005f518000 	C:\Program Files\Java\jre7\bin\java.dll
0x000000005ea30000 - 0x000000005ea45000 	C:\Program Files\Java\jre7\bin\zip.dll
0x0000000065580000 - 0x0000000065610000 	C:\Users\Fathurrohman E\AppData\Local\Temp\libgdxFathurrohman E\5498721d\gdx64.dll
0x0000000180000000 - 0x0000000180050000 	C:\Users\Fathurrohman E\AppData\Local\Temp\libgdxFathurrohman E\4c88a7c1\lwjgl64.dll
0x00007ff8d3700000 - 0x00007ff8d3821000 	C:\WINDOWS\SYSTEM32\OPENGL32.dll
0x00007ff8e1120000 - 0x00007ff8e112a000 	C:\WINDOWS\SYSTEM32\VERSION.dll
0x00007ff8decc0000 - 0x00007ff8decec000 	C:\WINDOWS\SYSTEM32\GLU32.dll
0x00007ff8c7140000 - 0x00007ff8c7234000 	C:\WINDOWS\SYSTEM32\DDRAW.dll
0x00007ff8e0550000 - 0x00007ff8e0559000 	C:\WINDOWS\SYSTEM32\DCIMAN32.dll
0x000000000b180000 - 0x000000000b1e4000 	C:\Users\FATHUR~1\AppData\Local\Temp\libgdxFathurrohman E\4c88a7c1\OpenAL64.dll
0x00007ff8e26a0000 - 0x00007ff8e26aa000 	C:\WINDOWS\SYSTEM32\kernel.appcore.dll
0x00007ff8e3870000 - 0x00007ff8e387a000 	C:\WINDOWS\SYSTEM32\CRYPTBASE.dll
0x00007ff8e3810000 - 0x00007ff8e386e000 	C:\WINDOWS\SYSTEM32\bcryptPrimitives.dll
0x00007ff8e26b0000 - 0x00007ff8e27d2000 	C:\WINDOWS\system32\uxtheme.dll
0x00007ff8e4060000 - 0x00007ff8e4104000 	C:\WINDOWS\SYSTEM32\clbcatq.dll
0x00007ff8c70b0000 - 0x00007ff8c7137000 	C:\WINDOWS\SYSTEM32\dsound.dll
0x00007ff8e3940000 - 0x00007ff8e3985000 	C:\WINDOWS\SYSTEM32\POWRPROF.dll
0x00007ff8e00d0000 - 0x00007ff8e0131000 	C:\WINDOWS\System32\MMDevApi.dll
0x00007ff8d6c60000 - 0x00007ff8d6cd6000 	C:\WINDOWS\SYSTEM32\AUDIOSES.DLL
0x00007ff8e48e0000 - 0x00007ff8e4997000 	C:\WINDOWS\system32\OLEAUT32.dll
0x00007ff8e1df0000 - 0x00007ff8e1e11000 	C:\WINDOWS\system32\dwmapi.dll
0x00007ff8ded40000 - 0x00007ff8ded58000 	C:\WINDOWS\SYSTEM32\atig6pxx.dll
0x000000005d040000 - 0x000000005e9e1000 	C:\WINDOWS\SYSTEM32\atio6axx.dll
0x00007ff8e4400000 - 0x00007ff8e45d6000 	C:\WINDOWS\system32\SETUPAPI.dll
0x00007ff8de2f0000 - 0x00007ff8de418000 	C:\WINDOWS\SYSTEM32\atiadlxx.dll
0x00007ff8dfdd0000 - 0x00007ff8dff34000 	C:\WINDOWS\SYSTEM32\PROPSYS.dll
0x00007ff8e25b0000 - 0x00007ff8e25c1000 	C:\WINDOWS\SYSTEM32\WTSAPI32.dll
0x00007ff8dfda0000 - 0x00007ff8dfdc9000 	C:\WINDOWS\SYSTEM32\IPHLPAPI.DLL
0x00007ff8dfd30000 - 0x00007ff8dfd3a000 	C:\WINDOWS\SYSTEM32\WINNSI.DLL
0x00007ff8e3c50000 - 0x00007ff8e3c9e000 	C:\WINDOWS\system32\WINTRUST.dll
0x00007ff8e3a70000 - 0x00007ff8e3c47000 	C:\WINDOWS\system32\CRYPT32.dll
0x00007ff8e3a50000 - 0x00007ff8e3a62000 	C:\WINDOWS\system32\MSASN1.dll
0x00007ff8de960000 - 0x00007ff8deaa4000 	C:\WINDOWS\SYSTEM32\aticfx64.dll
0x00007ff8da320000 - 0x00007ff8da33e000 	C:\WINDOWS\SYSTEM32\atig6txx.dll
0x00007ff8c5b70000 - 0x00007ff8c5bfd000 	C:\WINDOWS\SYSTEM32\mscms.dll
0x00007ff8d5360000 - 0x00007ff8d53a1000 	C:\WINDOWS\SYSTEM32\icm32.dll
0x00007ff8c48c0000 - 0x00007ff8c4a48000 	C:\WINDOWS\SYSTEM32\dbghelp.dll

VM Arguments:
jvm_args: -Dfile.encoding=Cp1252 
java_command: com.infinithinks.pentastic.Main
Launcher Type: SUN_STANDARD

Environment Variables:
PATH=C:\WINDOWS\system32;C:\WINDOWS;C:\WINDOWS\System32\Wbem;C:\WINDOWS\System32\WindowsPowerShell\v1.0\;C:\Program Files (x86)\ATI Technologies\ATI.ACE\Core-Static;C:\Program Files (x86)\SoftKinetic\DepthSenseSDK\bin;e:\Program Files\MATLAB\R2010a\runtime\win64;e:\Program Files\MATLAB\R2010a\bin;C:\Program Files (x86)\Windows Kits\8.0\Windows Performance Toolkit\;C:\Program Files\Microsoft SQL Server\110\Tools\Binn\
USERNAME=Fathurrohman E
OS=Windows_NT
PROCESSOR_IDENTIFIER=Intel64 Family 6 Model 42 Stepping 7, GenuineIntel



---------------  S Y S T E M  ---------------

OS: Windows 8 , 64 bit Build 9200 

CPU:total 4 (2 cores per cpu, 2 threads per core) family 6 model 42 stepping 7, cmov, cx8, fxsr, mmx, sse, sse2, sse3, ssse3, sse4.1, sse4.2, popcnt, avx, ht, tsc, tscinvbit

Memory: 4k page, physical 6268032k(2120028k free), swap 7316608k(1756904k free)

vm_info: Java HotSpot(TM) 64-Bit Server VM (24.0-b56) for windows-amd64 JRE (1.7.0_40-b43), built on Aug 26 2013 22:38:32 by "java_re" with unknown MS VC++:1600

time: Wed Jan 29 08:22:22 2014
elapsed time: 7 seconds

