#
# A fatal error has been detected by the Java Runtime Environment:
#
#  EXCEPTION_ACCESS_VIOLATION (0xc0000005) at pc=0x000000006559fbec, pid=10392, tid=10452
#
# JRE version: Java(TM) SE Runtime Environment (7.0_40-b43) (build 1.7.0_40-b43)
# Java VM: Java HotSpot(TM) 64-Bit Server VM (24.0-b56 mixed mode windows-amd64 compressed oops)
# Problematic frame:
# C  [gdx64.dll+0x1fbec]
#
# Failed to write core dump. Minidumps are not enabled by default on client versions of Windows
#
# If you would like to submit a bug report, please visit:
#   http://bugreport.sun.com/bugreport/crash.jsp
# The crash happened outside the Java Virtual Machine in native code.
# See problematic frame for where to report the bug.
#

---------------  T H R E A D  ---------------

Current thread (0x000000000aacf800):  JavaThread "LWJGL Application" [_thread_in_native, id=10452, stack(0x000000000b710000,0x000000000b810000)]

siginfo: ExceptionCode=0xc0000005, reading address 0x0000000000000000

Registers:
RAX=0x0000000000000000, RBX=0x000000000b85b970, RCX=0x0000000000000000, RDX=0x000000000b82a820
RSP=0x000000000b80edf0, RBP=0x000000000b80efa0, RSI=0x000000000b82a820, RDI=0x0000000000000000
R8 =0x000000000b82a820, R9 =0x00000000000000db, R10=0x0000000001f03064, R11=0x000000007452f7d0
R12=0x0000000000000000, R13=0x000000009b706738, R14=0x000000000b80efd0, R15=0x000000000aacf800
RIP=0x000000006559fbec, EFLAGS=0x0000000000010246

Top of Stack: (sp=0x000000000b80edf0)
0x000000000b80edf0:   0000000009059ac8 0000000074425c01
0x000000000b80ee00:   000000000aacf800 000000000b82a820
0x000000000b80ee10:   000000000b82a820 0000000000000001
0x000000000b80ee20:   0000000000000000 00000000655a1bc4
0x000000000b80ee30:   00000f996c718454 00000000743cf72f
0x000000000b80ee40:   000000009b706678 000000007445c49f
0x000000000b80ee50:   000000000b857780 0000000000000000
0x000000000b80ee60:   000000000aacf800 00000000743eabb0
0x000000000b80ee70:   0000000000000000 0000000000000001
0x000000000b80ee80:   0000000000000003 000000000000000e
0x000000000b80ee90:   000000000b800000 0000000001f0e103
0x000000000b80eea0:   00000000655d3070 00000000655d3928
0x000000000b80eeb0:   000000000b80eee0 00000000655a1c31
0x000000000b80eec0:   000000000b80ee30 00000000743eadce
0x000000000b80eed0:   0000000009059600 000000009b73f2b4
0x000000000b80eee0:   000000000b80efa0 00000000655aae75 

Instructions: (pc=0x000000006559fbec)
0x000000006559fbcc:   00 00 00 00 57 56 53 48 83 ec 20 8b 41 30 48 89
0x000000006559fbdc:   cb 48 89 d6 85 c0 0f 85 a8 00 00 00 48 8b 4b 18
0x000000006559fbec:   48 8b 01 ff 50 18 48 8b 53 28 41 89 c0 48 89 f1
0x000000006559fbfc:   41 c1 e0 05 e8 fb b9 fe ff 48 8b 7b 18 48 c7 43 


Register to memory mapping:

RAX=0x0000000000000000 is an unknown value
RBX=0x000000000b85b970 is an unknown value
RCX=0x0000000000000000 is an unknown value
RDX=0x000000000b82a820 is an unknown value
RSP=0x000000000b80edf0 is pointing into the stack for thread: 0x000000000aacf800
RBP=0x000000000b80efa0 is pointing into the stack for thread: 0x000000000aacf800
RSI=0x000000000b82a820 is an unknown value
RDI=0x0000000000000000 is an unknown value
R8 =0x000000000b82a820 is an unknown value
R9 =0x00000000000000db is an unknown value
R10=0x0000000001f03064 is at code_begin+644 in an Interpreter codelet
method entry point (kind = native)  [0x0000000001f02de0, 0x0000000001f03680]  2208 bytes
R11=0x000000007452f7d0 is an unknown value
R12=0x0000000000000000 is an unknown value
R13=0x000000009b706738 is an oop
{method} 
 - klass: {other class}
R14=0x000000000b80efd0 is pointing into the stack for thread: 0x000000000aacf800
R15=0x000000000aacf800 is a thread


Stack: [0x000000000b710000,0x000000000b810000],  sp=0x000000000b80edf0,  free space=1019k
Native frames: (J=compiled Java code, j=interpreted, Vv=VM code, C=native code)
C  [gdx64.dll+0x1fbec]
j  com.badlogic.gdx.physics.box2d.World.dispose()V+5
j  com.infinithinks.pentastic.entities.Track.dispose()V+4
j  com.infinithinks.pentastic.level.Level_1.dispose()V+18
j  com.infinithinks.pentastic.level.Level_1.hide()V+1
j  com.badlogic.gdx.Game.dispose()V+11
j  com.infinithinks.pentastic.PENtasticMain.dispose()V+1
j  com.badlogic.gdx.backends.lwjgl.LwjglApplication.mainLoop()V+780
j  com.badlogic.gdx.backends.lwjgl.LwjglApplication$1.run()V+27
v  ~StubRoutines::call_stub
V  [jvm.dll+0x1cb013]

Java frames: (J=compiled Java code, j=interpreted, Vv=VM code)
j  com.badlogic.gdx.physics.box2d.World.jniDispose(J)V+0
j  com.badlogic.gdx.physics.box2d.World.dispose()V+5
j  com.infinithinks.pentastic.entities.Track.dispose()V+4
j  com.infinithinks.pentastic.level.Level_1.dispose()V+18
j  com.infinithinks.pentastic.level.Level_1.hide()V+1
j  com.badlogic.gdx.Game.dispose()V+11
j  com.infinithinks.pentastic.PENtasticMain.dispose()V+1
j  com.badlogic.gdx.backends.lwjgl.LwjglApplication.mainLoop()V+780
j  com.badlogic.gdx.backends.lwjgl.LwjglApplication$1.run()V+27
v  ~StubRoutines::call_stub

---------------  P R O C E S S  ---------------

Java Threads: ( => current thread )
  0x000000000aa46000 JavaThread "LWJGL Timer" daemon [_thread_blocked, id=6488, stack(0x00000000102c0000,0x00000000103c0000)]
  0x0000000001df0800 JavaThread "DestroyJavaVM" [_thread_blocked, id=11520, stack(0x0000000001cd0000,0x0000000001dd0000)]
=>0x000000000aacf800 JavaThread "LWJGL Application" [_thread_in_native, id=10452, stack(0x000000000b710000,0x000000000b810000)]
  0x000000000906a000 JavaThread "Service Thread" daemon [_thread_blocked, id=9860, stack(0x000000000a7e0000,0x000000000a8e0000)]
  0x0000000009058000 JavaThread "C2 CompilerThread1" daemon [_thread_blocked, id=10756, stack(0x000000000a6e0000,0x000000000a7e0000)]
  0x0000000009053000 JavaThread "C2 CompilerThread0" daemon [_thread_blocked, id=11436, stack(0x000000000a5e0000,0x000000000a6e0000)]
  0x0000000009051800 JavaThread "Attach Listener" daemon [_thread_blocked, id=9836, stack(0x000000000a4e0000,0x000000000a5e0000)]
  0x000000000904e800 JavaThread "Signal Dispatcher" daemon [_thread_blocked, id=12192, stack(0x000000000a3e0000,0x000000000a4e0000)]
  0x000000000901b000 JavaThread "Finalizer" daemon [_thread_blocked, id=10388, stack(0x000000000a2e0000,0x000000000a3e0000)]
  0x0000000009011800 JavaThread "Reference Handler" daemon [_thread_blocked, id=1180, stack(0x000000000a1e0000,0x000000000a2e0000)]

Other Threads:
  0x000000000900f000 VMThread [stack: 0x000000000a0e0000,0x000000000a1e0000] [id=8656]
  0x0000000009072800 WatcherThread [stack: 0x000000000a8e0000,0x000000000a9e0000] [id=3356]

VM state:not at safepoint (normal execution)

VM Mutex/Monitor currently owned by a thread: None

Heap
 PSYoungGen      total 28672K, used 9860K [0x00000000e0100000, 0x00000000e2100000, 0x0000000100000000)
  eden space 24576K, 40% used [0x00000000e0100000,0x00000000e0aa1128,0x00000000e1900000)
  from space 4096K, 0% used [0x00000000e1d00000,0x00000000e1d00000,0x00000000e2100000)
  to   space 4096K, 0% used [0x00000000e1900000,0x00000000e1900000,0x00000000e1d00000)
 ParOldGen       total 65024K, used 0K [0x00000000a0400000, 0x00000000a4380000, 0x00000000e0100000)
  object space 65024K, 0% used [0x00000000a0400000,0x00000000a0400000,0x00000000a4380000)
 PSPermGen       total 21504K, used 5814K [0x000000009b200000, 0x000000009c700000, 0x00000000a0400000)
  object space 21504K, 27% used [0x000000009b200000,0x000000009b7adb50,0x000000009c700000)

Card table byte_map: [0x0000000004fb0000,0x00000000052e0000] byte_map_base: 0x0000000004ad7000

Polling page: 0x0000000001ca0000

Code Cache  [0x0000000001ef0000, 0x0000000002160000, 0x0000000004ef0000)
 total_blobs=445 nmethods=56 adapters=342 free_code_cache=48592Kb largest_free_block=49725440

Compilation events (10 events):
Event: 12.908 Thread 0x0000000009053000 nmethod 51 0x0000000001f792d0 code [0x0000000001f79400, 0x0000000001f79498]
Event: 12.908 Thread 0x0000000009058000 nmethod 50 0x0000000001f75710 code [0x0000000001f75840, 0x0000000001f758d8]
Event: 12.908 Thread 0x0000000009053000   52             org.lwjgl.BufferChecks::checkFunctionAddress (23 bytes)
Event: 12.909 Thread 0x0000000009053000 nmethod 52 0x0000000001f75510 code [0x0000000001f75640, 0x0000000001f75698]
Event: 14.838 Thread 0x0000000009058000   53             com.badlogic.gdx.backends.lwjgl.LwjglGraphics::getGL20 (5 bytes)
Event: 14.838 Thread 0x0000000009058000 nmethod 53 0x0000000001f75310 code [0x0000000001f75440, 0x0000000001f75498]
Event: 14.973 Thread 0x0000000009053000   54             java.nio.Buffer::limit (62 bytes)
Event: 14.975 Thread 0x0000000009053000 nmethod 54 0x0000000001f750d0 code [0x0000000001f75200, 0x0000000001f75298]
Event: 15.621 Thread 0x0000000009058000   55             java.nio.HeapByteBuffer::ix (7 bytes)
Event: 15.622 Thread 0x0000000009058000 nmethod 55 0x0000000001f74ed0 code [0x0000000001f75000, 0x0000000001f75058]

GC Heap History (0 events):
No events

Deoptimization events (0 events):
No events

Internal exceptions (10 events):
Event: 1.175 Thread 0x000000000aacf800 Threw 0x00000000e0a62490 at C:\jdk7u2_64p\jdk7u40\hotspot\src\share\vm\prims\jvm.cpp:1244
Event: 1.176 Thread 0x000000000aacf800 Threw 0x00000000e0a66498 at C:\jdk7u2_64p\jdk7u40\hotspot\src\share\vm\prims\jvm.cpp:1244
Event: 1.176 Thread 0x000000000aacf800 Threw 0x00000000e0a6a808 at C:\jdk7u2_64p\jdk7u40\hotspot\src\share\vm\prims\jvm.cpp:1244
Event: 1.177 Thread 0x000000000aacf800 Threw 0x00000000e0a6ecd0 at C:\jdk7u2_64p\jdk7u40\hotspot\src\share\vm\prims\jvm.cpp:1244
Event: 1.178 Thread 0x000000000aacf800 Threw 0x00000000e0a72858 at C:\jdk7u2_64p\jdk7u40\hotspot\src\share\vm\prims\jvm.cpp:1244
Event: 1.178 Thread 0x000000000aacf800 Threw 0x00000000e0a76ba0 at C:\jdk7u2_64p\jdk7u40\hotspot\src\share\vm\prims\jvm.cpp:1244
Event: 1.204 Thread 0x000000000aacf800 Threw 0x00000000e0a7b3c8 at C:\jdk7u2_64p\jdk7u40\hotspot\src\share\vm\prims\jvm.cpp:1244
Event: 1.206 Thread 0x000000000aacf800 Threw 0x00000000e0a7f488 at C:\jdk7u2_64p\jdk7u40\hotspot\src\share\vm\prims\jvm.cpp:1244
Event: 1.206 Thread 0x000000000aacf800 Threw 0x00000000e0a82ff8 at C:\jdk7u2_64p\jdk7u40\hotspot\src\share\vm\prims\jvm.cpp:1244
Event: 17.446 Thread 0x000000000aacf800 Threw 0x00000000e0a9a4c8 at C:\jdk7u2_64p\jdk7u40\hotspot\src\share\vm\prims\jvm.cpp:1244

Events (10 events):
Event: 1.204 loading class 0x000000000ab63d50 done
Event: 1.205 loading class 0x000000000ac1c900
Event: 1.205 loading class 0x000000000ac1c900 done
Event: 1.206 loading class 0x000000000abbebf0
Event: 1.206 loading class 0x000000000abbebf0 done
Event: 1.207 Thread 0x000000000aa46000 Thread added: 0x000000000aa46000
Event: 4.090 Executing VM operation: EnableBiasedLocking
Event: 4.090 Executing VM operation: EnableBiasedLocking done
Event: 17.446 loading class 0x00000000090cba50
Event: 17.446 loading class 0x00000000090cba50 done


Dynamic libraries:
0x00007ff72d960000 - 0x00007ff72d993000 	C:\Program Files\Java\jre7\bin\javaw.exe
0x00007ffaec2d0000 - 0x00007ffaec479000 	C:\WINDOWS\SYSTEM32\ntdll.dll
0x00007ffaeaba0000 - 0x00007ffaeacd9000 	C:\WINDOWS\system32\KERNEL32.DLL
0x00007ffae9720000 - 0x00007ffae982e000 	C:\WINDOWS\system32\KERNELBASE.dll
0x00007ffae8280000 - 0x00007ffae830b000 	C:\WINDOWS\system32\apphelp.dll
0x00007ffacfa20000 - 0x00007ffacfa6f000 	C:\WINDOWS\AppPatch\AppPatch64\AcGenral.DLL
0x00007ffaea630000 - 0x00007ffaea6d7000 	C:\WINDOWS\system32\msvcrt.dll
0x00007ffae9500000 - 0x00007ffae952b000 	C:\WINDOWS\SYSTEM32\SspiCli.dll
0x00007ffae9da0000 - 0x00007ffae9df1000 	C:\WINDOWS\system32\SHLWAPI.dll
0x00007ffaead40000 - 0x00007ffaeaeb1000 	C:\WINDOWS\system32\USER32.dll
0x00007ffaea840000 - 0x00007ffaea9b6000 	C:\WINDOWS\system32\ole32.dll
0x00007ffaeaec0000 - 0x00007ffaec2cf000 	C:\WINDOWS\system32\SHELL32.dll
0x00007ffae8c60000 - 0x00007ffae8c7f000 	C:\WINDOWS\SYSTEM32\USERENV.dll
0x00007ffae9bd0000 - 0x00007ffae9c75000 	C:\WINDOWS\system32\ADVAPI32.dll
0x00007ffadff60000 - 0x00007ffadff7b000 	C:\WINDOWS\SYSTEM32\MPR.dll
0x00007ffaea700000 - 0x00007ffaea836000 	C:\WINDOWS\system32\RPCRT4.dll
0x00007ffae9ca0000 - 0x00007ffae9cf7000 	C:\WINDOWS\SYSTEM32\sechost.dll
0x00007ffae9ff0000 - 0x00007ffaea1c7000 	C:\WINDOWS\SYSTEM32\combase.dll
0x00007ffaea430000 - 0x00007ffaea575000 	C:\WINDOWS\system32\GDI32.dll
0x00007ffae9650000 - 0x00007ffae9664000 	C:\WINDOWS\SYSTEM32\profapi.dll
0x00007ffae7c80000 - 0x00007ffae7d21000 	C:\WINDOWS\SYSTEM32\SHCORE.dll
0x00007ffae9d00000 - 0x00007ffae9d34000 	C:\WINDOWS\system32\IMM32.DLL
0x00007ffae9e00000 - 0x00007ffae9f38000 	C:\WINDOWS\system32\MSCTF.dll
0x00007ffae7260000 - 0x00007ffae74ba000 	C:\WINDOWS\WinSxS\amd64_microsoft.windows.common-controls_6595b64144ccf1df_6.0.9600.16384_none_62475f7becb72503\COMCTL32.dll
0x0000000075380000 - 0x0000000075451000 	C:\Program Files\Java\jre7\bin\msvcr100.dll
0x0000000074350000 - 0x0000000074b19000 	C:\Program Files\Java\jre7\bin\server\jvm.dll
0x00007ffae5bf0000 - 0x00007ffae5bf9000 	C:\WINDOWS\SYSTEM32\WSOCK32.dll
0x00007ffadfde0000 - 0x00007ffadfdff000 	C:\WINDOWS\SYSTEM32\WINMM.dll
0x00007ffaea6f0000 - 0x00007ffaea6f7000 	C:\WINDOWS\system32\PSAPI.DLL
0x00007ffaeace0000 - 0x00007ffaead38000 	C:\WINDOWS\system32\WS2_32.dll
0x00007ffadfdb0000 - 0x00007ffadfdda000 	C:\WINDOWS\SYSTEM32\WINMMBASE.dll
0x00007ffaea6e0000 - 0x00007ffaea6e9000 	C:\WINDOWS\system32\NSI.dll
0x00007ffae9830000 - 0x00007ffae987a000 	C:\WINDOWS\SYSTEM32\cfgmgr32.dll
0x00007ffae84d0000 - 0x00007ffae84f6000 	C:\WINDOWS\SYSTEM32\DEVOBJ.dll
0x00000000762a0000 - 0x00000000762af000 	C:\Program Files\Java\jre7\bin\verify.dll
0x0000000075350000 - 0x0000000075378000 	C:\Program Files\Java\jre7\bin\java.dll
0x0000000075330000 - 0x0000000075345000 	C:\Program Files\Java\jre7\bin\zip.dll
0x0000000065580000 - 0x0000000065610000 	C:\Users\Fathurrohman E\AppData\Local\Temp\libgdxFathurrohman E\5498721d\gdx64.dll
0x0000000180000000 - 0x0000000180050000 	C:\Users\Fathurrohman E\AppData\Local\Temp\libgdxFathurrohman E\4c88a7c1\lwjgl64.dll
0x00007ffacab90000 - 0x00007ffacacb1000 	C:\WINDOWS\SYSTEM32\OPENGL32.dll
0x00007ffae7100000 - 0x00007ffae710a000 	C:\WINDOWS\SYSTEM32\VERSION.dll
0x00007ffae1e40000 - 0x00007ffae1e6c000 	C:\WINDOWS\SYSTEM32\GLU32.dll
0x00007ffacaa90000 - 0x00007ffacab84000 	C:\WINDOWS\SYSTEM32\DDRAW.dll
0x00007ffae6390000 - 0x00007ffae6399000 	C:\WINDOWS\SYSTEM32\DCIMAN32.dll
0x000000000ae10000 - 0x000000000ae74000 	C:\Users\FATHUR~1\AppData\Local\Temp\libgdxFathurrohman E\4c88a7c1\OpenAL64.dll
0x00007ffae8520000 - 0x00007ffae852a000 	C:\WINDOWS\SYSTEM32\kernel.appcore.dll
0x00007ffae9590000 - 0x00007ffae959a000 	C:\WINDOWS\SYSTEM32\CRYPTBASE.dll
0x00007ffae9530000 - 0x00007ffae958e000 	C:\WINDOWS\SYSTEM32\bcryptPrimitives.dll
0x00007ffae8340000 - 0x00007ffae8462000 	C:\WINDOWS\system32\uxtheme.dll
0x00007ffaea580000 - 0x00007ffaea624000 	C:\WINDOWS\SYSTEM32\clbcatq.dll
0x00007ffad2e50000 - 0x00007ffad2ed7000 	C:\WINDOWS\SYSTEM32\dsound.dll
0x00007ffae9490000 - 0x00007ffae94d5000 	C:\WINDOWS\SYSTEM32\POWRPROF.dll
0x00007ffae6ef0000 - 0x00007ffae6f51000 	C:\WINDOWS\System32\MMDevApi.dll
0x00007ffadcb80000 - 0x00007ffadcbf6000 	C:\WINDOWS\SYSTEM32\AUDIOSES.DLL
0x00007ffaea370000 - 0x00007ffaea427000 	C:\WINDOWS\system32\OLEAUT32.dll
0x00007ffae7aa0000 - 0x00007ffae7ac1000 	C:\WINDOWS\system32\dwmapi.dll
0x00007ffae3820000 - 0x00007ffae3838000 	C:\WINDOWS\SYSTEM32\atig6pxx.dll
0x00000000729a0000 - 0x0000000074341000 	C:\WINDOWS\SYSTEM32\atio6axx.dll
0x00007ffaea9c0000 - 0x00007ffaeab96000 	C:\WINDOWS\system32\SETUPAPI.dll
0x00007ffae4ed0000 - 0x00007ffae4ff8000 	C:\WINDOWS\SYSTEM32\atiadlxx.dll
0x00007ffae54c0000 - 0x00007ffae5624000 	C:\WINDOWS\SYSTEM32\PROPSYS.dll
0x00007ffae8260000 - 0x00007ffae8271000 	C:\WINDOWS\SYSTEM32\WTSAPI32.dll
0x00007ffae5240000 - 0x00007ffae5269000 	C:\WINDOWS\SYSTEM32\IPHLPAPI.DLL
0x00007ffae63c0000 - 0x00007ffae63ca000 	C:\WINDOWS\SYSTEM32\WINNSI.DLL
0x00007ffae9930000 - 0x00007ffae997e000 	C:\WINDOWS\system32\WINTRUST.dll
0x00007ffae9980000 - 0x00007ffae9b57000 	C:\WINDOWS\system32\CRYPT32.dll
0x00007ffae9700000 - 0x00007ffae9712000 	C:\WINDOWS\system32\MSASN1.dll
0x00007ffae7110000 - 0x00007ffae7254000 	C:\WINDOWS\SYSTEM32\aticfx64.dll
0x00007ffae0ea0000 - 0x00007ffae0ebe000 	C:\WINDOWS\SYSTEM32\atig6txx.dll
0x00007ffac7cb0000 - 0x00007ffac7d3d000 	C:\WINDOWS\SYSTEM32\mscms.dll
0x00007ffad98c0000 - 0x00007ffad9901000 	C:\WINDOWS\SYSTEM32\icm32.dll
0x00007ffad4130000 - 0x00007ffad42b8000 	C:\WINDOWS\SYSTEM32\dbghelp.dll

VM Arguments:
jvm_args: -Dfile.encoding=Cp1252 
java_command: com.infinithinks.pentastic.Main
Launcher Type: SUN_STANDARD

Environment Variables:
PATH=C:\WINDOWS\system32;C:\WINDOWS;C:\WINDOWS\System32\Wbem;C:\WINDOWS\System32\WindowsPowerShell\v1.0\;C:\Program Files (x86)\ATI Technologies\ATI.ACE\Core-Static;C:\Program Files (x86)\SoftKinetic\DepthSenseSDK\bin;e:\Program Files\MATLAB\R2010a\runtime\win64;e:\Program Files\MATLAB\R2010a\bin;C:\Program Files (x86)\Windows Kits\8.0\Windows Performance Toolkit\;C:\Program Files\Microsoft SQL Server\110\Tools\Binn\
USERNAME=Fathurrohman E
OS=Windows_NT
PROCESSOR_IDENTIFIER=Intel64 Family 6 Model 42 Stepping 7, GenuineIntel



---------------  S Y S T E M  ---------------

OS: Windows 8 , 64 bit Build 9200 

CPU:total 4 (2 cores per cpu, 2 threads per core) family 6 model 42 stepping 7, cmov, cx8, fxsr, mmx, sse, sse2, sse3, ssse3, sse4.1, sse4.2, popcnt, avx, ht, tsc, tscinvbit

Memory: 4k page, physical 6268032k(2043148k free), swap 8402008k(2124156k free)

vm_info: Java HotSpot(TM) 64-Bit Server VM (24.0-b56) for windows-amd64 JRE (1.7.0_40-b43), built on Aug 26 2013 22:38:32 by "java_re" with unknown MS VC++:1600

time: Sat Jan 11 14:04:35 2014
elapsed time: 17 seconds

