#
# A fatal error has been detected by the Java Runtime Environment:
#
#  EXCEPTION_ACCESS_VIOLATION (0xc0000005) at pc=0x00000000655a1b9f, pid=6424, tid=3096
#
# JRE version: Java(TM) SE Runtime Environment (7.0_40-b43) (build 1.7.0_40-b43)
# Java VM: Java HotSpot(TM) 64-Bit Server VM (24.0-b56 mixed mode windows-amd64 compressed oops)
# Problematic frame:
# C  [gdx64.dll+0x21b9f]
#
# Failed to write core dump. Minidumps are not enabled by default on client versions of Windows
#
# If you would like to submit a bug report, please visit:
#   http://bugreport.sun.com/bugreport/crash.jsp
# The crash happened outside the Java Virtual Machine in native code.
# See problematic frame for where to report the bug.
#

---------------  T H R E A D  ---------------

Current thread (0x000000000ab72800):  JavaThread "LWJGL Application" [_thread_in_native, id=3096, stack(0x000000000b7b0000,0x000000000b8b0000)]

siginfo: ExceptionCode=0xc0000005, reading address 0x000000000b90f4c8

Registers:
RAX=0x000000000b90ae50, RBX=0x000000000b8de0b0, RCX=0x000000000b90f4c0, RDX=0x000000000b90ad90
RSP=0x000000000b8aeca0, RBP=0x000000000b8aee08, RSI=0x0000000000000002, RDI=0x0000000000000001
R8 =0x000000000b8de0b0, R9 =0x00000000000000db, R10=0x0000000001fe3064, R11=0x000000005ec2f7d0
R12=0x0000000000000000, R13=0x000000009b7a1c90, R14=0x000000000b8aee38, R15=0x000000000ab72800
RIP=0x00000000655a1b9f, EFLAGS=0x0000000000010206

Top of Stack: (sp=0x000000000b8aeca0)
0x000000000b8aeca0:   000000009b7a1bd0 000000005eb5c49f
0x000000000b8aecb0:   0000000001f19141 0000000001f19140
0x000000000b8aecc0:   000000000b90ad90 000000005eaeabb0
0x000000000b8aecd0:   000000005efba078 0000000001f19140
0x000000000b8aece0:   0000000000000000 000000000000000e
0x000000000b8aecf0:   000000000b8a0000 0000000001fee103
0x000000000b8aed00:   0000000001fd5410 000000005eb2ab0f
0x000000000b8aed10:   00000000655d3070 00000000655d3928
0x000000000b8aed20:   000000000b8aed50 00000000655a1c31
0x000000000b8aed30:   000000000b8aeca0 000000009b7d4c64
0x000000000b8aed40:   0000000000000000 00000000090f34f0
0x000000000b8aed50:   000000000b8aee08 00000000655aae75
0x000000000b8aed60:   000000000b8de0b0 000000000b8aedf9
0x000000000b8aed70:   00000000090f3520 000000000b8aeee8
0x000000000b8aed80:   000000009b7a1c90 0000000001fe3090
0x000000000b8aed90:   000000000b8aee90 0000000001fee103 

Instructions: (pc=0x00000000655a1b9f)
0x00000000655a1b7f:   90 48 83 7c 24 20 00 74 4b 48 8b 44 24 20 48 8b
0x00000000655a1b8f:   48 70 48 8b 50 68 48 85 c9 48 89 54 24 20 74 e1
0x00000000655a1b9f:   48 8b 41 08 48 8b 94 24 c0 00 00 00 c7 41 30 00
0x00000000655a1baf:   00 00 00 c7 44 24 48 01 00 00 00 48 89 44 24 28 


Register to memory mapping:

RAX=0x000000000b90ae50 is an unknown value
RBX=0x000000000b8de0b0 is an unknown value
RCX=0x000000000b90f4c0 is an unknown value
RDX=0x000000000b90ad90 is an unknown value
RSP=0x000000000b8aeca0 is pointing into the stack for thread: 0x000000000ab72800
RBP=0x000000000b8aee08 is pointing into the stack for thread: 0x000000000ab72800
RSI=0x0000000000000002 is an unknown value
RDI=0x0000000000000001 is an unknown value
R8 =0x000000000b8de0b0 is an unknown value
R9 =0x00000000000000db is an unknown value
R10=0x0000000001fe3064 is at code_begin+644 in an Interpreter codelet
method entry point (kind = native)  [0x0000000001fe2de0, 0x0000000001fe3680]  2208 bytes
R11=0x000000005ec2f7d0 is an unknown value
R12=0x0000000000000000 is an unknown value
R13=0x000000009b7a1c90 is an oop
{method} 
 - klass: {other class}
R14=0x000000000b8aee38 is pointing into the stack for thread: 0x000000000ab72800
R15=0x000000000ab72800 is a thread


Stack: [0x000000000b7b0000,0x000000000b8b0000],  sp=0x000000000b8aeca0,  free space=1019k
Native frames: (J=compiled Java code, j=interpreted, Vv=VM code, C=native code)
C  [gdx64.dll+0x21b9f]
j  com.badlogic.gdx.physics.box2d.World.dispose()V+5
j  com.infinithinks.pentastic.entities.Track.dispose()V+4
j  com.infinithinks.pentastic.level.Level_1.dispose()V+18
j  com.infinithinks.pentastic.level.Level_1.hide()V+1
j  com.badlogic.gdx.Game.dispose()V+11
j  com.infinithinks.pentastic.PENtasticMain.dispose()V+1

Java frames: (J=compiled Java code, j=interpreted, Vv=VM code)
j  com.badlogic.gdx.physics.box2d.World.jniDispose(J)V+0
j  com.badlogic.gdx.physics.box2d.World.dispose()V+5
j  com.infinithinks.pentastic.entities.Track.dispose()V+4
j  com.infinithinks.pentastic.level.Level_1.dispose()V+18
j  com.infinithinks.pentastic.level.Level_1.hide()V+1
j  com.badlogic.gdx.Game.dispose()V+11
j  com.infinithinks.pentastic.PENtasticMain.dispose()V+1
J  com.badlogic.gdx.backends.lwjgl.LwjglApplication.mainLoop()V
j  com.badlogic.gdx.backends.lwjgl.LwjglApplication$1.run()V+27
v  ~StubRoutines::call_stub

---------------  P R O C E S S  ---------------

Java Threads: ( => current thread )
  0x000000000ac16800 JavaThread "LWJGL Timer" daemon [_thread_blocked, id=10956, stack(0x000000000f380000,0x000000000f480000)]
  0x0000000001ed0800 JavaThread "DestroyJavaVM" [_thread_blocked, id=308, stack(0x0000000001dd0000,0x0000000001ed0000)]
=>0x000000000ab72800 JavaThread "LWJGL Application" [_thread_in_native, id=3096, stack(0x000000000b7b0000,0x000000000b8b0000)]
  0x00000000090f5800 JavaThread "Service Thread" daemon [_thread_blocked, id=9600, stack(0x000000000a880000,0x000000000a980000)]
  0x00000000090e5800 JavaThread "C2 CompilerThread1" daemon [_thread_blocked, id=8196, stack(0x000000000a780000,0x000000000a880000)]
  0x00000000090e2800 JavaThread "C2 CompilerThread0" daemon [_thread_blocked, id=12284, stack(0x000000000a680000,0x000000000a780000)]
  0x00000000090e1800 JavaThread "Attach Listener" daemon [_thread_blocked, id=12020, stack(0x000000000a580000,0x000000000a680000)]
  0x00000000090de800 JavaThread "Signal Dispatcher" daemon [_thread_blocked, id=7424, stack(0x000000000a480000,0x000000000a580000)]
  0x00000000090ab000 JavaThread "Finalizer" daemon [_thread_blocked, id=12396, stack(0x000000000a380000,0x000000000a480000)]
  0x00000000090a1800 JavaThread "Reference Handler" daemon [_thread_blocked, id=1624, stack(0x000000000a280000,0x000000000a380000)]

Other Threads:
  0x000000000909f000 VMThread [stack: 0x000000000a180000,0x000000000a280000] [id=4200]
  0x0000000009107000 WatcherThread [stack: 0x000000000a980000,0x000000000aa80000] [id=9076]

VM state:not at safepoint (normal execution)

VM Mutex/Monitor currently owned by a thread: None

Heap
 PSYoungGen      total 28672K, used 24451K [0x00000000e0100000, 0x00000000e2100000, 0x0000000100000000)
  eden space 24576K, 85% used [0x00000000e0100000,0x00000000e158f7e8,0x00000000e1900000)
  from space 4096K, 82% used [0x00000000e1900000,0x00000000e1c515d0,0x00000000e1d00000)
  to   space 4096K, 0% used [0x00000000e1d00000,0x00000000e1d00000,0x00000000e2100000)
 ParOldGen       total 65024K, used 80K [0x00000000a0400000, 0x00000000a4380000, 0x00000000e0100000)
  object space 65024K, 0% used [0x00000000a0400000,0x00000000a0414010,0x00000000a4380000)
 PSPermGen       total 21504K, used 6589K [0x000000009b200000, 0x000000009c700000, 0x00000000a0400000)
  object space 21504K, 30% used [0x000000009b200000,0x000000009b86f468,0x000000009c700000)

Card table byte_map: [0x0000000005090000,0x00000000053c0000] byte_map_base: 0x0000000004bb7000

Polling page: 0x0000000000430000

Code Cache  [0x0000000001fd0000, 0x0000000002240000, 0x0000000004fd0000)
 total_blobs=819 nmethods=415 adapters=357 free_code_cache=47872Kb largest_free_block=48972672

Compilation events (10 events):
Event: 185.067 Thread 0x00000000090e2800 nmethod 411 0x00000000020f2950 code [0x00000000020f2aa0, 0x00000000020f2b08]
Event: 185.067 Thread 0x00000000090e2800  412             org.lwjgl.opengl.Sync$RunningAvg::dampenForLowResTicker (42 bytes)
Event: 185.068 Thread 0x00000000090e5800 nmethod 409 0x000000000210bbd0 code [0x000000000210bd20, 0x000000000210bfd8]
Event: 185.071 Thread 0x00000000090e2800 nmethod 412 0x000000000210a110 code [0x000000000210a2c0, 0x000000000210a658]
Event: 189.616 Thread 0x00000000090e5800  413             com.badlogic.gdx.physics.box2d.World::preSolve (41 bytes)
Event: 189.616 Thread 0x00000000090e2800  414             com.badlogic.gdx.physics.box2d.World::postSolve (41 bytes)
Event: 189.618 Thread 0x00000000090e5800 nmethod 413 0x000000000210c250 code [0x000000000210c3a0, 0x000000000210c458]
Event: 189.618 Thread 0x00000000090e2800 nmethod 414 0x0000000002109dd0 code [0x0000000002109f20, 0x0000000002109fd8]
Event: 246.101 Thread 0x00000000090e5800  415 % !         com.badlogic.gdx.backends.lwjgl.LwjglApplication::mainLoop @ 94 (820 bytes)
Event: 246.161 Thread 0x00000000090e5800 nmethod 415% 0x0000000002116b90 code [0x0000000002116f80, 0x0000000002119af0]

GC Heap History (2 events):
Event: 188.032 GC heap before
{Heap before GC invocations=1 (full 0):
 PSYoungGen      total 28672K, used 24576K [0x00000000e0100000, 0x00000000e2100000, 0x0000000100000000)
  eden space 24576K, 100% used [0x00000000e0100000,0x00000000e1900000,0x00000000e1900000)
  from space 4096K, 0% used [0x00000000e1d00000,0x00000000e1d00000,0x00000000e2100000)
  to   space 4096K, 0% used [0x00000000e1900000,0x00000000e1900000,0x00000000e1d00000)
 ParOldGen       total 65024K, used 0K [0x00000000a0400000, 0x00000000a4380000, 0x00000000e0100000)
  object space 65024K, 0% used [0x00000000a0400000,0x00000000a0400000,0x00000000a4380000)
 PSPermGen       total 21504K, used 6586K [0x000000009b200000, 0x000000009c700000, 0x00000000a0400000)
  object space 21504K, 30% used [0x000000009b200000,0x000000009b86eab8,0x000000009c700000)
Event: 188.044 GC heap after
Heap after GC invocations=1 (full 0):
 PSYoungGen      total 28672K, used 3397K [0x00000000e0100000, 0x00000000e2100000, 0x0000000100000000)
  eden space 24576K, 0% used [0x00000000e0100000,0x00000000e0100000,0x00000000e1900000)
  from space 4096K, 82% used [0x00000000e1900000,0x00000000e1c515d0,0x00000000e1d00000)
  to   space 4096K, 0% used [0x00000000e1d00000,0x00000000e1d00000,0x00000000e2100000)
 ParOldGen       total 65024K, used 80K [0x00000000a0400000, 0x00000000a4380000, 0x00000000e0100000)
  object space 65024K, 0% used [0x00000000a0400000,0x00000000a0414010,0x00000000a4380000)
 PSPermGen       total 21504K, used 6586K [0x000000009b200000, 0x000000009c700000, 0x00000000a0400000)
  object space 21504K, 30% used [0x000000009b200000,0x000000009b86eab8,0x000000009c700000)
}

Deoptimization events (3 events):
Event: 46.264 Thread 0x000000000ab72800 Uncommon trap: reason=unreached action=reinterpret pc=0x0000000002094308 method=com.badlogic.gdx.utils.Array$ArrayIterable.iterator()Ljava/util/Iterator; @ 4
Event: 540.449 Thread 0x000000000ab72800 Uncommon trap: reason=unreached action=reinterpret pc=0x00000000020a6988 method=com.badlogic.gdx.scenes.scene2d.Group.hit(FFZ)Lcom/badlogic/gdx/scenes/scene2d/Actor; @ 98
Event: 540.450 Thread 0x000000000ab72800 Uncommon trap: reason=unreached action=reinterpret pc=0x00000000020a6988 method=com.badlogic.gdx.scenes.scene2d.Group.hit(FFZ)Lcom/badlogic/gdx/scenes/scene2d/Actor; @ 98

Internal exceptions (10 events):
Event: 3.789 Thread 0x000000000ab72800 Threw 0x00000000e0dd6080 at C:\jdk7u2_64p\jdk7u40\hotspot\src\share\vm\prims\jvm.cpp:1244
Event: 3.790 Thread 0x000000000ab72800 Threw 0x00000000e0ded430 at C:\jdk7u2_64p\jdk7u40\hotspot\src\share\vm\prims\jvm.cpp:1244
Event: 3.791 Thread 0x000000000ab72800 Threw 0x00000000e0df1480 at C:\jdk7u2_64p\jdk7u40\hotspot\src\share\vm\prims\jvm.cpp:1244
Event: 3.791 Thread 0x000000000ab72800 Threw 0x00000000e0df5948 at C:\jdk7u2_64p\jdk7u40\hotspot\src\share\vm\prims\jvm.cpp:1244
Event: 3.792 Thread 0x000000000ab72800 Threw 0x00000000e0df9870 at C:\jdk7u2_64p\jdk7u40\hotspot\src\share\vm\prims\jvm.cpp:1244
Event: 3.793 Thread 0x000000000ab72800 Threw 0x00000000e0dfdc48 at C:\jdk7u2_64p\jdk7u40\hotspot\src\share\vm\prims\jvm.cpp:1244
Event: 3.824 Thread 0x000000000ab72800 Threw 0x00000000e0e03708 at C:\jdk7u2_64p\jdk7u40\hotspot\src\share\vm\prims\jvm.cpp:1244
Event: 19.041 Thread 0x000000000ab72800 Threw 0x00000000e0fa1bd0 at C:\jdk7u2_64p\jdk7u40\hotspot\src\share\vm\prims\jvm.cpp:1244
Event: 46.264 Thread 0x000000000ab72800 Implicit null exception at 0x00000000020942a0 to 0x00000000020942f5
Event: 544.854 Thread 0x000000000ab72800 Threw 0x00000000e15344b8 at C:\jdk7u2_64p\jdk7u40\hotspot\src\share\vm\prims\jvm.cpp:1244

Events (10 events):
Event: 188.053 Executing VM operation: RevokeBias
Event: 188.053 Executing VM operation: RevokeBias done
Event: 540.449 Thread 0x000000000ab72800 Uncommon trap: trap_request=0xffffffad fr.pc=0x00000000020a6988
Event: 540.449 Thread 0x000000000ab72800 DEOPT PACKING pc=0x00000000020a6988 sp=0x000000000b8aed80
Event: 540.449 Thread 0x000000000ab72800 DEOPT UNPACKING pc=0x00000000020075a4 sp=0x000000000b8aed58 mode 2
Event: 540.450 Thread 0x000000000ab72800 Uncommon trap: trap_request=0xffffffad fr.pc=0x00000000020a6988
Event: 540.450 Thread 0x000000000ab72800 DEOPT PACKING pc=0x00000000020a6988 sp=0x000000000b8aee20
Event: 540.450 Thread 0x000000000ab72800 DEOPT UNPACKING pc=0x00000000020075a4 sp=0x000000000b8aedf8 mode 2
Event: 544.854 loading class 0x000000000912ab90
Event: 544.854 loading class 0x000000000912ab90 done


Dynamic libraries:
0x00007ff79b9f0000 - 0x00007ff79ba23000 	C:\Program Files\Java\jre7\bin\javaw.exe
0x00007ff8e6620000 - 0x00007ff8e67c9000 	C:\WINDOWS\SYSTEM32\ntdll.dll
0x00007ff8e4600000 - 0x00007ff8e4739000 	C:\WINDOWS\system32\KERNEL32.DLL
0x00007ff8e3da0000 - 0x00007ff8e3eae000 	C:\WINDOWS\system32\KERNELBASE.dll
0x00007ff8e25d0000 - 0x00007ff8e265b000 	C:\WINDOWS\system32\apphelp.dll
0x00007ff8d38b0000 - 0x00007ff8d38ff000 	C:\WINDOWS\AppPatch\AppPatch64\AcGenral.DLL
0x00007ff8e4c20000 - 0x00007ff8e4cc7000 	C:\WINDOWS\system32\msvcrt.dll
0x00007ff8e37e0000 - 0x00007ff8e380b000 	C:\WINDOWS\SYSTEM32\SspiCli.dll
0x00007ff8e63d0000 - 0x00007ff8e6421000 	C:\WINDOWS\system32\SHLWAPI.dll
0x00007ff8e4d70000 - 0x00007ff8e4ee1000 	C:\WINDOWS\system32\USER32.dll
0x00007ff8e4aa0000 - 0x00007ff8e4c16000 	C:\WINDOWS\system32\ole32.dll
0x00007ff8e4f00000 - 0x00007ff8e630f000 	C:\WINDOWS\system32\SHELL32.dll
0x00007ff8e2fb0000 - 0x00007ff8e2fcf000 	C:\WINDOWS\SYSTEM32\USERENV.dll
0x00007ff8e6310000 - 0x00007ff8e63b5000 	C:\WINDOWS\system32\ADVAPI32.dll
0x00007ff8da3e0000 - 0x00007ff8da3fb000 	C:\WINDOWS\SYSTEM32\MPR.dll
0x00007ff8e4740000 - 0x00007ff8e4876000 	C:\WINDOWS\system32\RPCRT4.dll
0x00007ff8e4d10000 - 0x00007ff8e4d67000 	C:\WINDOWS\SYSTEM32\sechost.dll
0x00007ff8e6430000 - 0x00007ff8e6607000 	C:\WINDOWS\SYSTEM32\combase.dll
0x00007ff8e4110000 - 0x00007ff8e4255000 	C:\WINDOWS\system32\GDI32.dll
0x00007ff8e39a0000 - 0x00007ff8e39b4000 	C:\WINDOWS\SYSTEM32\profapi.dll
0x00007ff8e2030000 - 0x00007ff8e20d1000 	C:\WINDOWS\SYSTEM32\SHCORE.dll
0x00007ff8e4cd0000 - 0x00007ff8e4d04000 	C:\WINDOWS\system32\IMM32.DLL
0x00007ff8e3f20000 - 0x00007ff8e4058000 	C:\WINDOWS\system32\MSCTF.dll
0x00007ff8e0e50000 - 0x00007ff8e10aa000 	C:\WINDOWS\WinSxS\amd64_microsoft.windows.common-controls_6595b64144ccf1df_6.0.9600.16384_none_62475f7becb72503\COMCTL32.dll
0x000000005f220000 - 0x000000005f2f1000 	C:\Program Files\Java\jre7\bin\msvcr100.dll
0x000000005ea50000 - 0x000000005f219000 	C:\Program Files\Java\jre7\bin\server\jvm.dll
0x00007ff8d6c20000 - 0x00007ff8d6c29000 	C:\WINDOWS\SYSTEM32\WSOCK32.dll
0x00007ff8d91f0000 - 0x00007ff8d920f000 	C:\WINDOWS\SYSTEM32\WINMM.dll
0x00007ff8e3f10000 - 0x00007ff8e3f17000 	C:\WINDOWS\system32\PSAPI.DLL
0x00007ff8e49a0000 - 0x00007ff8e49f8000 	C:\WINDOWS\system32\WS2_32.dll
0x00007ff8d7680000 - 0x00007ff8d76aa000 	C:\WINDOWS\SYSTEM32\WINMMBASE.dll
0x00007ff8e63c0000 - 0x00007ff8e63c9000 	C:\WINDOWS\system32\NSI.dll
0x00007ff8e3d50000 - 0x00007ff8e3d9a000 	C:\WINDOWS\SYSTEM32\cfgmgr32.dll
0x00007ff8e2830000 - 0x00007ff8e2856000 	C:\WINDOWS\SYSTEM32\DEVOBJ.dll
0x0000000060240000 - 0x000000006024f000 	C:\Program Files\Java\jre7\bin\verify.dll
0x000000005f4f0000 - 0x000000005f518000 	C:\Program Files\Java\jre7\bin\java.dll
0x000000005ea30000 - 0x000000005ea45000 	C:\Program Files\Java\jre7\bin\zip.dll
0x0000000065580000 - 0x0000000065610000 	C:\Users\Fathurrohman E\AppData\Local\Temp\libgdxFathurrohman E\5498721d\gdx64.dll
0x0000000180000000 - 0x0000000180050000 	C:\Users\Fathurrohman E\AppData\Local\Temp\libgdxFathurrohman E\4c88a7c1\lwjgl64.dll
0x00007ff8c4e50000 - 0x00007ff8c4f71000 	C:\WINDOWS\SYSTEM32\OPENGL32.dll
0x00007ff8e1120000 - 0x00007ff8e112a000 	C:\WINDOWS\SYSTEM32\VERSION.dll
0x00007ff8d4790000 - 0x00007ff8d47bc000 	C:\WINDOWS\SYSTEM32\GLU32.dll
0x00007ff8c1a40000 - 0x00007ff8c1b34000 	C:\WINDOWS\SYSTEM32\DDRAW.dll
0x00007ff8d8ea0000 - 0x00007ff8d8ea9000 	C:\WINDOWS\SYSTEM32\DCIMAN32.dll
0x000000000af00000 - 0x000000000af64000 	C:\Users\FATHUR~1\AppData\Local\Temp\libgdxFathurrohman E\4c88a7c1\OpenAL64.dll
0x00007ff8e26a0000 - 0x00007ff8e26aa000 	C:\WINDOWS\SYSTEM32\kernel.appcore.dll
0x00007ff8e3870000 - 0x00007ff8e387a000 	C:\WINDOWS\SYSTEM32\CRYPTBASE.dll
0x00007ff8e3810000 - 0x00007ff8e386e000 	C:\WINDOWS\SYSTEM32\bcryptPrimitives.dll
0x00007ff8e26b0000 - 0x00007ff8e27d2000 	C:\WINDOWS\system32\uxtheme.dll
0x00007ff8e4060000 - 0x00007ff8e4104000 	C:\WINDOWS\SYSTEM32\clbcatq.dll
0x00007ff8b84b0000 - 0x00007ff8b8537000 	C:\WINDOWS\SYSTEM32\dsound.dll
0x00007ff8e3940000 - 0x00007ff8e3985000 	C:\WINDOWS\SYSTEM32\POWRPROF.dll
0x00007ff8e00d0000 - 0x00007ff8e0131000 	C:\WINDOWS\System32\MMDevApi.dll
0x00007ff8d6c60000 - 0x00007ff8d6cd6000 	C:\WINDOWS\SYSTEM32\AUDIOSES.DLL
0x00007ff8e48e0000 - 0x00007ff8e4997000 	C:\WINDOWS\system32\OLEAUT32.dll
0x00007ff8e1df0000 - 0x00007ff8e1e11000 	C:\WINDOWS\system32\dwmapi.dll
0x00007ff8d36d0000 - 0x00007ff8d36e8000 	C:\WINDOWS\SYSTEM32\atig6pxx.dll
0x000000005cdd0000 - 0x000000005e771000 	C:\WINDOWS\SYSTEM32\atio6axx.dll
0x00007ff8e4400000 - 0x00007ff8e45d6000 	C:\WINDOWS\system32\SETUPAPI.dll
0x00007ff8de2f0000 - 0x00007ff8de418000 	C:\WINDOWS\SYSTEM32\atiadlxx.dll
0x00007ff8dfdd0000 - 0x00007ff8dff34000 	C:\WINDOWS\SYSTEM32\PROPSYS.dll
0x00007ff8e25b0000 - 0x00007ff8e25c1000 	C:\WINDOWS\SYSTEM32\WTSAPI32.dll
0x00007ff8dfda0000 - 0x00007ff8dfdc9000 	C:\WINDOWS\SYSTEM32\IPHLPAPI.DLL
0x00007ff8dfd30000 - 0x00007ff8dfd3a000 	C:\WINDOWS\SYSTEM32\WINNSI.DLL
0x00007ff8e3c50000 - 0x00007ff8e3c9e000 	C:\WINDOWS\system32\WINTRUST.dll
0x00007ff8e3a70000 - 0x00007ff8e3c47000 	C:\WINDOWS\system32\CRYPT32.dll
0x00007ff8e3a50000 - 0x00007ff8e3a62000 	C:\WINDOWS\system32\MSASN1.dll
0x00007ff8de960000 - 0x00007ff8deaa4000 	C:\WINDOWS\SYSTEM32\aticfx64.dll
0x00007ff8c71b0000 - 0x00007ff8c71ce000 	C:\WINDOWS\SYSTEM32\atig6txx.dll
0x00007ff8d4590000 - 0x00007ff8d461d000 	C:\WINDOWS\SYSTEM32\mscms.dll
0x00007ff8c10a0000 - 0x00007ff8c10e1000 	C:\WINDOWS\SYSTEM32\icm32.dll
0x00007ff8c48c0000 - 0x00007ff8c4a48000 	C:\WINDOWS\SYSTEM32\dbghelp.dll

VM Arguments:
jvm_args: -Dfile.encoding=Cp1252 
java_command: com.infinithinks.pentastic.Main
Launcher Type: SUN_STANDARD

Environment Variables:
PATH=C:\WINDOWS\system32;C:\WINDOWS;C:\WINDOWS\System32\Wbem;C:\WINDOWS\System32\WindowsPowerShell\v1.0\;C:\Program Files (x86)\ATI Technologies\ATI.ACE\Core-Static;C:\Program Files (x86)\SoftKinetic\DepthSenseSDK\bin;e:\Program Files\MATLAB\R2010a\runtime\win64;e:\Program Files\MATLAB\R2010a\bin;C:\Program Files (x86)\Windows Kits\8.0\Windows Performance Toolkit\;C:\Program Files\Microsoft SQL Server\110\Tools\Binn\
USERNAME=Fathurrohman E
OS=Windows_NT
PROCESSOR_IDENTIFIER=Intel64 Family 6 Model 42 Stepping 7, GenuineIntel



---------------  S Y S T E M  ---------------

OS: Windows 8 , 64 bit Build 9200 

CPU:total 4 (2 cores per cpu, 2 threads per core) family 6 model 42 stepping 7, cmov, cx8, fxsr, mmx, sse, sse2, sse3, ssse3, sse4.1, sse4.2, popcnt, avx, ht, tsc, tscinvbit

Memory: 4k page, physical 6268032k(2165704k free), swap 9865796k(2347924k free)

vm_info: Java HotSpot(TM) 64-Bit Server VM (24.0-b56) for windows-amd64 JRE (1.7.0_40-b43), built on Aug 26 2013 22:38:32 by "java_re" with unknown MS VC++:1600

time: Fri Jan 31 11:13:04 2014
elapsed time: 544 seconds

