#
# A fatal error has been detected by the Java Runtime Environment:
#
#  EXCEPTION_ACCESS_VIOLATION (0xc0000005) at pc=0x000000006559fbec, pid=8676, tid=6604
#
# JRE version: Java(TM) SE Runtime Environment (7.0_40-b43) (build 1.7.0_40-b43)
# Java VM: Java HotSpot(TM) 64-Bit Server VM (24.0-b56 mixed mode windows-amd64 compressed oops)
# Problematic frame:
# C  [gdx64.dll+0x1fbec]
#
# Failed to write core dump. Minidumps are not enabled by default on client versions of Windows
#
# If you would like to submit a bug report, please visit:
#   http://bugreport.sun.com/bugreport/crash.jsp
# The crash happened outside the Java Virtual Machine in native code.
# See problematic frame for where to report the bug.
#

---------------  T H R E A D  ---------------

Current thread (0x000000000b774800):  JavaThread "LWJGL Application" [_thread_in_native, id=6604, stack(0x000000000c2c0000,0x000000000c3c0000)]

siginfo: ExceptionCode=0xc0000005, reading address 0x0000000000000000

Registers:
RAX=0x0000000000000000, RBX=0x000000000c40b970, RCX=0x0000000000000000, RDX=0x000000000c3da820
RSP=0x000000000c3bf2b0, RBP=0x000000000c3bf460, RSI=0x000000000c3da820, RDI=0x0000000000000000
R8 =0x000000000c3da820, R9 =0x00000000000000db, R10=0x0000000002ca3064, R11=0x000000007452f7d0
R12=0x0000000000000000, R13=0x000000009b706f80, R14=0x000000000c3bf490, R15=0x000000000b774800
RIP=0x000000006559fbec, EFLAGS=0x0000000000010246

Top of Stack: (sp=0x000000000c3bf2b0)
0x000000000c3bf2b0:   0000000009ce8ed8 0000000074425c01
0x000000000c3bf2c0:   000000000b774800 000000000c3da820
0x000000000c3bf2d0:   000000000c3da820 0000000000000001
0x000000000c3bf2e0:   0000000000000000 00000000655a1bc4
0x000000000c3bf2f0:   00000fb73fc6d3ca 00000000743cf72f
0x000000000c3bf300:   000000009b706ec0 000000007445c49f
0x000000000c3bf310:   000000000c407780 0000000000000000
0x000000000c3bf320:   000000000b774800 00000000743eabb0
0x000000000c3bf330:   0000000000000000 0000000000000001
0x000000000c3bf340:   0000000000000003 000000000000000e
0x000000000c3bf350:   000000000c3b0000 0000000002cae103
0x000000000c3bf360:   00000000655d3070 00000000655d3928
0x000000000c3bf370:   000000000c3bf3a0 00000000655a1c31
0x000000000c3bf380:   000000000c3bf2f0 00000000743eadce
0x000000000c3bf390:   0000000009cec500 000000009b73fafc
0x000000000c3bf3a0:   000000000c3bf460 00000000655aae75 

Instructions: (pc=0x000000006559fbec)
0x000000006559fbcc:   00 00 00 00 57 56 53 48 83 ec 20 8b 41 30 48 89
0x000000006559fbdc:   cb 48 89 d6 85 c0 0f 85 a8 00 00 00 48 8b 4b 18
0x000000006559fbec:   48 8b 01 ff 50 18 48 8b 53 28 41 89 c0 48 89 f1
0x000000006559fbfc:   41 c1 e0 05 e8 fb b9 fe ff 48 8b 7b 18 48 c7 43 


Register to memory mapping:

RAX=0x0000000000000000 is an unknown value
RBX=0x000000000c40b970 is an unknown value
RCX=0x0000000000000000 is an unknown value
RDX=0x000000000c3da820 is an unknown value
RSP=0x000000000c3bf2b0 is pointing into the stack for thread: 0x000000000b774800
RBP=0x000000000c3bf460 is pointing into the stack for thread: 0x000000000b774800
RSI=0x000000000c3da820 is an unknown value
RDI=0x0000000000000000 is an unknown value
R8 =0x000000000c3da820 is an unknown value
R9 =0x00000000000000db is an unknown value
R10=0x0000000002ca3064 is at code_begin+644 in an Interpreter codelet
method entry point (kind = native)  [0x0000000002ca2de0, 0x0000000002ca3680]  2208 bytes
R11=0x000000007452f7d0 is an unknown value
R12=0x0000000000000000 is an unknown value
R13=0x000000009b706f80 is an oop
{method} 
 - klass: {other class}
R14=0x000000000c3bf490 is pointing into the stack for thread: 0x000000000b774800
R15=0x000000000b774800 is a thread


Stack: [0x000000000c2c0000,0x000000000c3c0000],  sp=0x000000000c3bf2b0,  free space=1020k
Native frames: (J=compiled Java code, j=interpreted, Vv=VM code, C=native code)
C  [gdx64.dll+0x1fbec]
j  com.badlogic.gdx.physics.box2d.World.dispose()V+5
j  com.infinithinks.pentastic.entities.Track.dispose()V+4
j  com.infinithinks.pentastic.level.Level_1.dispose()V+18
j  com.infinithinks.pentastic.level.Level_1.hide()V+1
j  com.badlogic.gdx.Game.dispose()V+11
j  com.infinithinks.pentastic.PENtasticMain.dispose()V+1
j  com.badlogic.gdx.backends.lwjgl.LwjglApplication.mainLoop()V+780
j  com.badlogic.gdx.backends.lwjgl.LwjglApplication$1.run()V+27
v  ~StubRoutines::call_stub
V  [jvm.dll+0x1cb013]

Java frames: (J=compiled Java code, j=interpreted, Vv=VM code)
j  com.badlogic.gdx.physics.box2d.World.jniDispose(J)V+0
j  com.badlogic.gdx.physics.box2d.World.dispose()V+5
j  com.infinithinks.pentastic.entities.Track.dispose()V+4
j  com.infinithinks.pentastic.level.Level_1.dispose()V+18
j  com.infinithinks.pentastic.level.Level_1.hide()V+1
j  com.badlogic.gdx.Game.dispose()V+11
j  com.infinithinks.pentastic.PENtasticMain.dispose()V+1
j  com.badlogic.gdx.backends.lwjgl.LwjglApplication.mainLoop()V+780
j  com.badlogic.gdx.backends.lwjgl.LwjglApplication$1.run()V+27
v  ~StubRoutines::call_stub

---------------  P R O C E S S  ---------------

Java Threads: ( => current thread )
  0x000000000eec0800 JavaThread "LWJGL Timer" daemon [_thread_blocked, id=9784, stack(0x00000000120b0000,0x00000000121b0000)]
  0x0000000002b90800 JavaThread "DestroyJavaVM" [_thread_blocked, id=3460, stack(0x0000000002990000,0x0000000002a90000)]
=>0x000000000b774800 JavaThread "LWJGL Application" [_thread_in_native, id=6604, stack(0x000000000c2c0000,0x000000000c3c0000)]
  0x0000000009cfe800 JavaThread "Service Thread" daemon [_thread_blocked, id=1180, stack(0x000000000b470000,0x000000000b570000)]
  0x0000000009ce5800 JavaThread "C2 CompilerThread1" daemon [_thread_blocked, id=4408, stack(0x000000000b370000,0x000000000b470000)]
  0x0000000009ce3800 JavaThread "C2 CompilerThread0" daemon [_thread_blocked, id=9748, stack(0x000000000b270000,0x000000000b370000)]
  0x0000000009ce3000 JavaThread "Attach Listener" daemon [_thread_blocked, id=10408, stack(0x000000000b170000,0x000000000b270000)]
  0x0000000009cdf800 JavaThread "Signal Dispatcher" daemon [_thread_blocked, id=9596, stack(0x000000000b070000,0x000000000b170000)]
  0x0000000009cac800 JavaThread "Finalizer" daemon [_thread_blocked, id=11548, stack(0x000000000af70000,0x000000000b070000)]
  0x0000000009ca3800 JavaThread "Reference Handler" daemon [_thread_blocked, id=10776, stack(0x000000000ae70000,0x000000000af70000)]

Other Threads:
  0x0000000009ca1000 VMThread [stack: 0x000000000ad70000,0x000000000ae70000] [id=6968]
  0x0000000009d08800 WatcherThread [stack: 0x000000000b570000,0x000000000b670000] [id=11432]

VM state:not at safepoint (normal execution)

VM Mutex/Monitor currently owned by a thread: None

Heap
 PSYoungGen      total 28672K, used 10144K [0x00000000e0100000, 0x00000000e2100000, 0x0000000100000000)
  eden space 24576K, 41% used [0x00000000e0100000,0x00000000e0ae8310,0x00000000e1900000)
  from space 4096K, 0% used [0x00000000e1d00000,0x00000000e1d00000,0x00000000e2100000)
  to   space 4096K, 0% used [0x00000000e1900000,0x00000000e1900000,0x00000000e1d00000)
 ParOldGen       total 65024K, used 0K [0x00000000a0400000, 0x00000000a4380000, 0x00000000e0100000)
  object space 65024K, 0% used [0x00000000a0400000,0x00000000a0400000,0x00000000a4380000)
 PSPermGen       total 21504K, used 5896K [0x000000009b200000, 0x000000009c700000, 0x00000000a0400000)
  object space 21504K, 27% used [0x000000009b200000,0x000000009b7c2138,0x000000009c700000)

Card table byte_map: [0x0000000005c90000,0x0000000005fc0000] byte_map_base: 0x00000000057b7000

Polling page: 0x0000000000fe0000

Code Cache  [0x0000000002c90000, 0x0000000002f00000, 0x0000000005c90000)
 total_blobs=680 nmethods=290 adapters=343 free_code_cache=48122Kb largest_free_block=49248704

Compilation events (10 events):
Event: 172.140 Thread 0x0000000009ce5800 nmethod 284 0x0000000002d94890 code [0x0000000002d94a00, 0x0000000002d94c68]
Event: 172.140 Thread 0x0000000009ce5800  286             com.badlogic.gdx.graphics.g2d.SpriteBatch::isBlendingEnabled (13 bytes)
Event: 172.140 Thread 0x0000000009ce5800 nmethod 286 0x0000000002d74590 code [0x0000000002d746c0, 0x0000000002d74718]
Event: 172.140 Thread 0x0000000009ce5800  287             com.badlogic.gdx.backends.lwjgl.LwjglGL20::glDisable (5 bytes)
Event: 172.143 Thread 0x0000000009ce5800 nmethod 287 0x0000000002d94f90 code [0x0000000002d950e0, 0x0000000002d951c8]
Event: 172.143 Thread 0x0000000009ce5800  288             org.lwjgl.opengl.GL11::glDisable (19 bytes)
Event: 172.144 Thread 0x0000000009ce5800 nmethod 288 0x0000000002d79450 code [0x0000000002d795a0, 0x0000000002d79688]
Event: 172.145 Thread 0x0000000009ce5800  290             org.lwjgl.opengl.Display::sync (5 bytes)
Event: 172.145 Thread 0x0000000009ce3800 nmethod 285 0x0000000002d95ed0 code [0x0000000002d96080, 0x0000000002d96410]
Event: 172.145 Thread 0x0000000009ce5800 nmethod 290 0x0000000002d8ab50 code [0x0000000002d8aca0, 0x0000000002d8ad08]

GC Heap History (0 events):
No events

Deoptimization events (0 events):
No events

Internal exceptions (10 events):
Event: 2.141 Thread 0x000000000b774800 Threw 0x00000000e0a69a68 at C:\jdk7u2_64p\jdk7u40\hotspot\src\share\vm\prims\jvm.cpp:1244
Event: 2.143 Thread 0x000000000b774800 Threw 0x00000000e0a6daf0 at C:\jdk7u2_64p\jdk7u40\hotspot\src\share\vm\prims\jvm.cpp:1244
Event: 2.144 Thread 0x000000000b774800 Threw 0x00000000e0a71e60 at C:\jdk7u2_64p\jdk7u40\hotspot\src\share\vm\prims\jvm.cpp:1244
Event: 2.147 Thread 0x000000000b774800 Threw 0x00000000e0a76328 at C:\jdk7u2_64p\jdk7u40\hotspot\src\share\vm\prims\jvm.cpp:1244
Event: 2.148 Thread 0x000000000b774800 Threw 0x00000000e0a79eb0 at C:\jdk7u2_64p\jdk7u40\hotspot\src\share\vm\prims\jvm.cpp:1244
Event: 2.150 Thread 0x000000000b774800 Threw 0x00000000e0a7e4d0 at C:\jdk7u2_64p\jdk7u40\hotspot\src\share\vm\prims\jvm.cpp:1244
Event: 2.201 Thread 0x000000000b774800 Threw 0x00000000e0a82cf8 at C:\jdk7u2_64p\jdk7u40\hotspot\src\share\vm\prims\jvm.cpp:1244
Event: 2.204 Thread 0x000000000b774800 Threw 0x00000000e0a86ae0 at C:\jdk7u2_64p\jdk7u40\hotspot\src\share\vm\prims\jvm.cpp:1244
Event: 2.206 Thread 0x000000000b774800 Threw 0x00000000e0a8a650 at C:\jdk7u2_64p\jdk7u40\hotspot\src\share\vm\prims\jvm.cpp:1244
Event: 243.147 Thread 0x000000000b774800 Threw 0x00000000e0a93e00 at C:\jdk7u2_64p\jdk7u40\hotspot\src\share\vm\prims\jvm.cpp:1244

Events (10 events):
Event: 2.201 loading class 0x000000000b792900 done
Event: 2.204 loading class 0x000000000b8f3e30
Event: 2.204 loading class 0x000000000b8f3e30 done
Event: 2.206 loading class 0x000000000b8fc280
Event: 2.206 loading class 0x000000000b8fc280 done
Event: 2.208 Thread 0x000000000eec0800 Thread added: 0x000000000eec0800
Event: 4.128 Executing VM operation: EnableBiasedLocking
Event: 4.128 Executing VM operation: EnableBiasedLocking done
Event: 243.147 loading class 0x0000000009d58eb0
Event: 243.147 loading class 0x0000000009d58eb0 done


Dynamic libraries:
0x00007ff60bfe0000 - 0x00007ff60c013000 	C:\Program Files\Java\jre7\bin\javaw.exe
0x00007ffaec2d0000 - 0x00007ffaec479000 	C:\WINDOWS\SYSTEM32\ntdll.dll
0x00007ffaeaba0000 - 0x00007ffaeacd9000 	C:\WINDOWS\system32\KERNEL32.DLL
0x00007ffae9720000 - 0x00007ffae982e000 	C:\WINDOWS\system32\KERNELBASE.dll
0x00007ffae8280000 - 0x00007ffae830b000 	C:\WINDOWS\system32\apphelp.dll
0x00007ffacfa20000 - 0x00007ffacfa6f000 	C:\WINDOWS\AppPatch\AppPatch64\AcGenral.DLL
0x00007ffaea630000 - 0x00007ffaea6d7000 	C:\WINDOWS\system32\msvcrt.dll
0x00007ffae9500000 - 0x00007ffae952b000 	C:\WINDOWS\SYSTEM32\SspiCli.dll
0x00007ffae9da0000 - 0x00007ffae9df1000 	C:\WINDOWS\system32\SHLWAPI.dll
0x00007ffaead40000 - 0x00007ffaeaeb1000 	C:\WINDOWS\system32\USER32.dll
0x00007ffaea840000 - 0x00007ffaea9b6000 	C:\WINDOWS\system32\ole32.dll
0x00007ffaeaec0000 - 0x00007ffaec2cf000 	C:\WINDOWS\system32\SHELL32.dll
0x00007ffae8c60000 - 0x00007ffae8c7f000 	C:\WINDOWS\SYSTEM32\USERENV.dll
0x00007ffae9bd0000 - 0x00007ffae9c75000 	C:\WINDOWS\system32\ADVAPI32.dll
0x00007ffadff60000 - 0x00007ffadff7b000 	C:\WINDOWS\SYSTEM32\MPR.dll
0x00007ffaea700000 - 0x00007ffaea836000 	C:\WINDOWS\system32\RPCRT4.dll
0x00007ffae9ca0000 - 0x00007ffae9cf7000 	C:\WINDOWS\SYSTEM32\sechost.dll
0x00007ffae9ff0000 - 0x00007ffaea1c7000 	C:\WINDOWS\SYSTEM32\combase.dll
0x00007ffaea430000 - 0x00007ffaea575000 	C:\WINDOWS\system32\GDI32.dll
0x00007ffae9650000 - 0x00007ffae9664000 	C:\WINDOWS\SYSTEM32\profapi.dll
0x00007ffae7c80000 - 0x00007ffae7d21000 	C:\WINDOWS\SYSTEM32\SHCORE.dll
0x00007ffae9d00000 - 0x00007ffae9d34000 	C:\WINDOWS\system32\IMM32.DLL
0x00007ffae9e00000 - 0x00007ffae9f38000 	C:\WINDOWS\system32\MSCTF.dll
0x00007ffae7260000 - 0x00007ffae74ba000 	C:\WINDOWS\WinSxS\amd64_microsoft.windows.common-controls_6595b64144ccf1df_6.0.9600.16384_none_62475f7becb72503\COMCTL32.dll
0x0000000075380000 - 0x0000000075451000 	C:\Program Files\Java\jre7\bin\msvcr100.dll
0x0000000074350000 - 0x0000000074b19000 	C:\Program Files\Java\jre7\bin\server\jvm.dll
0x00007ffae5bf0000 - 0x00007ffae5bf9000 	C:\WINDOWS\SYSTEM32\WSOCK32.dll
0x00007ffadfde0000 - 0x00007ffadfdff000 	C:\WINDOWS\SYSTEM32\WINMM.dll
0x00007ffaea6f0000 - 0x00007ffaea6f7000 	C:\WINDOWS\system32\PSAPI.DLL
0x00007ffaeace0000 - 0x00007ffaead38000 	C:\WINDOWS\system32\WS2_32.dll
0x00007ffadfdb0000 - 0x00007ffadfdda000 	C:\WINDOWS\SYSTEM32\WINMMBASE.dll
0x00007ffaea6e0000 - 0x00007ffaea6e9000 	C:\WINDOWS\system32\NSI.dll
0x00007ffae9830000 - 0x00007ffae987a000 	C:\WINDOWS\SYSTEM32\cfgmgr32.dll
0x00007ffae84d0000 - 0x00007ffae84f6000 	C:\WINDOWS\SYSTEM32\DEVOBJ.dll
0x00000000762a0000 - 0x00000000762af000 	C:\Program Files\Java\jre7\bin\verify.dll
0x0000000075350000 - 0x0000000075378000 	C:\Program Files\Java\jre7\bin\java.dll
0x0000000075330000 - 0x0000000075345000 	C:\Program Files\Java\jre7\bin\zip.dll
0x0000000065580000 - 0x0000000065610000 	C:\Users\Fathurrohman E\AppData\Local\Temp\libgdxFathurrohman E\5498721d\gdx64.dll
0x0000000180000000 - 0x0000000180050000 	C:\Users\Fathurrohman E\AppData\Local\Temp\libgdxFathurrohman E\4c88a7c1\lwjgl64.dll
0x00007ffac80e0000 - 0x00007ffac8201000 	C:\WINDOWS\SYSTEM32\OPENGL32.dll
0x00007ffae7100000 - 0x00007ffae710a000 	C:\WINDOWS\SYSTEM32\VERSION.dll
0x00007ffadc690000 - 0x00007ffadc6bc000 	C:\WINDOWS\SYSTEM32\GLU32.dll
0x00007ffac7fe0000 - 0x00007ffac80d4000 	C:\WINDOWS\SYSTEM32\DDRAW.dll
0x00007ffae3970000 - 0x00007ffae3979000 	C:\WINDOWS\SYSTEM32\DCIMAN32.dll
0x0000000002a90000 - 0x0000000002af4000 	C:\Users\FATHUR~1\AppData\Local\Temp\libgdxFathurrohman E\4c88a7c1\OpenAL64.dll
0x00007ffae8520000 - 0x00007ffae852a000 	C:\WINDOWS\SYSTEM32\kernel.appcore.dll
0x00007ffae9590000 - 0x00007ffae959a000 	C:\WINDOWS\SYSTEM32\CRYPTBASE.dll
0x00007ffae9530000 - 0x00007ffae958e000 	C:\WINDOWS\SYSTEM32\bcryptPrimitives.dll
0x00007ffae8340000 - 0x00007ffae8462000 	C:\WINDOWS\system32\uxtheme.dll
0x00007ffaea580000 - 0x00007ffaea624000 	C:\WINDOWS\SYSTEM32\clbcatq.dll
0x00007ffad2e50000 - 0x00007ffad2ed7000 	C:\WINDOWS\SYSTEM32\dsound.dll
0x00007ffae9490000 - 0x00007ffae94d5000 	C:\WINDOWS\SYSTEM32\POWRPROF.dll
0x00007ffae6ef0000 - 0x00007ffae6f51000 	C:\WINDOWS\System32\MMDevApi.dll
0x00007ffadcb80000 - 0x00007ffadcbf6000 	C:\WINDOWS\SYSTEM32\AUDIOSES.DLL
0x00007ffaea370000 - 0x00007ffaea427000 	C:\WINDOWS\system32\OLEAUT32.dll
0x00007ffae7aa0000 - 0x00007ffae7ac1000 	C:\WINDOWS\system32\dwmapi.dll
0x00007ffadc670000 - 0x00007ffadc688000 	C:\WINDOWS\SYSTEM32\atig6pxx.dll
0x00000000729a0000 - 0x0000000074341000 	C:\WINDOWS\SYSTEM32\atio6axx.dll
0x00007ffaea9c0000 - 0x00007ffaeab96000 	C:\WINDOWS\system32\SETUPAPI.dll
0x00007ffae4ed0000 - 0x00007ffae4ff8000 	C:\WINDOWS\SYSTEM32\atiadlxx.dll
0x00007ffae54c0000 - 0x00007ffae5624000 	C:\WINDOWS\SYSTEM32\PROPSYS.dll
0x00007ffae8260000 - 0x00007ffae8271000 	C:\WINDOWS\SYSTEM32\WTSAPI32.dll
0x00007ffae5240000 - 0x00007ffae5269000 	C:\WINDOWS\SYSTEM32\IPHLPAPI.DLL
0x00007ffae63c0000 - 0x00007ffae63ca000 	C:\WINDOWS\SYSTEM32\WINNSI.DLL
0x00007ffae9930000 - 0x00007ffae997e000 	C:\WINDOWS\system32\WINTRUST.dll
0x00007ffae9980000 - 0x00007ffae9b57000 	C:\WINDOWS\system32\CRYPT32.dll
0x00007ffae9700000 - 0x00007ffae9712000 	C:\WINDOWS\system32\MSASN1.dll
0x00007ffae7110000 - 0x00007ffae7254000 	C:\WINDOWS\SYSTEM32\aticfx64.dll
0x00007ffadc520000 - 0x00007ffadc53e000 	C:\WINDOWS\SYSTEM32\atig6txx.dll
0x00007ffac7cb0000 - 0x00007ffac7d3d000 	C:\WINDOWS\SYSTEM32\mscms.dll
0x00007ffad98c0000 - 0x00007ffad9901000 	C:\WINDOWS\SYSTEM32\icm32.dll
0x00007ffad4130000 - 0x00007ffad42b8000 	C:\WINDOWS\SYSTEM32\dbghelp.dll

VM Arguments:
jvm_args: -Dfile.encoding=Cp1252 
java_command: com.infinithinks.pentastic.Main
Launcher Type: SUN_STANDARD

Environment Variables:
PATH=C:\WINDOWS\system32;C:\WINDOWS;C:\WINDOWS\System32\Wbem;C:\WINDOWS\System32\WindowsPowerShell\v1.0\;C:\Program Files (x86)\ATI Technologies\ATI.ACE\Core-Static;C:\Program Files (x86)\SoftKinetic\DepthSenseSDK\bin;e:\Program Files\MATLAB\R2010a\runtime\win64;e:\Program Files\MATLAB\R2010a\bin;C:\Program Files (x86)\Windows Kits\8.0\Windows Performance Toolkit\;C:\Program Files\Microsoft SQL Server\110\Tools\Binn\
USERNAME=Fathurrohman E
OS=Windows_NT
PROCESSOR_IDENTIFIER=Intel64 Family 6 Model 42 Stepping 7, GenuineIntel



---------------  S Y S T E M  ---------------

OS: Windows 8 , 64 bit Build 9200 

CPU:total 4 (2 cores per cpu, 2 threads per core) family 6 model 42 stepping 7, cmov, cx8, fxsr, mmx, sse, sse2, sse3, ssse3, sse4.1, sse4.2, popcnt, avx, ht, tsc, tscinvbit

Memory: 4k page, physical 6268032k(2030960k free), swap 8402008k(2149232k free)

vm_info: Java HotSpot(TM) 64-Bit Server VM (24.0-b56) for windows-amd64 JRE (1.7.0_40-b43), built on Aug 26 2013 22:38:32 by "java_re" with unknown MS VC++:1600

time: Sat Jan 11 16:49:25 2014
elapsed time: 243 seconds

