#
# A fatal error has been detected by the Java Runtime Environment:
#
#  EXCEPTION_ACCESS_VIOLATION (0xc0000005) at pc=0x00000000655a1b9f, pid=5624, tid=3992
#
# JRE version: Java(TM) SE Runtime Environment (7.0_40-b43) (build 1.7.0_40-b43)
# Java VM: Java HotSpot(TM) 64-Bit Server VM (24.0-b56 mixed mode windows-amd64 compressed oops)
# Problematic frame:
# C  [gdx64.dll+0x21b9f]
#
# Failed to write core dump. Minidumps are not enabled by default on client versions of Windows
#
# If you would like to submit a bug report, please visit:
#   http://bugreport.sun.com/bugreport/crash.jsp
# The crash happened outside the Java Virtual Machine in native code.
# See problematic frame for where to report the bug.
#

---------------  T H R E A D  ---------------

Current thread (0x000000000b02a800):  JavaThread "LWJGL Application" [_thread_in_native, id=3992, stack(0x000000000bd30000,0x000000000be30000)]

siginfo: ExceptionCode=0xc0000005, reading address 0x000000000be8f4c8

Registers:
RAX=0x000000000be8ae50, RBX=0x000000000be5e0b0, RCX=0x000000000be8f4c0, RDX=0x000000000be8ad90
RSP=0x000000000be2eda0, RBP=0x000000000be2ef10, RSI=0x0000000000000002, RDI=0x0000000000000001
R8 =0x000000000be5e0b0, R9 =0x00000000000000db, R10=0x0000000002473064, R11=0x000000006bc3f7d0
R12=0x0000000000000000, R13=0x000000009b7a2168, R14=0x000000000be2ef40, R15=0x000000000b02a800
RIP=0x00000000655a1b9f, EFLAGS=0x0000000000010206

Top of Stack: (sp=0x000000000be2eda0)
0x000000000be2eda0:   00001e5b093e69d9 000000006badf72f
0x000000000be2edb0:   000000009b7a20a8 000000006bb6c49f
0x000000000be2edc0:   000000000be8ad90 00000000023a9140
0x000000000be2edd0:   000000000b02a800 000000006bafabb0
0x000000000be2ede0:   0000000000000000 00000000023a9140
0x000000000be2edf0:   0000000000000003 000000000000000e
0x000000000be2ee00:   000000000be20000 000000000247e103
0x000000000be2ee10:   00000000655d3070 00000000655d3928
0x000000000be2ee20:   000000000be2ee50 00000000655a1c31
0x000000000be2ee30:   000000000be2eda0 000000006bafadce
0x000000000be2ee40:   0000000009587400 000000009b7d513c
0x000000000be2ee50:   000000000be2ef10 00000000655aae75
0x000000000be2ee60:   000000000be5e0b0 000000006bafe25e
0x000000000be2ee70:   000000000be2f3e8 000000000be2ef09
0x000000000be2ee80:   000000009b7a2168 0000000002473090
0x000000000be2ee90:   00000000000000b6 000000000b02a800 

Instructions: (pc=0x00000000655a1b9f)
0x00000000655a1b7f:   90 48 83 7c 24 20 00 74 4b 48 8b 44 24 20 48 8b
0x00000000655a1b8f:   48 70 48 8b 50 68 48 85 c9 48 89 54 24 20 74 e1
0x00000000655a1b9f:   48 8b 41 08 48 8b 94 24 c0 00 00 00 c7 41 30 00
0x00000000655a1baf:   00 00 00 c7 44 24 48 01 00 00 00 48 89 44 24 28 


Register to memory mapping:

RAX=0x000000000be8ae50 is an unknown value
RBX=0x000000000be5e0b0 is an unknown value
RCX=0x000000000be8f4c0 is an unknown value
RDX=0x000000000be8ad90 is an unknown value
RSP=0x000000000be2eda0 is pointing into the stack for thread: 0x000000000b02a800
RBP=0x000000000be2ef10 is pointing into the stack for thread: 0x000000000b02a800
RSI=0x0000000000000002 is an unknown value
RDI=0x0000000000000001 is an unknown value
R8 =0x000000000be5e0b0 is an unknown value
R9 =0x00000000000000db is an unknown value
R10=0x0000000002473064 is at code_begin+644 in an Interpreter codelet
method entry point (kind = native)  [0x0000000002472de0, 0x0000000002473680]  2208 bytes
R11=0x000000006bc3f7d0 is an unknown value
R12=0x0000000000000000 is an unknown value
R13=0x000000009b7a2168 is an oop
{method} 
 - klass: {other class}
R14=0x000000000be2ef40 is pointing into the stack for thread: 0x000000000b02a800
R15=0x000000000b02a800 is a thread


Stack: [0x000000000bd30000,0x000000000be30000],  sp=0x000000000be2eda0,  free space=1019k
Native frames: (J=compiled Java code, j=interpreted, Vv=VM code, C=native code)
C  [gdx64.dll+0x21b9f]
j  com.badlogic.gdx.physics.box2d.World.dispose()V+5
j  com.infinithinks.pentastic.entities.Track.dispose()V+4
j  com.infinithinks.pentastic.level.Level_1.dispose()V+18
j  com.infinithinks.pentastic.level.Level_1.hide()V+1
j  com.badlogic.gdx.Game.dispose()V+11
j  com.infinithinks.pentastic.PENtasticMain.dispose()V+1
j  com.badlogic.gdx.backends.lwjgl.LwjglApplication.mainLoop()V+780
j  com.badlogic.gdx.backends.lwjgl.LwjglApplication$1.run()V+27
v  ~StubRoutines::call_stub
V  [jvm.dll+0x1cb013]

Java frames: (J=compiled Java code, j=interpreted, Vv=VM code)
j  com.badlogic.gdx.physics.box2d.World.jniDispose(J)V+0
j  com.badlogic.gdx.physics.box2d.World.dispose()V+5
j  com.infinithinks.pentastic.entities.Track.dispose()V+4
j  com.infinithinks.pentastic.level.Level_1.dispose()V+18
j  com.infinithinks.pentastic.level.Level_1.hide()V+1
j  com.badlogic.gdx.Game.dispose()V+11
j  com.infinithinks.pentastic.PENtasticMain.dispose()V+1
j  com.badlogic.gdx.backends.lwjgl.LwjglApplication.mainLoop()V+780
j  com.badlogic.gdx.backends.lwjgl.LwjglApplication$1.run()V+27
v  ~StubRoutines::call_stub

---------------  P R O C E S S  ---------------

Java Threads: ( => current thread )
  0x000000000e1d7800 JavaThread "LWJGL Timer" daemon [_thread_blocked, id=1076, stack(0x000000000f970000,0x000000000fa70000)]
  0x0000000002360800 JavaThread "DestroyJavaVM" [_thread_blocked, id=6084, stack(0x0000000002220000,0x0000000002320000)]
=>0x000000000b02a800 JavaThread "LWJGL Application" [_thread_in_native, id=3992, stack(0x000000000bd30000,0x000000000be30000)]
  0x000000000958a000 JavaThread "Service Thread" daemon [_thread_blocked, id=5796, stack(0x000000000ad00000,0x000000000ae00000)]
  0x0000000009575800 JavaThread "C2 CompilerThread1" daemon [_thread_blocked, id=5060, stack(0x000000000ac00000,0x000000000ad00000)]
  0x0000000009573000 JavaThread "C2 CompilerThread0" daemon [_thread_blocked, id=352, stack(0x000000000ab00000,0x000000000ac00000)]
  0x0000000009571800 JavaThread "Attach Listener" daemon [_thread_blocked, id=5364, stack(0x000000000aa00000,0x000000000ab00000)]
  0x000000000956e800 JavaThread "Signal Dispatcher" daemon [_thread_blocked, id=5256, stack(0x000000000a900000,0x000000000aa00000)]
  0x000000000953b000 JavaThread "Finalizer" daemon [_thread_blocked, id=1172, stack(0x000000000a800000,0x000000000a900000)]
  0x0000000009531800 JavaThread "Reference Handler" daemon [_thread_blocked, id=5152, stack(0x000000000a700000,0x000000000a800000)]

Other Threads:
  0x000000000952f000 VMThread [stack: 0x000000000a600000,0x000000000a700000] [id=4572]
  0x000000000959a800 WatcherThread [stack: 0x000000000ae00000,0x000000000af00000] [id=3996]

VM state:not at safepoint (normal execution)

VM Mutex/Monitor currently owned by a thread: None

Heap
 PSYoungGen      total 28672K, used 14714K [0x00000000e0100000, 0x00000000e2100000, 0x0000000100000000)
  eden space 24576K, 59% used [0x00000000e0100000,0x00000000e0f5ea30,0x00000000e1900000)
  from space 4096K, 0% used [0x00000000e1d00000,0x00000000e1d00000,0x00000000e2100000)
  to   space 4096K, 0% used [0x00000000e1900000,0x00000000e1900000,0x00000000e1d00000)
 ParOldGen       total 65024K, used 0K [0x00000000a0400000, 0x00000000a4380000, 0x00000000e0100000)
  object space 65024K, 0% used [0x00000000a0400000,0x00000000a0400000,0x00000000a4380000)
 PSPermGen       total 21504K, used 6480K [0x000000009b200000, 0x000000009c700000, 0x00000000a0400000)
  object space 21504K, 30% used [0x000000009b200000,0x000000009b854198,0x000000009c700000)

Card table byte_map: [0x0000000005520000,0x0000000005850000] byte_map_base: 0x0000000005047000

Polling page: 0x0000000000a10000

Code Cache  [0x0000000002460000, 0x00000000026d0000, 0x0000000005460000)
 total_blobs=516 nmethods=112 adapters=357 free_code_cache=48498Kb largest_free_block=49636160

Compilation events (10 events):
Event: 10.516 Thread 0x0000000009575800  107             com.badlogic.gdx.graphics.g2d.BitmapFontCache::addToCache (433 bytes)
Event: 10.549 Thread 0x0000000009575800 nmethod 107 0x0000000002501610 code [0x0000000002501820, 0x0000000002502020]
Event: 10.666 Thread 0x0000000009573000  108             com.badlogic.gdx.graphics.g2d.BitmapFontCache::addGlyph (337 bytes)
Event: 10.687 Thread 0x0000000009573000 nmethod 108 0x0000000002500ad0 code [0x0000000002500cc0, 0x0000000002501358]
Event: 10.733 Thread 0x0000000009575800  109             com.badlogic.gdx.graphics.glutils.VertexArray::bind (296 bytes)
Event: 10.733 Thread 0x0000000009573000  110             com.badlogic.gdx.graphics.glutils.VertexArray::unbind (91 bytes)
Event: 10.755 Thread 0x0000000009573000 nmethod 110 0x00000000024ffc50 code [0x00000000024ffe00, 0x0000000002500270]
Event: 10.787 Thread 0x0000000009575800 nmethod 109 0x00000000025069d0 code [0x0000000002506c40, 0x0000000002507860]
Event: 11.031 Thread 0x0000000009573000  112             com.badlogic.gdx.graphics.Color::clamp (126 bytes)
Event: 11.032 Thread 0x0000000009573000 nmethod 112 0x00000000024f4190 code [0x00000000024f4300, 0x00000000024f43f8]

GC Heap History (0 events):
No events

Deoptimization events (0 events):
No events

Internal exceptions (10 events):
Event: 3.374 Thread 0x000000000b02a800 Threw 0x00000000e0d87578 at C:\jdk7u2_64p\jdk7u40\hotspot\src\share\vm\prims\jvm.cpp:1244
Event: 3.375 Thread 0x000000000b02a800 Threw 0x00000000e0d892a0 at C:\jdk7u2_64p\jdk7u40\hotspot\src\share\vm\prims\jvm.cpp:1244
Event: 3.481 Thread 0x000000000b02a800 Threw 0x00000000e0df76a0 at C:\jdk7u2_64p\jdk7u40\hotspot\src\share\vm\prims\jvm.cpp:1244
Event: 3.481 Thread 0x000000000b02a800 Threw 0x00000000e0dfb6a8 at C:\jdk7u2_64p\jdk7u40\hotspot\src\share\vm\prims\jvm.cpp:1244
Event: 3.482 Thread 0x000000000b02a800 Threw 0x00000000e0dff6f8 at C:\jdk7u2_64p\jdk7u40\hotspot\src\share\vm\prims\jvm.cpp:1244
Event: 3.483 Thread 0x000000000b02a800 Threw 0x00000000e0e03bc0 at C:\jdk7u2_64p\jdk7u40\hotspot\src\share\vm\prims\jvm.cpp:1244
Event: 3.483 Thread 0x000000000b02a800 Threw 0x00000000e0e07ae8 at C:\jdk7u2_64p\jdk7u40\hotspot\src\share\vm\prims\jvm.cpp:1244
Event: 3.484 Thread 0x000000000b02a800 Threw 0x00000000e0e0bec0 at C:\jdk7u2_64p\jdk7u40\hotspot\src\share\vm\prims\jvm.cpp:1244
Event: 3.515 Thread 0x000000000b02a800 Threw 0x00000000e0e11980 at C:\jdk7u2_64p\jdk7u40\hotspot\src\share\vm\prims\jvm.cpp:1244
Event: 11.348 Thread 0x000000000b02a800 Threw 0x00000000e0ebb148 at C:\jdk7u2_64p\jdk7u40\hotspot\src\share\vm\prims\jvm.cpp:1244

Events (10 events):
Event: 3.483 loading class 0x000000000959b550
Event: 3.483 loading class 0x000000000959b550 done
Event: 3.484 loading class 0x000000000b19ffe0
Event: 3.484 loading class 0x000000000b19ffe0 done
Event: 3.515 loading class 0x000000000af9f8c0
Event: 3.515 loading class 0x000000000af9f8c0 done
Event: 4.100 Executing VM operation: EnableBiasedLocking
Event: 4.100 Executing VM operation: EnableBiasedLocking done
Event: 11.348 loading class 0x00000000095bd110
Event: 11.348 loading class 0x00000000095bd110 done


Dynamic libraries:
0x00007ff721ab0000 - 0x00007ff721ae3000 	C:\Program Files\Java\jre7\bin\javaw.exe
0x00007ffc33170000 - 0x00007ffc33319000 	C:\WINDOWS\SYSTEM32\ntdll.dll
0x00007ffc31500000 - 0x00007ffc31639000 	C:\WINDOWS\system32\KERNEL32.DLL
0x00007ffc305c0000 - 0x00007ffc306ce000 	C:\WINDOWS\system32\KERNELBASE.dll
0x00007ffc2edc0000 - 0x00007ffc2ee4b000 	C:\WINDOWS\system32\apphelp.dll
0x00007ffc15bc0000 - 0x00007ffc15c0f000 	C:\WINDOWS\AppPatch\AppPatch64\AcGenral.DLL
0x00007ffc330c0000 - 0x00007ffc33167000 	C:\WINDOWS\system32\msvcrt.dll
0x00007ffc30330000 - 0x00007ffc3035b000 	C:\WINDOWS\SYSTEM32\SspiCli.dll
0x00007ffc32a50000 - 0x00007ffc32aa1000 	C:\WINDOWS\system32\SHLWAPI.dll
0x00007ffc31190000 - 0x00007ffc31301000 	C:\WINDOWS\system32\USER32.dll
0x00007ffc30e30000 - 0x00007ffc30fa6000 	C:\WINDOWS\system32\ole32.dll
0x00007ffc31640000 - 0x00007ffc32a4f000 	C:\WINDOWS\system32\SHELL32.dll
0x00007ffc2f800000 - 0x00007ffc2f81f000 	C:\WINDOWS\SYSTEM32\USERENV.dll
0x00007ffc32dc0000 - 0x00007ffc32e65000 	C:\WINDOWS\system32\ADVAPI32.dll
0x00007ffc26070000 - 0x00007ffc2608b000 	C:\WINDOWS\SYSTEM32\MPR.dll
0x00007ffc30a40000 - 0x00007ffc30b76000 	C:\WINDOWS\system32\RPCRT4.dll
0x00007ffc32e70000 - 0x00007ffc32ec7000 	C:\WINDOWS\SYSTEM32\sechost.dll
0x00007ffc30fb0000 - 0x00007ffc31187000 	C:\WINDOWS\SYSTEM32\combase.dll
0x00007ffc32ed0000 - 0x00007ffc33015000 	C:\WINDOWS\system32\GDI32.dll
0x00007ffc304f0000 - 0x00007ffc30504000 	C:\WINDOWS\SYSTEM32\profapi.dll
0x00007ffc2e820000 - 0x00007ffc2e8c1000 	C:\WINDOWS\SYSTEM32\SHCORE.dll
0x00007ffc30df0000 - 0x00007ffc30e24000 	C:\WINDOWS\system32\IMM32.DLL
0x00007ffc313c0000 - 0x00007ffc314f8000 	C:\WINDOWS\system32\MSCTF.dll
0x00007ffc2fe50000 - 0x00007ffc300aa000 	C:\WINDOWS\WinSxS\amd64_microsoft.windows.common-controls_6595b64144ccf1df_6.0.9600.16384_none_62475f7becb72503\COMCTL32.dll
0x000000006c230000 - 0x000000006c301000 	C:\Program Files\Java\jre7\bin\msvcr100.dll
0x000000006ba60000 - 0x000000006c229000 	C:\Program Files\Java\jre7\bin\server\jvm.dll
0x00007ffc14de0000 - 0x00007ffc14de9000 	C:\WINDOWS\SYSTEM32\WSOCK32.dll
0x00007ffc258d0000 - 0x00007ffc258ef000 	C:\WINDOWS\SYSTEM32\WINMM.dll
0x00007ffc30be0000 - 0x00007ffc30be7000 	C:\WINDOWS\system32\PSAPI.DLL
0x00007ffc32ab0000 - 0x00007ffc32b08000 	C:\WINDOWS\system32\WS2_32.dll
0x00007ffc25890000 - 0x00007ffc258ba000 	C:\WINDOWS\SYSTEM32\WINMMBASE.dll
0x00007ffc32db0000 - 0x00007ffc32db9000 	C:\WINDOWS\system32\NSI.dll
0x00007ffc306d0000 - 0x00007ffc3071a000 	C:\WINDOWS\SYSTEM32\cfgmgr32.dll
0x00007ffc2f020000 - 0x00007ffc2f046000 	C:\WINDOWS\SYSTEM32\DEVOBJ.dll
0x000000006c8e0000 - 0x000000006c8ef000 	C:\Program Files\Java\jre7\bin\verify.dll
0x000000006c4d0000 - 0x000000006c4f8000 	C:\Program Files\Java\jre7\bin\java.dll
0x000000006c4b0000 - 0x000000006c4c5000 	C:\Program Files\Java\jre7\bin\zip.dll
0x0000000065580000 - 0x0000000065610000 	C:\Users\Fathurrohman E\AppData\Local\Temp\libgdxFathurrohman E\5498721d\gdx64.dll
0x0000000180000000 - 0x0000000180050000 	C:\Users\Fathurrohman E\AppData\Local\Temp\libgdxFathurrohman E\4c88a7c1\lwjgl64.dll
0x00007ffc23680000 - 0x00007ffc237a1000 	C:\WINDOWS\SYSTEM32\OPENGL32.dll
0x00007ffc2e070000 - 0x00007ffc2e07a000 	C:\WINDOWS\SYSTEM32\VERSION.dll
0x00007ffc23950000 - 0x00007ffc2397c000 	C:\WINDOWS\SYSTEM32\GLU32.dll
0x00007ffc23580000 - 0x00007ffc23674000 	C:\WINDOWS\SYSTEM32\DDRAW.dll
0x00007ffc2a100000 - 0x00007ffc2a109000 	C:\WINDOWS\SYSTEM32\DCIMAN32.dll
0x000000000b380000 - 0x000000000b3e4000 	C:\Users\FATHUR~1\AppData\Local\Temp\libgdxFathurrohman E\4c88a7c1\OpenAL64.dll
0x00007ffc2efc0000 - 0x00007ffc2efca000 	C:\WINDOWS\SYSTEM32\kernel.appcore.dll
0x00007ffc303c0000 - 0x00007ffc303ca000 	C:\WINDOWS\SYSTEM32\CRYPTBASE.dll
0x00007ffc30360000 - 0x00007ffc303be000 	C:\WINDOWS\SYSTEM32\bcryptPrimitives.dll
0x00007ffc2ee80000 - 0x00007ffc2efa2000 	C:\WINDOWS\system32\uxtheme.dll
0x00007ffc31310000 - 0x00007ffc313b4000 	C:\WINDOWS\SYSTEM32\clbcatq.dll
0x00007ffc234f0000 - 0x00007ffc23577000 	C:\WINDOWS\SYSTEM32\dsound.dll
0x00007ffc303f0000 - 0x00007ffc30435000 	C:\WINDOWS\SYSTEM32\POWRPROF.dll
0x00007ffc2c4e0000 - 0x00007ffc2c541000 	C:\WINDOWS\System32\MMDevApi.dll
0x00007ffc21f90000 - 0x00007ffc22006000 	C:\WINDOWS\SYSTEM32\AUDIOSES.DLL
0x00007ffc32b10000 - 0x00007ffc32bc7000 	C:\WINDOWS\system32\OLEAUT32.dll
0x00007ffc2e5e0000 - 0x00007ffc2e601000 	C:\WINDOWS\system32\dwmapi.dll
0x00007ffc23930000 - 0x00007ffc23948000 	C:\WINDOWS\SYSTEM32\atig6pxx.dll
0x0000000069770000 - 0x000000006b111000 	C:\WINDOWS\SYSTEM32\atio6axx.dll
0x00007ffc32bd0000 - 0x00007ffc32da6000 	C:\WINDOWS\system32\SETUPAPI.dll
0x00007ffc2c2e0000 - 0x00007ffc2c408000 	C:\WINDOWS\SYSTEM32\atiadlxx.dll
0x00007ffc2c140000 - 0x00007ffc2c2a4000 	C:\WINDOWS\SYSTEM32\PROPSYS.dll
0x00007ffc2eda0000 - 0x00007ffc2edb1000 	C:\WINDOWS\SYSTEM32\WTSAPI32.dll
0x00007ffc2c110000 - 0x00007ffc2c139000 	C:\WINDOWS\SYSTEM32\IPHLPAPI.DLL
0x00007ffc2c790000 - 0x00007ffc2c79a000 	C:\WINDOWS\SYSTEM32\WINNSI.DLL
0x00007ffc307d0000 - 0x00007ffc3081e000 	C:\WINDOWS\system32\WINTRUST.dll
0x00007ffc30820000 - 0x00007ffc309f7000 	C:\WINDOWS\system32\CRYPT32.dll
0x00007ffc305a0000 - 0x00007ffc305b2000 	C:\WINDOWS\system32\MSASN1.dll
0x00007ffc2ddc0000 - 0x00007ffc2df04000 	C:\WINDOWS\SYSTEM32\aticfx64.dll
0x00007ffc234d0000 - 0x00007ffc234ee000 	C:\WINDOWS\SYSTEM32\atig6txx.dll
0x00007ffc250c0000 - 0x00007ffc2514d000 	C:\WINDOWS\SYSTEM32\mscms.dll
0x00007ffc23480000 - 0x00007ffc234c1000 	C:\WINDOWS\SYSTEM32\icm32.dll
0x00007ffc20850000 - 0x00007ffc209d8000 	C:\WINDOWS\SYSTEM32\dbghelp.dll

VM Arguments:
jvm_args: -Dfile.encoding=Cp1252 
java_command: com.infinithinks.pentastic.Main
Launcher Type: SUN_STANDARD

Environment Variables:
PATH=C:\WINDOWS\system32;C:\WINDOWS;C:\WINDOWS\System32\Wbem;C:\WINDOWS\System32\WindowsPowerShell\v1.0\;C:\Program Files (x86)\ATI Technologies\ATI.ACE\Core-Static;C:\Program Files (x86)\SoftKinetic\DepthSenseSDK\bin;e:\Program Files\MATLAB\R2010a\runtime\win64;e:\Program Files\MATLAB\R2010a\bin;C:\Program Files (x86)\Windows Kits\8.0\Windows Performance Toolkit\;C:\Program Files\Microsoft SQL Server\110\Tools\Binn\
USERNAME=Fathurrohman E
OS=Windows_NT
PROCESSOR_IDENTIFIER=Intel64 Family 6 Model 42 Stepping 7, GenuineIntel



---------------  S Y S T E M  ---------------

OS: Windows 8 , 64 bit Build 9200 

CPU:total 4 (2 cores per cpu, 2 threads per core) family 6 model 42 stepping 7, cmov, cx8, fxsr, mmx, sse, sse2, sse3, ssse3, sse4.1, sse4.2, popcnt, avx, ht, tsc, tscinvbit

Memory: 4k page, physical 6268032k(3740016k free), swap 12559488k(9248312k free)

vm_info: Java HotSpot(TM) 64-Bit Server VM (24.0-b56) for windows-amd64 JRE (1.7.0_40-b43), built on Aug 26 2013 22:38:32 by "java_re" with unknown MS VC++:1600

time: Fri Jan 31 15:07:21 2014
elapsed time: 11 seconds

