#
# A fatal error has been detected by the Java Runtime Environment:
#
#  EXCEPTION_ACCESS_VIOLATION (0xc0000005) at pc=0x00000000655a1b9f, pid=6628, tid=6128
#
# JRE version: Java(TM) SE Runtime Environment (7.0_40-b43) (build 1.7.0_40-b43)
# Java VM: Java HotSpot(TM) 64-Bit Server VM (24.0-b56 mixed mode windows-amd64 compressed oops)
# Problematic frame:
# C  [gdx64.dll+0x21b9f]
#
# Failed to write core dump. Minidumps are not enabled by default on client versions of Windows
#
# If you would like to submit a bug report, please visit:
#   http://bugreport.sun.com/bugreport/crash.jsp
# The crash happened outside the Java Virtual Machine in native code.
# See problematic frame for where to report the bug.
#

---------------  T H R E A D  ---------------

Current thread (0x000000000acde000):  JavaThread "LWJGL Application" [_thread_in_native, id=6128, stack(0x000000000b980000,0x000000000ba80000)]

siginfo: ExceptionCode=0xc0000005, reading address 0x000000000bacb978

Registers:
RAX=0x000000000bac7840, RBX=0x000000000ba9a820, RCX=0x000000000bacb970, RDX=0x000000000bac7780
RSP=0x000000000ba7f200, RBP=0x000000000ba7f370, RSI=0x0000000000000001, RDI=0x0000000000000000
R8 =0x000000000ba9a820, R9 =0x00000000000000db, R10=0x00000000022d3064, R11=0x0000000074c5f7d0
R12=0x0000000000000000, R13=0x000000009b706f80, R14=0x000000000ba7f3a0, R15=0x000000000acde000
RIP=0x00000000655a1b9f, EFLAGS=0x0000000000010202

Top of Stack: (sp=0x000000000ba7f200)
0x000000000ba7f200:   00000f520968c48b 0000000074aff72f
0x000000000ba7f210:   000000009b706ec0 0000000074b8c49f
0x000000000ba7f220:   000000000bac7780 0000000002109140
0x000000000ba7f230:   000000000acde000 0000000074b1abb0
0x000000000ba7f240:   0000000000000000 0000000002109140
0x000000000ba7f250:   0000000000000003 000000000000000e
0x000000000ba7f260:   000000000ba70000 00000000022de103
0x000000000ba7f270:   00000000655d3070 00000000655d3928
0x000000000ba7f280:   000000000ba7f2b0 00000000655a1c31
0x000000000ba7f290:   000000000ba7f200 0000000074b1adce
0x000000000ba7f2a0:   000000000931ee00 000000009b73fafc
0x000000000ba7f2b0:   000000000ba7f370 00000000655aae75
0x000000000ba7f2c0:   000000000ba9a820 0000000074b1e25e
0x000000000ba7f2d0:   000000000ba7f848 000000000ba7f369
0x000000000ba7f2e0:   000000009b706f80 00000000022d3090
0x000000000ba7f2f0:   00000000000000b6 000000000acde000 

Instructions: (pc=0x00000000655a1b9f)
0x00000000655a1b7f:   90 48 83 7c 24 20 00 74 4b 48 8b 44 24 20 48 8b
0x00000000655a1b8f:   48 70 48 8b 50 68 48 85 c9 48 89 54 24 20 74 e1
0x00000000655a1b9f:   48 8b 41 08 48 8b 94 24 c0 00 00 00 c7 41 30 00
0x00000000655a1baf:   00 00 00 c7 44 24 48 01 00 00 00 48 89 44 24 28 


Register to memory mapping:

RAX=0x000000000bac7840 is an unknown value
RBX=0x000000000ba9a820 is an unknown value
RCX=0x000000000bacb970 is an unknown value
RDX=0x000000000bac7780 is an unknown value
RSP=0x000000000ba7f200 is pointing into the stack for thread: 0x000000000acde000
RBP=0x000000000ba7f370 is pointing into the stack for thread: 0x000000000acde000
RSI=0x0000000000000001 is an unknown value
RDI=0x0000000000000000 is an unknown value
R8 =0x000000000ba9a820 is an unknown value
R9 =0x00000000000000db is an unknown value
R10=0x00000000022d3064 is at code_begin+644 in an Interpreter codelet
method entry point (kind = native)  [0x00000000022d2de0, 0x00000000022d3680]  2208 bytes
R11=0x0000000074c5f7d0 is an unknown value
R12=0x0000000000000000 is an unknown value
R13=0x000000009b706f80 is an oop
{method} 
 - klass: {other class}
R14=0x000000000ba7f3a0 is pointing into the stack for thread: 0x000000000acde000
R15=0x000000000acde000 is a thread


Stack: [0x000000000b980000,0x000000000ba80000],  sp=0x000000000ba7f200,  free space=1020k
Native frames: (J=compiled Java code, j=interpreted, Vv=VM code, C=native code)
C  [gdx64.dll+0x21b9f]
j  com.badlogic.gdx.physics.box2d.World.dispose()V+5
j  com.infinithinks.pentastic.entities.Track.dispose()V+4
j  com.infinithinks.pentastic.level.Level_1.dispose()V+18
j  com.infinithinks.pentastic.level.Level_1.hide()V+1
j  com.badlogic.gdx.Game.dispose()V+11
j  com.infinithinks.pentastic.PENtasticMain.dispose()V+1
j  com.badlogic.gdx.backends.lwjgl.LwjglApplication.mainLoop()V+780
j  com.badlogic.gdx.backends.lwjgl.LwjglApplication$1.run()V+27
v  ~StubRoutines::call_stub
V  [jvm.dll+0x1cb013]

Java frames: (J=compiled Java code, j=interpreted, Vv=VM code)
j  com.badlogic.gdx.physics.box2d.World.jniDispose(J)V+0
j  com.badlogic.gdx.physics.box2d.World.dispose()V+5
j  com.infinithinks.pentastic.entities.Track.dispose()V+4
j  com.infinithinks.pentastic.level.Level_1.dispose()V+18
j  com.infinithinks.pentastic.level.Level_1.hide()V+1
j  com.badlogic.gdx.Game.dispose()V+11
j  com.infinithinks.pentastic.PENtasticMain.dispose()V+1
j  com.badlogic.gdx.backends.lwjgl.LwjglApplication.mainLoop()V+780
j  com.badlogic.gdx.backends.lwjgl.LwjglApplication$1.run()V+27
v  ~StubRoutines::call_stub

---------------  P R O C E S S  ---------------

Java Threads: ( => current thread )
  0x000000000aed9800 JavaThread "LWJGL Timer" daemon [_thread_blocked, id=7680, stack(0x0000000011810000,0x0000000011910000)]
  0x00000000020c0800 JavaThread "DestroyJavaVM" [_thread_blocked, id=6920, stack(0x0000000001ec0000,0x0000000001fc0000)]
=>0x000000000acde000 JavaThread "LWJGL Application" [_thread_in_native, id=6128, stack(0x000000000b980000,0x000000000ba80000)]
  0x0000000009322800 JavaThread "Service Thread" daemon [_thread_blocked, id=4764, stack(0x000000000aa80000,0x000000000ab80000)]
  0x0000000009319000 JavaThread "C2 CompilerThread1" daemon [_thread_blocked, id=5044, stack(0x000000000a980000,0x000000000aa80000)]
  0x0000000009314000 JavaThread "C2 CompilerThread0" daemon [_thread_blocked, id=6752, stack(0x000000000a880000,0x000000000a980000)]
  0x0000000009312800 JavaThread "Attach Listener" daemon [_thread_blocked, id=6184, stack(0x000000000a780000,0x000000000a880000)]
  0x000000000930f800 JavaThread "Signal Dispatcher" daemon [_thread_blocked, id=7172, stack(0x000000000a680000,0x000000000a780000)]
  0x00000000092dc000 JavaThread "Finalizer" daemon [_thread_blocked, id=6636, stack(0x000000000a580000,0x000000000a680000)]
  0x00000000092d2800 JavaThread "Reference Handler" daemon [_thread_blocked, id=8080, stack(0x000000000a480000,0x000000000a580000)]

Other Threads:
  0x00000000092d0000 VMThread [stack: 0x000000000a380000,0x000000000a480000] [id=6328]
  0x000000000933b800 WatcherThread [stack: 0x000000000ab80000,0x000000000ac80000] [id=3312]

VM state:not at safepoint (normal execution)

VM Mutex/Monitor currently owned by a thread: None

Heap
 PSYoungGen      total 28672K, used 9912K [0x00000000e0100000, 0x00000000e2100000, 0x0000000100000000)
  eden space 24576K, 40% used [0x00000000e0100000,0x00000000e0aae210,0x00000000e1900000)
  from space 4096K, 0% used [0x00000000e1d00000,0x00000000e1d00000,0x00000000e2100000)
  to   space 4096K, 0% used [0x00000000e1900000,0x00000000e1900000,0x00000000e1d00000)
 ParOldGen       total 65024K, used 0K [0x00000000a0400000, 0x00000000a4380000, 0x00000000e0100000)
  object space 65024K, 0% used [0x00000000a0400000,0x00000000a0400000,0x00000000a4380000)
 PSPermGen       total 21504K, used 5815K [0x000000009b200000, 0x000000009c700000, 0x00000000a0400000)
  object space 21504K, 27% used [0x000000009b200000,0x000000009b7ade68,0x000000009c700000)

Card table byte_map: [0x00000000052c0000,0x00000000055f0000] byte_map_base: 0x0000000004de7000

Polling page: 0x0000000000660000

Code Cache  [0x00000000022c0000, 0x0000000002530000, 0x00000000052c0000)
 total_blobs=444 nmethods=54 adapters=343 free_code_cache=48592Kb largest_free_block=49738752

Compilation events (10 events):
Event: 5.652 Thread 0x0000000009314000 nmethod 49 0x000000000234a950 code [0x000000000234aa80, 0x000000000234ab18]
Event: 5.652 Thread 0x0000000009314000   50             org.lwjgl.BufferChecks::checkFunctionAddress (23 bytes)
Event: 5.652 Thread 0x0000000009319000 nmethod 48 0x00000000023452d0 code [0x0000000002345400, 0x0000000002345498]
Event: 5.653 Thread 0x0000000009314000 nmethod 50 0x000000000234a6d0 code [0x000000000234a800, 0x000000000234a858]
Event: 6.600 Thread 0x0000000009319000   52             com.badlogic.gdx.backends.lwjgl.LwjglGraphics::getGL20 (5 bytes)
Event: 6.601 Thread 0x0000000009319000 nmethod 52 0x0000000002344d10 code [0x0000000002344e40, 0x0000000002344e98]
Event: 7.800 Thread 0x0000000009314000   53             java.nio.Buffer::limit (62 bytes)
Event: 7.802 Thread 0x0000000009314000 nmethod 53 0x0000000002344ad0 code [0x0000000002344c00, 0x0000000002344c98]
Event: 7.934 Thread 0x0000000009319000   54             com.badlogic.gdx.math.Vector3::set (17 bytes)
Event: 7.936 Thread 0x0000000009319000 nmethod 54 0x0000000002344890 code [0x00000000023449c0, 0x0000000002344a38]

GC Heap History (0 events):
No events

Deoptimization events (0 events):
No events

Internal exceptions (10 events):
Event: 1.044 Thread 0x000000000acde000 Threw 0x00000000e0a6cd98 at C:\jdk7u2_64p\jdk7u40\hotspot\src\share\vm\prims\jvm.cpp:1244
Event: 1.045 Thread 0x000000000acde000 Threw 0x00000000e0a70f40 at C:\jdk7u2_64p\jdk7u40\hotspot\src\share\vm\prims\jvm.cpp:1244
Event: 1.046 Thread 0x000000000acde000 Threw 0x00000000e0a74ac8 at C:\jdk7u2_64p\jdk7u40\hotspot\src\share\vm\prims\jvm.cpp:1244
Event: 1.046 Thread 0x000000000acde000 Threw 0x00000000e0a78ea0 at C:\jdk7u2_64p\jdk7u40\hotspot\src\share\vm\prims\jvm.cpp:1244
Event: 1.064 Thread 0x000000000acde000 Threw 0x00000000e0a7d770 at C:\jdk7u2_64p\jdk7u40\hotspot\src\share\vm\prims\jvm.cpp:1244
Event: 1.065 Thread 0x000000000acde000 Threw 0x00000000e0a81830 at C:\jdk7u2_64p\jdk7u40\hotspot\src\share\vm\prims\jvm.cpp:1244
Event: 1.066 Thread 0x000000000acde000 Threw 0x00000000e0a853a0 at C:\jdk7u2_64p\jdk7u40\hotspot\src\share\vm\prims\jvm.cpp:1244
Event: 1.517 Thread 0x000000000acde000 Threw 0x00000000e0a89cf0 at C:\jdk7u2_64p\jdk7u40\hotspot\src\share\vm\prims\jvm.cpp:1244
Event: 1.519 Thread 0x000000000acde000 Threw 0x00000000e0a8d890 at C:\jdk7u2_64p\jdk7u40\hotspot\src\share\vm\prims\jvm.cpp:1244
Event: 8.882 Thread 0x000000000acde000 Threw 0x00000000e0a94848 at C:\jdk7u2_64p\jdk7u40\hotspot\src\share\vm\prims\jvm.cpp:1244

Events (10 events):
Event: 1.066 loading class 0x000000000ae2b850 done
Event: 1.066 Thread 0x000000000aed9800 Thread added: 0x000000000aed9800
Event: 1.516 loading class 0x000000000ad07950
Event: 1.517 loading class 0x000000000ad07950 done
Event: 1.518 loading class 0x000000000addbf00
Event: 1.518 loading class 0x000000000addbf00 done
Event: 4.099 Executing VM operation: EnableBiasedLocking
Event: 4.099 Executing VM operation: EnableBiasedLocking done
Event: 8.882 loading class 0x000000000938aa80
Event: 8.882 loading class 0x000000000938aa80 done


Dynamic libraries:
0x00007ff6dfa00000 - 0x00007ff6dfa33000 	C:\Program Files\Java\jre7\bin\javaw.exe
0x00007ff982a70000 - 0x00007ff982c19000 	C:\WINDOWS\SYSTEM32\ntdll.dll
0x00007ff9809e0000 - 0x00007ff980b19000 	C:\WINDOWS\system32\KERNEL32.DLL
0x00007ff9800a0000 - 0x00007ff9801ae000 	C:\WINDOWS\system32\KERNELBASE.dll
0x00007ff97ea00000 - 0x00007ff97ea8b000 	C:\WINDOWS\system32\apphelp.dll
0x00007ff9735d0000 - 0x00007ff97361f000 	C:\WINDOWS\AppPatch\AppPatch64\AcGenral.DLL
0x00007ff980930000 - 0x00007ff9809d7000 	C:\WINDOWS\system32\msvcrt.dll
0x00007ff97fca0000 - 0x00007ff97fccb000 	C:\WINDOWS\SYSTEM32\SspiCli.dll
0x00007ff982650000 - 0x00007ff9826a1000 	C:\WINDOWS\system32\SHLWAPI.dll
0x00007ff980b20000 - 0x00007ff980c91000 	C:\WINDOWS\system32\USER32.dll
0x00007ff980750000 - 0x00007ff9808c6000 	C:\WINDOWS\system32\ole32.dll
0x00007ff980ca0000 - 0x00007ff9820af000 	C:\WINDOWS\system32\SHELL32.dll
0x00007ff97f400000 - 0x00007ff97f41f000 	C:\WINDOWS\SYSTEM32\USERENV.dll
0x00007ff9822a0000 - 0x00007ff982345000 	C:\WINDOWS\system32\ADVAPI32.dll
0x00007ff976be0000 - 0x00007ff976bfb000 	C:\WINDOWS\SYSTEM32\MPR.dll
0x00007ff982770000 - 0x00007ff9828a6000 	C:\WINDOWS\system32\RPCRT4.dll
0x00007ff982710000 - 0x00007ff982767000 	C:\WINDOWS\SYSTEM32\sechost.dll
0x00007ff980310000 - 0x00007ff9804e7000 	C:\WINDOWS\SYSTEM32\combase.dll
0x00007ff982500000 - 0x00007ff982645000 	C:\WINDOWS\system32\GDI32.dll
0x00007ff97fdf0000 - 0x00007ff97fe04000 	C:\WINDOWS\SYSTEM32\profapi.dll
0x00007ff97e420000 - 0x00007ff97e4c1000 	C:\WINDOWS\SYSTEM32\SHCORE.dll
0x00007ff982a30000 - 0x00007ff982a64000 	C:\WINDOWS\system32\IMM32.DLL
0x00007ff9823c0000 - 0x00007ff9824f8000 	C:\WINDOWS\system32\MSCTF.dll
0x00007ff97da00000 - 0x00007ff97dc5a000 	C:\WINDOWS\WinSxS\amd64_microsoft.windows.common-controls_6595b64144ccf1df_6.0.9600.16384_none_62475f7becb72503\COMCTL32.dll
0x0000000075250000 - 0x0000000075321000 	C:\Program Files\Java\jre7\bin\msvcr100.dll
0x0000000074a80000 - 0x0000000075249000 	C:\Program Files\Java\jre7\bin\server\jvm.dll
0x00007ff979ec0000 - 0x00007ff979ec9000 	C:\WINDOWS\SYSTEM32\WSOCK32.dll
0x00007ff976aa0000 - 0x00007ff976abf000 	C:\WINDOWS\SYSTEM32\WINMM.dll
0x00007ff9828b0000 - 0x00007ff9828b7000 	C:\WINDOWS\system32\PSAPI.DLL
0x00007ff9808d0000 - 0x00007ff980928000 	C:\WINDOWS\system32\WS2_32.dll
0x00007ff976a70000 - 0x00007ff976a9a000 	C:\WINDOWS\SYSTEM32\WINMMBASE.dll
0x00007ff980300000 - 0x00007ff980309000 	C:\WINDOWS\system32\NSI.dll
0x00007ff9802b0000 - 0x00007ff9802fa000 	C:\WINDOWS\SYSTEM32\cfgmgr32.dll
0x00007ff97ec70000 - 0x00007ff97ec96000 	C:\WINDOWS\SYSTEM32\DEVOBJ.dll
0x00000000762f0000 - 0x00000000762ff000 	C:\Program Files\Java\jre7\bin\verify.dll
0x0000000074a50000 - 0x0000000074a78000 	C:\Program Files\Java\jre7\bin\java.dll
0x0000000074a30000 - 0x0000000074a45000 	C:\Program Files\Java\jre7\bin\zip.dll
0x0000000065580000 - 0x0000000065610000 	C:\Users\Fathurrohman E\AppData\Local\Temp\libgdxFathurrohman E\5498721d\gdx64.dll
0x0000000180000000 - 0x0000000180050000 	C:\Users\Fathurrohman E\AppData\Local\Temp\libgdxFathurrohman E\4c88a7c1\lwjgl64.dll
0x00007ff961550000 - 0x00007ff961671000 	C:\WINDOWS\SYSTEM32\OPENGL32.dll
0x00007ff97d780000 - 0x00007ff97d78a000 	C:\WINDOWS\SYSTEM32\VERSION.dll
0x00007ff973aa0000 - 0x00007ff973acc000 	C:\WINDOWS\SYSTEM32\GLU32.dll
0x00007ff961910000 - 0x00007ff961a04000 	C:\WINDOWS\SYSTEM32\DDRAW.dll
0x00007ff97a2b0000 - 0x00007ff97a2b9000 	C:\WINDOWS\SYSTEM32\DCIMAN32.dll
0x0000000002230000 - 0x0000000002294000 	C:\Users\FATHUR~1\AppData\Local\Temp\libgdxFathurrohman E\4c88a7c1\OpenAL64.dll
0x00007ff97ecc0000 - 0x00007ff97ecca000 	C:\WINDOWS\SYSTEM32\kernel.appcore.dll
0x00007ff97fd30000 - 0x00007ff97fd3a000 	C:\WINDOWS\SYSTEM32\CRYPTBASE.dll
0x00007ff97fcd0000 - 0x00007ff97fd2e000 	C:\WINDOWS\SYSTEM32\bcryptPrimitives.dll
0x00007ff97eae0000 - 0x00007ff97ec02000 	C:\WINDOWS\system32\uxtheme.dll
0x00007ff9828c0000 - 0x00007ff982964000 	C:\WINDOWS\SYSTEM32\clbcatq.dll
0x00007ff970030000 - 0x00007ff9700b7000 	C:\WINDOWS\SYSTEM32\dsound.dll
0x00007ff97fc30000 - 0x00007ff97fc75000 	C:\WINDOWS\SYSTEM32\POWRPROF.dll
0x00007ff97cd50000 - 0x00007ff97cdb1000 	C:\WINDOWS\System32\MMDevApi.dll
0x00007ff9736d0000 - 0x00007ff973746000 	C:\WINDOWS\SYSTEM32\AUDIOSES.DLL
0x00007ff982970000 - 0x00007ff982a27000 	C:\WINDOWS\system32\OLEAUT32.dll
0x00007ff97e240000 - 0x00007ff97e261000 	C:\WINDOWS\system32\dwmapi.dll
0x00007ff979e90000 - 0x00007ff979ea8000 	C:\WINDOWS\SYSTEM32\atig6pxx.dll
0x0000000073040000 - 0x00000000749e1000 	C:\WINDOWS\SYSTEM32\atio6axx.dll
0x00007ff9820b0000 - 0x00007ff982286000 	C:\WINDOWS\system32\SETUPAPI.dll
0x00007ff97b950000 - 0x00007ff97ba78000 	C:\WINDOWS\SYSTEM32\atiadlxx.dll
0x00007ff97bc10000 - 0x00007ff97bd74000 	C:\WINDOWS\SYSTEM32\PROPSYS.dll
0x00007ff97ea90000 - 0x00007ff97eaa1000 	C:\WINDOWS\SYSTEM32\WTSAPI32.dll
0x00007ff97b8d0000 - 0x00007ff97b8f9000 	C:\WINDOWS\SYSTEM32\IPHLPAPI.DLL
0x00007ff97cea0000 - 0x00007ff97ceaa000 	C:\WINDOWS\SYSTEM32\WINNSI.DLL
0x00007ff980260000 - 0x00007ff9802ae000 	C:\WINDOWS\system32\WINTRUST.dll
0x00007ff97fec0000 - 0x00007ff980097000 	C:\WINDOWS\system32\CRYPT32.dll
0x00007ff97fea0000 - 0x00007ff97feb2000 	C:\WINDOWS\system32\MSASN1.dll
0x00007ff97d800000 - 0x00007ff97d944000 	C:\WINDOWS\SYSTEM32\aticfx64.dll
0x00007ff973a30000 - 0x00007ff973a4e000 	C:\WINDOWS\SYSTEM32\atig6txx.dll
0x00007ff973c00000 - 0x00007ff973c8d000 	C:\WINDOWS\SYSTEM32\mscms.dll
0x00007ff970e20000 - 0x00007ff970e61000 	C:\WINDOWS\SYSTEM32\icm32.dll
0x00007ff96f650000 - 0x00007ff96f7d8000 	C:\WINDOWS\SYSTEM32\dbghelp.dll

VM Arguments:
jvm_args: -Dfile.encoding=Cp1252 
java_command: com.infinithinks.pentastic.Main
Launcher Type: SUN_STANDARD

Environment Variables:
PATH=C:\WINDOWS\system32;C:\WINDOWS;C:\WINDOWS\System32\Wbem;C:\WINDOWS\System32\WindowsPowerShell\v1.0\;C:\Program Files (x86)\ATI Technologies\ATI.ACE\Core-Static;C:\Program Files (x86)\SoftKinetic\DepthSenseSDK\bin;e:\Program Files\MATLAB\R2010a\runtime\win64;e:\Program Files\MATLAB\R2010a\bin;C:\Program Files (x86)\Windows Kits\8.0\Windows Performance Toolkit\;C:\Program Files\Microsoft SQL Server\110\Tools\Binn\
USERNAME=Fathurrohman E
OS=Windows_NT
PROCESSOR_IDENTIFIER=Intel64 Family 6 Model 42 Stepping 7, GenuineIntel



---------------  S Y S T E M  ---------------

OS: Windows 8 , 64 bit Build 9200 

CPU:total 4 (2 cores per cpu, 2 threads per core) family 6 model 42 stepping 7, cmov, cx8, fxsr, mmx, sse, sse2, sse3, ssse3, sse4.1, sse4.2, popcnt, avx, ht, tsc, tscinvbit

Memory: 4k page, physical 6268032k(3418688k free), swap 7316608k(3089300k free)

vm_info: Java HotSpot(TM) 64-Bit Server VM (24.0-b56) for windows-amd64 JRE (1.7.0_40-b43), built on Aug 26 2013 22:38:32 by "java_re" with unknown MS VC++:1600

time: Sun Jan 12 11:08:08 2014
elapsed time: 8 seconds

