#
# A fatal error has been detected by the Java Runtime Environment:
#
#  EXCEPTION_ACCESS_VIOLATION (0xc0000005) at pc=0x00000000655a1b9f, pid=9056, tid=9204
#
# JRE version: Java(TM) SE Runtime Environment (7.0_40-b43) (build 1.7.0_40-b43)
# Java VM: Java HotSpot(TM) 64-Bit Server VM (24.0-b56 mixed mode windows-amd64 compressed oops)
# Problematic frame:
# C  [gdx64.dll+0x21b9f]
#
# Failed to write core dump. Minidumps are not enabled by default on client versions of Windows
#
# If you would like to submit a bug report, please visit:
#   http://bugreport.sun.com/bugreport/crash.jsp
# The crash happened outside the Java Virtual Machine in native code.
# See problematic frame for where to report the bug.
#

---------------  T H R E A D  ---------------

Current thread (0x000000000b43b000):  JavaThread "LWJGL Application" [_thread_in_native, id=9204, stack(0x000000000c0c0000,0x000000000c1c0000)]

siginfo: ExceptionCode=0xc0000005, reading address 0x000000000c21f4c8

Registers:
RAX=0x000000000c21ae50, RBX=0x000000000c1ee0b0, RCX=0x000000000c21f4c0, RDX=0x000000000c21ad90
RSP=0x000000000c1beac0, RBP=0x000000000c1bec28, RSI=0x0000000000000002, RDI=0x0000000000000001
R8 =0x000000000c1ee0b0, R9 =0x00000000000000db, R10=0x0000000002913064, R11=0x000000006bd1f7d0
R12=0x0000000000000000, R13=0x000000009b7a1da0, R14=0x000000000c1bec58, R15=0x000000000b43b000
RIP=0x00000000655a1b9f, EFLAGS=0x0000000000010206

Top of Stack: (sp=0x000000000c1beac0)
0x000000000c1beac0:   000000009b7a1ce0 000000006bc4c49f
0x000000000c1bead0:   0000000002848e71 0000000002848e70
0x000000000c1beae0:   000000000c21ad90 000000006bbdabb0
0x000000000c1beaf0:   000000006c0aa078 0000000002848e70
0x000000000c1beb00:   0000000000000000 000000000000000e
0x000000000c1beb10:   000000000c1b0000 000000000291e103
0x000000000c1beb20:   0000000002905410 000000006bc1ab0f
0x000000000c1beb30:   00000000655d3070 00000000655d3928
0x000000000c1beb40:   000000000c1beb70 00000000655a1c31
0x000000000c1beb50:   000000000c1beac0 000000009b7d4d74
0x000000000c1beb60:   0000000000000000 00000000099667d0
0x000000000c1beb70:   000000000c1bec28 00000000655aae75
0x000000000c1beb80:   000000000c1ee0b0 000000000c1bec19
0x000000000c1beb90:   0000000009966800 000000000c1bed08
0x000000000c1beba0:   000000009b7a1da0 0000000002913090
0x000000000c1bebb0:   000000000c1becb0 000000000291e103 

Instructions: (pc=0x00000000655a1b9f)
0x00000000655a1b7f:   90 48 83 7c 24 20 00 74 4b 48 8b 44 24 20 48 8b
0x00000000655a1b8f:   48 70 48 8b 50 68 48 85 c9 48 89 54 24 20 74 e1
0x00000000655a1b9f:   48 8b 41 08 48 8b 94 24 c0 00 00 00 c7 41 30 00
0x00000000655a1baf:   00 00 00 c7 44 24 48 01 00 00 00 48 89 44 24 28 


Register to memory mapping:

RAX=0x000000000c21ae50 is an unknown value
RBX=0x000000000c1ee0b0 is an unknown value
RCX=0x000000000c21f4c0 is an unknown value
RDX=0x000000000c21ad90 is an unknown value
RSP=0x000000000c1beac0 is pointing into the stack for thread: 0x000000000b43b000
RBP=0x000000000c1bec28 is pointing into the stack for thread: 0x000000000b43b000
RSI=0x0000000000000002 is an unknown value
RDI=0x0000000000000001 is an unknown value
R8 =0x000000000c1ee0b0 is an unknown value
R9 =0x00000000000000db is an unknown value
R10=0x0000000002913064 is at code_begin+644 in an Interpreter codelet
method entry point (kind = native)  [0x0000000002912de0, 0x0000000002913680]  2208 bytes
R11=0x000000006bd1f7d0 is an unknown value
R12=0x0000000000000000 is an unknown value
R13=0x000000009b7a1da0 is an oop
{method} 
 - klass: {other class}
R14=0x000000000c1bec58 is pointing into the stack for thread: 0x000000000b43b000
R15=0x000000000b43b000 is a thread


Stack: [0x000000000c0c0000,0x000000000c1c0000],  sp=0x000000000c1beac0,  free space=1018k
Native frames: (J=compiled Java code, j=interpreted, Vv=VM code, C=native code)
C  [gdx64.dll+0x21b9f]
j  com.badlogic.gdx.physics.box2d.World.dispose()V+5
j  com.infinithinks.pentastic.entities.Track.dispose()V+4
j  com.infinithinks.pentastic.level.Level_1.dispose()V+18
j  com.infinithinks.pentastic.screen.HUD.render(FLcom/badlogic/gdx/graphics/g2d/SpriteBatch;Lcom/badlogic/gdx/graphics/Camera;)V+961
j  com.infinithinks.pentastic.level.Level_1.render(F)V+183
j  com.badlogic.gdx.Game.render()V+19
j  com.infinithinks.pentastic.PENtasticMain.render()V+1
j  com.badlogic.gdx.backends.lwjgl.LwjglApplication.mainLoop()V+642
j  com.badlogic.gdx.backends.lwjgl.LwjglApplication$1.run()V+27
v  ~StubRoutines::call_stub
V  [jvm.dll+0x1cb013]

Java frames: (J=compiled Java code, j=interpreted, Vv=VM code)
j  com.badlogic.gdx.physics.box2d.World.jniDispose(J)V+0
j  com.badlogic.gdx.physics.box2d.World.dispose()V+5
j  com.infinithinks.pentastic.entities.Track.dispose()V+4
j  com.infinithinks.pentastic.level.Level_1.dispose()V+18
j  com.infinithinks.pentastic.screen.HUD.render(FLcom/badlogic/gdx/graphics/g2d/SpriteBatch;Lcom/badlogic/gdx/graphics/Camera;)V+961
j  com.infinithinks.pentastic.level.Level_1.render(F)V+183
j  com.badlogic.gdx.Game.render()V+19
j  com.infinithinks.pentastic.PENtasticMain.render()V+1
j  com.badlogic.gdx.backends.lwjgl.LwjglApplication.mainLoop()V+642
j  com.badlogic.gdx.backends.lwjgl.LwjglApplication$1.run()V+27
v  ~StubRoutines::call_stub

---------------  P R O C E S S  ---------------

Java Threads: ( => current thread )
  0x000000000b6af800 JavaThread "LWJGL Timer" daemon [_thread_blocked, id=8184, stack(0x000000000fbb0000,0x000000000fcb0000)]
  0x0000000002800800 JavaThread "DestroyJavaVM" [_thread_blocked, id=8032, stack(0x0000000002690000,0x0000000002790000)]
=>0x000000000b43b000 JavaThread "LWJGL Application" [_thread_in_native, id=9204, stack(0x000000000c0c0000,0x000000000c1c0000)]
  0x0000000009964000 JavaThread "Service Thread" daemon [_thread_blocked, id=8180, stack(0x000000000b0c0000,0x000000000b1c0000)]
  0x0000000009960000 JavaThread "C2 CompilerThread1" daemon [_thread_blocked, id=8792, stack(0x000000000afc0000,0x000000000b0c0000)]
  0x0000000009953800 JavaThread "C2 CompilerThread0" daemon [_thread_blocked, id=1528, stack(0x000000000aec0000,0x000000000afc0000)]
  0x0000000009952800 JavaThread "Attach Listener" daemon [_thread_blocked, id=8704, stack(0x000000000adc0000,0x000000000aec0000)]
  0x000000000994f800 JavaThread "Signal Dispatcher" daemon [_thread_blocked, id=7952, stack(0x000000000acc0000,0x000000000adc0000)]
  0x000000000991c000 JavaThread "Finalizer" daemon [_thread_blocked, id=4012, stack(0x000000000abc0000,0x000000000acc0000)]
  0x0000000009913000 JavaThread "Reference Handler" daemon [_thread_blocked, id=6296, stack(0x000000000aac0000,0x000000000abc0000)]

Other Threads:
  0x0000000009910800 VMThread [stack: 0x000000000a9c0000,0x000000000aac0000] [id=7748]
  0x0000000009970800 WatcherThread [stack: 0x000000000b1c0000,0x000000000b2c0000] [id=9008]

VM state:not at safepoint (normal execution)

VM Mutex/Monitor currently owned by a thread: None

Heap
 PSYoungGen      total 28672K, used 20982K [0x00000000e0100000, 0x00000000e2100000, 0x0000000100000000)
  eden space 24576K, 69% used [0x00000000e0100000,0x00000000e11b1a48,0x00000000e1900000)
  from space 4096K, 94% used [0x00000000e1900000,0x00000000e1ccbe88,0x00000000e1d00000)
  to   space 4096K, 0% used [0x00000000e1d00000,0x00000000e1d00000,0x00000000e2100000)
 ParOldGen       total 175616K, used 163180K [0x00000000a0400000, 0x00000000aaf80000, 0x00000000e0100000)
  object space 175616K, 92% used [0x00000000a0400000,0x00000000aa35b260,0x00000000aaf80000)
 PSPermGen       total 21504K, used 6923K [0x000000009b200000, 0x000000009c700000, 0x00000000a0400000)
  object space 21504K, 32% used [0x000000009b200000,0x000000009b8c2c20,0x000000009c700000)

Card table byte_map: [0x0000000005900000,0x0000000005c30000] byte_map_base: 0x0000000005427000

Polling page: 0x0000000000e30000

Code Cache  [0x0000000002900000, 0x0000000002b70000, 0x0000000005900000)
 total_blobs=620 nmethods=213 adapters=360 free_code_cache=48057Kb largest_free_block=49185152

Compilation events (10 events):
Event: 25.524 Thread 0x0000000009953800 nmethod 207 0x0000000002a11350 code [0x0000000002a114c0, 0x0000000002a11678]
Event: 25.525 Thread 0x0000000009960000 nmethod 209 0x0000000002a07450 code [0x0000000002a075a0, 0x0000000002a07688]
Event: 25.671 Thread 0x0000000009953800  210             com.badlogic.gdx.graphics.glutils.ShaderProgram::disableVertexAttribute (33 bytes)
Event: 25.671 Thread 0x0000000009960000  211             com.badlogic.gdx.graphics.glutils.ShaderProgram::fetchAttributeLocation (49 bytes)
Event: 25.673 Thread 0x0000000009960000 nmethod 211 0x0000000002a10ed0 code [0x0000000002a11040, 0x0000000002a11198]
Event: 25.673 Thread 0x0000000009960000  212             com.badlogic.gdx.backends.lwjgl.LwjglGL20::glDisableVertexAttribArray (5 bytes)
Event: 25.675 Thread 0x0000000009960000 nmethod 212 0x0000000002a10ad0 code [0x0000000002a10c20, 0x0000000002a10d08]
Event: 25.675 Thread 0x0000000009960000  213             org.lwjgl.opengl.GL20::glDisableVertexAttribArray (19 bytes)
Event: 25.676 Thread 0x0000000009953800 nmethod 210 0x0000000002a145d0 code [0x0000000002a14760, 0x0000000002a14a70]
Event: 25.677 Thread 0x0000000009960000 nmethod 213 0x0000000002a10690 code [0x0000000002a107e0, 0x0000000002a108c8]

GC Heap History (2 events):
Event: 4.629 GC heap before
{Heap before GC invocations=1 (full 0):
 PSYoungGen      total 28672K, used 22709K [0x00000000e0100000, 0x00000000e2100000, 0x0000000100000000)
  eden space 24576K, 92% used [0x00000000e0100000,0x00000000e172d5f8,0x00000000e1900000)
  from space 4096K, 0% used [0x00000000e1d00000,0x00000000e1d00000,0x00000000e2100000)
  to   space 4096K, 0% used [0x00000000e1900000,0x00000000e1900000,0x00000000e1d00000)
 ParOldGen       total 65024K, used 0K [0x00000000a0400000, 0x00000000a4380000, 0x00000000e0100000)
  object space 65024K, 0% used [0x00000000a0400000,0x00000000a0400000,0x00000000a4380000)
 PSPermGen       total 21504K, used 6806K [0x000000009b200000, 0x000000009c700000, 0x00000000a0400000)
  object space 21504K, 31% used [0x000000009b200000,0x000000009b8a5a30,0x000000009c700000)
Event: 4.635 GC heap after
Heap after GC invocations=1 (full 0):
 PSYoungGen      total 28672K, used 3887K [0x00000000e0100000, 0x00000000e2100000, 0x0000000100000000)
  eden space 24576K, 0% used [0x00000000e0100000,0x00000000e0100000,0x00000000e1900000)
  from space 4096K, 94% used [0x00000000e1900000,0x00000000e1ccbe88,0x00000000e1d00000)
  to   space 4096K, 0% used [0x00000000e1d00000,0x00000000e1d00000,0x00000000e2100000)
 ParOldGen       total 65024K, used 4136K [0x00000000a0400000, 0x00000000a4380000, 0x00000000e0100000)
  object space 65024K, 6% used [0x00000000a0400000,0x00000000a080a020,0x00000000a4380000)
 PSPermGen       total 21504K, used 6806K [0x000000009b200000, 0x000000009c700000, 0x00000000a0400000)
  object space 21504K, 31% used [0x000000009b200000,0x000000009b8a5a30,0x000000009c700000)
}

Deoptimization events (4 events):
Event: 7.898 Thread 0x000000000b43b000 Uncommon trap: reason=class_check action=maybe_recompile pc=0x00000000029cb54c method=java.io.BufferedInputStream.read([BII)I @ 101
Event: 8.048 Thread 0x000000000b43b000 Uncommon trap: reason=class_check action=maybe_recompile pc=0x00000000029cb54c method=java.io.BufferedInputStream.read([BII)I @ 101
Event: 8.115 Thread 0x000000000b43b000 Uncommon trap: reason=class_check action=maybe_recompile pc=0x00000000029cb54c method=java.io.BufferedInputStream.read([BII)I @ 101
Event: 14.524 Thread 0x000000000b43b000 Uncommon trap: reason=unreached action=reinterpret pc=0x00000000029ff400 method=com.badlogic.gdx.graphics.g2d.BitmapFontCache.addToCache(Ljava/lang/CharSequence;FFII)F @ 146

Internal exceptions (10 events):
Event: 3.835 Thread 0x000000000b43b000 Threw 0x00000000e0f27fd8 at C:\jdk7u2_64p\jdk7u40\hotspot\src\share\vm\prims\jvm.cpp:1244
Event: 8.137 Thread 0x000000000b43b000 Threw 0x00000000e0ce1ff8 at C:\jdk7u2_64p\jdk7u40\hotspot\src\share\vm\prims\jvm.cpp:1244
Event: 8.138 Thread 0x000000000b43b000 Threw 0x00000000e0ce6320 at C:\jdk7u2_64p\jdk7u40\hotspot\src\share\vm\prims\jvm.cpp:1244
Event: 8.139 Thread 0x000000000b43b000 Threw 0x00000000e0f85890 at C:\jdk7u2_64p\jdk7u40\hotspot\src\share\vm\prims\jvm.cpp:1244
Event: 8.140 Thread 0x000000000b43b000 Threw 0x00000000e0f89a38 at C:\jdk7u2_64p\jdk7u40\hotspot\src\share\vm\prims\jvm.cpp:1244
Event: 8.141 Thread 0x000000000b43b000 Threw 0x00000000e0f8d5c0 at C:\jdk7u2_64p\jdk7u40\hotspot\src\share\vm\prims\jvm.cpp:1244
Event: 8.142 Thread 0x000000000b43b000 Threw 0x00000000e0f91998 at C:\jdk7u2_64p\jdk7u40\hotspot\src\share\vm\prims\jvm.cpp:1244
Event: 8.187 Thread 0x000000000b43b000 Threw 0x00000000e0f976d0 at C:\jdk7u2_64p\jdk7u40\hotspot\src\share\vm\prims\jvm.cpp:1244
Event: 14.524 Thread 0x000000000b43b000 Implicit null exception at 0x00000000029fef5b to 0x00000000029ff3d5
Event: 14.604 Thread 0x000000000b43b000 Threw 0x00000000e10294c8 at C:\jdk7u2_64p\jdk7u40\hotspot\src\share\vm\prims\jvm.cpp:1244

Events (10 events):
Event: 8.141 loading class 0x0000000009975dd0 done
Event: 8.142 loading class 0x000000000b5abf20
Event: 8.142 loading class 0x000000000b5abf20 done
Event: 8.187 loading class 0x000000000b31abc0
Event: 8.187 loading class 0x000000000b31abc0 done
Event: 14.524 Thread 0x000000000b43b000 Uncommon trap: trap_request=0xffffffad fr.pc=0x00000000029ff400
Event: 14.524 Thread 0x000000000b43b000 DEOPT PACKING pc=0x00000000029ff400 sp=0x000000000c1bebc0
Event: 14.524 Thread 0x000000000b43b000 DEOPT UNPACKING pc=0x00000000029375a4 sp=0x000000000c1beb58 mode 2
Event: 14.604 loading class 0x000000000b5ab260
Event: 14.604 loading class 0x000000000b5ab260 done


Dynamic libraries:
0x00007ff721ab0000 - 0x00007ff721ae3000 	C:\Program Files\Java\jre7\bin\javaw.exe
0x00007ffc33170000 - 0x00007ffc33319000 	C:\WINDOWS\SYSTEM32\ntdll.dll
0x00007ffc31500000 - 0x00007ffc31639000 	C:\WINDOWS\system32\KERNEL32.DLL
0x00007ffc305c0000 - 0x00007ffc306ce000 	C:\WINDOWS\system32\KERNELBASE.dll
0x00007ffc2edc0000 - 0x00007ffc2ee4b000 	C:\WINDOWS\system32\apphelp.dll
0x00007ffc101b0000 - 0x00007ffc101ff000 	C:\WINDOWS\AppPatch\AppPatch64\AcGenral.DLL
0x00007ffc330c0000 - 0x00007ffc33167000 	C:\WINDOWS\system32\msvcrt.dll
0x00007ffc30330000 - 0x00007ffc3035b000 	C:\WINDOWS\SYSTEM32\SspiCli.dll
0x00007ffc32a50000 - 0x00007ffc32aa1000 	C:\WINDOWS\system32\SHLWAPI.dll
0x00007ffc31190000 - 0x00007ffc31301000 	C:\WINDOWS\system32\USER32.dll
0x00007ffc30e30000 - 0x00007ffc30fa6000 	C:\WINDOWS\system32\ole32.dll
0x00007ffc31640000 - 0x00007ffc32a4f000 	C:\WINDOWS\system32\SHELL32.dll
0x00007ffc2f800000 - 0x00007ffc2f81f000 	C:\WINDOWS\SYSTEM32\USERENV.dll
0x00007ffc32dc0000 - 0x00007ffc32e65000 	C:\WINDOWS\system32\ADVAPI32.dll
0x00007ffc26070000 - 0x00007ffc2608b000 	C:\WINDOWS\SYSTEM32\MPR.dll
0x00007ffc30a40000 - 0x00007ffc30b76000 	C:\WINDOWS\system32\RPCRT4.dll
0x00007ffc32e70000 - 0x00007ffc32ec7000 	C:\WINDOWS\SYSTEM32\sechost.dll
0x00007ffc30fb0000 - 0x00007ffc31187000 	C:\WINDOWS\SYSTEM32\combase.dll
0x00007ffc32ed0000 - 0x00007ffc33015000 	C:\WINDOWS\system32\GDI32.dll
0x00007ffc304f0000 - 0x00007ffc30504000 	C:\WINDOWS\SYSTEM32\profapi.dll
0x00007ffc2e820000 - 0x00007ffc2e8c1000 	C:\WINDOWS\SYSTEM32\SHCORE.dll
0x00007ffc30df0000 - 0x00007ffc30e24000 	C:\WINDOWS\system32\IMM32.DLL
0x00007ffc313c0000 - 0x00007ffc314f8000 	C:\WINDOWS\system32\MSCTF.dll
0x00007ffc2fe50000 - 0x00007ffc300aa000 	C:\WINDOWS\WinSxS\amd64_microsoft.windows.common-controls_6595b64144ccf1df_6.0.9600.16384_none_62475f7becb72503\COMCTL32.dll
0x000000006c4b0000 - 0x000000006c581000 	C:\Program Files\Java\jre7\bin\msvcr100.dll
0x000000006bb40000 - 0x000000006c309000 	C:\Program Files\Java\jre7\bin\server\jvm.dll
0x00007ffc1f5b0000 - 0x00007ffc1f5b9000 	C:\WINDOWS\SYSTEM32\WSOCK32.dll
0x00007ffc258d0000 - 0x00007ffc258ef000 	C:\WINDOWS\SYSTEM32\WINMM.dll
0x00007ffc30be0000 - 0x00007ffc30be7000 	C:\WINDOWS\system32\PSAPI.DLL
0x00007ffc32ab0000 - 0x00007ffc32b08000 	C:\WINDOWS\system32\WS2_32.dll
0x00007ffc25890000 - 0x00007ffc258ba000 	C:\WINDOWS\SYSTEM32\WINMMBASE.dll
0x00007ffc32db0000 - 0x00007ffc32db9000 	C:\WINDOWS\system32\NSI.dll
0x00007ffc306d0000 - 0x00007ffc3071a000 	C:\WINDOWS\SYSTEM32\cfgmgr32.dll
0x00007ffc2f020000 - 0x00007ffc2f046000 	C:\WINDOWS\SYSTEM32\DEVOBJ.dll
0x000000006c8e0000 - 0x000000006c8ef000 	C:\Program Files\Java\jre7\bin\verify.dll
0x000000006c6c0000 - 0x000000006c6e8000 	C:\Program Files\Java\jre7\bin\java.dll
0x000000006c6a0000 - 0x000000006c6b5000 	C:\Program Files\Java\jre7\bin\zip.dll
0x0000000065580000 - 0x0000000065610000 	C:\Users\Fathurrohman E\AppData\Local\Temp\libgdxFathurrohman E\5498721d\gdx64.dll
0x0000000180000000 - 0x0000000180050000 	C:\Users\Fathurrohman E\AppData\Local\Temp\libgdxFathurrohman E\4c88a7c1\lwjgl64.dll
0x00007ffc087f0000 - 0x00007ffc08911000 	C:\WINDOWS\SYSTEM32\OPENGL32.dll
0x00007ffc2e070000 - 0x00007ffc2e07a000 	C:\WINDOWS\SYSTEM32\VERSION.dll
0x00007ffc20010000 - 0x00007ffc2003c000 	C:\WINDOWS\SYSTEM32\GLU32.dll
0x00007ffc086f0000 - 0x00007ffc087e4000 	C:\WINDOWS\SYSTEM32\DDRAW.dll
0x00007ffc25a60000 - 0x00007ffc25a69000 	C:\WINDOWS\SYSTEM32\DCIMAN32.dll
0x000000000b790000 - 0x000000000b7f4000 	C:\Users\FATHUR~1\AppData\Local\Temp\libgdxFathurrohman E\4c88a7c1\OpenAL64.dll
0x00007ffc2efc0000 - 0x00007ffc2efca000 	C:\WINDOWS\SYSTEM32\kernel.appcore.dll
0x00007ffc303c0000 - 0x00007ffc303ca000 	C:\WINDOWS\SYSTEM32\CRYPTBASE.dll
0x00007ffc30360000 - 0x00007ffc303be000 	C:\WINDOWS\SYSTEM32\bcryptPrimitives.dll
0x00007ffc2ee80000 - 0x00007ffc2efa2000 	C:\WINDOWS\system32\uxtheme.dll
0x00007ffc31310000 - 0x00007ffc313b4000 	C:\WINDOWS\SYSTEM32\clbcatq.dll
0x00007ffc15db0000 - 0x00007ffc15e37000 	C:\WINDOWS\SYSTEM32\dsound.dll
0x00007ffc303f0000 - 0x00007ffc30435000 	C:\WINDOWS\SYSTEM32\POWRPROF.dll
0x00007ffc2c4e0000 - 0x00007ffc2c541000 	C:\WINDOWS\System32\MMDevApi.dll
0x00007ffc21f90000 - 0x00007ffc22006000 	C:\WINDOWS\SYSTEM32\AUDIOSES.DLL
0x00007ffc32b10000 - 0x00007ffc32bc7000 	C:\WINDOWS\system32\OLEAUT32.dll
0x00007ffc2e5e0000 - 0x00007ffc2e601000 	C:\WINDOWS\system32\dwmapi.dll
0x00007ffc23410000 - 0x00007ffc23428000 	C:\WINDOWS\SYSTEM32\atig6pxx.dll
0x00000000695e0000 - 0x000000006af81000 	C:\WINDOWS\SYSTEM32\atio6axx.dll
0x00007ffc32bd0000 - 0x00007ffc32da6000 	C:\WINDOWS\system32\SETUPAPI.dll
0x00007ffc2c2e0000 - 0x00007ffc2c408000 	C:\WINDOWS\SYSTEM32\atiadlxx.dll
0x00007ffc2c140000 - 0x00007ffc2c2a4000 	C:\WINDOWS\SYSTEM32\PROPSYS.dll
0x00007ffc2eda0000 - 0x00007ffc2edb1000 	C:\WINDOWS\SYSTEM32\WTSAPI32.dll
0x00007ffc2c110000 - 0x00007ffc2c139000 	C:\WINDOWS\SYSTEM32\IPHLPAPI.DLL
0x00007ffc2c790000 - 0x00007ffc2c79a000 	C:\WINDOWS\SYSTEM32\WINNSI.DLL
0x00007ffc307d0000 - 0x00007ffc3081e000 	C:\WINDOWS\system32\WINTRUST.dll
0x00007ffc30820000 - 0x00007ffc309f7000 	C:\WINDOWS\system32\CRYPT32.dll
0x00007ffc305a0000 - 0x00007ffc305b2000 	C:\WINDOWS\system32\MSASN1.dll
0x00007ffc2ddc0000 - 0x00007ffc2df04000 	C:\WINDOWS\SYSTEM32\aticfx64.dll
0x00007ffc231b0000 - 0x00007ffc231ce000 	C:\WINDOWS\SYSTEM32\atig6txx.dll
0x00007ffc20a40000 - 0x00007ffc20acd000 	C:\WINDOWS\SYSTEM32\mscms.dll
0x00007ffc124f0000 - 0x00007ffc12531000 	C:\WINDOWS\SYSTEM32\icm32.dll
0x00007ffc20850000 - 0x00007ffc209d8000 	C:\WINDOWS\SYSTEM32\dbghelp.dll

VM Arguments:
jvm_args: -Dfile.encoding=Cp1252 
java_command: com.infinithinks.pentastic.Main
Launcher Type: SUN_STANDARD

Environment Variables:
PATH=C:\WINDOWS\system32;C:\WINDOWS;C:\WINDOWS\System32\Wbem;C:\WINDOWS\System32\WindowsPowerShell\v1.0\;C:\Program Files (x86)\ATI Technologies\ATI.ACE\Core-Static;C:\Program Files (x86)\SoftKinetic\DepthSenseSDK\bin;e:\Program Files\MATLAB\R2010a\runtime\win64;e:\Program Files\MATLAB\R2010a\bin;C:\Program Files (x86)\Windows Kits\8.0\Windows Performance Toolkit\;C:\Program Files\Microsoft SQL Server\110\Tools\Binn\
USERNAME=Fathurrohman E
OS=Windows_NT
PROCESSOR_IDENTIFIER=Intel64 Family 6 Model 42 Stepping 7, GenuineIntel



---------------  S Y S T E M  ---------------

OS: Windows 8 , 64 bit Build 9200 

CPU:total 4 (2 cores per cpu, 2 threads per core) family 6 model 42 stepping 7, cmov, cx8, fxsr, mmx, sse, sse2, sse3, ssse3, sse4.1, sse4.2, popcnt, avx, ht, tsc, tscinvbit

Memory: 4k page, physical 6268032k(2367788k free), swap 12559488k(7410228k free)

vm_info: Java HotSpot(TM) 64-Bit Server VM (24.0-b56) for windows-amd64 JRE (1.7.0_40-b43), built on Aug 26 2013 22:38:32 by "java_re" with unknown MS VC++:1600

time: Fri Jan 31 21:56:12 2014
elapsed time: 26 seconds

