#
# A fatal error has been detected by the Java Runtime Environment:
#
#  EXCEPTION_ACCESS_VIOLATION (0xc0000005) at pc=0x00000000655a1b9f, pid=4152, tid=6212
#
# JRE version: Java(TM) SE Runtime Environment (7.0_40-b43) (build 1.7.0_40-b43)
# Java VM: Java HotSpot(TM) 64-Bit Server VM (24.0-b56 mixed mode windows-amd64 compressed oops)
# Problematic frame:
# C  [gdx64.dll+0x21b9f]
#
# Failed to write core dump. Minidumps are not enabled by default on client versions of Windows
#
# If you would like to submit a bug report, please visit:
#   http://bugreport.sun.com/bugreport/crash.jsp
# The crash happened outside the Java Virtual Machine in native code.
# See problematic frame for where to report the bug.
#

---------------  T H R E A D  ---------------

Current thread (0x000000000aa47800):  JavaThread "LWJGL Application" [_thread_in_native, id=6212, stack(0x000000000b700000,0x000000000b800000)]

siginfo: ExceptionCode=0xc0000005, reading address 0x000000000b85f4c8

Registers:
RAX=0x000000000b85ae50, RBX=0x000000000b82e0b0, RCX=0x000000000b85f4c0, RDX=0x000000000b85ad90
RSP=0x000000000b7fed00, RBP=0x000000000b7fee70, RSI=0x0000000000000002, RDI=0x0000000000000001
R8 =0x000000000b82e0b0, R9 =0x00000000000000db, R10=0x0000000001f63064, R11=0x000000006bc3f7d0
R12=0x0000000000000000, R13=0x000000009b7a17b8, R14=0x000000000b7feea0, R15=0x000000000aa47800
RIP=0x00000000655a1b9f, EFLAGS=0x0000000000010206

Top of Stack: (sp=0x000000000b7fed00)
0x000000000b7fed00:   00001e69b8f6d5cd 000000006badf72f
0x000000000b7fed10:   000000009b7a16f8 000000006bb6c49f
0x000000000b7fed20:   000000000b85ad90 0000000001e99140
0x000000000b7fed30:   000000000aa47800 000000006bafabb0
0x000000000b7fed40:   0000000000000000 0000000001e99140
0x000000000b7fed50:   0000000000000003 000000000000000e
0x000000000b7fed60:   000000000b7f0000 0000000001f6e103
0x000000000b7fed70:   00000000655d3070 00000000655d3928
0x000000000b7fed80:   000000000b7fedb0 00000000655a1c31
0x000000000b7fed90:   000000000b7fed00 000000006bafadce
0x000000000b7feda0:   0000000008fb4500 000000009b7d478c
0x000000000b7fedb0:   000000000b7fee70 00000000655aae75
0x000000000b7fedc0:   000000000b82e0b0 000000006bafe25e
0x000000000b7fedd0:   000000000b7ff348 000000000b7fee69
0x000000000b7fede0:   000000009b7a17b8 0000000001f63090
0x000000000b7fedf0:   00000000000000b6 000000000aa47800 

Instructions: (pc=0x00000000655a1b9f)
0x00000000655a1b7f:   90 48 83 7c 24 20 00 74 4b 48 8b 44 24 20 48 8b
0x00000000655a1b8f:   48 70 48 8b 50 68 48 85 c9 48 89 54 24 20 74 e1
0x00000000655a1b9f:   48 8b 41 08 48 8b 94 24 c0 00 00 00 c7 41 30 00
0x00000000655a1baf:   00 00 00 c7 44 24 48 01 00 00 00 48 89 44 24 28 


Register to memory mapping:

RAX=0x000000000b85ae50 is an unknown value
RBX=0x000000000b82e0b0 is an unknown value
RCX=0x000000000b85f4c0 is an unknown value
RDX=0x000000000b85ad90 is an unknown value
RSP=0x000000000b7fed00 is pointing into the stack for thread: 0x000000000aa47800
RBP=0x000000000b7fee70 is pointing into the stack for thread: 0x000000000aa47800
RSI=0x0000000000000002 is an unknown value
RDI=0x0000000000000001 is an unknown value
R8 =0x000000000b82e0b0 is an unknown value
R9 =0x00000000000000db is an unknown value
R10=0x0000000001f63064 is at code_begin+644 in an Interpreter codelet
method entry point (kind = native)  [0x0000000001f62de0, 0x0000000001f63680]  2208 bytes
R11=0x000000006bc3f7d0 is an unknown value
R12=0x0000000000000000 is an unknown value
R13=0x000000009b7a17b8 is an oop
{method} 
 - klass: {other class}
R14=0x000000000b7feea0 is pointing into the stack for thread: 0x000000000aa47800
R15=0x000000000aa47800 is a thread


Stack: [0x000000000b700000,0x000000000b800000],  sp=0x000000000b7fed00,  free space=1019k
Native frames: (J=compiled Java code, j=interpreted, Vv=VM code, C=native code)
C  [gdx64.dll+0x21b9f]
j  com.badlogic.gdx.physics.box2d.World.dispose()V+5
j  com.infinithinks.pentastic.entities.Track.dispose()V+4
j  com.infinithinks.pentastic.level.Level_1.dispose()V+18
j  com.infinithinks.pentastic.level.Level_1.hide()V+1
j  com.badlogic.gdx.Game.dispose()V+11
j  com.infinithinks.pentastic.PENtasticMain.dispose()V+1
j  com.badlogic.gdx.backends.lwjgl.LwjglApplication.mainLoop()V+780
j  com.badlogic.gdx.backends.lwjgl.LwjglApplication$1.run()V+27
v  ~StubRoutines::call_stub
V  [jvm.dll+0x1cb013]

Java frames: (J=compiled Java code, j=interpreted, Vv=VM code)
j  com.badlogic.gdx.physics.box2d.World.jniDispose(J)V+0
j  com.badlogic.gdx.physics.box2d.World.dispose()V+5
j  com.infinithinks.pentastic.entities.Track.dispose()V+4
j  com.infinithinks.pentastic.level.Level_1.dispose()V+18
j  com.infinithinks.pentastic.level.Level_1.hide()V+1
j  com.badlogic.gdx.Game.dispose()V+11
j  com.infinithinks.pentastic.PENtasticMain.dispose()V+1
j  com.badlogic.gdx.backends.lwjgl.LwjglApplication.mainLoop()V+780
j  com.badlogic.gdx.backends.lwjgl.LwjglApplication$1.run()V+27
v  ~StubRoutines::call_stub

---------------  P R O C E S S  ---------------

Java Threads: ( => current thread )
  0x000000000ab9a000 JavaThread "LWJGL Timer" daemon [_thread_blocked, id=3144, stack(0x000000000f1e0000,0x000000000f2e0000)]
  0x0000000001e50800 JavaThread "DestroyJavaVM" [_thread_blocked, id=1148, stack(0x0000000001ce0000,0x0000000001de0000)]
=>0x000000000aa47800 JavaThread "LWJGL Application" [_thread_in_native, id=6212, stack(0x000000000b700000,0x000000000b800000)]
  0x0000000008fb5000 JavaThread "Service Thread" daemon [_thread_blocked, id=5724, stack(0x000000000a720000,0x000000000a820000)]
  0x0000000008fa5000 JavaThread "C2 CompilerThread1" daemon [_thread_blocked, id=5440, stack(0x000000000a620000,0x000000000a720000)]
  0x0000000008fa3000 JavaThread "C2 CompilerThread0" daemon [_thread_blocked, id=7040, stack(0x000000000a520000,0x000000000a620000)]
  0x0000000008fa1800 JavaThread "Attach Listener" daemon [_thread_blocked, id=5696, stack(0x000000000a420000,0x000000000a520000)]
  0x0000000008f9e800 JavaThread "Signal Dispatcher" daemon [_thread_blocked, id=6440, stack(0x000000000a320000,0x000000000a420000)]
  0x0000000008f6b000 JavaThread "Finalizer" daemon [_thread_blocked, id=5616, stack(0x000000000a220000,0x000000000a320000)]
  0x0000000008f61800 JavaThread "Reference Handler" daemon [_thread_blocked, id=5648, stack(0x000000000a120000,0x000000000a220000)]

Other Threads:
  0x0000000008f5f000 VMThread [stack: 0x000000000a020000,0x000000000a120000] [id=2500]
  0x0000000008fce800 WatcherThread [stack: 0x000000000a820000,0x000000000a920000] [id=4548]

VM state:not at safepoint (normal execution)

VM Mutex/Monitor currently owned by a thread: None

Heap
 PSYoungGen      total 28672K, used 22006K [0x00000000e0100000, 0x00000000e2100000, 0x0000000100000000)
  eden space 24576K, 73% used [0x00000000e0100000,0x00000000e12b5280,0x00000000e1900000)
  from space 4096K, 94% used [0x00000000e1900000,0x00000000e1cc88d0,0x00000000e1d00000)
  to   space 4096K, 0% used [0x00000000e1d00000,0x00000000e1d00000,0x00000000e2100000)
 ParOldGen       total 175616K, used 163180K [0x00000000a0400000, 0x00000000aaf80000, 0x00000000e0100000)
  object space 175616K, 92% used [0x00000000a0400000,0x00000000aa35b260,0x00000000aaf80000)
 PSPermGen       total 21504K, used 6930K [0x000000009b200000, 0x000000009c700000, 0x00000000a0400000)
  object space 21504K, 32% used [0x000000009b200000,0x000000009b8c4b80,0x000000009c700000)

Card table byte_map: [0x0000000004f50000,0x0000000005280000] byte_map_base: 0x0000000004a77000

Polling page: 0x0000000000380000

Code Cache  [0x0000000001f50000, 0x00000000021c0000, 0x0000000004f50000)
 total_blobs=630 nmethods=223 adapters=360 free_code_cache=48004Kb largest_free_block=49126144

Compilation events (10 events):
Event: 29.534 Thread 0x0000000008fa5000  219 %           com.badlogic.gdx.scenes.scene2d.Stage::act @ 8 (237 bytes)
Event: 29.558 Thread 0x0000000008fa5000 nmethod 219% 0x0000000002071450 code [0x0000000002071720, 0x00000000020725d8]
Event: 29.568 Thread 0x0000000008fa3000  220             com.badlogic.gdx.scenes.scene2d.Stage::act (237 bytes)
Event: 29.584 Thread 0x0000000008fa5000  221             java.nio.DirectByteBuffer::isDirect (2 bytes)
Event: 29.585 Thread 0x0000000008fa5000 nmethod 221 0x00000000020600d0 code [0x0000000002060200, 0x0000000002060258]
Event: 29.590 Thread 0x0000000008fa3000 nmethod 220 0x0000000002073d10 code [0x0000000002073fe0, 0x0000000002074e78]
Event: 30.702 Thread 0x0000000008fa5000  222             org.lwjgl.opengl.WindowsMouse::poll (183 bytes)
Event: 30.729 Thread 0x0000000008fa5000 nmethod 222 0x0000000002067c10 code [0x0000000002067d80, 0x0000000002068238]
Event: 30.802 Thread 0x0000000008fa3000  223             com.badlogic.gdx.backends.lwjgl.LwjglGL20::glUseProgram (5 bytes)
Event: 30.805 Thread 0x0000000008fa3000 nmethod 223 0x000000000205fcd0 code [0x000000000205fe20, 0x000000000205ff08]

GC Heap History (2 events):
Event: 4.712 GC heap before
{Heap before GC invocations=1 (full 0):
 PSYoungGen      total 28672K, used 22773K [0x00000000e0100000, 0x00000000e2100000, 0x0000000100000000)
  eden space 24576K, 92% used [0x00000000e0100000,0x00000000e173d788,0x00000000e1900000)
  from space 4096K, 0% used [0x00000000e1d00000,0x00000000e1d00000,0x00000000e2100000)
  to   space 4096K, 0% used [0x00000000e1900000,0x00000000e1900000,0x00000000e1d00000)
 ParOldGen       total 65024K, used 0K [0x00000000a0400000, 0x00000000a4380000, 0x00000000e0100000)
  object space 65024K, 0% used [0x00000000a0400000,0x00000000a0400000,0x00000000a4380000)
 PSPermGen       total 21504K, used 6804K [0x000000009b200000, 0x000000009c700000, 0x00000000a0400000)
  object space 21504K, 31% used [0x000000009b200000,0x000000009b8a5168,0x000000009c700000)
Event: 4.721 GC heap after
Heap after GC invocations=1 (full 0):
 PSYoungGen      total 28672K, used 3874K [0x00000000e0100000, 0x00000000e2100000, 0x0000000100000000)
  eden space 24576K, 0% used [0x00000000e0100000,0x00000000e0100000,0x00000000e1900000)
  from space 4096K, 94% used [0x00000000e1900000,0x00000000e1cc88d0,0x00000000e1d00000)
  to   space 4096K, 0% used [0x00000000e1d00000,0x00000000e1d00000,0x00000000e2100000)
 ParOldGen       total 65024K, used 4136K [0x00000000a0400000, 0x00000000a4380000, 0x00000000e0100000)
  object space 65024K, 6% used [0x00000000a0400000,0x00000000a080a020,0x00000000a4380000)
 PSPermGen       total 21504K, used 6804K [0x000000009b200000, 0x000000009c700000, 0x00000000a0400000)
  object space 21504K, 31% used [0x000000009b200000,0x000000009b8a5168,0x000000009c700000)
}

Deoptimization events (8 events):
Event: 8.122 Thread 0x000000000aa47800 Uncommon trap: reason=class_check action=maybe_recompile pc=0x0000000002014d4c method=java.io.BufferedInputStream.read([BII)I @ 101
Event: 8.310 Thread 0x000000000aa47800 Uncommon trap: reason=class_check action=maybe_recompile pc=0x0000000002014d4c method=java.io.BufferedInputStream.read([BII)I @ 101
Event: 8.379 Thread 0x000000000aa47800 Uncommon trap: reason=class_check action=maybe_recompile pc=0x0000000002014d4c method=java.io.BufferedInputStream.read([BII)I @ 101
Event: 25.519 Thread 0x000000000aa47800 Uncommon trap: reason=unreached action=reinterpret pc=0x00000000020657e4 method=com.badlogic.gdx.scenes.scene2d.Stage.act(F)V @ 32
Event: 28.101 Thread 0x000000000aa47800 Uncommon trap: reason=array_check action=maybe_recompile pc=0x000000000205f728 method=com.badlogic.gdx.utils.Array.add(Ljava/lang/Object;)V @ 46
Event: 28.267 Thread 0x000000000aa47800 Uncommon trap: reason=array_check action=maybe_recompile pc=0x000000000205f728 method=com.badlogic.gdx.utils.Array.add(Ljava/lang/Object;)V @ 46
Event: 28.434 Thread 0x000000000aa47800 Uncommon trap: reason=array_check action=maybe_recompile pc=0x000000000205f728 method=com.badlogic.gdx.utils.Array.add(Ljava/lang/Object;)V @ 46
Event: 28.867 Thread 0x000000000aa47800 Uncommon trap: reason=array_check action=maybe_recompile pc=0x000000000205f728 method=com.badlogic.gdx.utils.Array.add(Ljava/lang/Object;)V @ 46

Internal exceptions (10 events):
Event: 3.835 Thread 0x000000000aa47800 Threw 0x00000000e0f291b0 at C:\jdk7u2_64p\jdk7u40\hotspot\src\share\vm\prims\jvm.cpp:1244
Event: 8.399 Thread 0x000000000aa47800 Threw 0x00000000e0ce25a8 at C:\jdk7u2_64p\jdk7u40\hotspot\src\share\vm\prims\jvm.cpp:1244
Event: 8.400 Thread 0x000000000aa47800 Threw 0x00000000e0ce68d0 at C:\jdk7u2_64p\jdk7u40\hotspot\src\share\vm\prims\jvm.cpp:1244
Event: 8.401 Thread 0x000000000aa47800 Threw 0x00000000e0f85640 at C:\jdk7u2_64p\jdk7u40\hotspot\src\share\vm\prims\jvm.cpp:1244
Event: 8.402 Thread 0x000000000aa47800 Threw 0x00000000e0f897e8 at C:\jdk7u2_64p\jdk7u40\hotspot\src\share\vm\prims\jvm.cpp:1244
Event: 8.403 Thread 0x000000000aa47800 Threw 0x00000000e0f8d370 at C:\jdk7u2_64p\jdk7u40\hotspot\src\share\vm\prims\jvm.cpp:1244
Event: 8.404 Thread 0x000000000aa47800 Threw 0x00000000e0f91748 at C:\jdk7u2_64p\jdk7u40\hotspot\src\share\vm\prims\jvm.cpp:1244
Event: 8.450 Thread 0x000000000aa47800 Threw 0x00000000e0f97480 at C:\jdk7u2_64p\jdk7u40\hotspot\src\share\vm\prims\jvm.cpp:1244
Event: 25.518 Thread 0x000000000aa47800 Threw 0x00000000e11aa240 at C:\jdk7u2_64p\jdk7u40\hotspot\src\share\vm\prims\jvm.cpp:1244
Event: 31.247 Thread 0x000000000aa47800 Threw 0x00000000e1262bb8 at C:\jdk7u2_64p\jdk7u40\hotspot\src\share\vm\prims\jvm.cpp:1244

Events (10 events):
Event: 28.267 Thread 0x000000000aa47800 DEOPT PACKING pc=0x000000000205f728 sp=0x000000000b7feda0
Event: 28.267 Thread 0x000000000aa47800 DEOPT UNPACKING pc=0x0000000001f875a4 sp=0x000000000b7fed30 mode 2
Event: 28.434 Thread 0x000000000aa47800 Uncommon trap: trap_request=0xffffffd6 fr.pc=0x000000000205f728
Event: 28.434 Thread 0x000000000aa47800 DEOPT PACKING pc=0x000000000205f728 sp=0x000000000b7feda0
Event: 28.434 Thread 0x000000000aa47800 DEOPT UNPACKING pc=0x0000000001f875a4 sp=0x000000000b7fed30 mode 2
Event: 28.867 Thread 0x000000000aa47800 Uncommon trap: trap_request=0xffffffd6 fr.pc=0x000000000205f728
Event: 28.867 Thread 0x000000000aa47800 DEOPT PACKING pc=0x000000000205f728 sp=0x000000000b7feda0
Event: 28.867 Thread 0x000000000aa47800 DEOPT UNPACKING pc=0x0000000001f875a4 sp=0x000000000b7fed30 mode 2
Event: 31.247 loading class 0x000000000a944380
Event: 31.247 loading class 0x000000000a944380 done


Dynamic libraries:
0x00007ff721ab0000 - 0x00007ff721ae3000 	C:\Program Files\Java\jre7\bin\javaw.exe
0x00007ffc33170000 - 0x00007ffc33319000 	C:\WINDOWS\SYSTEM32\ntdll.dll
0x00007ffc31500000 - 0x00007ffc31639000 	C:\WINDOWS\system32\KERNEL32.DLL
0x00007ffc305c0000 - 0x00007ffc306ce000 	C:\WINDOWS\system32\KERNELBASE.dll
0x00007ffc2edc0000 - 0x00007ffc2ee4b000 	C:\WINDOWS\system32\apphelp.dll
0x00007ffc15bc0000 - 0x00007ffc15c0f000 	C:\WINDOWS\AppPatch\AppPatch64\AcGenral.DLL
0x00007ffc330c0000 - 0x00007ffc33167000 	C:\WINDOWS\system32\msvcrt.dll
0x00007ffc30330000 - 0x00007ffc3035b000 	C:\WINDOWS\SYSTEM32\SspiCli.dll
0x00007ffc32a50000 - 0x00007ffc32aa1000 	C:\WINDOWS\system32\SHLWAPI.dll
0x00007ffc31190000 - 0x00007ffc31301000 	C:\WINDOWS\system32\USER32.dll
0x00007ffc30e30000 - 0x00007ffc30fa6000 	C:\WINDOWS\system32\ole32.dll
0x00007ffc31640000 - 0x00007ffc32a4f000 	C:\WINDOWS\system32\SHELL32.dll
0x00007ffc2f800000 - 0x00007ffc2f81f000 	C:\WINDOWS\SYSTEM32\USERENV.dll
0x00007ffc32dc0000 - 0x00007ffc32e65000 	C:\WINDOWS\system32\ADVAPI32.dll
0x00007ffc26070000 - 0x00007ffc2608b000 	C:\WINDOWS\SYSTEM32\MPR.dll
0x00007ffc30a40000 - 0x00007ffc30b76000 	C:\WINDOWS\system32\RPCRT4.dll
0x00007ffc32e70000 - 0x00007ffc32ec7000 	C:\WINDOWS\SYSTEM32\sechost.dll
0x00007ffc30fb0000 - 0x00007ffc31187000 	C:\WINDOWS\SYSTEM32\combase.dll
0x00007ffc32ed0000 - 0x00007ffc33015000 	C:\WINDOWS\system32\GDI32.dll
0x00007ffc304f0000 - 0x00007ffc30504000 	C:\WINDOWS\SYSTEM32\profapi.dll
0x00007ffc2e820000 - 0x00007ffc2e8c1000 	C:\WINDOWS\SYSTEM32\SHCORE.dll
0x00007ffc30df0000 - 0x00007ffc30e24000 	C:\WINDOWS\system32\IMM32.DLL
0x00007ffc313c0000 - 0x00007ffc314f8000 	C:\WINDOWS\system32\MSCTF.dll
0x00007ffc2fe50000 - 0x00007ffc300aa000 	C:\WINDOWS\WinSxS\amd64_microsoft.windows.common-controls_6595b64144ccf1df_6.0.9600.16384_none_62475f7becb72503\COMCTL32.dll
0x000000006c230000 - 0x000000006c301000 	C:\Program Files\Java\jre7\bin\msvcr100.dll
0x000000006ba60000 - 0x000000006c229000 	C:\Program Files\Java\jre7\bin\server\jvm.dll
0x00007ffc14de0000 - 0x00007ffc14de9000 	C:\WINDOWS\SYSTEM32\WSOCK32.dll
0x00007ffc258d0000 - 0x00007ffc258ef000 	C:\WINDOWS\SYSTEM32\WINMM.dll
0x00007ffc30be0000 - 0x00007ffc30be7000 	C:\WINDOWS\system32\PSAPI.DLL
0x00007ffc32ab0000 - 0x00007ffc32b08000 	C:\WINDOWS\system32\WS2_32.dll
0x00007ffc25890000 - 0x00007ffc258ba000 	C:\WINDOWS\SYSTEM32\WINMMBASE.dll
0x00007ffc32db0000 - 0x00007ffc32db9000 	C:\WINDOWS\system32\NSI.dll
0x00007ffc306d0000 - 0x00007ffc3071a000 	C:\WINDOWS\SYSTEM32\cfgmgr32.dll
0x00007ffc2f020000 - 0x00007ffc2f046000 	C:\WINDOWS\SYSTEM32\DEVOBJ.dll
0x000000006c8e0000 - 0x000000006c8ef000 	C:\Program Files\Java\jre7\bin\verify.dll
0x000000006c4d0000 - 0x000000006c4f8000 	C:\Program Files\Java\jre7\bin\java.dll
0x000000006c4b0000 - 0x000000006c4c5000 	C:\Program Files\Java\jre7\bin\zip.dll
0x0000000065580000 - 0x0000000065610000 	C:\Users\Fathurrohman E\AppData\Local\Temp\libgdxFathurrohman E\5498721d\gdx64.dll
0x0000000180000000 - 0x0000000180050000 	C:\Users\Fathurrohman E\AppData\Local\Temp\libgdxFathurrohman E\4c88a7c1\lwjgl64.dll
0x00007ffc18280000 - 0x00007ffc183a1000 	C:\WINDOWS\SYSTEM32\OPENGL32.dll
0x00007ffc2e070000 - 0x00007ffc2e07a000 	C:\WINDOWS\SYSTEM32\VERSION.dll
0x00007ffc253a0000 - 0x00007ffc253cc000 	C:\WINDOWS\SYSTEM32\GLU32.dll
0x00007ffc12400000 - 0x00007ffc124f4000 	C:\WINDOWS\SYSTEM32\DDRAW.dll
0x00007ffc26370000 - 0x00007ffc26379000 	C:\WINDOWS\SYSTEM32\DCIMAN32.dll
0x000000000ada0000 - 0x000000000ae04000 	C:\Users\FATHUR~1\AppData\Local\Temp\libgdxFathurrohman E\4c88a7c1\OpenAL64.dll
0x00007ffc2efc0000 - 0x00007ffc2efca000 	C:\WINDOWS\SYSTEM32\kernel.appcore.dll
0x00007ffc303c0000 - 0x00007ffc303ca000 	C:\WINDOWS\SYSTEM32\CRYPTBASE.dll
0x00007ffc30360000 - 0x00007ffc303be000 	C:\WINDOWS\SYSTEM32\bcryptPrimitives.dll
0x00007ffc2ee80000 - 0x00007ffc2efa2000 	C:\WINDOWS\system32\uxtheme.dll
0x00007ffc31310000 - 0x00007ffc313b4000 	C:\WINDOWS\SYSTEM32\clbcatq.dll
0x00007ffc1f600000 - 0x00007ffc1f687000 	C:\WINDOWS\SYSTEM32\dsound.dll
0x00007ffc303f0000 - 0x00007ffc30435000 	C:\WINDOWS\SYSTEM32\POWRPROF.dll
0x00007ffc2c4e0000 - 0x00007ffc2c541000 	C:\WINDOWS\System32\MMDevApi.dll
0x00007ffc21f90000 - 0x00007ffc22006000 	C:\WINDOWS\SYSTEM32\AUDIOSES.DLL
0x00007ffc32b10000 - 0x00007ffc32bc7000 	C:\WINDOWS\system32\OLEAUT32.dll
0x00007ffc2e5e0000 - 0x00007ffc2e601000 	C:\WINDOWS\system32\dwmapi.dll
0x00007ffc25360000 - 0x00007ffc25378000 	C:\WINDOWS\SYSTEM32\atig6pxx.dll
0x00000000695e0000 - 0x000000006af81000 	C:\WINDOWS\SYSTEM32\atio6axx.dll
0x00007ffc32bd0000 - 0x00007ffc32da6000 	C:\WINDOWS\system32\SETUPAPI.dll
0x00007ffc2c2e0000 - 0x00007ffc2c408000 	C:\WINDOWS\SYSTEM32\atiadlxx.dll
0x00007ffc2c140000 - 0x00007ffc2c2a4000 	C:\WINDOWS\SYSTEM32\PROPSYS.dll
0x00007ffc2eda0000 - 0x00007ffc2edb1000 	C:\WINDOWS\SYSTEM32\WTSAPI32.dll
0x00007ffc2c110000 - 0x00007ffc2c139000 	C:\WINDOWS\SYSTEM32\IPHLPAPI.DLL
0x00007ffc2c790000 - 0x00007ffc2c79a000 	C:\WINDOWS\SYSTEM32\WINNSI.DLL
0x00007ffc307d0000 - 0x00007ffc3081e000 	C:\WINDOWS\system32\WINTRUST.dll
0x00007ffc30820000 - 0x00007ffc309f7000 	C:\WINDOWS\system32\CRYPT32.dll
0x00007ffc305a0000 - 0x00007ffc305b2000 	C:\WINDOWS\system32\MSASN1.dll
0x00007ffc2ddc0000 - 0x00007ffc2df04000 	C:\WINDOWS\SYSTEM32\aticfx64.dll
0x00007ffc24f20000 - 0x00007ffc24f3e000 	C:\WINDOWS\SYSTEM32\atig6txx.dll
0x00007ffc20a40000 - 0x00007ffc20acd000 	C:\WINDOWS\SYSTEM32\mscms.dll
0x00007ffc20030000 - 0x00007ffc20071000 	C:\WINDOWS\SYSTEM32\icm32.dll
0x00007ffc20850000 - 0x00007ffc209d8000 	C:\WINDOWS\SYSTEM32\dbghelp.dll

VM Arguments:
jvm_args: -Dfile.encoding=Cp1252 
java_command: com.infinithinks.pentastic.Main
Launcher Type: SUN_STANDARD

Environment Variables:
PATH=C:\WINDOWS\system32;C:\WINDOWS;C:\WINDOWS\System32\Wbem;C:\WINDOWS\System32\WindowsPowerShell\v1.0\;C:\Program Files (x86)\ATI Technologies\ATI.ACE\Core-Static;C:\Program Files (x86)\SoftKinetic\DepthSenseSDK\bin;e:\Program Files\MATLAB\R2010a\runtime\win64;e:\Program Files\MATLAB\R2010a\bin;C:\Program Files (x86)\Windows Kits\8.0\Windows Performance Toolkit\;C:\Program Files\Microsoft SQL Server\110\Tools\Binn\
USERNAME=Fathurrohman E
OS=Windows_NT
PROCESSOR_IDENTIFIER=Intel64 Family 6 Model 42 Stepping 7, GenuineIntel



---------------  S Y S T E M  ---------------

OS: Windows 8 , 64 bit Build 9200 

CPU:total 4 (2 cores per cpu, 2 threads per core) family 6 model 42 stepping 7, cmov, cx8, fxsr, mmx, sse, sse2, sse3, ssse3, sse4.1, sse4.2, popcnt, avx, ht, tsc, tscinvbit

Memory: 4k page, physical 6268032k(2791064k free), swap 12559488k(8268556k free)

vm_info: Java HotSpot(TM) 64-Bit Server VM (24.0-b56) for windows-amd64 JRE (1.7.0_40-b43), built on Aug 26 2013 22:38:32 by "java_re" with unknown MS VC++:1600

time: Fri Jan 31 17:19:23 2014
elapsed time: 31 seconds

