#
# A fatal error has been detected by the Java Runtime Environment:
#
#  EXCEPTION_ACCESS_VIOLATION (0xc0000005) at pc=0x00000000655a1b9f, pid=1632, tid=4712
#
# JRE version: Java(TM) SE Runtime Environment (7.0_40-b43) (build 1.7.0_40-b43)
# Java VM: Java HotSpot(TM) 64-Bit Server VM (24.0-b56 mixed mode windows-amd64 compressed oops)
# Problematic frame:
# C  [gdx64.dll+0x21b9f]
#
# Failed to write core dump. Minidumps are not enabled by default on client versions of Windows
#
# If you would like to submit a bug report, please visit:
#   http://bugreport.sun.com/bugreport/crash.jsp
# The crash happened outside the Java Virtual Machine in native code.
# See problematic frame for where to report the bug.
#

---------------  T H R E A D  ---------------

Current thread (0x000000000b0c7800):  JavaThread "LWJGL Application" [_thread_in_native, id=4712, stack(0x000000000bde0000,0x000000000bee0000)]

siginfo: ExceptionCode=0xc0000005, reading address 0x000000000bf3f4c8

Registers:
RAX=0x000000000bf3ae50, RBX=0x000000000bf0e0b0, RCX=0x000000000bf3f4c0, RDX=0x000000000bf3ad90
RSP=0x000000000bedef00, RBP=0x000000000bedf070, RSI=0x0000000000000002, RDI=0x0000000000000001
R8 =0x000000000bf0e0b0, R9 =0x00000000000000db, R10=0x0000000002523064, R11=0x000000006bc3f7d0
R12=0x0000000000000000, R13=0x000000009b7a1a50, R14=0x000000000bedf0a0, R15=0x000000000b0c7800
RIP=0x00000000655a1b9f, EFLAGS=0x0000000000010206

Top of Stack: (sp=0x000000000bedef00)
0x000000000bedef00:   00001e63b2bec978 000000006badf72f
0x000000000bedef10:   000000009b7a1990 000000006bb6c49f
0x000000000bedef20:   000000000bf3ad90 0000000002459140
0x000000000bedef30:   000000000b0c7800 000000006bafabb0
0x000000000bedef40:   0000000000000000 0000000002459140
0x000000000bedef50:   0000000000000003 000000000000000e
0x000000000bedef60:   000000000bed0000 000000000252e103
0x000000000bedef70:   00000000655d3070 00000000655d3928
0x000000000bedef80:   000000000bedefb0 00000000655a1c31
0x000000000bedef90:   000000000bedef00 000000006bafadce
0x000000000bedefa0:   0000000009631e00 000000009b7d4a24
0x000000000bedefb0:   000000000bedf070 00000000655aae75
0x000000000bedefc0:   000000000bf0e0b0 000000006bafe25e
0x000000000bedefd0:   000000000bedf548 000000000bedf069
0x000000000bedefe0:   000000009b7a1a50 0000000002523090
0x000000000bedeff0:   00000000000000b6 000000000b0c7800 

Instructions: (pc=0x00000000655a1b9f)
0x00000000655a1b7f:   90 48 83 7c 24 20 00 74 4b 48 8b 44 24 20 48 8b
0x00000000655a1b8f:   48 70 48 8b 50 68 48 85 c9 48 89 54 24 20 74 e1
0x00000000655a1b9f:   48 8b 41 08 48 8b 94 24 c0 00 00 00 c7 41 30 00
0x00000000655a1baf:   00 00 00 c7 44 24 48 01 00 00 00 48 89 44 24 28 


Register to memory mapping:

RAX=0x000000000bf3ae50 is an unknown value
RBX=0x000000000bf0e0b0 is an unknown value
RCX=0x000000000bf3f4c0 is an unknown value
RDX=0x000000000bf3ad90 is an unknown value
RSP=0x000000000bedef00 is pointing into the stack for thread: 0x000000000b0c7800
RBP=0x000000000bedf070 is pointing into the stack for thread: 0x000000000b0c7800
RSI=0x0000000000000002 is an unknown value
RDI=0x0000000000000001 is an unknown value
R8 =0x000000000bf0e0b0 is an unknown value
R9 =0x00000000000000db is an unknown value
R10=0x0000000002523064 is at code_begin+644 in an Interpreter codelet
method entry point (kind = native)  [0x0000000002522de0, 0x0000000002523680]  2208 bytes
R11=0x000000006bc3f7d0 is an unknown value
R12=0x0000000000000000 is an unknown value
R13=0x000000009b7a1a50 is an oop
{method} 
 - klass: {other class}
R14=0x000000000bedf0a0 is pointing into the stack for thread: 0x000000000b0c7800
R15=0x000000000b0c7800 is a thread


Stack: [0x000000000bde0000,0x000000000bee0000],  sp=0x000000000bedef00,  free space=1019k
Native frames: (J=compiled Java code, j=interpreted, Vv=VM code, C=native code)
C  [gdx64.dll+0x21b9f]
j  com.badlogic.gdx.physics.box2d.World.dispose()V+5
j  com.infinithinks.pentastic.entities.Track.dispose()V+4
j  com.infinithinks.pentastic.level.Level_1.dispose()V+18
j  com.infinithinks.pentastic.level.Level_1.hide()V+1
j  com.badlogic.gdx.Game.dispose()V+11
j  com.infinithinks.pentastic.PENtasticMain.dispose()V+1
j  com.badlogic.gdx.backends.lwjgl.LwjglApplication.mainLoop()V+780
j  com.badlogic.gdx.backends.lwjgl.LwjglApplication$1.run()V+27
v  ~StubRoutines::call_stub
V  [jvm.dll+0x1cb013]

Java frames: (J=compiled Java code, j=interpreted, Vv=VM code)
j  com.badlogic.gdx.physics.box2d.World.jniDispose(J)V+0
j  com.badlogic.gdx.physics.box2d.World.dispose()V+5
j  com.infinithinks.pentastic.entities.Track.dispose()V+4
j  com.infinithinks.pentastic.level.Level_1.dispose()V+18
j  com.infinithinks.pentastic.level.Level_1.hide()V+1
j  com.badlogic.gdx.Game.dispose()V+11
j  com.infinithinks.pentastic.PENtasticMain.dispose()V+1
j  com.badlogic.gdx.backends.lwjgl.LwjglApplication.mainLoop()V+780
j  com.badlogic.gdx.backends.lwjgl.LwjglApplication$1.run()V+27
v  ~StubRoutines::call_stub

---------------  P R O C E S S  ---------------

Java Threads: ( => current thread )
  0x000000000b1ac000 JavaThread "LWJGL Timer" daemon [_thread_blocked, id=6228, stack(0x000000000fa50000,0x000000000fb50000)]
  0x0000000002410800 JavaThread "DestroyJavaVM" [_thread_blocked, id=1308, stack(0x0000000002290000,0x0000000002390000)]
=>0x000000000b0c7800 JavaThread "LWJGL Application" [_thread_in_native, id=4712, stack(0x000000000bde0000,0x000000000bee0000)]
  0x0000000009640000 JavaThread "Service Thread" daemon [_thread_blocked, id=6908, stack(0x000000000ada0000,0x000000000aea0000)]
  0x000000000962e800 JavaThread "C2 CompilerThread1" daemon [_thread_blocked, id=6420, stack(0x000000000aca0000,0x000000000ada0000)]
  0x0000000009623000 JavaThread "C2 CompilerThread0" daemon [_thread_blocked, id=7060, stack(0x000000000aba0000,0x000000000aca0000)]
  0x0000000009621800 JavaThread "Attach Listener" daemon [_thread_blocked, id=5400, stack(0x000000000aaa0000,0x000000000aba0000)]
  0x000000000961e800 JavaThread "Signal Dispatcher" daemon [_thread_blocked, id=1076, stack(0x000000000a9a0000,0x000000000aaa0000)]
  0x00000000095eb000 JavaThread "Finalizer" daemon [_thread_blocked, id=6868, stack(0x000000000a8a0000,0x000000000a9a0000)]
  0x00000000095e1800 JavaThread "Reference Handler" daemon [_thread_blocked, id=6508, stack(0x000000000a7a0000,0x000000000a8a0000)]

Other Threads:
  0x00000000095df000 VMThread [stack: 0x000000000a6a0000,0x000000000a7a0000] [id=5788]
  0x0000000009649000 WatcherThread [stack: 0x000000000aea0000,0x000000000afa0000] [id=2480]

VM state:not at safepoint (normal execution)

VM Mutex/Monitor currently owned by a thread: None

Heap
 PSYoungGen      total 28672K, used 19447K [0x00000000e0100000, 0x00000000e2100000, 0x0000000100000000)
  eden space 24576K, 63% used [0x00000000e0100000,0x00000000e1031b18,0x00000000e1900000)
  from space 4096K, 94% used [0x00000000e1900000,0x00000000e1ccc490,0x00000000e1d00000)
  to   space 4096K, 0% used [0x00000000e1d00000,0x00000000e1d00000,0x00000000e2100000)
 ParOldGen       total 175616K, used 163180K [0x00000000a0400000, 0x00000000aaf80000, 0x00000000e0100000)
  object space 175616K, 92% used [0x00000000a0400000,0x00000000aa35b260,0x00000000aaf80000)
 PSPermGen       total 21504K, used 6867K [0x000000009b200000, 0x000000009c700000, 0x00000000a0400000)
  object space 21504K, 31% used [0x000000009b200000,0x000000009b8b4e00,0x000000009c700000)

Card table byte_map: [0x00000000055d0000,0x0000000005900000] byte_map_base: 0x00000000050f7000

Polling page: 0x0000000002240000

Code Cache  [0x0000000002510000, 0x0000000002780000, 0x0000000005510000)
 total_blobs=558 nmethods=151 adapters=360 free_code_cache=48159Kb largest_free_block=49295552

Compilation events (10 events):
Event: 9.919 Thread 0x0000000009623000 nmethod 144 0x00000000025d7c90 code [0x00000000025d7e00, 0x00000000025d7ed8]
Event: 9.919 Thread 0x0000000009623000  146             java.lang.Math::floor (5 bytes)
Event: 9.920 Thread 0x000000000962e800 nmethod 145 0x00000000025d8450 code [0x00000000025d85c0, 0x00000000025d86d8]
Event: 9.922 Thread 0x0000000009623000 nmethod 146 0x00000000025d7510 code [0x00000000025d7680, 0x00000000025d7758]
Event: 10.212 Thread 0x000000000962e800  148             com.badlogic.gdx.math.Vector3::set (17 bytes)
Event: 10.212 Thread 0x000000000962e800 nmethod 148 0x00000000025d7a50 code [0x00000000025d7b80, 0x00000000025d7bd8]
Event: 10.229 Thread 0x0000000009623000  149             java.lang.String::getChars (62 bytes)
Event: 10.231 Thread 0x0000000009623000 nmethod 149 0x00000000025f0390 code [0x00000000025f04e0, 0x00000000025f05f8]
Event: 10.529 Thread 0x000000000962e800  150             com.badlogic.gdx.graphics.glutils.ShaderProgram::checkManaged (25 bytes)
Event: 10.530 Thread 0x000000000962e800 nmethod 150 0x00000000025d3210 code [0x00000000025d3360, 0x00000000025d33e8]

GC Heap History (2 events):
Event: 3.103 GC heap before
{Heap before GC invocations=1 (full 0):
 PSYoungGen      total 28672K, used 22779K [0x00000000e0100000, 0x00000000e2100000, 0x0000000100000000)
  eden space 24576K, 92% used [0x00000000e0100000,0x00000000e173ec10,0x00000000e1900000)
  from space 4096K, 0% used [0x00000000e1d00000,0x00000000e1d00000,0x00000000e2100000)
  to   space 4096K, 0% used [0x00000000e1900000,0x00000000e1900000,0x00000000e1d00000)
 ParOldGen       total 65024K, used 0K [0x00000000a0400000, 0x00000000a4380000, 0x00000000e0100000)
  object space 65024K, 0% used [0x00000000a0400000,0x00000000a0400000,0x00000000a4380000)
 PSPermGen       total 21504K, used 6804K [0x000000009b200000, 0x000000009c700000, 0x00000000a0400000)
  object space 21504K, 31% used [0x000000009b200000,0x000000009b8a52d8,0x000000009c700000)
Event: 3.109 GC heap after
Heap after GC invocations=1 (full 0):
 PSYoungGen      total 28672K, used 3889K [0x00000000e0100000, 0x00000000e2100000, 0x0000000100000000)
  eden space 24576K, 0% used [0x00000000e0100000,0x00000000e0100000,0x00000000e1900000)
  from space 4096K, 94% used [0x00000000e1900000,0x00000000e1ccc490,0x00000000e1d00000)
  to   space 4096K, 0% used [0x00000000e1d00000,0x00000000e1d00000,0x00000000e2100000)
 ParOldGen       total 65024K, used 4136K [0x00000000a0400000, 0x00000000a4380000, 0x00000000e0100000)
  object space 65024K, 6% used [0x00000000a0400000,0x00000000a080a020,0x00000000a4380000)
 PSPermGen       total 21504K, used 6804K [0x000000009b200000, 0x000000009c700000, 0x00000000a0400000)
  object space 21504K, 31% used [0x000000009b200000,0x000000009b8a52d8,0x000000009c700000)
}

Deoptimization events (3 events):
Event: 6.516 Thread 0x000000000b0c7800 Uncommon trap: reason=class_check action=maybe_recompile pc=0x00000000025d9f08 method=java.io.BufferedInputStream.read([BII)I @ 101
Event: 6.669 Thread 0x000000000b0c7800 Uncommon trap: reason=class_check action=maybe_recompile pc=0x00000000025d9f08 method=java.io.BufferedInputStream.read([BII)I @ 101
Event: 6.727 Thread 0x000000000b0c7800 Uncommon trap: reason=class_check action=maybe_recompile pc=0x00000000025d9f08 method=java.io.BufferedInputStream.read([BII)I @ 101

Internal exceptions (10 events):
Event: 2.267 Thread 0x000000000b0c7800 Threw 0x00000000e0f252a0 at C:\jdk7u2_64p\jdk7u40\hotspot\src\share\vm\prims\jvm.cpp:1244
Event: 2.267 Thread 0x000000000b0c7800 Threw 0x00000000e0f289b8 at C:\jdk7u2_64p\jdk7u40\hotspot\src\share\vm\prims\jvm.cpp:1244
Event: 6.935 Thread 0x000000000b0c7800 Threw 0x00000000e0ce0918 at C:\jdk7u2_64p\jdk7u40\hotspot\src\share\vm\prims\jvm.cpp:1244
Event: 6.936 Thread 0x000000000b0c7800 Threw 0x00000000e0ce4c40 at C:\jdk7u2_64p\jdk7u40\hotspot\src\share\vm\prims\jvm.cpp:1244
Event: 6.936 Thread 0x000000000b0c7800 Threw 0x00000000e0ce8c90 at C:\jdk7u2_64p\jdk7u40\hotspot\src\share\vm\prims\jvm.cpp:1244
Event: 6.937 Thread 0x000000000b0c7800 Threw 0x00000000e0f87ab8 at C:\jdk7u2_64p\jdk7u40\hotspot\src\share\vm\prims\jvm.cpp:1244
Event: 6.938 Thread 0x000000000b0c7800 Threw 0x00000000e0f8b640 at C:\jdk7u2_64p\jdk7u40\hotspot\src\share\vm\prims\jvm.cpp:1244
Event: 6.938 Thread 0x000000000b0c7800 Threw 0x00000000e0f8fa18 at C:\jdk7u2_64p\jdk7u40\hotspot\src\share\vm\prims\jvm.cpp:1244
Event: 6.979 Thread 0x000000000b0c7800 Threw 0x00000000e0f97448 at C:\jdk7u2_64p\jdk7u40\hotspot\src\share\vm\prims\jvm.cpp:1244
Event: 11.159 Thread 0x000000000b0c7800 Threw 0x00000000e0fd8db8 at C:\jdk7u2_64p\jdk7u40\hotspot\src\share\vm\prims\jvm.cpp:1244

Events (10 events):
Event: 6.937 loading class 0x0000000009649810
Event: 6.937 loading class 0x0000000009649810 done
Event: 6.938 loading class 0x000000000b1c7ef0
Event: 6.938 loading class 0x000000000b1c7ef0 done
Event: 6.947 loading class 0x00000000024556a0
Event: 6.947 loading class 0x00000000024556a0 done
Event: 6.979 loading class 0x000000000b003c60
Event: 6.979 loading class 0x000000000b003c60 done
Event: 11.159 loading class 0x00000000096992c0
Event: 11.159 loading class 0x00000000096992c0 done


Dynamic libraries:
0x00007ff721ab0000 - 0x00007ff721ae3000 	C:\Program Files\Java\jre7\bin\javaw.exe
0x00007ffc33170000 - 0x00007ffc33319000 	C:\WINDOWS\SYSTEM32\ntdll.dll
0x00007ffc31500000 - 0x00007ffc31639000 	C:\WINDOWS\system32\KERNEL32.DLL
0x00007ffc305c0000 - 0x00007ffc306ce000 	C:\WINDOWS\system32\KERNELBASE.dll
0x00007ffc2edc0000 - 0x00007ffc2ee4b000 	C:\WINDOWS\system32\apphelp.dll
0x00007ffc15bc0000 - 0x00007ffc15c0f000 	C:\WINDOWS\AppPatch\AppPatch64\AcGenral.DLL
0x00007ffc330c0000 - 0x00007ffc33167000 	C:\WINDOWS\system32\msvcrt.dll
0x00007ffc30330000 - 0x00007ffc3035b000 	C:\WINDOWS\SYSTEM32\SspiCli.dll
0x00007ffc32a50000 - 0x00007ffc32aa1000 	C:\WINDOWS\system32\SHLWAPI.dll
0x00007ffc31190000 - 0x00007ffc31301000 	C:\WINDOWS\system32\USER32.dll
0x00007ffc30e30000 - 0x00007ffc30fa6000 	C:\WINDOWS\system32\ole32.dll
0x00007ffc31640000 - 0x00007ffc32a4f000 	C:\WINDOWS\system32\SHELL32.dll
0x00007ffc2f800000 - 0x00007ffc2f81f000 	C:\WINDOWS\SYSTEM32\USERENV.dll
0x00007ffc32dc0000 - 0x00007ffc32e65000 	C:\WINDOWS\system32\ADVAPI32.dll
0x00007ffc26070000 - 0x00007ffc2608b000 	C:\WINDOWS\SYSTEM32\MPR.dll
0x00007ffc30a40000 - 0x00007ffc30b76000 	C:\WINDOWS\system32\RPCRT4.dll
0x00007ffc32e70000 - 0x00007ffc32ec7000 	C:\WINDOWS\SYSTEM32\sechost.dll
0x00007ffc30fb0000 - 0x00007ffc31187000 	C:\WINDOWS\SYSTEM32\combase.dll
0x00007ffc32ed0000 - 0x00007ffc33015000 	C:\WINDOWS\system32\GDI32.dll
0x00007ffc304f0000 - 0x00007ffc30504000 	C:\WINDOWS\SYSTEM32\profapi.dll
0x00007ffc2e820000 - 0x00007ffc2e8c1000 	C:\WINDOWS\SYSTEM32\SHCORE.dll
0x00007ffc30df0000 - 0x00007ffc30e24000 	C:\WINDOWS\system32\IMM32.DLL
0x00007ffc313c0000 - 0x00007ffc314f8000 	C:\WINDOWS\system32\MSCTF.dll
0x00007ffc2fe50000 - 0x00007ffc300aa000 	C:\WINDOWS\WinSxS\amd64_microsoft.windows.common-controls_6595b64144ccf1df_6.0.9600.16384_none_62475f7becb72503\COMCTL32.dll
0x000000006c230000 - 0x000000006c301000 	C:\Program Files\Java\jre7\bin\msvcr100.dll
0x000000006ba60000 - 0x000000006c229000 	C:\Program Files\Java\jre7\bin\server\jvm.dll
0x00007ffc14de0000 - 0x00007ffc14de9000 	C:\WINDOWS\SYSTEM32\WSOCK32.dll
0x00007ffc258d0000 - 0x00007ffc258ef000 	C:\WINDOWS\SYSTEM32\WINMM.dll
0x00007ffc30be0000 - 0x00007ffc30be7000 	C:\WINDOWS\system32\PSAPI.DLL
0x00007ffc32ab0000 - 0x00007ffc32b08000 	C:\WINDOWS\system32\WS2_32.dll
0x00007ffc25890000 - 0x00007ffc258ba000 	C:\WINDOWS\SYSTEM32\WINMMBASE.dll
0x00007ffc32db0000 - 0x00007ffc32db9000 	C:\WINDOWS\system32\NSI.dll
0x00007ffc306d0000 - 0x00007ffc3071a000 	C:\WINDOWS\SYSTEM32\cfgmgr32.dll
0x00007ffc2f020000 - 0x00007ffc2f046000 	C:\WINDOWS\SYSTEM32\DEVOBJ.dll
0x000000006c8e0000 - 0x000000006c8ef000 	C:\Program Files\Java\jre7\bin\verify.dll
0x000000006c4d0000 - 0x000000006c4f8000 	C:\Program Files\Java\jre7\bin\java.dll
0x000000006c4b0000 - 0x000000006c4c5000 	C:\Program Files\Java\jre7\bin\zip.dll
0x0000000065580000 - 0x0000000065610000 	C:\Users\Fathurrohman E\AppData\Local\Temp\libgdxFathurrohman E\5498721d\gdx64.dll
0x0000000180000000 - 0x0000000180050000 	C:\Users\Fathurrohman E\AppData\Local\Temp\libgdxFathurrohman E\4c88a7c1\lwjgl64.dll
0x00007ffc12980000 - 0x00007ffc12aa1000 	C:\WINDOWS\SYSTEM32\OPENGL32.dll
0x00007ffc2e070000 - 0x00007ffc2e07a000 	C:\WINDOWS\SYSTEM32\VERSION.dll
0x00007ffc2c7a0000 - 0x00007ffc2c7cc000 	C:\WINDOWS\SYSTEM32\GLU32.dll
0x00007ffc1f810000 - 0x00007ffc1f904000 	C:\WINDOWS\SYSTEM32\DDRAW.dll
0x00007ffc2a6e0000 - 0x00007ffc2a6e9000 	C:\WINDOWS\SYSTEM32\DCIMAN32.dll
0x000000000b420000 - 0x000000000b484000 	C:\Users\FATHUR~1\AppData\Local\Temp\libgdxFathurrohman E\4c88a7c1\OpenAL64.dll
0x00007ffc2efc0000 - 0x00007ffc2efca000 	C:\WINDOWS\SYSTEM32\kernel.appcore.dll
0x00007ffc303c0000 - 0x00007ffc303ca000 	C:\WINDOWS\SYSTEM32\CRYPTBASE.dll
0x00007ffc30360000 - 0x00007ffc303be000 	C:\WINDOWS\SYSTEM32\bcryptPrimitives.dll
0x00007ffc2ee80000 - 0x00007ffc2efa2000 	C:\WINDOWS\system32\uxtheme.dll
0x00007ffc31310000 - 0x00007ffc313b4000 	C:\WINDOWS\SYSTEM32\clbcatq.dll
0x00007ffc1f600000 - 0x00007ffc1f687000 	C:\WINDOWS\SYSTEM32\dsound.dll
0x00007ffc303f0000 - 0x00007ffc30435000 	C:\WINDOWS\SYSTEM32\POWRPROF.dll
0x00007ffc2c4e0000 - 0x00007ffc2c541000 	C:\WINDOWS\System32\MMDevApi.dll
0x00007ffc21f90000 - 0x00007ffc22006000 	C:\WINDOWS\SYSTEM32\AUDIOSES.DLL
0x00007ffc32b10000 - 0x00007ffc32bc7000 	C:\WINDOWS\system32\OLEAUT32.dll
0x00007ffc2e5e0000 - 0x00007ffc2e601000 	C:\WINDOWS\system32\dwmapi.dll
0x00007ffc29ea0000 - 0x00007ffc29eb8000 	C:\WINDOWS\SYSTEM32\atig6pxx.dll
0x00000000695e0000 - 0x000000006af81000 	C:\WINDOWS\SYSTEM32\atio6axx.dll
0x00007ffc32bd0000 - 0x00007ffc32da6000 	C:\WINDOWS\system32\SETUPAPI.dll
0x00007ffc2c2e0000 - 0x00007ffc2c408000 	C:\WINDOWS\SYSTEM32\atiadlxx.dll
0x00007ffc2c140000 - 0x00007ffc2c2a4000 	C:\WINDOWS\SYSTEM32\PROPSYS.dll
0x00007ffc2eda0000 - 0x00007ffc2edb1000 	C:\WINDOWS\SYSTEM32\WTSAPI32.dll
0x00007ffc2c110000 - 0x00007ffc2c139000 	C:\WINDOWS\SYSTEM32\IPHLPAPI.DLL
0x00007ffc2c790000 - 0x00007ffc2c79a000 	C:\WINDOWS\SYSTEM32\WINNSI.DLL
0x00007ffc307d0000 - 0x00007ffc3081e000 	C:\WINDOWS\system32\WINTRUST.dll
0x00007ffc30820000 - 0x00007ffc309f7000 	C:\WINDOWS\system32\CRYPT32.dll
0x00007ffc305a0000 - 0x00007ffc305b2000 	C:\WINDOWS\system32\MSASN1.dll
0x00007ffc2ddc0000 - 0x00007ffc2df04000 	C:\WINDOWS\SYSTEM32\aticfx64.dll
0x00007ffc28a10000 - 0x00007ffc28a2e000 	C:\WINDOWS\SYSTEM32\atig6txx.dll
0x00007ffc20a40000 - 0x00007ffc20acd000 	C:\WINDOWS\SYSTEM32\mscms.dll
0x00007ffc25100000 - 0x00007ffc25141000 	C:\WINDOWS\SYSTEM32\icm32.dll
0x00007ffc20850000 - 0x00007ffc209d8000 	C:\WINDOWS\SYSTEM32\dbghelp.dll

VM Arguments:
jvm_args: -Dfile.encoding=Cp1252 
java_command: com.infinithinks.pentastic.Main
Launcher Type: SUN_STANDARD

Environment Variables:
PATH=C:\WINDOWS\system32;C:\WINDOWS;C:\WINDOWS\System32\Wbem;C:\WINDOWS\System32\WindowsPowerShell\v1.0\;C:\Program Files (x86)\ATI Technologies\ATI.ACE\Core-Static;C:\Program Files (x86)\SoftKinetic\DepthSenseSDK\bin;e:\Program Files\MATLAB\R2010a\runtime\win64;e:\Program Files\MATLAB\R2010a\bin;C:\Program Files (x86)\Windows Kits\8.0\Windows Performance Toolkit\;C:\Program Files\Microsoft SQL Server\110\Tools\Binn\
USERNAME=Fathurrohman E
OS=Windows_NT
PROCESSOR_IDENTIFIER=Intel64 Family 6 Model 42 Stepping 7, GenuineIntel



---------------  S Y S T E M  ---------------

OS: Windows 8 , 64 bit Build 9200 

CPU:total 4 (2 cores per cpu, 2 threads per core) family 6 model 42 stepping 7, cmov, cx8, fxsr, mmx, sse, sse2, sse3, ssse3, sse4.1, sse4.2, popcnt, avx, ht, tsc, tscinvbit

Memory: 4k page, physical 6268032k(3234316k free), swap 12559488k(8822996k free)

vm_info: Java HotSpot(TM) 64-Bit Server VM (24.0-b56) for windows-amd64 JRE (1.7.0_40-b43), built on Aug 26 2013 22:38:32 by "java_re" with unknown MS VC++:1600

time: Fri Jan 31 15:56:42 2014
elapsed time: 11 seconds

