#
# A fatal error has been detected by the Java Runtime Environment:
#
#  EXCEPTION_ACCESS_VIOLATION (0xc0000005) at pc=0x00000000655a1b9f, pid=3452, tid=7120
#
# JRE version: Java(TM) SE Runtime Environment (7.0_40-b43) (build 1.7.0_40-b43)
# Java VM: Java HotSpot(TM) 64-Bit Server VM (24.0-b56 mixed mode windows-amd64 compressed oops)
# Problematic frame:
# C  [gdx64.dll+0x21b9f]
#
# Failed to write core dump. Minidumps are not enabled by default on client versions of Windows
#
# If you would like to submit a bug report, please visit:
#   http://bugreport.sun.com/bugreport/crash.jsp
# The crash happened outside the Java Virtual Machine in native code.
# See problematic frame for where to report the bug.
#

---------------  T H R E A D  ---------------

Current thread (0x000000000b317000):  JavaThread "LWJGL Application" [_thread_in_native, id=7120, stack(0x000000000bf20000,0x000000000c020000)]

siginfo: ExceptionCode=0xc0000005, reading address 0x000000000c07f4c8

Registers:
RAX=0x000000000c07ae50, RBX=0x000000000c04e0b0, RCX=0x000000000c07f4c0, RDX=0x000000000c07ad90
RSP=0x000000000c01f290, RBP=0x000000000c01f400, RSI=0x0000000000000002, RDI=0x0000000000000001
R8 =0x000000000c04e0b0, R9 =0x00000000000000db, R10=0x0000000002753064, R11=0x000000006bc3f7d0
R12=0x0000000000000000, R13=0x000000009b7a1f58, R14=0x000000000c01f430, R15=0x000000000b317000
RIP=0x00000000655a1b9f, EFLAGS=0x0000000000010206

Top of Stack: (sp=0x000000000c01f290)
0x000000000c01f290:   00001e6191a1e23b 000000006badf72f
0x000000000c01f2a0:   000000009b7a1e98 000000006bb6c49f
0x000000000c01f2b0:   000000000c07ad90 000000000268b150
0x000000000c01f2c0:   000000000b317000 000000006bafabb0
0x000000000c01f2d0:   0000000000000000 000000000268b150
0x000000000c01f2e0:   0000000000000003 000000000000000e
0x000000000c01f2f0:   000000000c010000 000000000275e103
0x000000000c01f300:   00000000655d3070 00000000655d3928
0x000000000c01f310:   000000000c01f340 00000000655a1c31
0x000000000c01f320:   000000000c01f290 000000006bafadce
0x000000000c01f330:   0000000009898500 000000009b7d4f2c
0x000000000c01f340:   000000000c01f400 00000000655aae75
0x000000000c01f350:   000000000c04e0b0 000000006bafe25e
0x000000000c01f360:   000000000c01f8d8 000000000c01f3f9
0x000000000c01f370:   000000009b7a1f58 0000000002753090
0x000000000c01f380:   00000000000000b6 000000000b317000 

Instructions: (pc=0x00000000655a1b9f)
0x00000000655a1b7f:   90 48 83 7c 24 20 00 74 4b 48 8b 44 24 20 48 8b
0x00000000655a1b8f:   48 70 48 8b 50 68 48 85 c9 48 89 54 24 20 74 e1
0x00000000655a1b9f:   48 8b 41 08 48 8b 94 24 c0 00 00 00 c7 41 30 00
0x00000000655a1baf:   00 00 00 c7 44 24 48 01 00 00 00 48 89 44 24 28 


Register to memory mapping:

RAX=0x000000000c07ae50 is an unknown value
RBX=0x000000000c04e0b0 is an unknown value
RCX=0x000000000c07f4c0 is an unknown value
RDX=0x000000000c07ad90 is an unknown value
RSP=0x000000000c01f290 is pointing into the stack for thread: 0x000000000b317000
RBP=0x000000000c01f400 is pointing into the stack for thread: 0x000000000b317000
RSI=0x0000000000000002 is an unknown value
RDI=0x0000000000000001 is an unknown value
R8 =0x000000000c04e0b0 is an unknown value
R9 =0x00000000000000db is an unknown value
R10=0x0000000002753064 is at code_begin+644 in an Interpreter codelet
method entry point (kind = native)  [0x0000000002752de0, 0x0000000002753680]  2208 bytes
R11=0x000000006bc3f7d0 is an unknown value
R12=0x0000000000000000 is an unknown value
R13=0x000000009b7a1f58 is an oop
{method} 
 - klass: {other class}
R14=0x000000000c01f430 is pointing into the stack for thread: 0x000000000b317000
R15=0x000000000b317000 is a thread


Stack: [0x000000000bf20000,0x000000000c020000],  sp=0x000000000c01f290,  free space=1020k
Native frames: (J=compiled Java code, j=interpreted, Vv=VM code, C=native code)
C  [gdx64.dll+0x21b9f]
j  com.badlogic.gdx.physics.box2d.World.dispose()V+5
j  com.infinithinks.pentastic.entities.Track.dispose()V+4
j  com.infinithinks.pentastic.level.Level_1.dispose()V+18
j  com.infinithinks.pentastic.level.Level_1.hide()V+1
j  com.badlogic.gdx.Game.dispose()V+11
j  com.infinithinks.pentastic.PENtasticMain.dispose()V+1
j  com.badlogic.gdx.backends.lwjgl.LwjglApplication.mainLoop()V+780
j  com.badlogic.gdx.backends.lwjgl.LwjglApplication$1.run()V+27
v  ~StubRoutines::call_stub
V  [jvm.dll+0x1cb013]

Java frames: (J=compiled Java code, j=interpreted, Vv=VM code)
j  com.badlogic.gdx.physics.box2d.World.jniDispose(J)V+0
j  com.badlogic.gdx.physics.box2d.World.dispose()V+5
j  com.infinithinks.pentastic.entities.Track.dispose()V+4
j  com.infinithinks.pentastic.level.Level_1.dispose()V+18
j  com.infinithinks.pentastic.level.Level_1.hide()V+1
j  com.badlogic.gdx.Game.dispose()V+11
j  com.infinithinks.pentastic.PENtasticMain.dispose()V+1
j  com.badlogic.gdx.backends.lwjgl.LwjglApplication.mainLoop()V+780
j  com.badlogic.gdx.backends.lwjgl.LwjglApplication$1.run()V+27
v  ~StubRoutines::call_stub

---------------  P R O C E S S  ---------------

Java Threads: ( => current thread )
  0x000000000ec20800 JavaThread "LWJGL Timer" daemon [_thread_blocked, id=7056, stack(0x000000000fc00000,0x000000000fd00000)]
  0x0000000002640800 JavaThread "DestroyJavaVM" [_thread_blocked, id=580, stack(0x0000000002540000,0x0000000002640000)]
=>0x000000000b317000 JavaThread "LWJGL Application" [_thread_in_native, id=7120, stack(0x000000000bf20000,0x000000000c020000)]
  0x0000000009894800 JavaThread "Service Thread" daemon [_thread_blocked, id=3492, stack(0x000000000aff0000,0x000000000b0f0000)]
  0x0000000009890800 JavaThread "C2 CompilerThread1" daemon [_thread_blocked, id=6296, stack(0x000000000aef0000,0x000000000aff0000)]
  0x0000000009887000 JavaThread "C2 CompilerThread0" daemon [_thread_blocked, id=4508, stack(0x000000000adf0000,0x000000000aef0000)]
  0x0000000009883000 JavaThread "Attach Listener" daemon [_thread_blocked, id=3344, stack(0x000000000acf0000,0x000000000adf0000)]
  0x000000000987f800 JavaThread "Signal Dispatcher" daemon [_thread_blocked, id=4992, stack(0x000000000abf0000,0x000000000acf0000)]
  0x000000000984c800 JavaThread "Finalizer" daemon [_thread_blocked, id=6876, stack(0x000000000aaf0000,0x000000000abf0000)]
  0x0000000009843800 JavaThread "Reference Handler" daemon [_thread_blocked, id=5404, stack(0x000000000a9f0000,0x000000000aaf0000)]

Other Threads:
  0x0000000009841000 VMThread [stack: 0x000000000a8f0000,0x000000000a9f0000] [id=6200]
  0x00000000098a1000 WatcherThread [stack: 0x000000000b0f0000,0x000000000b1f0000] [id=2824]

VM state:not at safepoint (normal execution)

VM Mutex/Monitor currently owned by a thread: None

Heap
 PSYoungGen      total 28672K, used 21329K [0x00000000e0100000, 0x00000000e2100000, 0x0000000100000000)
  eden space 24576K, 70% used [0x00000000e0100000,0x00000000e1208218,0x00000000e1900000)
  from space 4096K, 94% used [0x00000000e1900000,0x00000000e1ccc490,0x00000000e1d00000)
  to   space 4096K, 0% used [0x00000000e1d00000,0x00000000e1d00000,0x00000000e2100000)
 ParOldGen       total 175616K, used 163180K [0x00000000a0400000, 0x00000000aaf80000, 0x00000000e0100000)
  object space 175616K, 92% used [0x00000000a0400000,0x00000000aa35b260,0x00000000aaf80000)
 PSPermGen       total 21504K, used 6921K [0x000000009b200000, 0x000000009c700000, 0x00000000a0400000)
  object space 21504K, 32% used [0x000000009b200000,0x000000009b8c2440,0x000000009c700000)

Card table byte_map: [0x0000000005800000,0x0000000005b30000] byte_map_base: 0x0000000005327000

Polling page: 0x00000000024d0000

Code Cache  [0x0000000002740000, 0x00000000029b0000, 0x0000000005740000)
 total_blobs=626 nmethods=219 adapters=360 free_code_cache=48053Kb largest_free_block=49168320

Compilation events (10 events):
Event: 21.471 Thread 0x0000000009887000 nmethod 214 0x000000000284c010 code [0x000000000284c140, 0x000000000284c238]
Event: 21.480 Thread 0x0000000009890800 nmethod 215 0x000000000284f4d0 code [0x000000000284f620, 0x000000000284fb58]
Event: 21.633 Thread 0x0000000009887000  216   !         org.lwjgl.opengl.Display::isFullscreen (34 bytes)
Event: 21.635 Thread 0x0000000009887000 nmethod 216 0x000000000284f050 code [0x000000000284f1a0, 0x000000000284f418]
Event: 21.666 Thread 0x0000000009890800  217             com.badlogic.gdx.utils.Array::clear (33 bytes)
Event: 21.669 Thread 0x0000000009890800 nmethod 217 0x0000000002847510 code [0x0000000002847640, 0x00000000028476d8]
Event: 23.018 Thread 0x0000000009887000  218             java.nio.DirectIntBufferU::ix (10 bytes)
Event: 23.019 Thread 0x0000000009887000 nmethod 218 0x000000000284bd90 code [0x000000000284bec0, 0x000000000284bf18]
Event: 23.169 Thread 0x0000000009890800  219             com.badlogic.gdx.math.Vector3::crs (62 bytes)
Event: 23.172 Thread 0x0000000009890800 nmethod 219 0x000000000284edd0 code [0x000000000284ef00, 0x000000000284efb8]

GC Heap History (2 events):
Event: 4.391 GC heap before
{Heap before GC invocations=1 (full 0):
 PSYoungGen      total 28672K, used 22702K [0x00000000e0100000, 0x00000000e2100000, 0x0000000100000000)
  eden space 24576K, 92% used [0x00000000e0100000,0x00000000e172ba40,0x00000000e1900000)
  from space 4096K, 0% used [0x00000000e1d00000,0x00000000e1d00000,0x00000000e2100000)
  to   space 4096K, 0% used [0x00000000e1900000,0x00000000e1900000,0x00000000e1d00000)
 ParOldGen       total 65024K, used 0K [0x00000000a0400000, 0x00000000a4380000, 0x00000000e0100000)
  object space 65024K, 0% used [0x00000000a0400000,0x00000000a0400000,0x00000000a4380000)
 PSPermGen       total 21504K, used 6806K [0x000000009b200000, 0x000000009c700000, 0x00000000a0400000)
  object space 21504K, 31% used [0x000000009b200000,0x000000009b8a5908,0x000000009c700000)
Event: 4.401 GC heap after
Heap after GC invocations=1 (full 0):
 PSYoungGen      total 28672K, used 3889K [0x00000000e0100000, 0x00000000e2100000, 0x0000000100000000)
  eden space 24576K, 0% used [0x00000000e0100000,0x00000000e0100000,0x00000000e1900000)
  from space 4096K, 94% used [0x00000000e1900000,0x00000000e1ccc490,0x00000000e1d00000)
  to   space 4096K, 0% used [0x00000000e1d00000,0x00000000e1d00000,0x00000000e2100000)
 ParOldGen       total 65024K, used 4136K [0x00000000a0400000, 0x00000000a4380000, 0x00000000e0100000)
  object space 65024K, 6% used [0x00000000a0400000,0x00000000a080a020,0x00000000a4380000)
 PSPermGen       total 21504K, used 6806K [0x000000009b200000, 0x000000009c700000, 0x00000000a0400000)
  object space 21504K, 31% used [0x000000009b200000,0x000000009b8a5908,0x000000009c700000)
}

Deoptimization events (3 events):
Event: 7.765 Thread 0x000000000b317000 Uncommon trap: reason=class_check action=maybe_recompile pc=0x0000000002809a0c method=java.io.BufferedInputStream.read([BII)I @ 101
Event: 7.905 Thread 0x000000000b317000 Uncommon trap: reason=class_check action=maybe_recompile pc=0x0000000002809a0c method=java.io.BufferedInputStream.read([BII)I @ 101
Event: 7.968 Thread 0x000000000b317000 Uncommon trap: reason=class_check action=maybe_recompile pc=0x0000000002809a0c method=java.io.BufferedInputStream.read([BII)I @ 101

Internal exceptions (10 events):
Event: 3.572 Thread 0x000000000b317000 Threw 0x00000000e0f22d08 at C:\jdk7u2_64p\jdk7u40\hotspot\src\share\vm\prims\jvm.cpp:1244
Event: 3.573 Thread 0x000000000b317000 Threw 0x00000000e0f26420 at C:\jdk7u2_64p\jdk7u40\hotspot\src\share\vm\prims\jvm.cpp:1244
Event: 7.982 Thread 0x000000000b317000 Threw 0x00000000e0ce1f28 at C:\jdk7u2_64p\jdk7u40\hotspot\src\share\vm\prims\jvm.cpp:1244
Event: 7.983 Thread 0x000000000b317000 Threw 0x00000000e0ce6250 at C:\jdk7u2_64p\jdk7u40\hotspot\src\share\vm\prims\jvm.cpp:1244
Event: 7.984 Thread 0x000000000b317000 Threw 0x00000000e0f85250 at C:\jdk7u2_64p\jdk7u40\hotspot\src\share\vm\prims\jvm.cpp:1244
Event: 7.985 Thread 0x000000000b317000 Threw 0x00000000e0f893f8 at C:\jdk7u2_64p\jdk7u40\hotspot\src\share\vm\prims\jvm.cpp:1244
Event: 7.985 Thread 0x000000000b317000 Threw 0x00000000e0f8cf80 at C:\jdk7u2_64p\jdk7u40\hotspot\src\share\vm\prims\jvm.cpp:1244
Event: 7.986 Thread 0x000000000b317000 Threw 0x00000000e0f91358 at C:\jdk7u2_64p\jdk7u40\hotspot\src\share\vm\prims\jvm.cpp:1244
Event: 8.016 Thread 0x000000000b317000 Threw 0x00000000e0f97090 at C:\jdk7u2_64p\jdk7u40\hotspot\src\share\vm\prims\jvm.cpp:1244
Event: 23.793 Thread 0x000000000b317000 Threw 0x00000000e11f0000 at C:\jdk7u2_64p\jdk7u40\hotspot\src\share\vm\prims\jvm.cpp:1244

Events (10 events):
Event: 7.985 loading class 0x00000000098a2400
Event: 7.985 loading class 0x00000000098a2400 done
Event: 7.985 loading class 0x00000000098a25c0
Event: 7.985 loading class 0x00000000098a25c0 done
Event: 7.986 loading class 0x000000000b4b53a0
Event: 7.986 loading class 0x000000000b4b53a0 done
Event: 8.016 loading class 0x000000000b29bed0
Event: 8.016 loading class 0x000000000b29bed0 done
Event: 23.793 loading class 0x00000000098c3d60
Event: 23.793 loading class 0x00000000098c3d60 done


Dynamic libraries:
0x00007ff721ab0000 - 0x00007ff721ae3000 	C:\Program Files\Java\jre7\bin\javaw.exe
0x00007ffc33170000 - 0x00007ffc33319000 	C:\WINDOWS\SYSTEM32\ntdll.dll
0x00007ffc31500000 - 0x00007ffc31639000 	C:\WINDOWS\system32\KERNEL32.DLL
0x00007ffc305c0000 - 0x00007ffc306ce000 	C:\WINDOWS\system32\KERNELBASE.dll
0x00007ffc2edc0000 - 0x00007ffc2ee4b000 	C:\WINDOWS\system32\apphelp.dll
0x00007ffc15bc0000 - 0x00007ffc15c0f000 	C:\WINDOWS\AppPatch\AppPatch64\AcGenral.DLL
0x00007ffc330c0000 - 0x00007ffc33167000 	C:\WINDOWS\system32\msvcrt.dll
0x00007ffc30330000 - 0x00007ffc3035b000 	C:\WINDOWS\SYSTEM32\SspiCli.dll
0x00007ffc32a50000 - 0x00007ffc32aa1000 	C:\WINDOWS\system32\SHLWAPI.dll
0x00007ffc31190000 - 0x00007ffc31301000 	C:\WINDOWS\system32\USER32.dll
0x00007ffc30e30000 - 0x00007ffc30fa6000 	C:\WINDOWS\system32\ole32.dll
0x00007ffc31640000 - 0x00007ffc32a4f000 	C:\WINDOWS\system32\SHELL32.dll
0x00007ffc2f800000 - 0x00007ffc2f81f000 	C:\WINDOWS\SYSTEM32\USERENV.dll
0x00007ffc32dc0000 - 0x00007ffc32e65000 	C:\WINDOWS\system32\ADVAPI32.dll
0x00007ffc26070000 - 0x00007ffc2608b000 	C:\WINDOWS\SYSTEM32\MPR.dll
0x00007ffc30a40000 - 0x00007ffc30b76000 	C:\WINDOWS\system32\RPCRT4.dll
0x00007ffc32e70000 - 0x00007ffc32ec7000 	C:\WINDOWS\SYSTEM32\sechost.dll
0x00007ffc30fb0000 - 0x00007ffc31187000 	C:\WINDOWS\SYSTEM32\combase.dll
0x00007ffc32ed0000 - 0x00007ffc33015000 	C:\WINDOWS\system32\GDI32.dll
0x00007ffc304f0000 - 0x00007ffc30504000 	C:\WINDOWS\SYSTEM32\profapi.dll
0x00007ffc2e820000 - 0x00007ffc2e8c1000 	C:\WINDOWS\SYSTEM32\SHCORE.dll
0x00007ffc30df0000 - 0x00007ffc30e24000 	C:\WINDOWS\system32\IMM32.DLL
0x00007ffc313c0000 - 0x00007ffc314f8000 	C:\WINDOWS\system32\MSCTF.dll
0x00007ffc2fe50000 - 0x00007ffc300aa000 	C:\WINDOWS\WinSxS\amd64_microsoft.windows.common-controls_6595b64144ccf1df_6.0.9600.16384_none_62475f7becb72503\COMCTL32.dll
0x000000006c230000 - 0x000000006c301000 	C:\Program Files\Java\jre7\bin\msvcr100.dll
0x000000006ba60000 - 0x000000006c229000 	C:\Program Files\Java\jre7\bin\server\jvm.dll
0x00007ffc14de0000 - 0x00007ffc14de9000 	C:\WINDOWS\SYSTEM32\WSOCK32.dll
0x00007ffc258d0000 - 0x00007ffc258ef000 	C:\WINDOWS\SYSTEM32\WINMM.dll
0x00007ffc30be0000 - 0x00007ffc30be7000 	C:\WINDOWS\system32\PSAPI.DLL
0x00007ffc32ab0000 - 0x00007ffc32b08000 	C:\WINDOWS\system32\WS2_32.dll
0x00007ffc25890000 - 0x00007ffc258ba000 	C:\WINDOWS\SYSTEM32\WINMMBASE.dll
0x00007ffc32db0000 - 0x00007ffc32db9000 	C:\WINDOWS\system32\NSI.dll
0x00007ffc306d0000 - 0x00007ffc3071a000 	C:\WINDOWS\SYSTEM32\cfgmgr32.dll
0x00007ffc2f020000 - 0x00007ffc2f046000 	C:\WINDOWS\SYSTEM32\DEVOBJ.dll
0x000000006c8e0000 - 0x000000006c8ef000 	C:\Program Files\Java\jre7\bin\verify.dll
0x000000006c4d0000 - 0x000000006c4f8000 	C:\Program Files\Java\jre7\bin\java.dll
0x000000006c4b0000 - 0x000000006c4c5000 	C:\Program Files\Java\jre7\bin\zip.dll
0x0000000065580000 - 0x0000000065610000 	C:\Users\Fathurrohman E\AppData\Local\Temp\libgdxFathurrohman E\5498721d\gdx64.dll
0x0000000180000000 - 0x0000000180050000 	C:\Users\Fathurrohman E\AppData\Local\Temp\libgdxFathurrohman E\4c88a7c1\lwjgl64.dll
0x00007ffc234e0000 - 0x00007ffc23601000 	C:\WINDOWS\SYSTEM32\OPENGL32.dll
0x00007ffc2e070000 - 0x00007ffc2e07a000 	C:\WINDOWS\SYSTEM32\VERSION.dll
0x00007ffc2c7a0000 - 0x00007ffc2c7cc000 	C:\WINDOWS\SYSTEM32\GLU32.dll
0x00007ffc1f810000 - 0x00007ffc1f904000 	C:\WINDOWS\SYSTEM32\DDRAW.dll
0x00007ffc2a6e0000 - 0x00007ffc2a6e9000 	C:\WINDOWS\SYSTEM32\DCIMAN32.dll
0x000000000b6a0000 - 0x000000000b704000 	C:\Users\FATHUR~1\AppData\Local\Temp\libgdxFathurrohman E\4c88a7c1\OpenAL64.dll
0x00007ffc2efc0000 - 0x00007ffc2efca000 	C:\WINDOWS\SYSTEM32\kernel.appcore.dll
0x00007ffc303c0000 - 0x00007ffc303ca000 	C:\WINDOWS\SYSTEM32\CRYPTBASE.dll
0x00007ffc30360000 - 0x00007ffc303be000 	C:\WINDOWS\SYSTEM32\bcryptPrimitives.dll
0x00007ffc2ee80000 - 0x00007ffc2efa2000 	C:\WINDOWS\system32\uxtheme.dll
0x00007ffc31310000 - 0x00007ffc313b4000 	C:\WINDOWS\SYSTEM32\clbcatq.dll
0x00007ffc1f600000 - 0x00007ffc1f687000 	C:\WINDOWS\SYSTEM32\dsound.dll
0x00007ffc303f0000 - 0x00007ffc30435000 	C:\WINDOWS\SYSTEM32\POWRPROF.dll
0x00007ffc2c4e0000 - 0x00007ffc2c541000 	C:\WINDOWS\System32\MMDevApi.dll
0x00007ffc21f90000 - 0x00007ffc22006000 	C:\WINDOWS\SYSTEM32\AUDIOSES.DLL
0x00007ffc32b10000 - 0x00007ffc32bc7000 	C:\WINDOWS\system32\OLEAUT32.dll
0x00007ffc2e5e0000 - 0x00007ffc2e601000 	C:\WINDOWS\system32\dwmapi.dll
0x00007ffc29ea0000 - 0x00007ffc29eb8000 	C:\WINDOWS\SYSTEM32\atig6pxx.dll
0x00000000695e0000 - 0x000000006af81000 	C:\WINDOWS\SYSTEM32\atio6axx.dll
0x00007ffc32bd0000 - 0x00007ffc32da6000 	C:\WINDOWS\system32\SETUPAPI.dll
0x00007ffc2c2e0000 - 0x00007ffc2c408000 	C:\WINDOWS\SYSTEM32\atiadlxx.dll
0x00007ffc2c140000 - 0x00007ffc2c2a4000 	C:\WINDOWS\SYSTEM32\PROPSYS.dll
0x00007ffc2eda0000 - 0x00007ffc2edb1000 	C:\WINDOWS\SYSTEM32\WTSAPI32.dll
0x00007ffc2c110000 - 0x00007ffc2c139000 	C:\WINDOWS\SYSTEM32\IPHLPAPI.DLL
0x00007ffc2c790000 - 0x00007ffc2c79a000 	C:\WINDOWS\SYSTEM32\WINNSI.DLL
0x00007ffc307d0000 - 0x00007ffc3081e000 	C:\WINDOWS\system32\WINTRUST.dll
0x00007ffc30820000 - 0x00007ffc309f7000 	C:\WINDOWS\system32\CRYPT32.dll
0x00007ffc305a0000 - 0x00007ffc305b2000 	C:\WINDOWS\system32\MSASN1.dll
0x00007ffc2ddc0000 - 0x00007ffc2df04000 	C:\WINDOWS\SYSTEM32\aticfx64.dll
0x00007ffc28a10000 - 0x00007ffc28a2e000 	C:\WINDOWS\SYSTEM32\atig6txx.dll
0x00007ffc20a40000 - 0x00007ffc20acd000 	C:\WINDOWS\SYSTEM32\mscms.dll
0x00007ffc236c0000 - 0x00007ffc23701000 	C:\WINDOWS\SYSTEM32\icm32.dll
0x00007ffc20850000 - 0x00007ffc209d8000 	C:\WINDOWS\SYSTEM32\dbghelp.dll

VM Arguments:
jvm_args: -Dfile.encoding=Cp1252 
java_command: com.infinithinks.pentastic.Main
Launcher Type: SUN_STANDARD

Environment Variables:
PATH=C:\WINDOWS\system32;C:\WINDOWS;C:\WINDOWS\System32\Wbem;C:\WINDOWS\System32\WindowsPowerShell\v1.0\;C:\Program Files (x86)\ATI Technologies\ATI.ACE\Core-Static;C:\Program Files (x86)\SoftKinetic\DepthSenseSDK\bin;e:\Program Files\MATLAB\R2010a\runtime\win64;e:\Program Files\MATLAB\R2010a\bin;C:\Program Files (x86)\Windows Kits\8.0\Windows Performance Toolkit\;C:\Program Files\Microsoft SQL Server\110\Tools\Binn\
USERNAME=Fathurrohman E
OS=Windows_NT
PROCESSOR_IDENTIFIER=Intel64 Family 6 Model 42 Stepping 7, GenuineIntel



---------------  S Y S T E M  ---------------

OS: Windows 8 , 64 bit Build 9200 

CPU:total 4 (2 cores per cpu, 2 threads per core) family 6 model 42 stepping 7, cmov, cx8, fxsr, mmx, sse, sse2, sse3, ssse3, sse4.1, sse4.2, popcnt, avx, ht, tsc, tscinvbit

Memory: 4k page, physical 6268032k(3229376k free), swap 12559488k(8750684k free)

vm_info: Java HotSpot(TM) 64-Bit Server VM (24.0-b56) for windows-amd64 JRE (1.7.0_40-b43), built on Aug 26 2013 22:38:32 by "java_re" with unknown MS VC++:1600

time: Fri Jan 31 16:06:23 2014
elapsed time: 23 seconds

