#
# A fatal error has been detected by the Java Runtime Environment:
#
#  EXCEPTION_ACCESS_VIOLATION (0xc0000005) at pc=0x00000000655a1b9f, pid=10188, tid=7492
#
# JRE version: Java(TM) SE Runtime Environment (7.0_40-b43) (build 1.7.0_40-b43)
# Java VM: Java HotSpot(TM) 64-Bit Server VM (24.0-b56 mixed mode windows-amd64 compressed oops)
# Problematic frame:
# C  [gdx64.dll+0x21b9f]
#
# Failed to write core dump. Minidumps are not enabled by default on client versions of Windows
#
# If you would like to submit a bug report, please visit:
#   http://bugreport.sun.com/bugreport/crash.jsp
# The crash happened outside the Java Virtual Machine in native code.
# See problematic frame for where to report the bug.
#

---------------  T H R E A D  ---------------

Current thread (0x000000000b295800):  JavaThread "LWJGL Application" [_thread_in_native, id=7492, stack(0x000000000bef0000,0x000000000bff0000)]

siginfo: ExceptionCode=0xc0000005, reading address 0x000000000c04f4c8

Registers:
RAX=0x000000000c04ae50, RBX=0x000000000c01e0b0, RCX=0x000000000c04f4c0, RDX=0x000000000c04ad90
RSP=0x000000000bfef000, RBP=0x000000000bfef170, RSI=0x0000000000000002, RDI=0x0000000000000001
R8 =0x000000000c01e0b0, R9 =0x00000000000000db, R10=0x0000000002763064, R11=0x000000005ec2f7d0
R12=0x0000000000000000, R13=0x000000009b7a18e8, R14=0x000000000bfef1a0, R15=0x000000000b295800
RIP=0x00000000655a1b9f, EFLAGS=0x0000000000010206

Top of Stack: (sp=0x000000000bfef000)
0x000000000bfef000:   00001ee6636f960e 000000005eacf72f
0x000000000bfef010:   000000009b7a1828 000000005eb5c49f
0x000000000bfef020:   000000000c04ad90 000000000269b150
0x000000000bfef030:   000000000b295800 000000005eaeabb0
0x000000000bfef040:   0000000000000000 000000000269b150
0x000000000bfef050:   0000000000000003 000000000000000e
0x000000000bfef060:   000000000bfe0000 000000000276e103
0x000000000bfef070:   00000000655d3070 00000000655d3928
0x000000000bfef080:   000000000bfef0b0 00000000655a1c31
0x000000000bfef090:   000000000bfef000 000000005eaeadce
0x000000000bfef0a0:   00000000097aa900 000000009b7d48bc
0x000000000bfef0b0:   000000000bfef170 00000000655aae75
0x000000000bfef0c0:   000000000c01e0b0 000000005eaee25e
0x000000000bfef0d0:   000000000bfef648 000000000bfef169
0x000000000bfef0e0:   000000009b7a18e8 0000000002763090
0x000000000bfef0f0:   00000000000000b6 000000000b295800 

Instructions: (pc=0x00000000655a1b9f)
0x00000000655a1b7f:   90 48 83 7c 24 20 00 74 4b 48 8b 44 24 20 48 8b
0x00000000655a1b8f:   48 70 48 8b 50 68 48 85 c9 48 89 54 24 20 74 e1
0x00000000655a1b9f:   48 8b 41 08 48 8b 94 24 c0 00 00 00 c7 41 30 00
0x00000000655a1baf:   00 00 00 c7 44 24 48 01 00 00 00 48 89 44 24 28 


Register to memory mapping:

RAX=0x000000000c04ae50 is an unknown value
RBX=0x000000000c01e0b0 is an unknown value
RCX=0x000000000c04f4c0 is an unknown value
RDX=0x000000000c04ad90 is an unknown value
RSP=0x000000000bfef000 is pointing into the stack for thread: 0x000000000b295800
RBP=0x000000000bfef170 is pointing into the stack for thread: 0x000000000b295800
RSI=0x0000000000000002 is an unknown value
RDI=0x0000000000000001 is an unknown value
R8 =0x000000000c01e0b0 is an unknown value
R9 =0x00000000000000db is an unknown value
R10=0x0000000002763064 is at code_begin+644 in an Interpreter codelet
method entry point (kind = native)  [0x0000000002762de0, 0x0000000002763680]  2208 bytes
R11=0x000000005ec2f7d0 is an unknown value
R12=0x0000000000000000 is an unknown value
R13=0x000000009b7a18e8 is an oop
{method} 
 - klass: {other class}
R14=0x000000000bfef1a0 is pointing into the stack for thread: 0x000000000b295800
R15=0x000000000b295800 is a thread


Stack: [0x000000000bef0000,0x000000000bff0000],  sp=0x000000000bfef000,  free space=1020k
Native frames: (J=compiled Java code, j=interpreted, Vv=VM code, C=native code)
C  [gdx64.dll+0x21b9f]
j  com.badlogic.gdx.physics.box2d.World.dispose()V+5
j  com.infinithinks.pentastic.entities.Track.dispose()V+4
j  com.infinithinks.pentastic.level.Level_1.dispose()V+18
j  com.infinithinks.pentastic.level.Level_1.hide()V+1
j  com.badlogic.gdx.Game.dispose()V+11
j  com.infinithinks.pentastic.PENtasticMain.dispose()V+1
j  com.badlogic.gdx.backends.lwjgl.LwjglApplication.mainLoop()V+780
j  com.badlogic.gdx.backends.lwjgl.LwjglApplication$1.run()V+27
v  ~StubRoutines::call_stub
V  [jvm.dll+0x1cb013]

Java frames: (J=compiled Java code, j=interpreted, Vv=VM code)
j  com.badlogic.gdx.physics.box2d.World.jniDispose(J)V+0
j  com.badlogic.gdx.physics.box2d.World.dispose()V+5
j  com.infinithinks.pentastic.entities.Track.dispose()V+4
j  com.infinithinks.pentastic.level.Level_1.dispose()V+18
j  com.infinithinks.pentastic.level.Level_1.hide()V+1
j  com.badlogic.gdx.Game.dispose()V+11
j  com.infinithinks.pentastic.PENtasticMain.dispose()V+1
j  com.badlogic.gdx.backends.lwjgl.LwjglApplication.mainLoop()V+780
j  com.badlogic.gdx.backends.lwjgl.LwjglApplication$1.run()V+27
v  ~StubRoutines::call_stub

---------------  P R O C E S S  ---------------

Java Threads: ( => current thread )
  0x000000000b385800 JavaThread "LWJGL Timer" daemon [_thread_blocked, id=9352, stack(0x000000000fa70000,0x000000000fb70000)]
  0x0000000002650800 JavaThread "DestroyJavaVM" [_thread_blocked, id=11468, stack(0x0000000002550000,0x0000000002650000)]
=>0x000000000b295800 JavaThread "LWJGL Application" [_thread_in_native, id=7492, stack(0x000000000bef0000,0x000000000bff0000)]
  0x00000000097b8800 JavaThread "Service Thread" daemon [_thread_blocked, id=4876, stack(0x000000000af10000,0x000000000b010000)]
  0x00000000097a8800 JavaThread "C2 CompilerThread1" daemon [_thread_blocked, id=3152, stack(0x000000000ae10000,0x000000000af10000)]
  0x00000000097a3800 JavaThread "C2 CompilerThread0" daemon [_thread_blocked, id=9148, stack(0x000000000ad10000,0x000000000ae10000)]
  0x00000000097a3000 JavaThread "Attach Listener" daemon [_thread_blocked, id=11132, stack(0x000000000ac10000,0x000000000ad10000)]
  0x000000000979f800 JavaThread "Signal Dispatcher" daemon [_thread_blocked, id=12724, stack(0x000000000ab10000,0x000000000ac10000)]
  0x000000000976c800 JavaThread "Finalizer" daemon [_thread_blocked, id=13012, stack(0x000000000aa10000,0x000000000ab10000)]
  0x0000000009763800 JavaThread "Reference Handler" daemon [_thread_blocked, id=9596, stack(0x000000000a910000,0x000000000aa10000)]

Other Threads:
  0x0000000009761000 VMThread [stack: 0x000000000a810000,0x000000000a910000] [id=9832]
  0x00000000097c1000 WatcherThread [stack: 0x000000000b010000,0x000000000b110000] [id=6916]

VM state:not at safepoint (normal execution)

VM Mutex/Monitor currently owned by a thread: None

Heap
 PSYoungGen      total 28672K, used 15209K [0x00000000e0100000, 0x00000000e2100000, 0x0000000100000000)
  eden space 24576K, 61% used [0x00000000e0100000,0x00000000e0fda680,0x00000000e1900000)
  from space 4096K, 0% used [0x00000000e1d00000,0x00000000e1d00000,0x00000000e2100000)
  to   space 4096K, 0% used [0x00000000e1900000,0x00000000e1900000,0x00000000e1d00000)
 ParOldGen       total 65024K, used 0K [0x00000000a0400000, 0x00000000a4380000, 0x00000000e0100000)
  object space 65024K, 0% used [0x00000000a0400000,0x00000000a0400000,0x00000000a4380000)
 PSPermGen       total 21504K, used 6502K [0x000000009b200000, 0x000000009c700000, 0x00000000a0400000)
  object space 21504K, 30% used [0x000000009b200000,0x000000009b859838,0x000000009c700000)

Card table byte_map: [0x0000000005750000,0x0000000005a80000] byte_map_base: 0x0000000005277000

Polling page: 0x0000000000b30000

Code Cache  [0x0000000002750000, 0x00000000029c0000, 0x0000000005750000)
 total_blobs=544 nmethods=140 adapters=357 free_code_cache=48433Kb largest_free_block=49565440

Compilation events (10 events):
Event: 16.130 Thread 0x00000000097a8800 nmethod 136 0x0000000002804e50 code [0x0000000002804fc0, 0x0000000002805138]
Event: 16.130 Thread 0x00000000097a3800 nmethod 135 0x00000000027f3fd0 code [0x00000000027f4140, 0x00000000027f42d8]
Event: 16.822 Thread 0x00000000097a8800  137             com.badlogic.gdx.graphics.g2d.SpriteBatch::flush (246 bytes)
Event: 16.897 Thread 0x00000000097a8800 nmethod 137 0x0000000002805310 code [0x00000000028056c0, 0x0000000002806f28]
Event: 18.187 Thread 0x00000000097a3800  138             java.nio.DirectIntBufferU::ix (10 bytes)
Event: 18.188 Thread 0x00000000097a3800 nmethod 138 0x00000000027fed90 code [0x00000000027feec0, 0x00000000027fef18]
Event: 18.556 Thread 0x00000000097a8800  139             com.badlogic.gdx.math.Vector3::crs (62 bytes)
Event: 18.558 Thread 0x00000000097a8800 nmethod 139 0x00000000027f3d50 code [0x00000000027f3e80, 0x00000000027f3f38]
Event: 18.623 Thread 0x00000000097a3800  140   !         org.lwjgl.opengl.Display::isFullscreen (34 bytes)
Event: 18.626 Thread 0x00000000097a3800 nmethod 140 0x00000000027f38d0 code [0x00000000027f3a20, 0x00000000027f3c98]

GC Heap History (0 events):
No events

Deoptimization events (0 events):
No events

Internal exceptions (10 events):
Event: 3.296 Thread 0x000000000b295800 Threw 0x00000000e0d81470 at C:\jdk7u2_64p\jdk7u40\hotspot\src\share\vm\prims\jvm.cpp:1244
Event: 3.297 Thread 0x000000000b295800 Threw 0x00000000e0d83198 at C:\jdk7u2_64p\jdk7u40\hotspot\src\share\vm\prims\jvm.cpp:1244
Event: 3.402 Thread 0x000000000b295800 Threw 0x00000000e0dd41b8 at C:\jdk7u2_64p\jdk7u40\hotspot\src\share\vm\prims\jvm.cpp:1244
Event: 3.403 Thread 0x000000000b295800 Threw 0x00000000e0df0888 at C:\jdk7u2_64p\jdk7u40\hotspot\src\share\vm\prims\jvm.cpp:1244
Event: 3.404 Thread 0x000000000b295800 Threw 0x00000000e0df48d8 at C:\jdk7u2_64p\jdk7u40\hotspot\src\share\vm\prims\jvm.cpp:1244
Event: 3.404 Thread 0x000000000b295800 Threw 0x00000000e0df8da0 at C:\jdk7u2_64p\jdk7u40\hotspot\src\share\vm\prims\jvm.cpp:1244
Event: 3.405 Thread 0x000000000b295800 Threw 0x00000000e0dfccc8 at C:\jdk7u2_64p\jdk7u40\hotspot\src\share\vm\prims\jvm.cpp:1244
Event: 3.406 Thread 0x000000000b295800 Threw 0x00000000e0e010a0 at C:\jdk7u2_64p\jdk7u40\hotspot\src\share\vm\prims\jvm.cpp:1244
Event: 3.437 Thread 0x000000000b295800 Threw 0x00000000e0e06b60 at C:\jdk7u2_64p\jdk7u40\hotspot\src\share\vm\prims\jvm.cpp:1244
Event: 18.850 Thread 0x000000000b295800 Threw 0x00000000e0f8c758 at C:\jdk7u2_64p\jdk7u40\hotspot\src\share\vm\prims\jvm.cpp:1244

Events (10 events):
Event: 3.405 loading class 0x00000000097c2780
Event: 3.405 loading class 0x00000000097c2780 done
Event: 3.406 loading class 0x000000000b3102d0
Event: 3.406 loading class 0x000000000b3102d0 done
Event: 3.437 loading class 0x00000000097e8670
Event: 3.437 loading class 0x00000000097e8670 done
Event: 4.106 Executing VM operation: EnableBiasedLocking
Event: 4.106 Executing VM operation: EnableBiasedLocking done
Event: 18.850 loading class 0x00000000097e3db0
Event: 18.850 loading class 0x00000000097e3db0 done


Dynamic libraries:
0x00007ff79b9f0000 - 0x00007ff79ba23000 	C:\Program Files\Java\jre7\bin\javaw.exe
0x00007ff8e6620000 - 0x00007ff8e67c9000 	C:\WINDOWS\SYSTEM32\ntdll.dll
0x00007ff8e4600000 - 0x00007ff8e4739000 	C:\WINDOWS\system32\KERNEL32.DLL
0x00007ff8e3da0000 - 0x00007ff8e3eae000 	C:\WINDOWS\system32\KERNELBASE.dll
0x00007ff8e25d0000 - 0x00007ff8e265b000 	C:\WINDOWS\system32\apphelp.dll
0x00007ff8d38b0000 - 0x00007ff8d38ff000 	C:\WINDOWS\AppPatch\AppPatch64\AcGenral.DLL
0x00007ff8e4c20000 - 0x00007ff8e4cc7000 	C:\WINDOWS\system32\msvcrt.dll
0x00007ff8e37e0000 - 0x00007ff8e380b000 	C:\WINDOWS\SYSTEM32\SspiCli.dll
0x00007ff8e63d0000 - 0x00007ff8e6421000 	C:\WINDOWS\system32\SHLWAPI.dll
0x00007ff8e4d70000 - 0x00007ff8e4ee1000 	C:\WINDOWS\system32\USER32.dll
0x00007ff8e4aa0000 - 0x00007ff8e4c16000 	C:\WINDOWS\system32\ole32.dll
0x00007ff8e4f00000 - 0x00007ff8e630f000 	C:\WINDOWS\system32\SHELL32.dll
0x00007ff8e2fb0000 - 0x00007ff8e2fcf000 	C:\WINDOWS\SYSTEM32\USERENV.dll
0x00007ff8e6310000 - 0x00007ff8e63b5000 	C:\WINDOWS\system32\ADVAPI32.dll
0x00007ff8da3e0000 - 0x00007ff8da3fb000 	C:\WINDOWS\SYSTEM32\MPR.dll
0x00007ff8e4740000 - 0x00007ff8e4876000 	C:\WINDOWS\system32\RPCRT4.dll
0x00007ff8e4d10000 - 0x00007ff8e4d67000 	C:\WINDOWS\SYSTEM32\sechost.dll
0x00007ff8e6430000 - 0x00007ff8e6607000 	C:\WINDOWS\SYSTEM32\combase.dll
0x00007ff8e4110000 - 0x00007ff8e4255000 	C:\WINDOWS\system32\GDI32.dll
0x00007ff8e39a0000 - 0x00007ff8e39b4000 	C:\WINDOWS\SYSTEM32\profapi.dll
0x00007ff8e2030000 - 0x00007ff8e20d1000 	C:\WINDOWS\SYSTEM32\SHCORE.dll
0x00007ff8e4cd0000 - 0x00007ff8e4d04000 	C:\WINDOWS\system32\IMM32.DLL
0x00007ff8e3f20000 - 0x00007ff8e4058000 	C:\WINDOWS\system32\MSCTF.dll
0x00007ff8e0e50000 - 0x00007ff8e10aa000 	C:\WINDOWS\WinSxS\amd64_microsoft.windows.common-controls_6595b64144ccf1df_6.0.9600.16384_none_62475f7becb72503\COMCTL32.dll
0x000000005f220000 - 0x000000005f2f1000 	C:\Program Files\Java\jre7\bin\msvcr100.dll
0x000000005ea50000 - 0x000000005f219000 	C:\Program Files\Java\jre7\bin\server\jvm.dll
0x00007ff8d6c20000 - 0x00007ff8d6c29000 	C:\WINDOWS\SYSTEM32\WSOCK32.dll
0x00007ff8d91f0000 - 0x00007ff8d920f000 	C:\WINDOWS\SYSTEM32\WINMM.dll
0x00007ff8e3f10000 - 0x00007ff8e3f17000 	C:\WINDOWS\system32\PSAPI.DLL
0x00007ff8e49a0000 - 0x00007ff8e49f8000 	C:\WINDOWS\system32\WS2_32.dll
0x00007ff8d7680000 - 0x00007ff8d76aa000 	C:\WINDOWS\SYSTEM32\WINMMBASE.dll
0x00007ff8e63c0000 - 0x00007ff8e63c9000 	C:\WINDOWS\system32\NSI.dll
0x00007ff8e3d50000 - 0x00007ff8e3d9a000 	C:\WINDOWS\SYSTEM32\cfgmgr32.dll
0x00007ff8e2830000 - 0x00007ff8e2856000 	C:\WINDOWS\SYSTEM32\DEVOBJ.dll
0x0000000060240000 - 0x000000006024f000 	C:\Program Files\Java\jre7\bin\verify.dll
0x000000005f4f0000 - 0x000000005f518000 	C:\Program Files\Java\jre7\bin\java.dll
0x000000005ea30000 - 0x000000005ea45000 	C:\Program Files\Java\jre7\bin\zip.dll
0x0000000065580000 - 0x0000000065610000 	C:\Users\Fathurrohman E\AppData\Local\Temp\libgdxFathurrohman E\5498721d\gdx64.dll
0x0000000180000000 - 0x0000000180050000 	C:\Users\Fathurrohman E\AppData\Local\Temp\libgdxFathurrohman E\4c88a7c1\lwjgl64.dll
0x00007ff8d3780000 - 0x00007ff8d38a1000 	C:\WINDOWS\SYSTEM32\OPENGL32.dll
0x00007ff8e1120000 - 0x00007ff8e112a000 	C:\WINDOWS\SYSTEM32\VERSION.dll
0x00007ff8d6ae0000 - 0x00007ff8d6b0c000 	C:\WINDOWS\SYSTEM32\GLU32.dll
0x00007ff8c5440000 - 0x00007ff8c5534000 	C:\WINDOWS\SYSTEM32\DDRAW.dll
0x00007ff8deb20000 - 0x00007ff8deb29000 	C:\WINDOWS\SYSTEM32\DCIMAN32.dll
0x000000000b590000 - 0x000000000b5f4000 	C:\Users\FATHUR~1\AppData\Local\Temp\libgdxFathurrohman E\4c88a7c1\OpenAL64.dll
0x00007ff8e26a0000 - 0x00007ff8e26aa000 	C:\WINDOWS\SYSTEM32\kernel.appcore.dll
0x00007ff8e3870000 - 0x00007ff8e387a000 	C:\WINDOWS\SYSTEM32\CRYPTBASE.dll
0x00007ff8e3810000 - 0x00007ff8e386e000 	C:\WINDOWS\SYSTEM32\bcryptPrimitives.dll
0x00007ff8e26b0000 - 0x00007ff8e27d2000 	C:\WINDOWS\system32\uxtheme.dll
0x00007ff8e4060000 - 0x00007ff8e4104000 	C:\WINDOWS\SYSTEM32\clbcatq.dll
0x00007ff8d3920000 - 0x00007ff8d39a7000 	C:\WINDOWS\SYSTEM32\dsound.dll
0x00007ff8e3940000 - 0x00007ff8e3985000 	C:\WINDOWS\SYSTEM32\POWRPROF.dll
0x00007ff8e00d0000 - 0x00007ff8e0131000 	C:\WINDOWS\System32\MMDevApi.dll
0x00007ff8d6c60000 - 0x00007ff8d6cd6000 	C:\WINDOWS\SYSTEM32\AUDIOSES.DLL
0x00007ff8e48e0000 - 0x00007ff8e4997000 	C:\WINDOWS\system32\OLEAUT32.dll
0x00007ff8e1df0000 - 0x00007ff8e1e11000 	C:\WINDOWS\system32\dwmapi.dll
0x00007ff8d47a0000 - 0x00007ff8d47b8000 	C:\WINDOWS\SYSTEM32\atig6pxx.dll
0x000000005d040000 - 0x000000005e9e1000 	C:\WINDOWS\SYSTEM32\atio6axx.dll
0x00007ff8e4400000 - 0x00007ff8e45d6000 	C:\WINDOWS\system32\SETUPAPI.dll
0x00007ff8de2f0000 - 0x00007ff8de418000 	C:\WINDOWS\SYSTEM32\atiadlxx.dll
0x00007ff8dfdd0000 - 0x00007ff8dff34000 	C:\WINDOWS\SYSTEM32\PROPSYS.dll
0x00007ff8e25b0000 - 0x00007ff8e25c1000 	C:\WINDOWS\SYSTEM32\WTSAPI32.dll
0x00007ff8dfda0000 - 0x00007ff8dfdc9000 	C:\WINDOWS\SYSTEM32\IPHLPAPI.DLL
0x00007ff8dfd30000 - 0x00007ff8dfd3a000 	C:\WINDOWS\SYSTEM32\WINNSI.DLL
0x00007ff8e3c50000 - 0x00007ff8e3c9e000 	C:\WINDOWS\system32\WINTRUST.dll
0x00007ff8e3a70000 - 0x00007ff8e3c47000 	C:\WINDOWS\system32\CRYPT32.dll
0x00007ff8e3a50000 - 0x00007ff8e3a62000 	C:\WINDOWS\system32\MSASN1.dll
0x00007ff8de960000 - 0x00007ff8deaa4000 	C:\WINDOWS\SYSTEM32\aticfx64.dll
0x00007ff8d4780000 - 0x00007ff8d479e000 	C:\WINDOWS\SYSTEM32\atig6txx.dll
0x00007ff8d4590000 - 0x00007ff8d461d000 	C:\WINDOWS\SYSTEM32\mscms.dll
0x00007ff8d3730000 - 0x00007ff8d3771000 	C:\WINDOWS\SYSTEM32\icm32.dll
0x00007ff8c48c0000 - 0x00007ff8c4a48000 	C:\WINDOWS\SYSTEM32\dbghelp.dll

VM Arguments:
jvm_args: -Dfile.encoding=Cp1252 
java_command: com.infinithinks.pentastic.Main
Launcher Type: SUN_STANDARD

Environment Variables:
PATH=C:\WINDOWS\system32;C:\WINDOWS;C:\WINDOWS\System32\Wbem;C:\WINDOWS\System32\WindowsPowerShell\v1.0\;C:\Program Files (x86)\ATI Technologies\ATI.ACE\Core-Static;C:\Program Files (x86)\SoftKinetic\DepthSenseSDK\bin;e:\Program Files\MATLAB\R2010a\runtime\win64;e:\Program Files\MATLAB\R2010a\bin;C:\Program Files (x86)\Windows Kits\8.0\Windows Performance Toolkit\;C:\Program Files\Microsoft SQL Server\110\Tools\Binn\
USERNAME=Fathurrohman E
OS=Windows_NT
PROCESSOR_IDENTIFIER=Intel64 Family 6 Model 42 Stepping 7, GenuineIntel



---------------  S Y S T E M  ---------------

OS: Windows 8 , 64 bit Build 9200 

CPU:total 4 (2 cores per cpu, 2 threads per core) family 6 model 42 stepping 7, cmov, cx8, fxsr, mmx, sse, sse2, sse3, ssse3, sse4.1, sse4.2, popcnt, avx, ht, tsc, tscinvbit

Memory: 4k page, physical 6268032k(2757876k free), swap 9865796k(3669696k free)

vm_info: Java HotSpot(TM) 64-Bit Server VM (24.0-b56) for windows-amd64 JRE (1.7.0_40-b43), built on Aug 26 2013 22:38:32 by "java_re" with unknown MS VC++:1600

time: Fri Jan 31 10:16:01 2014
elapsed time: 18 seconds

