#
# A fatal error has been detected by the Java Runtime Environment:
#
#  EXCEPTION_ACCESS_VIOLATION (0xc0000005) at pc=0x00000000655a1b9f, pid=4520, tid=8332
#
# JRE version: Java(TM) SE Runtime Environment (7.0_40-b43) (build 1.7.0_40-b43)
# Java VM: Java HotSpot(TM) 64-Bit Server VM (24.0-b56 mixed mode windows-amd64 compressed oops)
# Problematic frame:
# C  [gdx64.dll+0x21b9f]
#
# Failed to write core dump. Minidumps are not enabled by default on client versions of Windows
#
# If you would like to submit a bug report, please visit:
#   http://bugreport.sun.com/bugreport/crash.jsp
# The crash happened outside the Java Virtual Machine in native code.
# See problematic frame for where to report the bug.
#

---------------  T H R E A D  ---------------

Current thread (0x000000000aded000):  JavaThread "LWJGL Application" [_thread_in_native, id=8332, stack(0x000000000b930000,0x000000000ba30000)]

siginfo: ExceptionCode=0xc0000005, reading address 0x000000000ba7c218

Registers:
RAX=0x000000000ba77840, RBX=0x000000000ba4a820, RCX=0x000000000ba7c210, RDX=0x000000000ba77780
RSP=0x000000000ba2f0e0, RBP=0x000000000ba2f250, RSI=0x0000000000000001, RDI=0x0000000000000000
R8 =0x000000000ba4a820, R9 =0x00000000000000db, R10=0x0000000002323064, R11=0x0000000074c5f7d0
R12=0x0000000000000000, R13=0x000000009b706f80, R14=0x000000000ba2f280, R15=0x000000000aded000
RIP=0x00000000655a1b9f, EFLAGS=0x0000000000010202

Top of Stack: (sp=0x000000000ba2f0e0)
0x000000000ba2f0e0:   00000f57a60d0a49 0000000074aff72f
0x000000000ba2f0f0:   000000009b706ec0 0000000074b8c49f
0x000000000ba2f100:   000000000ba77780 0000000002179140
0x000000000ba2f110:   000000000aded000 0000000074b1abb0
0x000000000ba2f120:   0000000000000000 0000000002179140
0x000000000ba2f130:   0000000000000003 000000000000000e
0x000000000ba2f140:   000000000ba20000 000000000232e103
0x000000000ba2f150:   00000000655d3070 00000000655d3928
0x000000000ba2f160:   000000000ba2f190 00000000655a1c31
0x000000000ba2f170:   000000000ba2f0e0 0000000074b1adce
0x000000000ba2f180:   0000000009376e00 000000009b73fc24
0x000000000ba2f190:   000000000ba2f250 00000000655aae75
0x000000000ba2f1a0:   000000000ba4a820 0000000074b1e25e
0x000000000ba2f1b0:   000000000ba2f728 000000000ba2f249
0x000000000ba2f1c0:   000000009b706f80 0000000002323090
0x000000000ba2f1d0:   00000000000000b6 000000000aded000 

Instructions: (pc=0x00000000655a1b9f)
0x00000000655a1b7f:   90 48 83 7c 24 20 00 74 4b 48 8b 44 24 20 48 8b
0x00000000655a1b8f:   48 70 48 8b 50 68 48 85 c9 48 89 54 24 20 74 e1
0x00000000655a1b9f:   48 8b 41 08 48 8b 94 24 c0 00 00 00 c7 41 30 00
0x00000000655a1baf:   00 00 00 c7 44 24 48 01 00 00 00 48 89 44 24 28 


Register to memory mapping:

RAX=0x000000000ba77840 is an unknown value
RBX=0x000000000ba4a820 is an unknown value
RCX=0x000000000ba7c210 is an unknown value
RDX=0x000000000ba77780 is an unknown value
RSP=0x000000000ba2f0e0 is pointing into the stack for thread: 0x000000000aded000
RBP=0x000000000ba2f250 is pointing into the stack for thread: 0x000000000aded000
RSI=0x0000000000000001 is an unknown value
RDI=0x0000000000000000 is an unknown value
R8 =0x000000000ba4a820 is an unknown value
R9 =0x00000000000000db is an unknown value
R10=0x0000000002323064 is at code_begin+644 in an Interpreter codelet
method entry point (kind = native)  [0x0000000002322de0, 0x0000000002323680]  2208 bytes
R11=0x0000000074c5f7d0 is an unknown value
R12=0x0000000000000000 is an unknown value
R13=0x000000009b706f80 is an oop
{method} 
 - klass: {other class}
R14=0x000000000ba2f280 is pointing into the stack for thread: 0x000000000aded000
R15=0x000000000aded000 is a thread


Stack: [0x000000000b930000,0x000000000ba30000],  sp=0x000000000ba2f0e0,  free space=1020k
Native frames: (J=compiled Java code, j=interpreted, Vv=VM code, C=native code)
C  [gdx64.dll+0x21b9f]
j  com.badlogic.gdx.physics.box2d.World.dispose()V+5
j  com.infinithinks.pentastic.entities.Track.dispose()V+4
j  com.infinithinks.pentastic.level.Level_1.dispose()V+18
j  com.infinithinks.pentastic.level.Level_1.hide()V+1
j  com.badlogic.gdx.Game.dispose()V+11
j  com.infinithinks.pentastic.PENtasticMain.dispose()V+1
j  com.badlogic.gdx.backends.lwjgl.LwjglApplication.mainLoop()V+780
j  com.badlogic.gdx.backends.lwjgl.LwjglApplication$1.run()V+27
v  ~StubRoutines::call_stub
V  [jvm.dll+0x1cb013]

Java frames: (J=compiled Java code, j=interpreted, Vv=VM code)
j  com.badlogic.gdx.physics.box2d.World.jniDispose(J)V+0
j  com.badlogic.gdx.physics.box2d.World.dispose()V+5
j  com.infinithinks.pentastic.entities.Track.dispose()V+4
j  com.infinithinks.pentastic.level.Level_1.dispose()V+18
j  com.infinithinks.pentastic.level.Level_1.hide()V+1
j  com.badlogic.gdx.Game.dispose()V+11
j  com.infinithinks.pentastic.PENtasticMain.dispose()V+1
j  com.badlogic.gdx.backends.lwjgl.LwjglApplication.mainLoop()V+780
j  com.badlogic.gdx.backends.lwjgl.LwjglApplication$1.run()V+27
v  ~StubRoutines::call_stub

---------------  P R O C E S S  ---------------

Java Threads: ( => current thread )
  0x000000000ae04000 JavaThread "LWJGL Timer" daemon [_thread_blocked, id=3312, stack(0x000000000e530000,0x000000000e630000)]
  0x0000000002130800 JavaThread "DestroyJavaVM" [_thread_blocked, id=8004, stack(0x0000000002000000,0x0000000002100000)]
=>0x000000000aded000 JavaThread "LWJGL Application" [_thread_in_native, id=8332, stack(0x000000000b930000,0x000000000ba30000)]
  0x0000000009379000 JavaThread "Service Thread" daemon [_thread_blocked, id=7236, stack(0x000000000aae0000,0x000000000abe0000)]
  0x000000000936f000 JavaThread "C2 CompilerThread1" daemon [_thread_blocked, id=1612, stack(0x000000000a9e0000,0x000000000aae0000)]
  0x0000000009363000 JavaThread "C2 CompilerThread0" daemon [_thread_blocked, id=6744, stack(0x000000000a8e0000,0x000000000a9e0000)]
  0x0000000009361800 JavaThread "Attach Listener" daemon [_thread_blocked, id=8160, stack(0x000000000a7e0000,0x000000000a8e0000)]
  0x000000000935e800 JavaThread "Signal Dispatcher" daemon [_thread_blocked, id=7676, stack(0x000000000a6e0000,0x000000000a7e0000)]
  0x000000000932b000 JavaThread "Finalizer" daemon [_thread_blocked, id=2112, stack(0x000000000a5e0000,0x000000000a6e0000)]
  0x0000000009321800 JavaThread "Reference Handler" daemon [_thread_blocked, id=6732, stack(0x000000000a4e0000,0x000000000a5e0000)]

Other Threads:
  0x000000000931f000 VMThread [stack: 0x000000000a3e0000,0x000000000a4e0000] [id=8724]
  0x0000000009391800 WatcherThread [stack: 0x000000000abe0000,0x000000000ace0000] [id=6900]

VM state:not at safepoint (normal execution)

VM Mutex/Monitor currently owned by a thread: None

Heap
 PSYoungGen      total 28672K, used 11149K [0x00000000e0100000, 0x00000000e2100000, 0x0000000100000000)
  eden space 24576K, 45% used [0x00000000e0100000,0x00000000e0be3660,0x00000000e1900000)
  from space 4096K, 0% used [0x00000000e1d00000,0x00000000e1d00000,0x00000000e2100000)
  to   space 4096K, 0% used [0x00000000e1900000,0x00000000e1900000,0x00000000e1d00000)
 ParOldGen       total 65024K, used 0K [0x00000000a0400000, 0x00000000a4380000, 0x00000000e0100000)
  object space 65024K, 0% used [0x00000000a0400000,0x00000000a0400000,0x00000000a4380000)
 PSPermGen       total 21504K, used 5866K [0x000000009b200000, 0x000000009c700000, 0x00000000a0400000)
  object space 21504K, 27% used [0x000000009b200000,0x000000009b7ba8b0,0x000000009c700000)

Card table byte_map: [0x0000000005310000,0x0000000005640000] byte_map_base: 0x0000000004e37000

Polling page: 0x0000000000830000

Code Cache  [0x0000000002310000, 0x0000000002580000, 0x0000000005310000)
 total_blobs=485 nmethods=95 adapters=343 free_code_cache=48509Kb largest_free_block=49651264

Compilation events (10 events):
Event: 14.088 Thread 0x000000000936f000 nmethod 91 0x00000000023abf10 code [0x00000000023ac040, 0x00000000023ac0b8]
Event: 14.089 Thread 0x0000000009363000 nmethod 90 0x00000000023abcd0 code [0x00000000023abe00, 0x00000000023abe98]
Event: 14.904 Thread 0x000000000936f000   92             java.nio.Buffer::<init> (121 bytes)
Event: 14.906 Thread 0x000000000936f000 nmethod 92 0x00000000023ab990 code [0x00000000023abae0, 0x00000000023abbb8]
Event: 16.119 Thread 0x0000000009363000   93             java.nio.DirectIntBufferU::ix (10 bytes)
Event: 16.119 Thread 0x0000000009363000 nmethod 93 0x00000000023ab790 code [0x00000000023ab8c0, 0x00000000023ab918]
Event: 17.972 Thread 0x000000000936f000   94             com.badlogic.gdx.math.Vector3::nor (32 bytes)
Event: 17.972 Thread 0x0000000009363000   95             com.badlogic.gdx.math.Vector3::len2 (30 bytes)
Event: 17.973 Thread 0x0000000009363000 nmethod 95 0x00000000023ab590 code [0x00000000023ab6c0, 0x00000000023ab738]
Event: 17.975 Thread 0x000000000936f000 nmethod 94 0x00000000023ab2d0 code [0x00000000023ab440, 0x00000000023ab4f8]

GC Heap History (0 events):
No events

Deoptimization events (0 events):
No events

Internal exceptions (10 events):
Event: 1.294 Thread 0x000000000aded000 Threw 0x00000000e0aaf408 at C:\jdk7u2_64p\jdk7u40\hotspot\src\share\vm\prims\jvm.cpp:1244
Event: 1.295 Thread 0x000000000aded000 Threw 0x00000000e0ab3410 at C:\jdk7u2_64p\jdk7u40\hotspot\src\share\vm\prims\jvm.cpp:1244
Event: 1.295 Thread 0x000000000aded000 Threw 0x00000000e0ab7780 at C:\jdk7u2_64p\jdk7u40\hotspot\src\share\vm\prims\jvm.cpp:1244
Event: 1.297 Thread 0x000000000aded000 Threw 0x00000000e0abbc48 at C:\jdk7u2_64p\jdk7u40\hotspot\src\share\vm\prims\jvm.cpp:1244
Event: 1.297 Thread 0x000000000aded000 Threw 0x00000000e0abfaa8 at C:\jdk7u2_64p\jdk7u40\hotspot\src\share\vm\prims\jvm.cpp:1244
Event: 1.299 Thread 0x000000000aded000 Threw 0x00000000e0ac3e80 at C:\jdk7u2_64p\jdk7u40\hotspot\src\share\vm\prims\jvm.cpp:1244
Event: 1.336 Thread 0x000000000aded000 Threw 0x00000000e0ac8ba8 at C:\jdk7u2_64p\jdk7u40\hotspot\src\share\vm\prims\jvm.cpp:1244
Event: 1.337 Thread 0x000000000aded000 Threw 0x00000000e0acc990 at C:\jdk7u2_64p\jdk7u40\hotspot\src\share\vm\prims\jvm.cpp:1244
Event: 1.338 Thread 0x000000000aded000 Threw 0x00000000e0ad0500 at C:\jdk7u2_64p\jdk7u40\hotspot\src\share\vm\prims\jvm.cpp:1244
Event: 19.427 Thread 0x000000000aded000 Threw 0x00000000e0ba8d98 at C:\jdk7u2_64p\jdk7u40\hotspot\src\share\vm\prims\jvm.cpp:1244

Events (10 events):
Event: 1.336 loading class 0x000000000ae49eb0 done
Event: 1.337 loading class 0x000000000ef10a60
Event: 1.337 loading class 0x000000000ef10a60 done
Event: 1.337 loading class 0x000000000aea6a00
Event: 1.337 loading class 0x000000000aea6a00 done
Event: 1.338 Thread 0x000000000ae04000 Thread added: 0x000000000ae04000
Event: 4.132 Executing VM operation: EnableBiasedLocking
Event: 4.132 Executing VM operation: EnableBiasedLocking done
Event: 19.427 loading class 0x000000000939b130
Event: 19.427 loading class 0x000000000939b130 done


Dynamic libraries:
0x00007ff6dfa00000 - 0x00007ff6dfa33000 	C:\Program Files\Java\jre7\bin\javaw.exe
0x00007ff982a70000 - 0x00007ff982c19000 	C:\WINDOWS\SYSTEM32\ntdll.dll
0x00007ff9809e0000 - 0x00007ff980b19000 	C:\WINDOWS\system32\KERNEL32.DLL
0x00007ff9800a0000 - 0x00007ff9801ae000 	C:\WINDOWS\system32\KERNELBASE.dll
0x00007ff97ea00000 - 0x00007ff97ea8b000 	C:\WINDOWS\system32\apphelp.dll
0x00007ff9735d0000 - 0x00007ff97361f000 	C:\WINDOWS\AppPatch\AppPatch64\AcGenral.DLL
0x00007ff980930000 - 0x00007ff9809d7000 	C:\WINDOWS\system32\msvcrt.dll
0x00007ff97fca0000 - 0x00007ff97fccb000 	C:\WINDOWS\SYSTEM32\SspiCli.dll
0x00007ff982650000 - 0x00007ff9826a1000 	C:\WINDOWS\system32\SHLWAPI.dll
0x00007ff980b20000 - 0x00007ff980c91000 	C:\WINDOWS\system32\USER32.dll
0x00007ff980750000 - 0x00007ff9808c6000 	C:\WINDOWS\system32\ole32.dll
0x00007ff980ca0000 - 0x00007ff9820af000 	C:\WINDOWS\system32\SHELL32.dll
0x00007ff97f400000 - 0x00007ff97f41f000 	C:\WINDOWS\SYSTEM32\USERENV.dll
0x00007ff9822a0000 - 0x00007ff982345000 	C:\WINDOWS\system32\ADVAPI32.dll
0x00007ff976be0000 - 0x00007ff976bfb000 	C:\WINDOWS\SYSTEM32\MPR.dll
0x00007ff982770000 - 0x00007ff9828a6000 	C:\WINDOWS\system32\RPCRT4.dll
0x00007ff982710000 - 0x00007ff982767000 	C:\WINDOWS\SYSTEM32\sechost.dll
0x00007ff980310000 - 0x00007ff9804e7000 	C:\WINDOWS\SYSTEM32\combase.dll
0x00007ff982500000 - 0x00007ff982645000 	C:\WINDOWS\system32\GDI32.dll
0x00007ff97fdf0000 - 0x00007ff97fe04000 	C:\WINDOWS\SYSTEM32\profapi.dll
0x00007ff97e420000 - 0x00007ff97e4c1000 	C:\WINDOWS\SYSTEM32\SHCORE.dll
0x00007ff982a30000 - 0x00007ff982a64000 	C:\WINDOWS\system32\IMM32.DLL
0x00007ff9823c0000 - 0x00007ff9824f8000 	C:\WINDOWS\system32\MSCTF.dll
0x00007ff97da00000 - 0x00007ff97dc5a000 	C:\WINDOWS\WinSxS\amd64_microsoft.windows.common-controls_6595b64144ccf1df_6.0.9600.16384_none_62475f7becb72503\COMCTL32.dll
0x0000000075250000 - 0x0000000075321000 	C:\Program Files\Java\jre7\bin\msvcr100.dll
0x0000000074a80000 - 0x0000000075249000 	C:\Program Files\Java\jre7\bin\server\jvm.dll
0x00007ff979ec0000 - 0x00007ff979ec9000 	C:\WINDOWS\SYSTEM32\WSOCK32.dll
0x00007ff976aa0000 - 0x00007ff976abf000 	C:\WINDOWS\SYSTEM32\WINMM.dll
0x00007ff9828b0000 - 0x00007ff9828b7000 	C:\WINDOWS\system32\PSAPI.DLL
0x00007ff9808d0000 - 0x00007ff980928000 	C:\WINDOWS\system32\WS2_32.dll
0x00007ff976a70000 - 0x00007ff976a9a000 	C:\WINDOWS\SYSTEM32\WINMMBASE.dll
0x00007ff980300000 - 0x00007ff980309000 	C:\WINDOWS\system32\NSI.dll
0x00007ff9802b0000 - 0x00007ff9802fa000 	C:\WINDOWS\SYSTEM32\cfgmgr32.dll
0x00007ff97ec70000 - 0x00007ff97ec96000 	C:\WINDOWS\SYSTEM32\DEVOBJ.dll
0x00000000762f0000 - 0x00000000762ff000 	C:\Program Files\Java\jre7\bin\verify.dll
0x0000000074a50000 - 0x0000000074a78000 	C:\Program Files\Java\jre7\bin\java.dll
0x0000000074a30000 - 0x0000000074a45000 	C:\Program Files\Java\jre7\bin\zip.dll
0x0000000065580000 - 0x0000000065610000 	C:\Users\Fathurrohman E\AppData\Local\Temp\libgdxFathurrohman E\5498721d\gdx64.dll
0x0000000180000000 - 0x0000000180050000 	C:\Users\Fathurrohman E\AppData\Local\Temp\libgdxFathurrohman E\4c88a7c1\lwjgl64.dll
0x00007ff961550000 - 0x00007ff961671000 	C:\WINDOWS\SYSTEM32\OPENGL32.dll
0x00007ff97d780000 - 0x00007ff97d78a000 	C:\WINDOWS\SYSTEM32\VERSION.dll
0x00007ff970300000 - 0x00007ff97032c000 	C:\WINDOWS\SYSTEM32\GLU32.dll
0x00007ff961910000 - 0x00007ff961a04000 	C:\WINDOWS\SYSTEM32\DDRAW.dll
0x00007ff978370000 - 0x00007ff978379000 	C:\WINDOWS\SYSTEM32\DCIMAN32.dll
0x000000000b130000 - 0x000000000b194000 	C:\Users\FATHUR~1\AppData\Local\Temp\libgdxFathurrohman E\4c88a7c1\OpenAL64.dll
0x00007ff97ecc0000 - 0x00007ff97ecca000 	C:\WINDOWS\SYSTEM32\kernel.appcore.dll
0x00007ff97fd30000 - 0x00007ff97fd3a000 	C:\WINDOWS\SYSTEM32\CRYPTBASE.dll
0x00007ff97fcd0000 - 0x00007ff97fd2e000 	C:\WINDOWS\SYSTEM32\bcryptPrimitives.dll
0x00007ff97eae0000 - 0x00007ff97ec02000 	C:\WINDOWS\system32\uxtheme.dll
0x00007ff9828c0000 - 0x00007ff982964000 	C:\WINDOWS\SYSTEM32\clbcatq.dll
0x00007ff95d380000 - 0x00007ff95d407000 	C:\WINDOWS\SYSTEM32\dsound.dll
0x00007ff97fc30000 - 0x00007ff97fc75000 	C:\WINDOWS\SYSTEM32\POWRPROF.dll
0x00007ff97cd50000 - 0x00007ff97cdb1000 	C:\WINDOWS\System32\MMDevApi.dll
0x00007ff9736d0000 - 0x00007ff973746000 	C:\WINDOWS\SYSTEM32\AUDIOSES.DLL
0x00007ff982970000 - 0x00007ff982a27000 	C:\WINDOWS\system32\OLEAUT32.dll
0x00007ff97e240000 - 0x00007ff97e261000 	C:\WINDOWS\system32\dwmapi.dll
0x00007ff9710d0000 - 0x00007ff9710e8000 	C:\WINDOWS\SYSTEM32\atig6pxx.dll
0x0000000072dd0000 - 0x0000000074771000 	C:\WINDOWS\SYSTEM32\atio6axx.dll
0x00007ff9820b0000 - 0x00007ff982286000 	C:\WINDOWS\system32\SETUPAPI.dll
0x00007ff97b950000 - 0x00007ff97ba78000 	C:\WINDOWS\SYSTEM32\atiadlxx.dll
0x00007ff97bc10000 - 0x00007ff97bd74000 	C:\WINDOWS\SYSTEM32\PROPSYS.dll
0x00007ff97ea90000 - 0x00007ff97eaa1000 	C:\WINDOWS\SYSTEM32\WTSAPI32.dll
0x00007ff97b8d0000 - 0x00007ff97b8f9000 	C:\WINDOWS\SYSTEM32\IPHLPAPI.DLL
0x00007ff97cea0000 - 0x00007ff97ceaa000 	C:\WINDOWS\SYSTEM32\WINNSI.DLL
0x00007ff980260000 - 0x00007ff9802ae000 	C:\WINDOWS\system32\WINTRUST.dll
0x00007ff97fec0000 - 0x00007ff980097000 	C:\WINDOWS\system32\CRYPT32.dll
0x00007ff97fea0000 - 0x00007ff97feb2000 	C:\WINDOWS\system32\MSASN1.dll
0x00007ff97d800000 - 0x00007ff97d944000 	C:\WINDOWS\SYSTEM32\aticfx64.dll
0x00007ff970ca0000 - 0x00007ff970cbe000 	C:\WINDOWS\SYSTEM32\atig6txx.dll
0x00007ff973c00000 - 0x00007ff973c8d000 	C:\WINDOWS\SYSTEM32\mscms.dll
0x00007ff963520000 - 0x00007ff963561000 	C:\WINDOWS\SYSTEM32\icm32.dll
0x00007ff96f650000 - 0x00007ff96f7d8000 	C:\WINDOWS\SYSTEM32\dbghelp.dll

VM Arguments:
jvm_args: -Dfile.encoding=Cp1252 
java_command: com.infinithinks.pentastic.Main
Launcher Type: SUN_STANDARD

Environment Variables:
PATH=C:\WINDOWS\system32;C:\WINDOWS;C:\WINDOWS\System32\Wbem;C:\WINDOWS\System32\WindowsPowerShell\v1.0\;C:\Program Files (x86)\ATI Technologies\ATI.ACE\Core-Static;C:\Program Files (x86)\SoftKinetic\DepthSenseSDK\bin;e:\Program Files\MATLAB\R2010a\runtime\win64;e:\Program Files\MATLAB\R2010a\bin;C:\Program Files (x86)\Windows Kits\8.0\Windows Performance Toolkit\;C:\Program Files\Microsoft SQL Server\110\Tools\Binn\
USERNAME=Fathurrohman E
OS=Windows_NT
PROCESSOR_IDENTIFIER=Intel64 Family 6 Model 42 Stepping 7, GenuineIntel



---------------  S Y S T E M  ---------------

OS: Windows 8 , 64 bit Build 9200 

CPU:total 4 (2 cores per cpu, 2 threads per core) family 6 model 42 stepping 7, cmov, cx8, fxsr, mmx, sse, sse2, sse3, ssse3, sse4.1, sse4.2, popcnt, avx, ht, tsc, tscinvbit

Memory: 4k page, physical 6268032k(2854712k free), swap 7316608k(2094332k free)

vm_info: Java HotSpot(TM) 64-Bit Server VM (24.0-b56) for windows-amd64 JRE (1.7.0_40-b43), built on Aug 26 2013 22:38:32 by "java_re" with unknown MS VC++:1600

time: Sun Jan 12 16:03:31 2014
elapsed time: 19 seconds

