#
# A fatal error has been detected by the Java Runtime Environment:
#
#  EXCEPTION_ACCESS_VIOLATION (0xc0000005) at pc=0x00000000655a1b9f, pid=7264, tid=6212
#
# JRE version: Java(TM) SE Runtime Environment (7.0_40-b43) (build 1.7.0_40-b43)
# Java VM: Java HotSpot(TM) 64-Bit Server VM (24.0-b56 mixed mode windows-amd64 compressed oops)
# Problematic frame:
# C  [gdx64.dll+0x21b9f]
#
# Failed to write core dump. Minidumps are not enabled by default on client versions of Windows
#
# If you would like to submit a bug report, please visit:
#   http://bugreport.sun.com/bugreport/crash.jsp
# The crash happened outside the Java Virtual Machine in native code.
# See problematic frame for where to report the bug.
#

---------------  T H R E A D  ---------------

Current thread (0x000000000b0ff800):  JavaThread "LWJGL Application" [_thread_in_native, id=6212, stack(0x000000000bd90000,0x000000000be90000)]

siginfo: ExceptionCode=0xc0000005, reading address 0x000000000beef4c8

Registers:
RAX=0x000000000beeae50, RBX=0x000000000bebe0b0, RCX=0x000000000beef4c0, RDX=0x000000000beead90
RSP=0x000000000be8eec0, RBP=0x000000000be8f030, RSI=0x0000000000000002, RDI=0x0000000000000001
R8 =0x000000000bebe0b0, R9 =0x00000000000000db, R10=0x00000000025b3064, R11=0x000000005ec2f7d0
R12=0x0000000000000000, R13=0x000000009b7a17c8, R14=0x000000000be8f060, R15=0x000000000b0ff800
RIP=0x00000000655a1b9f, EFLAGS=0x0000000000010206

Top of Stack: (sp=0x000000000be8eec0)
0x000000000be8eec0:   00001ee61087f6ef 000000005eacf72f
0x000000000be8eed0:   000000009b7a1708 000000005eb5c49f
0x000000000be8eee0:   000000000beead90 00000000024e9140
0x000000000be8eef0:   000000000b0ff800 000000005eaeabb0
0x000000000be8ef00:   0000000000000000 00000000024e9140
0x000000000be8ef10:   0000000000000003 000000000000000e
0x000000000be8ef20:   000000000be80000 00000000025be103
0x000000000be8ef30:   00000000655d3070 00000000655d3928
0x000000000be8ef40:   000000000be8ef70 00000000655a1c31
0x000000000be8ef50:   000000000be8eec0 000000005eaeadce
0x000000000be8ef60:   00000000096bec00 000000009b7d479c
0x000000000be8ef70:   000000000be8f030 00000000655aae75
0x000000000be8ef80:   000000000bebe0b0 000000005eaee25e
0x000000000be8ef90:   000000000be8f508 000000000be8f029
0x000000000be8efa0:   000000009b7a17c8 00000000025b3090
0x000000000be8efb0:   00000000000000b6 000000000b0ff800 

Instructions: (pc=0x00000000655a1b9f)
0x00000000655a1b7f:   90 48 83 7c 24 20 00 74 4b 48 8b 44 24 20 48 8b
0x00000000655a1b8f:   48 70 48 8b 50 68 48 85 c9 48 89 54 24 20 74 e1
0x00000000655a1b9f:   48 8b 41 08 48 8b 94 24 c0 00 00 00 c7 41 30 00
0x00000000655a1baf:   00 00 00 c7 44 24 48 01 00 00 00 48 89 44 24 28 


Register to memory mapping:

RAX=0x000000000beeae50 is an unknown value
RBX=0x000000000bebe0b0 is an unknown value
RCX=0x000000000beef4c0 is an unknown value
RDX=0x000000000beead90 is an unknown value
RSP=0x000000000be8eec0 is pointing into the stack for thread: 0x000000000b0ff800
RBP=0x000000000be8f030 is pointing into the stack for thread: 0x000000000b0ff800
RSI=0x0000000000000002 is an unknown value
RDI=0x0000000000000001 is an unknown value
R8 =0x000000000bebe0b0 is an unknown value
R9 =0x00000000000000db is an unknown value
R10=0x00000000025b3064 is at code_begin+644 in an Interpreter codelet
method entry point (kind = native)  [0x00000000025b2de0, 0x00000000025b3680]  2208 bytes
R11=0x000000005ec2f7d0 is an unknown value
R12=0x0000000000000000 is an unknown value
R13=0x000000009b7a17c8 is an oop
{method} 
 - klass: {other class}
R14=0x000000000be8f060 is pointing into the stack for thread: 0x000000000b0ff800
R15=0x000000000b0ff800 is a thread


Stack: [0x000000000bd90000,0x000000000be90000],  sp=0x000000000be8eec0,  free space=1019k
Native frames: (J=compiled Java code, j=interpreted, Vv=VM code, C=native code)
C  [gdx64.dll+0x21b9f]
j  com.badlogic.gdx.physics.box2d.World.dispose()V+5
j  com.infinithinks.pentastic.entities.Track.dispose()V+4
j  com.infinithinks.pentastic.level.Level_1.dispose()V+18
j  com.infinithinks.pentastic.level.Level_1.hide()V+1
j  com.badlogic.gdx.Game.dispose()V+11
j  com.infinithinks.pentastic.PENtasticMain.dispose()V+1
j  com.badlogic.gdx.backends.lwjgl.LwjglApplication.mainLoop()V+780
j  com.badlogic.gdx.backends.lwjgl.LwjglApplication$1.run()V+27
v  ~StubRoutines::call_stub
V  [jvm.dll+0x1cb013]

Java frames: (J=compiled Java code, j=interpreted, Vv=VM code)
j  com.badlogic.gdx.physics.box2d.World.jniDispose(J)V+0
j  com.badlogic.gdx.physics.box2d.World.dispose()V+5
j  com.infinithinks.pentastic.entities.Track.dispose()V+4
j  com.infinithinks.pentastic.level.Level_1.dispose()V+18
j  com.infinithinks.pentastic.level.Level_1.hide()V+1
j  com.badlogic.gdx.Game.dispose()V+11
j  com.infinithinks.pentastic.PENtasticMain.dispose()V+1
j  com.badlogic.gdx.backends.lwjgl.LwjglApplication.mainLoop()V+780
j  com.badlogic.gdx.backends.lwjgl.LwjglApplication$1.run()V+27
v  ~StubRoutines::call_stub

---------------  P R O C E S S  ---------------

Java Threads: ( => current thread )
  0x000000000b27c000 JavaThread "LWJGL Timer" daemon [_thread_blocked, id=7044, stack(0x000000000f930000,0x000000000fa30000)]
  0x00000000024a0800 JavaThread "DestroyJavaVM" [_thread_blocked, id=13140, stack(0x00000000022e0000,0x00000000023e0000)]
=>0x000000000b0ff800 JavaThread "LWJGL Application" [_thread_in_native, id=6212, stack(0x000000000bd90000,0x000000000be90000)]
  0x00000000096c1800 JavaThread "Service Thread" daemon [_thread_blocked, id=5808, stack(0x000000000ae30000,0x000000000af30000)]
  0x00000000096b9800 JavaThread "C2 CompilerThread1" daemon [_thread_blocked, id=10844, stack(0x000000000ad30000,0x000000000ae30000)]
  0x00000000096b4800 JavaThread "C2 CompilerThread0" daemon [_thread_blocked, id=12680, stack(0x000000000ac30000,0x000000000ad30000)]
  0x00000000096b1800 JavaThread "Attach Listener" daemon [_thread_blocked, id=12272, stack(0x000000000ab30000,0x000000000ac30000)]
  0x00000000096ae800 JavaThread "Signal Dispatcher" daemon [_thread_blocked, id=12648, stack(0x000000000aa30000,0x000000000ab30000)]
  0x000000000967b000 JavaThread "Finalizer" daemon [_thread_blocked, id=9140, stack(0x000000000a930000,0x000000000aa30000)]
  0x0000000009671800 JavaThread "Reference Handler" daemon [_thread_blocked, id=9676, stack(0x000000000a830000,0x000000000a930000)]

Other Threads:
  0x000000000966f000 VMThread [stack: 0x000000000a730000,0x000000000a830000] [id=13144]
  0x00000000096d2000 WatcherThread [stack: 0x000000000af30000,0x000000000b030000] [id=11048]

VM state:not at safepoint (normal execution)

VM Mutex/Monitor currently owned by a thread: None

Heap
 PSYoungGen      total 28672K, used 14534K [0x00000000e0100000, 0x00000000e2100000, 0x0000000100000000)
  eden space 24576K, 59% used [0x00000000e0100000,0x00000000e0f318a8,0x00000000e1900000)
  from space 4096K, 0% used [0x00000000e1d00000,0x00000000e1d00000,0x00000000e2100000)
  to   space 4096K, 0% used [0x00000000e1900000,0x00000000e1900000,0x00000000e1d00000)
 ParOldGen       total 65024K, used 0K [0x00000000a0400000, 0x00000000a4380000, 0x00000000e0100000)
  object space 65024K, 0% used [0x00000000a0400000,0x00000000a0400000,0x00000000a4380000)
 PSPermGen       total 21504K, used 6479K [0x000000009b200000, 0x000000009c700000, 0x00000000a0400000)
  object space 21504K, 30% used [0x000000009b200000,0x000000009b853f08,0x000000009c700000)

Card table byte_map: [0x0000000005660000,0x0000000005990000] byte_map_base: 0x0000000005187000

Polling page: 0x0000000000a40000

Code Cache  [0x00000000025a0000, 0x0000000002810000, 0x00000000055a0000)
 total_blobs=510 nmethods=106 adapters=357 free_code_cache=48504Kb largest_free_block=49650112

Compilation events (10 events):
Event: 10.149 Thread 0x00000000096b9800   99             com.badlogic.gdx.physics.box2d.Box2DDebugRenderer::renderBody (102 bytes)
Event: 10.175 Thread 0x00000000096b9800 nmethod 99 0x00000000026455d0 code [0x00000000026457e0, 0x0000000002645d88]
Event: 10.231 Thread 0x00000000096b4800  100             com.badlogic.gdx.graphics.g2d.BitmapFontCache::addGlyph (337 bytes)
Event: 10.243 Thread 0x00000000096b4800 nmethod 100 0x000000000263e490 code [0x000000000263e680, 0x000000000263ed18]
Event: 10.914 Thread 0x00000000096b4800  105             com.badlogic.gdx.math.Vector3::sub (23 bytes)
Event: 10.914 Thread 0x00000000096b9800  104             com.badlogic.gdx.math.Vector3::sub (17 bytes)
Event: 10.915 Thread 0x00000000096b4800 nmethod 105 0x0000000002639310 code [0x0000000002639440, 0x00000000026394b8]
Event: 10.915 Thread 0x00000000096b9800 nmethod 104 0x0000000002631bd0 code [0x0000000002631d00, 0x0000000002631d98]
Event: 11.024 Thread 0x00000000096b4800  106             com.badlogic.gdx.graphics.Color::clamp (126 bytes)
Event: 11.025 Thread 0x00000000096b4800 nmethod 106 0x0000000002644610 code [0x0000000002644780, 0x0000000002644878]

GC Heap History (0 events):
No events

Deoptimization events (0 events):
No events

Internal exceptions (10 events):
Event: 3.370 Thread 0x000000000b0ff800 Threw 0x00000000e0d837e8 at C:\jdk7u2_64p\jdk7u40\hotspot\src\share\vm\prims\jvm.cpp:1244
Event: 3.371 Thread 0x000000000b0ff800 Threw 0x00000000e0d85510 at C:\jdk7u2_64p\jdk7u40\hotspot\src\share\vm\prims\jvm.cpp:1244
Event: 3.463 Thread 0x000000000b0ff800 Threw 0x00000000e0deeb08 at C:\jdk7u2_64p\jdk7u40\hotspot\src\share\vm\prims\jvm.cpp:1244
Event: 3.464 Thread 0x000000000b0ff800 Threw 0x00000000e0df2b10 at C:\jdk7u2_64p\jdk7u40\hotspot\src\share\vm\prims\jvm.cpp:1244
Event: 3.464 Thread 0x000000000b0ff800 Threw 0x00000000e0df6b60 at C:\jdk7u2_64p\jdk7u40\hotspot\src\share\vm\prims\jvm.cpp:1244
Event: 3.465 Thread 0x000000000b0ff800 Threw 0x00000000e0dfb028 at C:\jdk7u2_64p\jdk7u40\hotspot\src\share\vm\prims\jvm.cpp:1244
Event: 3.465 Thread 0x000000000b0ff800 Threw 0x00000000e0dfef50 at C:\jdk7u2_64p\jdk7u40\hotspot\src\share\vm\prims\jvm.cpp:1244
Event: 3.466 Thread 0x000000000b0ff800 Threw 0x00000000e0e03328 at C:\jdk7u2_64p\jdk7u40\hotspot\src\share\vm\prims\jvm.cpp:1244
Event: 3.498 Thread 0x000000000b0ff800 Threw 0x00000000e0e08de8 at C:\jdk7u2_64p\jdk7u40\hotspot\src\share\vm\prims\jvm.cpp:1244
Event: 11.759 Thread 0x000000000b0ff800 Threw 0x00000000e0eaacd0 at C:\jdk7u2_64p\jdk7u40\hotspot\src\share\vm\prims\jvm.cpp:1244

Events (10 events):
Event: 3.465 loading class 0x00000000096d3610
Event: 3.465 loading class 0x00000000096d3610 done
Event: 3.466 loading class 0x000000000b20c010
Event: 3.466 loading class 0x000000000b20c010 done
Event: 3.498 loading class 0x000000000b096ff0
Event: 3.498 loading class 0x000000000b096ff0 done
Event: 4.090 Executing VM operation: EnableBiasedLocking
Event: 4.090 Executing VM operation: EnableBiasedLocking done
Event: 11.759 loading class 0x00000000096f4cf0
Event: 11.759 loading class 0x00000000096f4cf0 done


Dynamic libraries:
0x00007ff79b9f0000 - 0x00007ff79ba23000 	C:\Program Files\Java\jre7\bin\javaw.exe
0x00007ff8e6620000 - 0x00007ff8e67c9000 	C:\WINDOWS\SYSTEM32\ntdll.dll
0x00007ff8e4600000 - 0x00007ff8e4739000 	C:\WINDOWS\system32\KERNEL32.DLL
0x00007ff8e3da0000 - 0x00007ff8e3eae000 	C:\WINDOWS\system32\KERNELBASE.dll
0x00007ff8e25d0000 - 0x00007ff8e265b000 	C:\WINDOWS\system32\apphelp.dll
0x00007ff8d38b0000 - 0x00007ff8d38ff000 	C:\WINDOWS\AppPatch\AppPatch64\AcGenral.DLL
0x00007ff8e4c20000 - 0x00007ff8e4cc7000 	C:\WINDOWS\system32\msvcrt.dll
0x00007ff8e37e0000 - 0x00007ff8e380b000 	C:\WINDOWS\SYSTEM32\SspiCli.dll
0x00007ff8e63d0000 - 0x00007ff8e6421000 	C:\WINDOWS\system32\SHLWAPI.dll
0x00007ff8e4d70000 - 0x00007ff8e4ee1000 	C:\WINDOWS\system32\USER32.dll
0x00007ff8e4aa0000 - 0x00007ff8e4c16000 	C:\WINDOWS\system32\ole32.dll
0x00007ff8e4f00000 - 0x00007ff8e630f000 	C:\WINDOWS\system32\SHELL32.dll
0x00007ff8e2fb0000 - 0x00007ff8e2fcf000 	C:\WINDOWS\SYSTEM32\USERENV.dll
0x00007ff8e6310000 - 0x00007ff8e63b5000 	C:\WINDOWS\system32\ADVAPI32.dll
0x00007ff8da3e0000 - 0x00007ff8da3fb000 	C:\WINDOWS\SYSTEM32\MPR.dll
0x00007ff8e4740000 - 0x00007ff8e4876000 	C:\WINDOWS\system32\RPCRT4.dll
0x00007ff8e4d10000 - 0x00007ff8e4d67000 	C:\WINDOWS\SYSTEM32\sechost.dll
0x00007ff8e6430000 - 0x00007ff8e6607000 	C:\WINDOWS\SYSTEM32\combase.dll
0x00007ff8e4110000 - 0x00007ff8e4255000 	C:\WINDOWS\system32\GDI32.dll
0x00007ff8e39a0000 - 0x00007ff8e39b4000 	C:\WINDOWS\SYSTEM32\profapi.dll
0x00007ff8e2030000 - 0x00007ff8e20d1000 	C:\WINDOWS\SYSTEM32\SHCORE.dll
0x00007ff8e4cd0000 - 0x00007ff8e4d04000 	C:\WINDOWS\system32\IMM32.DLL
0x00007ff8e3f20000 - 0x00007ff8e4058000 	C:\WINDOWS\system32\MSCTF.dll
0x00007ff8e0e50000 - 0x00007ff8e10aa000 	C:\WINDOWS\WinSxS\amd64_microsoft.windows.common-controls_6595b64144ccf1df_6.0.9600.16384_none_62475f7becb72503\COMCTL32.dll
0x000000005f220000 - 0x000000005f2f1000 	C:\Program Files\Java\jre7\bin\msvcr100.dll
0x000000005ea50000 - 0x000000005f219000 	C:\Program Files\Java\jre7\bin\server\jvm.dll
0x00007ff8d6c20000 - 0x00007ff8d6c29000 	C:\WINDOWS\SYSTEM32\WSOCK32.dll
0x00007ff8d91f0000 - 0x00007ff8d920f000 	C:\WINDOWS\SYSTEM32\WINMM.dll
0x00007ff8e3f10000 - 0x00007ff8e3f17000 	C:\WINDOWS\system32\PSAPI.DLL
0x00007ff8e49a0000 - 0x00007ff8e49f8000 	C:\WINDOWS\system32\WS2_32.dll
0x00007ff8d7680000 - 0x00007ff8d76aa000 	C:\WINDOWS\SYSTEM32\WINMMBASE.dll
0x00007ff8e63c0000 - 0x00007ff8e63c9000 	C:\WINDOWS\system32\NSI.dll
0x00007ff8e3d50000 - 0x00007ff8e3d9a000 	C:\WINDOWS\SYSTEM32\cfgmgr32.dll
0x00007ff8e2830000 - 0x00007ff8e2856000 	C:\WINDOWS\SYSTEM32\DEVOBJ.dll
0x0000000060240000 - 0x000000006024f000 	C:\Program Files\Java\jre7\bin\verify.dll
0x000000005f4f0000 - 0x000000005f518000 	C:\Program Files\Java\jre7\bin\java.dll
0x000000005ea30000 - 0x000000005ea45000 	C:\Program Files\Java\jre7\bin\zip.dll
0x0000000065580000 - 0x0000000065610000 	C:\Users\Fathurrohman E\AppData\Local\Temp\libgdxFathurrohman E\5498721d\gdx64.dll
0x0000000180000000 - 0x0000000180050000 	C:\Users\Fathurrohman E\AppData\Local\Temp\libgdxFathurrohman E\4c88a7c1\lwjgl64.dll
0x00007ff8d3780000 - 0x00007ff8d38a1000 	C:\WINDOWS\SYSTEM32\OPENGL32.dll
0x00007ff8e1120000 - 0x00007ff8e112a000 	C:\WINDOWS\SYSTEM32\VERSION.dll
0x00007ff8d6ae0000 - 0x00007ff8d6b0c000 	C:\WINDOWS\SYSTEM32\GLU32.dll
0x00007ff8c5440000 - 0x00007ff8c5534000 	C:\WINDOWS\SYSTEM32\DDRAW.dll
0x00007ff8deb20000 - 0x00007ff8deb29000 	C:\WINDOWS\SYSTEM32\DCIMAN32.dll
0x000000000b450000 - 0x000000000b4b4000 	C:\Users\FATHUR~1\AppData\Local\Temp\libgdxFathurrohman E\4c88a7c1\OpenAL64.dll
0x00007ff8e26a0000 - 0x00007ff8e26aa000 	C:\WINDOWS\SYSTEM32\kernel.appcore.dll
0x00007ff8e3870000 - 0x00007ff8e387a000 	C:\WINDOWS\SYSTEM32\CRYPTBASE.dll
0x00007ff8e3810000 - 0x00007ff8e386e000 	C:\WINDOWS\SYSTEM32\bcryptPrimitives.dll
0x00007ff8e26b0000 - 0x00007ff8e27d2000 	C:\WINDOWS\system32\uxtheme.dll
0x00007ff8e4060000 - 0x00007ff8e4104000 	C:\WINDOWS\SYSTEM32\clbcatq.dll
0x00007ff8d3920000 - 0x00007ff8d39a7000 	C:\WINDOWS\SYSTEM32\dsound.dll
0x00007ff8e3940000 - 0x00007ff8e3985000 	C:\WINDOWS\SYSTEM32\POWRPROF.dll
0x00007ff8e00d0000 - 0x00007ff8e0131000 	C:\WINDOWS\System32\MMDevApi.dll
0x00007ff8d6c60000 - 0x00007ff8d6cd6000 	C:\WINDOWS\SYSTEM32\AUDIOSES.DLL
0x00007ff8e48e0000 - 0x00007ff8e4997000 	C:\WINDOWS\system32\OLEAUT32.dll
0x00007ff8e1df0000 - 0x00007ff8e1e11000 	C:\WINDOWS\system32\dwmapi.dll
0x00007ff8d47a0000 - 0x00007ff8d47b8000 	C:\WINDOWS\SYSTEM32\atig6pxx.dll
0x000000005d040000 - 0x000000005e9e1000 	C:\WINDOWS\SYSTEM32\atio6axx.dll
0x00007ff8e4400000 - 0x00007ff8e45d6000 	C:\WINDOWS\system32\SETUPAPI.dll
0x00007ff8de2f0000 - 0x00007ff8de418000 	C:\WINDOWS\SYSTEM32\atiadlxx.dll
0x00007ff8dfdd0000 - 0x00007ff8dff34000 	C:\WINDOWS\SYSTEM32\PROPSYS.dll
0x00007ff8e25b0000 - 0x00007ff8e25c1000 	C:\WINDOWS\SYSTEM32\WTSAPI32.dll
0x00007ff8dfda0000 - 0x00007ff8dfdc9000 	C:\WINDOWS\SYSTEM32\IPHLPAPI.DLL
0x00007ff8dfd30000 - 0x00007ff8dfd3a000 	C:\WINDOWS\SYSTEM32\WINNSI.DLL
0x00007ff8e3c50000 - 0x00007ff8e3c9e000 	C:\WINDOWS\system32\WINTRUST.dll
0x00007ff8e3a70000 - 0x00007ff8e3c47000 	C:\WINDOWS\system32\CRYPT32.dll
0x00007ff8e3a50000 - 0x00007ff8e3a62000 	C:\WINDOWS\system32\MSASN1.dll
0x00007ff8de960000 - 0x00007ff8deaa4000 	C:\WINDOWS\SYSTEM32\aticfx64.dll
0x00007ff8d4780000 - 0x00007ff8d479e000 	C:\WINDOWS\SYSTEM32\atig6txx.dll
0x00007ff8d4590000 - 0x00007ff8d461d000 	C:\WINDOWS\SYSTEM32\mscms.dll
0x00007ff8d3730000 - 0x00007ff8d3771000 	C:\WINDOWS\SYSTEM32\icm32.dll
0x00007ff8c48c0000 - 0x00007ff8c4a48000 	C:\WINDOWS\SYSTEM32\dbghelp.dll

VM Arguments:
jvm_args: -Dfile.encoding=Cp1252 
java_command: com.infinithinks.pentastic.Main
Launcher Type: SUN_STANDARD

Environment Variables:
PATH=C:\WINDOWS\system32;C:\WINDOWS;C:\WINDOWS\System32\Wbem;C:\WINDOWS\System32\WindowsPowerShell\v1.0\;C:\Program Files (x86)\ATI Technologies\ATI.ACE\Core-Static;C:\Program Files (x86)\SoftKinetic\DepthSenseSDK\bin;e:\Program Files\MATLAB\R2010a\runtime\win64;e:\Program Files\MATLAB\R2010a\bin;C:\Program Files (x86)\Windows Kits\8.0\Windows Performance Toolkit\;C:\Program Files\Microsoft SQL Server\110\Tools\Binn\
USERNAME=Fathurrohman E
OS=Windows_NT
PROCESSOR_IDENTIFIER=Intel64 Family 6 Model 42 Stepping 7, GenuineIntel



---------------  S Y S T E M  ---------------

OS: Windows 8 , 64 bit Build 9200 

CPU:total 4 (2 cores per cpu, 2 threads per core) family 6 model 42 stepping 7, cmov, cx8, fxsr, mmx, sse, sse2, sse3, ssse3, sse4.1, sse4.2, popcnt, avx, ht, tsc, tscinvbit

Memory: 4k page, physical 6268032k(2757332k free), swap 9865796k(3672232k free)

vm_info: Java HotSpot(TM) 64-Bit Server VM (24.0-b56) for windows-amd64 JRE (1.7.0_40-b43), built on Aug 26 2013 22:38:32 by "java_re" with unknown MS VC++:1600

time: Fri Jan 31 10:16:21 2014
elapsed time: 11 seconds

