#
# A fatal error has been detected by the Java Runtime Environment:
#
#  EXCEPTION_ACCESS_VIOLATION (0xc0000005) at pc=0x00000000655a1b9f, pid=5820, tid=1448
#
# JRE version: Java(TM) SE Runtime Environment (7.0_40-b43) (build 1.7.0_40-b43)
# Java VM: Java HotSpot(TM) 64-Bit Server VM (24.0-b56 mixed mode windows-amd64 compressed oops)
# Problematic frame:
# C  [gdx64.dll+0x21b9f]
#
# Failed to write core dump. Minidumps are not enabled by default on client versions of Windows
#
# If you would like to submit a bug report, please visit:
#   http://bugreport.sun.com/bugreport/crash.jsp
# The crash happened outside the Java Virtual Machine in native code.
# See problematic frame for where to report the bug.
#

---------------  T H R E A D  ---------------

Current thread (0x000000000acae800):  JavaThread "LWJGL Application" [_thread_in_native, id=1448, stack(0x000000000b930000,0x000000000ba30000)]

siginfo: ExceptionCode=0xc0000005, reading address 0x0000000010be4748

Registers:
RAX=0x0000000010be02b0, RBX=0x000000000ba4a820, RCX=0x0000000010be4740, RDX=0x0000000010be01f0
RSP=0x000000000ba2ecc0, RBP=0x000000000ba2ee30, RSI=0x0000000000000002, RDI=0x0000000000000000
R8 =0x000000000ba4a820, R9 =0x00000000000000db, R10=0x00000000021b3064, R11=0x000000005ec2f7d0
R12=0x0000000000000000, R13=0x000000009b723ab0, R14=0x000000000ba2ee60, R15=0x000000000acae800
RIP=0x00000000655a1b9f, EFLAGS=0x0000000000010202

Top of Stack: (sp=0x000000000ba2ecc0)
0x000000000ba2ecc0:   00001c3b33f7d1e8 000000005eacf72f
0x000000000ba2ecd0:   000000009b7239f0 000000005eb5c49f
0x000000000ba2ece0:   0000000010be01f0 00000000020eb420
0x000000000ba2ecf0:   000000000acae800 000000005eaeabb0
0x000000000ba2ed00:   0000000000000000 00000000020eb420
0x000000000ba2ed10:   0000000000000003 000000000000000e
0x000000000ba2ed20:   000000000ba20000 00000000021be103
0x000000000ba2ed30:   00000000655d3070 00000000655d3928
0x000000000ba2ed40:   000000000ba2ed70 00000000655a1c31
0x000000000ba2ed50:   000000000ba2ecc0 000000005eaeadce
0x000000000ba2ed60:   00000000092c0900 000000009b75c85c
0x000000000ba2ed70:   000000000ba2ee30 00000000655aae75
0x000000000ba2ed80:   000000000ba4a820 000000005eaee25e
0x000000000ba2ed90:   000000000ba2f308 000000000ba2ee29
0x000000000ba2eda0:   000000009b723ab0 00000000021b3090
0x000000000ba2edb0:   00000000000000b6 000000000acae800 

Instructions: (pc=0x00000000655a1b9f)
0x00000000655a1b7f:   90 48 83 7c 24 20 00 74 4b 48 8b 44 24 20 48 8b
0x00000000655a1b8f:   48 70 48 8b 50 68 48 85 c9 48 89 54 24 20 74 e1
0x00000000655a1b9f:   48 8b 41 08 48 8b 94 24 c0 00 00 00 c7 41 30 00
0x00000000655a1baf:   00 00 00 c7 44 24 48 01 00 00 00 48 89 44 24 28 


Register to memory mapping:

RAX=0x0000000010be02b0 is an unknown value
RBX=0x000000000ba4a820 is an unknown value
RCX=0x0000000010be4740 is an unknown value
RDX=0x0000000010be01f0 is an unknown value
RSP=0x000000000ba2ecc0 is pointing into the stack for thread: 0x000000000acae800
RBP=0x000000000ba2ee30 is pointing into the stack for thread: 0x000000000acae800
RSI=0x0000000000000002 is an unknown value
RDI=0x0000000000000000 is an unknown value
R8 =0x000000000ba4a820 is an unknown value
R9 =0x00000000000000db is an unknown value
R10=0x00000000021b3064 is at code_begin+644 in an Interpreter codelet
method entry point (kind = native)  [0x00000000021b2de0, 0x00000000021b3680]  2208 bytes
R11=0x000000005ec2f7d0 is an unknown value
R12=0x0000000000000000 is an unknown value
R13=0x000000009b723ab0 is an oop
{method} 
 - klass: {other class}
R14=0x000000000ba2ee60 is pointing into the stack for thread: 0x000000000acae800
R15=0x000000000acae800 is a thread


Stack: [0x000000000b930000,0x000000000ba30000],  sp=0x000000000ba2ecc0,  free space=1019k
Native frames: (J=compiled Java code, j=interpreted, Vv=VM code, C=native code)
C  [gdx64.dll+0x21b9f]
j  com.badlogic.gdx.physics.box2d.World.dispose()V+5
j  com.infinithinks.pentastic.entities.Track.dispose()V+4
j  com.infinithinks.pentastic.level.Level_1.dispose()V+18
j  com.infinithinks.pentastic.level.Level_1.hide()V+1
j  com.badlogic.gdx.Game.dispose()V+11
j  com.infinithinks.pentastic.PENtasticMain.dispose()V+1
j  com.badlogic.gdx.backends.lwjgl.LwjglApplication.mainLoop()V+780
j  com.badlogic.gdx.backends.lwjgl.LwjglApplication$1.run()V+27
v  ~StubRoutines::call_stub
V  [jvm.dll+0x1cb013]

Java frames: (J=compiled Java code, j=interpreted, Vv=VM code)
j  com.badlogic.gdx.physics.box2d.World.jniDispose(J)V+0
j  com.badlogic.gdx.physics.box2d.World.dispose()V+5
j  com.infinithinks.pentastic.entities.Track.dispose()V+4
j  com.infinithinks.pentastic.level.Level_1.dispose()V+18
j  com.infinithinks.pentastic.level.Level_1.hide()V+1
j  com.badlogic.gdx.Game.dispose()V+11
j  com.infinithinks.pentastic.PENtasticMain.dispose()V+1
j  com.badlogic.gdx.backends.lwjgl.LwjglApplication.mainLoop()V+780
j  com.badlogic.gdx.backends.lwjgl.LwjglApplication$1.run()V+27
v  ~StubRoutines::call_stub

---------------  P R O C E S S  ---------------

Java Threads: ( => current thread )
  0x000000000ae7b000 JavaThread "LWJGL Timer" daemon [_thread_blocked, id=8940, stack(0x0000000010de0000,0x0000000010ee0000)]
  0x00000000020a0800 JavaThread "DestroyJavaVM" [_thread_blocked, id=9436, stack(0x0000000001fa0000,0x00000000020a0000)]
=>0x000000000acae800 JavaThread "LWJGL Application" [_thread_in_native, id=1448, stack(0x000000000b930000,0x000000000ba30000)]
  0x00000000092ce000 JavaThread "Service Thread" daemon [_thread_blocked, id=5136, stack(0x000000000aa40000,0x000000000ab40000)]
  0x00000000092be000 JavaThread "C2 CompilerThread1" daemon [_thread_blocked, id=9536, stack(0x000000000a940000,0x000000000aa40000)]
  0x00000000092b3800 JavaThread "C2 CompilerThread0" daemon [_thread_blocked, id=9696, stack(0x000000000a840000,0x000000000a940000)]
  0x00000000092b3000 JavaThread "Attach Listener" daemon [_thread_blocked, id=7536, stack(0x000000000a740000,0x000000000a840000)]
  0x00000000092af800 JavaThread "Signal Dispatcher" daemon [_thread_blocked, id=9456, stack(0x000000000a640000,0x000000000a740000)]
  0x000000000927c800 JavaThread "Finalizer" daemon [_thread_blocked, id=8736, stack(0x000000000a540000,0x000000000a640000)]
  0x0000000009273800 JavaThread "Reference Handler" daemon [_thread_blocked, id=5476, stack(0x000000000a440000,0x000000000a540000)]

Other Threads:
  0x0000000009271000 VMThread [stack: 0x000000000a340000,0x000000000a440000] [id=7292]
  0x00000000092d6800 WatcherThread [stack: 0x000000000ab40000,0x000000000ac40000] [id=4824]

VM state:not at safepoint (normal execution)

VM Mutex/Monitor currently owned by a thread: None

Heap
 PSYoungGen      total 28672K, used 12107K [0x00000000e0100000, 0x00000000e2100000, 0x0000000100000000)
  eden space 24576K, 49% used [0x00000000e0100000,0x00000000e0cd2cd8,0x00000000e1900000)
  from space 4096K, 0% used [0x00000000e1d00000,0x00000000e1d00000,0x00000000e2100000)
  to   space 4096K, 0% used [0x00000000e1900000,0x00000000e1900000,0x00000000e1d00000)
 ParOldGen       total 65024K, used 0K [0x00000000a0400000, 0x00000000a4380000, 0x00000000e0100000)
  object space 65024K, 0% used [0x00000000a0400000,0x00000000a0400000,0x00000000a4380000)
 PSPermGen       total 21504K, used 6144K [0x000000009b200000, 0x000000009c700000, 0x00000000a0400000)
  object space 21504K, 28% used [0x000000009b200000,0x000000009b800050,0x000000009c700000)

Card table byte_map: [0x0000000005260000,0x0000000005590000] byte_map_base: 0x0000000004d87000

Polling page: 0x0000000000630000

Code Cache  [0x00000000021a0000, 0x0000000002410000, 0x00000000051a0000)
 total_blobs=474 nmethods=76 adapters=351 free_code_cache=48557Kb largest_free_block=49701952

Compilation events (10 events):
Event: 6.215 Thread 0x00000000092b3800   72             org.lwjgl.opengl.Sync$RunningAvg::avg (37 bytes)
Event: 6.216 Thread 0x00000000092be000   73             sun.misc.FloatingDecimal::countBits (80 bytes)
Event: 6.219 Thread 0x00000000092b3800 nmethod 72 0x00000000022333d0 code [0x0000000002233500, 0x0000000002233618]
Event: 6.219 Thread 0x00000000092be000 nmethod 73 0x0000000002233110 code [0x0000000002233240, 0x0000000002233318]
Event: 6.266 Thread 0x00000000092b3800   74             com.badlogic.gdx.graphics.VertexAttributes::get (7 bytes)
Event: 6.268 Thread 0x00000000092b3800 nmethod 74 0x0000000002232e90 code [0x0000000002232fc0, 0x0000000002233058]
Event: 6.283 Thread 0x00000000092be000   75             java.lang.String::getChars (62 bytes)
Event: 6.287 Thread 0x00000000092be000 nmethod 75 0x0000000002232ad0 code [0x0000000002232c20, 0x0000000002232d38]
Event: 6.882 Thread 0x00000000092b3800   76             com.badlogic.gdx.utils.ObjectIntMap::get (84 bytes)
Event: 6.897 Thread 0x00000000092b3800 nmethod 76 0x00000000022373d0 code [0x0000000002237560, 0x0000000002237b28]

GC Heap History (0 events):
No events

Deoptimization events (0 events):
No events

Internal exceptions (10 events):
Event: 1.134 Thread 0x000000000acae800 Threw 0x00000000e0bdc078 at C:\jdk7u2_64p\jdk7u40\hotspot\src\share\vm\prims\jvm.cpp:1244
Event: 1.135 Thread 0x000000000acae800 Threw 0x00000000e0be0108 at C:\jdk7u2_64p\jdk7u40\hotspot\src\share\vm\prims\jvm.cpp:1244
Event: 1.136 Thread 0x000000000acae800 Threw 0x00000000e0be42b0 at C:\jdk7u2_64p\jdk7u40\hotspot\src\share\vm\prims\jvm.cpp:1244
Event: 1.137 Thread 0x000000000acae800 Threw 0x00000000e0be7e38 at C:\jdk7u2_64p\jdk7u40\hotspot\src\share\vm\prims\jvm.cpp:1244
Event: 1.138 Thread 0x000000000acae800 Threw 0x00000000e0bec210 at C:\jdk7u2_64p\jdk7u40\hotspot\src\share\vm\prims\jvm.cpp:1244
Event: 1.164 Thread 0x000000000acae800 Threw 0x00000000e0bf1900 at C:\jdk7u2_64p\jdk7u40\hotspot\src\share\vm\prims\jvm.cpp:1244
Event: 1.165 Thread 0x000000000acae800 Threw 0x00000000e0bf56e8 at C:\jdk7u2_64p\jdk7u40\hotspot\src\share\vm\prims\jvm.cpp:1244
Event: 1.166 Thread 0x000000000acae800 Threw 0x00000000e0bf9258 at C:\jdk7u2_64p\jdk7u40\hotspot\src\share\vm\prims\jvm.cpp:1244
Event: 1.184 Thread 0x000000000acae800 Threw 0x00000000e0bfc838 at C:\jdk7u2_64p\jdk7u40\hotspot\src\share\vm\prims\jvm.cpp:1244
Event: 7.578 Thread 0x000000000acae800 Threw 0x00000000e0c77828 at C:\jdk7u2_64p\jdk7u40\hotspot\src\share\vm\prims\jvm.cpp:1244

Events (10 events):
Event: 1.165 loading class 0x000000000ae99580 done
Event: 1.166 loading class 0x000000000afeecf0
Event: 1.166 loading class 0x000000000afeecf0 done
Event: 1.167 Thread 0x000000000ae7b000 Thread added: 0x000000000ae7b000
Event: 1.184 loading class 0x000000000ad3bba0
Event: 1.184 loading class 0x000000000ad3bba0 done
Event: 4.090 Executing VM operation: EnableBiasedLocking
Event: 4.090 Executing VM operation: EnableBiasedLocking done
Event: 7.578 loading class 0x00000000092e7010
Event: 7.578 loading class 0x00000000092e7010 done


Dynamic libraries:
0x00007ff701950000 - 0x00007ff701983000 	C:\Program Files\Java\jre7\bin\javaw.exe
0x00007ff8e6620000 - 0x00007ff8e67c9000 	C:\WINDOWS\SYSTEM32\ntdll.dll
0x00007ff8e4600000 - 0x00007ff8e4739000 	C:\WINDOWS\system32\KERNEL32.DLL
0x00007ff8e3da0000 - 0x00007ff8e3eae000 	C:\WINDOWS\system32\KERNELBASE.dll
0x00007ff8e25d0000 - 0x00007ff8e265b000 	C:\WINDOWS\system32\apphelp.dll
0x00007ff8d6d50000 - 0x00007ff8d6d9f000 	C:\WINDOWS\AppPatch\AppPatch64\AcGenral.DLL
0x00007ff8e4c20000 - 0x00007ff8e4cc7000 	C:\WINDOWS\system32\msvcrt.dll
0x00007ff8e37e0000 - 0x00007ff8e380b000 	C:\WINDOWS\SYSTEM32\SspiCli.dll
0x00007ff8e63d0000 - 0x00007ff8e6421000 	C:\WINDOWS\system32\SHLWAPI.dll
0x00007ff8e4d70000 - 0x00007ff8e4ee1000 	C:\WINDOWS\system32\USER32.dll
0x00007ff8e4aa0000 - 0x00007ff8e4c16000 	C:\WINDOWS\system32\ole32.dll
0x00007ff8e4f00000 - 0x00007ff8e630f000 	C:\WINDOWS\system32\SHELL32.dll
0x00007ff8e2fb0000 - 0x00007ff8e2fcf000 	C:\WINDOWS\SYSTEM32\USERENV.dll
0x00007ff8e6310000 - 0x00007ff8e63b5000 	C:\WINDOWS\system32\ADVAPI32.dll
0x00007ff8da3e0000 - 0x00007ff8da3fb000 	C:\WINDOWS\SYSTEM32\MPR.dll
0x00007ff8e4740000 - 0x00007ff8e4876000 	C:\WINDOWS\system32\RPCRT4.dll
0x00007ff8e4d10000 - 0x00007ff8e4d67000 	C:\WINDOWS\SYSTEM32\sechost.dll
0x00007ff8e6430000 - 0x00007ff8e6607000 	C:\WINDOWS\SYSTEM32\combase.dll
0x00007ff8e4110000 - 0x00007ff8e4255000 	C:\WINDOWS\system32\GDI32.dll
0x00007ff8e39a0000 - 0x00007ff8e39b4000 	C:\WINDOWS\SYSTEM32\profapi.dll
0x00007ff8e2030000 - 0x00007ff8e20d1000 	C:\WINDOWS\SYSTEM32\SHCORE.dll
0x00007ff8e4cd0000 - 0x00007ff8e4d04000 	C:\WINDOWS\system32\IMM32.DLL
0x00007ff8e3f20000 - 0x00007ff8e4058000 	C:\WINDOWS\system32\MSCTF.dll
0x00007ff8e0e50000 - 0x00007ff8e10aa000 	C:\WINDOWS\WinSxS\amd64_microsoft.windows.common-controls_6595b64144ccf1df_6.0.9600.16384_none_62475f7becb72503\COMCTL32.dll
0x000000005f220000 - 0x000000005f2f1000 	C:\Program Files\Java\jre7\bin\msvcr100.dll
0x000000005ea50000 - 0x000000005f219000 	C:\Program Files\Java\jre7\bin\server\jvm.dll
0x00007ff8e0500000 - 0x00007ff8e0509000 	C:\WINDOWS\SYSTEM32\WSOCK32.dll
0x00007ff8d91f0000 - 0x00007ff8d920f000 	C:\WINDOWS\SYSTEM32\WINMM.dll
0x00007ff8e3f10000 - 0x00007ff8e3f17000 	C:\WINDOWS\system32\PSAPI.DLL
0x00007ff8e49a0000 - 0x00007ff8e49f8000 	C:\WINDOWS\system32\WS2_32.dll
0x00007ff8d7680000 - 0x00007ff8d76aa000 	C:\WINDOWS\SYSTEM32\WINMMBASE.dll
0x00007ff8e63c0000 - 0x00007ff8e63c9000 	C:\WINDOWS\system32\NSI.dll
0x00007ff8e3d50000 - 0x00007ff8e3d9a000 	C:\WINDOWS\SYSTEM32\cfgmgr32.dll
0x00007ff8e2830000 - 0x00007ff8e2856000 	C:\WINDOWS\SYSTEM32\DEVOBJ.dll
0x0000000060240000 - 0x000000006024f000 	C:\Program Files\Java\jre7\bin\verify.dll
0x000000005f4f0000 - 0x000000005f518000 	C:\Program Files\Java\jre7\bin\java.dll
0x000000005ea30000 - 0x000000005ea45000 	C:\Program Files\Java\jre7\bin\zip.dll
0x0000000065580000 - 0x0000000065610000 	C:\Users\Fathurrohman E\AppData\Local\Temp\libgdxFathurrohman E\5498721d\gdx64.dll
0x0000000180000000 - 0x0000000180050000 	C:\Users\Fathurrohman E\AppData\Local\Temp\libgdxFathurrohman E\4c88a7c1\lwjgl64.dll
0x00007ff8c07f0000 - 0x00007ff8c0911000 	C:\WINDOWS\SYSTEM32\OPENGL32.dll
0x00007ff8e1120000 - 0x00007ff8e112a000 	C:\WINDOWS\SYSTEM32\VERSION.dll
0x00007ff8deab0000 - 0x00007ff8deadc000 	C:\WINDOWS\SYSTEM32\GLU32.dll
0x00007ff8c06f0000 - 0x00007ff8c07e4000 	C:\WINDOWS\SYSTEM32\DDRAW.dll
0x00007ff8deb20000 - 0x00007ff8deb29000 	C:\WINDOWS\SYSTEM32\DCIMAN32.dll
0x000000000b0c0000 - 0x000000000b124000 	C:\Users\FATHUR~1\AppData\Local\Temp\libgdxFathurrohman E\4c88a7c1\OpenAL64.dll
0x00007ff8e26a0000 - 0x00007ff8e26aa000 	C:\WINDOWS\SYSTEM32\kernel.appcore.dll
0x00007ff8e3870000 - 0x00007ff8e387a000 	C:\WINDOWS\SYSTEM32\CRYPTBASE.dll
0x00007ff8e3810000 - 0x00007ff8e386e000 	C:\WINDOWS\SYSTEM32\bcryptPrimitives.dll
0x00007ff8e26b0000 - 0x00007ff8e27d2000 	C:\WINDOWS\system32\uxtheme.dll
0x00007ff8e4060000 - 0x00007ff8e4104000 	C:\WINDOWS\SYSTEM32\clbcatq.dll
0x00007ff8c5b70000 - 0x00007ff8c5bf7000 	C:\WINDOWS\SYSTEM32\dsound.dll
0x00007ff8e3940000 - 0x00007ff8e3985000 	C:\WINDOWS\SYSTEM32\POWRPROF.dll
0x00007ff8e00d0000 - 0x00007ff8e0131000 	C:\WINDOWS\System32\MMDevApi.dll
0x00007ff8d6c60000 - 0x00007ff8d6cd6000 	C:\WINDOWS\SYSTEM32\AUDIOSES.DLL
0x00007ff8e48e0000 - 0x00007ff8e4997000 	C:\WINDOWS\system32\OLEAUT32.dll
0x00007ff8e1df0000 - 0x00007ff8e1e11000 	C:\WINDOWS\system32\dwmapi.dll
0x00007ff8da320000 - 0x00007ff8da338000 	C:\WINDOWS\SYSTEM32\atig6pxx.dll
0x000000005d040000 - 0x000000005e9e1000 	C:\WINDOWS\SYSTEM32\atio6axx.dll
0x00007ff8e4400000 - 0x00007ff8e45d6000 	C:\WINDOWS\system32\SETUPAPI.dll
0x00007ff8de2f0000 - 0x00007ff8de418000 	C:\WINDOWS\SYSTEM32\atiadlxx.dll
0x00007ff8dfdd0000 - 0x00007ff8dff34000 	C:\WINDOWS\SYSTEM32\PROPSYS.dll
0x00007ff8e25b0000 - 0x00007ff8e25c1000 	C:\WINDOWS\SYSTEM32\WTSAPI32.dll
0x00007ff8dfda0000 - 0x00007ff8dfdc9000 	C:\WINDOWS\SYSTEM32\IPHLPAPI.DLL
0x00007ff8dfd30000 - 0x00007ff8dfd3a000 	C:\WINDOWS\SYSTEM32\WINNSI.DLL
0x00007ff8e3c50000 - 0x00007ff8e3c9e000 	C:\WINDOWS\system32\WINTRUST.dll
0x00007ff8e3a70000 - 0x00007ff8e3c47000 	C:\WINDOWS\system32\CRYPT32.dll
0x00007ff8e3a50000 - 0x00007ff8e3a62000 	C:\WINDOWS\system32\MSASN1.dll
0x00007ff8de960000 - 0x00007ff8deaa4000 	C:\WINDOWS\SYSTEM32\aticfx64.dll
0x00007ff8d8e50000 - 0x00007ff8d8e6e000 	C:\WINDOWS\SYSTEM32\atig6txx.dll
0x00007ff8c53e0000 - 0x00007ff8c546d000 	C:\WINDOWS\SYSTEM32\mscms.dll
0x00007ff8c45a0000 - 0x00007ff8c45e1000 	C:\WINDOWS\SYSTEM32\icm32.dll
0x00007ff8c48c0000 - 0x00007ff8c4a48000 	C:\WINDOWS\SYSTEM32\dbghelp.dll

VM Arguments:
jvm_args: -Dfile.encoding=Cp1252 
java_command: com.infinithinks.pentastic.Main
Launcher Type: SUN_STANDARD

Environment Variables:
PATH=C:\WINDOWS\system32;C:\WINDOWS;C:\WINDOWS\System32\Wbem;C:\WINDOWS\System32\WindowsPowerShell\v1.0\;C:\Program Files (x86)\ATI Technologies\ATI.ACE\Core-Static;C:\Program Files (x86)\SoftKinetic\DepthSenseSDK\bin;e:\Program Files\MATLAB\R2010a\runtime\win64;e:\Program Files\MATLAB\R2010a\bin;C:\Program Files (x86)\Windows Kits\8.0\Windows Performance Toolkit\;C:\Program Files\Microsoft SQL Server\110\Tools\Binn\
USERNAME=Fathurrohman E
OS=Windows_NT
PROCESSOR_IDENTIFIER=Intel64 Family 6 Model 42 Stepping 7, GenuineIntel



---------------  S Y S T E M  ---------------

OS: Windows 8 , 64 bit Build 9200 

CPU:total 4 (2 cores per cpu, 2 threads per core) family 6 model 42 stepping 7, cmov, cx8, fxsr, mmx, sse, sse2, sse3, ssse3, sse4.1, sse4.2, popcnt, avx, ht, tsc, tscinvbit

Memory: 4k page, physical 6268032k(2051252k free), swap 7316608k(1718380k free)

vm_info: Java HotSpot(TM) 64-Bit Server VM (24.0-b56) for windows-amd64 JRE (1.7.0_40-b43), built on Aug 26 2013 22:38:32 by "java_re" with unknown MS VC++:1600

time: Wed Jan 29 13:08:49 2014
elapsed time: 7 seconds

