#
# A fatal error has been detected by the Java Runtime Environment:
#
#  EXCEPTION_ACCESS_VIOLATION (0xc0000005) at pc=0x000000006559fbec, pid=11572, tid=908
#
# JRE version: Java(TM) SE Runtime Environment (7.0_40-b43) (build 1.7.0_40-b43)
# Java VM: Java HotSpot(TM) 64-Bit Server VM (24.0-b56 mixed mode windows-amd64 compressed oops)
# Problematic frame:
# C  [gdx64.dll+0x1fbec]
#
# Failed to write core dump. Minidumps are not enabled by default on client versions of Windows
#
# If you would like to submit a bug report, please visit:
#   http://bugreport.sun.com/bugreport/crash.jsp
# The crash happened outside the Java Virtual Machine in native code.
# See problematic frame for where to report the bug.
#

---------------  T H R E A D  ---------------

Current thread (0x000000000b8a0000):  JavaThread "LWJGL Application" [_thread_in_native, id=908, stack(0x000000000c390000,0x000000000c490000)]

siginfo: ExceptionCode=0xc0000005, reading address 0x0000000000000000

Registers:
RAX=0x0000000000000000, RBX=0x000000000c4db970, RCX=0x0000000000000000, RDX=0x000000000c4aa820
RSP=0x000000000c48edb0, RBP=0x000000000c48ef60, RSI=0x000000000c4aa820, RDI=0x0000000000000000
R8 =0x000000000c4aa820, R9 =0x00000000000000db, R10=0x0000000002cb3064, R11=0x000000007452f7d0
R12=0x0000000000000000, R13=0x000000009b706748, R14=0x000000000c48ef90, R15=0x000000000b8a0000
RIP=0x000000006559fbec, EFLAGS=0x0000000000010246

Top of Stack: (sp=0x000000000c48edb0)
0x000000000c48edb0:   0000000009dba1b8 0000000074425c01
0x000000000c48edc0:   000000000b8a0000 000000000c4aa820
0x000000000c48edd0:   000000000c4aa820 0000000000000001
0x000000000c48ede0:   0000000000000000 00000000655a1bc4
0x000000000c48edf0:   00000fafe3110cb7 00000000743cf72f
0x000000000c48ee00:   000000009b706688 000000007445c49f
0x000000000c48ee10:   000000000c4d7780 0000000000000000
0x000000000c48ee20:   000000000b8a0000 00000000743eabb0
0x000000000c48ee30:   0000000000000000 0000000000000001
0x000000000c48ee40:   0000000000000003 000000000000000e
0x000000000c48ee50:   000000000c480000 0000000002cbe103
0x000000000c48ee60:   00000000655d3070 00000000655d3928
0x000000000c48ee70:   000000000c48eea0 00000000655a1c31
0x000000000c48ee80:   000000000c48edf0 00000000743eadce
0x000000000c48ee90:   0000000009db7900 000000009b73f2ec
0x000000000c48eea0:   000000000c48ef60 00000000655aae75 

Instructions: (pc=0x000000006559fbec)
0x000000006559fbcc:   00 00 00 00 57 56 53 48 83 ec 20 8b 41 30 48 89
0x000000006559fbdc:   cb 48 89 d6 85 c0 0f 85 a8 00 00 00 48 8b 4b 18
0x000000006559fbec:   48 8b 01 ff 50 18 48 8b 53 28 41 89 c0 48 89 f1
0x000000006559fbfc:   41 c1 e0 05 e8 fb b9 fe ff 48 8b 7b 18 48 c7 43 


Register to memory mapping:

RAX=0x0000000000000000 is an unknown value
RBX=0x000000000c4db970 is an unknown value
RCX=0x0000000000000000 is an unknown value
RDX=0x000000000c4aa820 is an unknown value
RSP=0x000000000c48edb0 is pointing into the stack for thread: 0x000000000b8a0000
RBP=0x000000000c48ef60 is pointing into the stack for thread: 0x000000000b8a0000
RSI=0x000000000c4aa820 is an unknown value
RDI=0x0000000000000000 is an unknown value
R8 =0x000000000c4aa820 is an unknown value
R9 =0x00000000000000db is an unknown value
R10=0x0000000002cb3064 is at code_begin+644 in an Interpreter codelet
method entry point (kind = native)  [0x0000000002cb2de0, 0x0000000002cb3680]  2208 bytes
R11=0x000000007452f7d0 is an unknown value
R12=0x0000000000000000 is an unknown value
R13=0x000000009b706748 is an oop
{method} 
 - klass: {other class}
R14=0x000000000c48ef90 is pointing into the stack for thread: 0x000000000b8a0000
R15=0x000000000b8a0000 is a thread


Stack: [0x000000000c390000,0x000000000c490000],  sp=0x000000000c48edb0,  free space=1019k
Native frames: (J=compiled Java code, j=interpreted, Vv=VM code, C=native code)
C  [gdx64.dll+0x1fbec]
j  com.badlogic.gdx.physics.box2d.World.dispose()V+5
j  com.infinithinks.pentastic.entities.Track.dispose()V+4
j  com.infinithinks.pentastic.level.Level_1.dispose()V+18
j  com.infinithinks.pentastic.level.Level_1.hide()V+1
j  com.badlogic.gdx.Game.dispose()V+11
j  com.infinithinks.pentastic.PENtasticMain.dispose()V+1
j  com.badlogic.gdx.backends.lwjgl.LwjglApplication.mainLoop()V+780
j  com.badlogic.gdx.backends.lwjgl.LwjglApplication$1.run()V+27
v  ~StubRoutines::call_stub
V  [jvm.dll+0x1cb013]

Java frames: (J=compiled Java code, j=interpreted, Vv=VM code)
j  com.badlogic.gdx.physics.box2d.World.jniDispose(J)V+0
j  com.badlogic.gdx.physics.box2d.World.dispose()V+5
j  com.infinithinks.pentastic.entities.Track.dispose()V+4
j  com.infinithinks.pentastic.level.Level_1.dispose()V+18
j  com.infinithinks.pentastic.level.Level_1.hide()V+1
j  com.badlogic.gdx.Game.dispose()V+11
j  com.infinithinks.pentastic.PENtasticMain.dispose()V+1
j  com.badlogic.gdx.backends.lwjgl.LwjglApplication.mainLoop()V+780
j  com.badlogic.gdx.backends.lwjgl.LwjglApplication$1.run()V+27
v  ~StubRoutines::call_stub

---------------  P R O C E S S  ---------------

Java Threads: ( => current thread )
  0x000000000b887000 JavaThread "LWJGL Timer" daemon [_thread_blocked, id=7540, stack(0x0000000011000000,0x0000000011100000)]
  0x0000000002ba0800 JavaThread "DestroyJavaVM" [_thread_blocked, id=100, stack(0x0000000002a40000,0x0000000002b40000)]
=>0x000000000b8a0000 JavaThread "LWJGL Application" [_thread_in_native, id=908, stack(0x000000000c390000,0x000000000c490000)]
  0x0000000009dc7000 JavaThread "Service Thread" daemon [_thread_blocked, id=9812, stack(0x000000000b530000,0x000000000b630000)]
  0x0000000009db4800 JavaThread "C2 CompilerThread1" daemon [_thread_blocked, id=4332, stack(0x000000000b430000,0x000000000b530000)]
  0x0000000009db3000 JavaThread "C2 CompilerThread0" daemon [_thread_blocked, id=10284, stack(0x000000000b330000,0x000000000b430000)]
  0x0000000009db1800 JavaThread "Attach Listener" daemon [_thread_blocked, id=7872, stack(0x000000000b230000,0x000000000b330000)]
  0x0000000009dae800 JavaThread "Signal Dispatcher" daemon [_thread_blocked, id=7912, stack(0x000000000b130000,0x000000000b230000)]
  0x0000000009d7b000 JavaThread "Finalizer" daemon [_thread_blocked, id=10660, stack(0x000000000b030000,0x000000000b130000)]
  0x0000000009d71800 JavaThread "Reference Handler" daemon [_thread_blocked, id=9156, stack(0x000000000af30000,0x000000000b030000)]

Other Threads:
  0x0000000009d6f000 VMThread [stack: 0x000000000ae30000,0x000000000af30000] [id=10144]
  0x0000000009dd9000 WatcherThread [stack: 0x000000000b630000,0x000000000b730000] [id=10824]

VM state:not at safepoint (normal execution)

VM Mutex/Monitor currently owned by a thread: None

Heap
 PSYoungGen      total 28672K, used 10132K [0x00000000e0100000, 0x00000000e2100000, 0x0000000100000000)
  eden space 24576K, 41% used [0x00000000e0100000,0x00000000e0ae5030,0x00000000e1900000)
  from space 4096K, 0% used [0x00000000e1d00000,0x00000000e1d00000,0x00000000e2100000)
  to   space 4096K, 0% used [0x00000000e1900000,0x00000000e1900000,0x00000000e1d00000)
 ParOldGen       total 65024K, used 0K [0x00000000a0400000, 0x00000000a4380000, 0x00000000e0100000)
  object space 65024K, 0% used [0x00000000a0400000,0x00000000a0400000,0x00000000a4380000)
 PSPermGen       total 21504K, used 5823K [0x000000009b200000, 0x000000009c700000, 0x00000000a0400000)
  object space 21504K, 27% used [0x000000009b200000,0x000000009b7afe00,0x000000009c700000)

Card table byte_map: [0x0000000005d60000,0x0000000006090000] byte_map_base: 0x0000000005887000

Polling page: 0x00000000029c0000

Code Cache  [0x0000000002ca0000, 0x0000000002f10000, 0x0000000005ca0000)
 total_blobs=455 nmethods=65 adapters=343 free_code_cache=48584Kb largest_free_block=49721472

Compilation events (10 events):
Event: 13.888 Thread 0x0000000009db3000   60             com.badlogic.gdx.utils.ObjectIntMap::get (84 bytes)
Event: 13.901 Thread 0x0000000009db3000 nmethod 60 0x0000000002d2c710 code [0x0000000002d2c8a0, 0x0000000002d2ce68]
Event: 13.904 Thread 0x0000000009db4800   61             java.nio.HeapByteBuffer::ix (7 bytes)
Event: 13.905 Thread 0x0000000009db4800 nmethod 61 0x0000000002d2a190 code [0x0000000002d2a2c0, 0x0000000002d2a318]
Event: 14.954 Thread 0x0000000009db3000   62             com.badlogic.gdx.physics.box2d.Body::getType (39 bytes)
Event: 14.954 Thread 0x0000000009db4800   64             com.badlogic.gdx.utils.Array$ArrayIterator::hasNext (20 bytes)
Event: 14.956 Thread 0x0000000009db4800 nmethod 64 0x0000000002d29f50 code [0x0000000002d2a080, 0x0000000002d2a0f8]
Event: 14.956 Thread 0x0000000009db3000 nmethod 62 0x0000000002d2c0d0 code [0x0000000002d2c220, 0x0000000002d2c2c8]
Event: 16.221 Thread 0x0000000009db4800   65             org.lwjgl.opengl.ReferencesStack::getReferences (10 bytes)
Event: 16.223 Thread 0x0000000009db4800 nmethod 65 0x0000000002d2be50 code [0x0000000002d2bf80, 0x0000000002d2c018]

GC Heap History (0 events):
No events

Deoptimization events (0 events):
No events

Internal exceptions (10 events):
Event: 1.034 Thread 0x000000000b8a0000 Threw 0x00000000e0a65bf8 at C:\jdk7u2_64p\jdk7u40\hotspot\src\share\vm\prims\jvm.cpp:1244
Event: 1.035 Thread 0x000000000b8a0000 Threw 0x00000000e0a69c00 at C:\jdk7u2_64p\jdk7u40\hotspot\src\share\vm\prims\jvm.cpp:1244
Event: 1.035 Thread 0x000000000b8a0000 Threw 0x00000000e0a6df90 at C:\jdk7u2_64p\jdk7u40\hotspot\src\share\vm\prims\jvm.cpp:1244
Event: 1.036 Thread 0x000000000b8a0000 Threw 0x00000000e0a72458 at C:\jdk7u2_64p\jdk7u40\hotspot\src\share\vm\prims\jvm.cpp:1244
Event: 1.037 Thread 0x000000000b8a0000 Threw 0x00000000e0a75fe0 at C:\jdk7u2_64p\jdk7u40\hotspot\src\share\vm\prims\jvm.cpp:1244
Event: 1.037 Thread 0x000000000b8a0000 Threw 0x00000000e0a7a328 at C:\jdk7u2_64p\jdk7u40\hotspot\src\share\vm\prims\jvm.cpp:1244
Event: 1.070 Thread 0x000000000b8a0000 Threw 0x00000000e0a7edb8 at C:\jdk7u2_64p\jdk7u40\hotspot\src\share\vm\prims\jvm.cpp:1244
Event: 1.071 Thread 0x000000000b8a0000 Threw 0x00000000e0a82e78 at C:\jdk7u2_64p\jdk7u40\hotspot\src\share\vm\prims\jvm.cpp:1244
Event: 1.072 Thread 0x000000000b8a0000 Threw 0x00000000e0a869e8 at C:\jdk7u2_64p\jdk7u40\hotspot\src\share\vm\prims\jvm.cpp:1244
Event: 17.872 Thread 0x000000000b8a0000 Threw 0x00000000e0ab6298 at C:\jdk7u2_64p\jdk7u40\hotspot\src\share\vm\prims\jvm.cpp:1244

Events (10 events):
Event: 1.070 loading class 0x000000000b8939f0 done
Event: 1.071 loading class 0x000000000ba2bd80
Event: 1.071 loading class 0x000000000ba2bd80 done
Event: 1.072 loading class 0x000000000b8c7b20
Event: 1.072 loading class 0x000000000b8c7b20 done
Event: 1.073 Thread 0x000000000b887000 Thread added: 0x000000000b887000
Event: 4.099 Executing VM operation: EnableBiasedLocking
Event: 4.099 Executing VM operation: EnableBiasedLocking done
Event: 17.872 loading class 0x0000000009dfd710
Event: 17.872 loading class 0x0000000009dfd710 done


Dynamic libraries:
0x00007ff60bfe0000 - 0x00007ff60c013000 	C:\Program Files\Java\jre7\bin\javaw.exe
0x00007ffaec2d0000 - 0x00007ffaec479000 	C:\WINDOWS\SYSTEM32\ntdll.dll
0x00007ffaeaba0000 - 0x00007ffaeacd9000 	C:\WINDOWS\system32\KERNEL32.DLL
0x00007ffae9720000 - 0x00007ffae982e000 	C:\WINDOWS\system32\KERNELBASE.dll
0x00007ffae8280000 - 0x00007ffae830b000 	C:\WINDOWS\system32\apphelp.dll
0x00007ffacfa20000 - 0x00007ffacfa6f000 	C:\WINDOWS\AppPatch\AppPatch64\AcGenral.DLL
0x00007ffaea630000 - 0x00007ffaea6d7000 	C:\WINDOWS\system32\msvcrt.dll
0x00007ffae9500000 - 0x00007ffae952b000 	C:\WINDOWS\SYSTEM32\SspiCli.dll
0x00007ffae9da0000 - 0x00007ffae9df1000 	C:\WINDOWS\system32\SHLWAPI.dll
0x00007ffaead40000 - 0x00007ffaeaeb1000 	C:\WINDOWS\system32\USER32.dll
0x00007ffaea840000 - 0x00007ffaea9b6000 	C:\WINDOWS\system32\ole32.dll
0x00007ffaeaec0000 - 0x00007ffaec2cf000 	C:\WINDOWS\system32\SHELL32.dll
0x00007ffae8c60000 - 0x00007ffae8c7f000 	C:\WINDOWS\SYSTEM32\USERENV.dll
0x00007ffae9bd0000 - 0x00007ffae9c75000 	C:\WINDOWS\system32\ADVAPI32.dll
0x00007ffadff60000 - 0x00007ffadff7b000 	C:\WINDOWS\SYSTEM32\MPR.dll
0x00007ffaea700000 - 0x00007ffaea836000 	C:\WINDOWS\system32\RPCRT4.dll
0x00007ffae9ca0000 - 0x00007ffae9cf7000 	C:\WINDOWS\SYSTEM32\sechost.dll
0x00007ffae9ff0000 - 0x00007ffaea1c7000 	C:\WINDOWS\SYSTEM32\combase.dll
0x00007ffaea430000 - 0x00007ffaea575000 	C:\WINDOWS\system32\GDI32.dll
0x00007ffae9650000 - 0x00007ffae9664000 	C:\WINDOWS\SYSTEM32\profapi.dll
0x00007ffae7c80000 - 0x00007ffae7d21000 	C:\WINDOWS\SYSTEM32\SHCORE.dll
0x00007ffae9d00000 - 0x00007ffae9d34000 	C:\WINDOWS\system32\IMM32.DLL
0x00007ffae9e00000 - 0x00007ffae9f38000 	C:\WINDOWS\system32\MSCTF.dll
0x00007ffae7260000 - 0x00007ffae74ba000 	C:\WINDOWS\WinSxS\amd64_microsoft.windows.common-controls_6595b64144ccf1df_6.0.9600.16384_none_62475f7becb72503\COMCTL32.dll
0x0000000075380000 - 0x0000000075451000 	C:\Program Files\Java\jre7\bin\msvcr100.dll
0x0000000074350000 - 0x0000000074b19000 	C:\Program Files\Java\jre7\bin\server\jvm.dll
0x00007ffae5bf0000 - 0x00007ffae5bf9000 	C:\WINDOWS\SYSTEM32\WSOCK32.dll
0x00007ffadfde0000 - 0x00007ffadfdff000 	C:\WINDOWS\SYSTEM32\WINMM.dll
0x00007ffaea6f0000 - 0x00007ffaea6f7000 	C:\WINDOWS\system32\PSAPI.DLL
0x00007ffaeace0000 - 0x00007ffaead38000 	C:\WINDOWS\system32\WS2_32.dll
0x00007ffadfdb0000 - 0x00007ffadfdda000 	C:\WINDOWS\SYSTEM32\WINMMBASE.dll
0x00007ffaea6e0000 - 0x00007ffaea6e9000 	C:\WINDOWS\system32\NSI.dll
0x00007ffae9830000 - 0x00007ffae987a000 	C:\WINDOWS\SYSTEM32\cfgmgr32.dll
0x00007ffae84d0000 - 0x00007ffae84f6000 	C:\WINDOWS\SYSTEM32\DEVOBJ.dll
0x00000000762a0000 - 0x00000000762af000 	C:\Program Files\Java\jre7\bin\verify.dll
0x0000000075350000 - 0x0000000075378000 	C:\Program Files\Java\jre7\bin\java.dll
0x0000000075330000 - 0x0000000075345000 	C:\Program Files\Java\jre7\bin\zip.dll
0x0000000065580000 - 0x0000000065610000 	C:\Users\Fathurrohman E\AppData\Local\Temp\libgdxFathurrohman E\5498721d\gdx64.dll
0x0000000180000000 - 0x0000000180050000 	C:\Users\Fathurrohman E\AppData\Local\Temp\libgdxFathurrohman E\4c88a7c1\lwjgl64.dll
0x00007ffacab90000 - 0x00007ffacacb1000 	C:\WINDOWS\SYSTEM32\OPENGL32.dll
0x00007ffae7100000 - 0x00007ffae710a000 	C:\WINDOWS\SYSTEM32\VERSION.dll
0x00007ffadc710000 - 0x00007ffadc73c000 	C:\WINDOWS\SYSTEM32\GLU32.dll
0x00007ffacaa90000 - 0x00007ffacab84000 	C:\WINDOWS\SYSTEM32\DDRAW.dll
0x00007ffae3990000 - 0x00007ffae3999000 	C:\WINDOWS\SYSTEM32\DCIMAN32.dll
0x000000000bb30000 - 0x000000000bb94000 	C:\Users\FATHUR~1\AppData\Local\Temp\libgdxFathurrohman E\4c88a7c1\OpenAL64.dll
0x00007ffae8520000 - 0x00007ffae852a000 	C:\WINDOWS\SYSTEM32\kernel.appcore.dll
0x00007ffae9590000 - 0x00007ffae959a000 	C:\WINDOWS\SYSTEM32\CRYPTBASE.dll
0x00007ffae9530000 - 0x00007ffae958e000 	C:\WINDOWS\SYSTEM32\bcryptPrimitives.dll
0x00007ffae8340000 - 0x00007ffae8462000 	C:\WINDOWS\system32\uxtheme.dll
0x00007ffaea580000 - 0x00007ffaea624000 	C:\WINDOWS\SYSTEM32\clbcatq.dll
0x00007ffad9b70000 - 0x00007ffad9bf7000 	C:\WINDOWS\SYSTEM32\dsound.dll
0x00007ffae9490000 - 0x00007ffae94d5000 	C:\WINDOWS\SYSTEM32\POWRPROF.dll
0x00007ffae6ef0000 - 0x00007ffae6f51000 	C:\WINDOWS\System32\MMDevApi.dll
0x00007ffadcb80000 - 0x00007ffadcbf6000 	C:\WINDOWS\SYSTEM32\AUDIOSES.DLL
0x00007ffaea370000 - 0x00007ffaea427000 	C:\WINDOWS\system32\OLEAUT32.dll
0x00007ffae7aa0000 - 0x00007ffae7ac1000 	C:\WINDOWS\system32\dwmapi.dll
0x00007ffae1e50000 - 0x00007ffae1e68000 	C:\WINDOWS\SYSTEM32\atig6pxx.dll
0x00000000729a0000 - 0x0000000074341000 	C:\WINDOWS\SYSTEM32\atio6axx.dll
0x00007ffaea9c0000 - 0x00007ffaeab96000 	C:\WINDOWS\system32\SETUPAPI.dll
0x00007ffae4ed0000 - 0x00007ffae4ff8000 	C:\WINDOWS\SYSTEM32\atiadlxx.dll
0x00007ffae54c0000 - 0x00007ffae5624000 	C:\WINDOWS\SYSTEM32\PROPSYS.dll
0x00007ffae8260000 - 0x00007ffae8271000 	C:\WINDOWS\SYSTEM32\WTSAPI32.dll
0x00007ffae5240000 - 0x00007ffae5269000 	C:\WINDOWS\SYSTEM32\IPHLPAPI.DLL
0x00007ffae63c0000 - 0x00007ffae63ca000 	C:\WINDOWS\SYSTEM32\WINNSI.DLL
0x00007ffae9930000 - 0x00007ffae997e000 	C:\WINDOWS\system32\WINTRUST.dll
0x00007ffae9980000 - 0x00007ffae9b57000 	C:\WINDOWS\system32\CRYPT32.dll
0x00007ffae9700000 - 0x00007ffae9712000 	C:\WINDOWS\system32\MSASN1.dll
0x00007ffae7110000 - 0x00007ffae7254000 	C:\WINDOWS\SYSTEM32\aticfx64.dll
0x00007ffae0ea0000 - 0x00007ffae0ebe000 	C:\WINDOWS\SYSTEM32\atig6txx.dll
0x00007ffac7cb0000 - 0x00007ffac7d3d000 	C:\WINDOWS\SYSTEM32\mscms.dll
0x00007ffad98c0000 - 0x00007ffad9901000 	C:\WINDOWS\SYSTEM32\icm32.dll
0x00007ffad4130000 - 0x00007ffad42b8000 	C:\WINDOWS\SYSTEM32\dbghelp.dll

VM Arguments:
jvm_args: -Dfile.encoding=Cp1252 
java_command: com.infinithinks.pentastic.Main
Launcher Type: SUN_STANDARD

Environment Variables:
PATH=C:\WINDOWS\system32;C:\WINDOWS;C:\WINDOWS\System32\Wbem;C:\WINDOWS\System32\WindowsPowerShell\v1.0\;C:\Program Files (x86)\ATI Technologies\ATI.ACE\Core-Static;C:\Program Files (x86)\SoftKinetic\DepthSenseSDK\bin;e:\Program Files\MATLAB\R2010a\runtime\win64;e:\Program Files\MATLAB\R2010a\bin;C:\Program Files (x86)\Windows Kits\8.0\Windows Performance Toolkit\;C:\Program Files\Microsoft SQL Server\110\Tools\Binn\
USERNAME=Fathurrohman E
OS=Windows_NT
PROCESSOR_IDENTIFIER=Intel64 Family 6 Model 42 Stepping 7, GenuineIntel



---------------  S Y S T E M  ---------------

OS: Windows 8 , 64 bit Build 9200 

CPU:total 4 (2 cores per cpu, 2 threads per core) family 6 model 42 stepping 7, cmov, cx8, fxsr, mmx, sse, sse2, sse3, ssse3, sse4.1, sse4.2, popcnt, avx, ht, tsc, tscinvbit

Memory: 4k page, physical 6268032k(2081400k free), swap 8402008k(2201660k free)

vm_info: Java HotSpot(TM) 64-Bit Server VM (24.0-b56) for windows-amd64 JRE (1.7.0_40-b43), built on Aug 26 2013 22:38:32 by "java_re" with unknown MS VC++:1600

time: Sat Jan 11 15:53:41 2014
elapsed time: 17 seconds

