#
# A fatal error has been detected by the Java Runtime Environment:
#
#  EXCEPTION_ACCESS_VIOLATION (0xc0000005) at pc=0x00000000655a1b9f, pid=2484, tid=4808
#
# JRE version: Java(TM) SE Runtime Environment (7.0_40-b43) (build 1.7.0_40-b43)
# Java VM: Java HotSpot(TM) 64-Bit Server VM (24.0-b56 mixed mode windows-amd64 compressed oops)
# Problematic frame:
# C  [gdx64.dll+0x21b9f]
#
# Failed to write core dump. Minidumps are not enabled by default on client versions of Windows
#
# If you would like to submit a bug report, please visit:
#   http://bugreport.sun.com/bugreport/crash.jsp
# The crash happened outside the Java Virtual Machine in native code.
# See problematic frame for where to report the bug.
#

---------------  T H R E A D  ---------------

Current thread (0x000000000ae08000):  JavaThread "LWJGL Application" [_thread_in_native, id=4808, stack(0x000000000b9a0000,0x000000000baa0000)]

siginfo: ExceptionCode=0xc0000005, reading address 0x000000000bb18958

Registers:
RAX=0x000000000bb144c0, RBX=0x000000000bae7720, RCX=0x000000000bb18950, RDX=0x000000000bb14400
RSP=0x000000000ba9f220, RBP=0x000000000ba9f390, RSI=0x0000000000000001, RDI=0x0000000000000002
R8 =0x000000000bae7720, R9 =0x00000000000000db, R10=0x0000000002183064, R11=0x000000007378f7d0
R12=0x0000000000000000, R13=0x000000009b7a4228, R14=0x000000000ba9f3c0, R15=0x000000000ae08000
RIP=0x00000000655a1b9f, EFLAGS=0x0000000000010206

Top of Stack: (sp=0x000000000ba9f220)
0x000000000ba9f220:   000017f134f67316 000000007362f72f
0x000000000ba9f230:   000000009b7a4168 00000000736bc49f
0x000000000ba9f240:   000000000bb14400 00000000020b9140
0x000000000ba9f250:   000000000ae08000 000000007364abb0
0x000000000ba9f260:   0000000000000000 00000000020b9140
0x000000000ba9f270:   0000000000000003 000000000000000e
0x000000000ba9f280:   000000000ba90000 000000000218e103
0x000000000ba9f290:   00000000655d3070 00000000655d3928
0x000000000ba9f2a0:   000000000ba9f2d0 00000000655a1c31
0x000000000ba9f2b0:   000000000ba9f220 000000007364adce
0x000000000ba9f2c0:   000000000928af00 000000009b7d70cc
0x000000000ba9f2d0:   000000000ba9f390 00000000655aae75
0x000000000ba9f2e0:   000000000bae7720 000000007364e25e
0x000000000ba9f2f0:   000000000ba9f868 000000000ba9f389
0x000000000ba9f300:   000000009b7a4228 0000000002183090
0x000000000ba9f310:   00000000000000b6 000000000ae08000 

Instructions: (pc=0x00000000655a1b9f)
0x00000000655a1b7f:   90 48 83 7c 24 20 00 74 4b 48 8b 44 24 20 48 8b
0x00000000655a1b8f:   48 70 48 8b 50 68 48 85 c9 48 89 54 24 20 74 e1
0x00000000655a1b9f:   48 8b 41 08 48 8b 94 24 c0 00 00 00 c7 41 30 00
0x00000000655a1baf:   00 00 00 c7 44 24 48 01 00 00 00 48 89 44 24 28 


Register to memory mapping:

RAX=0x000000000bb144c0 is an unknown value
RBX=0x000000000bae7720 is an unknown value
RCX=0x000000000bb18950 is an unknown value
RDX=0x000000000bb14400 is an unknown value
RSP=0x000000000ba9f220 is pointing into the stack for thread: 0x000000000ae08000
RBP=0x000000000ba9f390 is pointing into the stack for thread: 0x000000000ae08000
RSI=0x0000000000000001 is an unknown value
RDI=0x0000000000000002 is an unknown value
R8 =0x000000000bae7720 is an unknown value
R9 =0x00000000000000db is an unknown value
R10=0x0000000002183064 is at code_begin+644 in an Interpreter codelet
method entry point (kind = native)  [0x0000000002182de0, 0x0000000002183680]  2208 bytes
R11=0x000000007378f7d0 is an unknown value
R12=0x0000000000000000 is an unknown value
R13=0x000000009b7a4228 is an oop
{method} 
 - klass: {other class}
R14=0x000000000ba9f3c0 is pointing into the stack for thread: 0x000000000ae08000
R15=0x000000000ae08000 is a thread


Stack: [0x000000000b9a0000,0x000000000baa0000],  sp=0x000000000ba9f220,  free space=1020k
Native frames: (J=compiled Java code, j=interpreted, Vv=VM code, C=native code)
C  [gdx64.dll+0x21b9f]
j  com.badlogic.gdx.physics.box2d.World.dispose()V+5
j  com.infinithinks.pentastic.entities.Track.dispose()V+4
j  com.infinithinks.pentastic.level.Level_1.dispose()V+18
j  com.infinithinks.pentastic.level.Level_1.hide()V+1
j  com.badlogic.gdx.Game.dispose()V+11
j  com.infinithinks.pentastic.PENtasticMain.dispose()V+1
j  com.badlogic.gdx.backends.lwjgl.LwjglApplication.mainLoop()V+780
j  com.badlogic.gdx.backends.lwjgl.LwjglApplication$1.run()V+27
v  ~StubRoutines::call_stub
V  [jvm.dll+0x1cb013]

Java frames: (J=compiled Java code, j=interpreted, Vv=VM code)
j  com.badlogic.gdx.physics.box2d.World.jniDispose(J)V+0
j  com.badlogic.gdx.physics.box2d.World.dispose()V+5
j  com.infinithinks.pentastic.entities.Track.dispose()V+4
j  com.infinithinks.pentastic.level.Level_1.dispose()V+18
j  com.infinithinks.pentastic.level.Level_1.hide()V+1
j  com.badlogic.gdx.Game.dispose()V+11
j  com.infinithinks.pentastic.PENtasticMain.dispose()V+1
j  com.badlogic.gdx.backends.lwjgl.LwjglApplication.mainLoop()V+780
j  com.badlogic.gdx.backends.lwjgl.LwjglApplication$1.run()V+27
v  ~StubRoutines::call_stub

---------------  P R O C E S S  ---------------

Java Threads: ( => current thread )
  0x000000000ae05800 JavaThread "LWJGL Timer" daemon [_thread_blocked, id=2944, stack(0x0000000010180000,0x0000000010280000)]
  0x000000000ae06800 JavaThread "DestroyJavaVM" [_thread_blocked, id=4824, stack(0x0000000001ed0000,0x0000000001fd0000)]
=>0x000000000ae08000 JavaThread "LWJGL Application" [_thread_in_native, id=4808, stack(0x000000000b9a0000,0x000000000baa0000)]
  0x0000000009298800 JavaThread "Service Thread" daemon [_thread_blocked, id=5224, stack(0x000000000a9f0000,0x000000000aaf0000)]
  0x0000000009285800 JavaThread "C2 CompilerThread1" daemon [_thread_blocked, id=4436, stack(0x000000000a8f0000,0x000000000a9f0000)]
  0x0000000009284000 JavaThread "C2 CompilerThread0" daemon [_thread_blocked, id=3624, stack(0x000000000a7f0000,0x000000000a8f0000)]
  0x0000000009282800 JavaThread "Attach Listener" daemon [_thread_blocked, id=2040, stack(0x000000000a6f0000,0x000000000a7f0000)]
  0x000000000927f800 JavaThread "Signal Dispatcher" daemon [_thread_blocked, id=1076, stack(0x000000000a5f0000,0x000000000a6f0000)]
  0x000000000924c000 JavaThread "Finalizer" daemon [_thread_blocked, id=4640, stack(0x000000000a4f0000,0x000000000a5f0000)]
  0x0000000009242800 JavaThread "Reference Handler" daemon [_thread_blocked, id=4912, stack(0x000000000a3f0000,0x000000000a4f0000)]

Other Threads:
  0x0000000009240000 VMThread [stack: 0x000000000a2f0000,0x000000000a3f0000] [id=296]
  0x00000000092aa000 WatcherThread [stack: 0x000000000aaf0000,0x000000000abf0000] [id=2188]

VM state:not at safepoint (normal execution)

VM Mutex/Monitor currently owned by a thread: None

Heap
 PSYoungGen      total 28672K, used 15582K [0x00000000e0100000, 0x00000000e2100000, 0x0000000100000000)
  eden space 24576K, 63% used [0x00000000e0100000,0x00000000e1037990,0x00000000e1900000)
  from space 4096K, 0% used [0x00000000e1d00000,0x00000000e1d00000,0x00000000e2100000)
  to   space 4096K, 0% used [0x00000000e1900000,0x00000000e1900000,0x00000000e1d00000)
 ParOldGen       total 65024K, used 0K [0x00000000a0400000, 0x00000000a4380000, 0x00000000e0100000)
  object space 65024K, 0% used [0x00000000a0400000,0x00000000a0400000,0x00000000a4380000)
 PSPermGen       total 21504K, used 6492K [0x000000009b200000, 0x000000009c700000, 0x00000000a0400000)
  object space 21504K, 30% used [0x000000009b200000,0x000000009b857068,0x000000009c700000)

Card table byte_map: [0x0000000005230000,0x0000000005560000] byte_map_base: 0x0000000004d57000

Polling page: 0x0000000000650000

Code Cache  [0x0000000002170000, 0x00000000023e0000, 0x0000000005170000)
 total_blobs=543 nmethods=139 adapters=357 free_code_cache=48453Kb largest_free_block=49588032

Compilation events (10 events):
Event: 36.178 Thread 0x0000000009285800  135             com.badlogic.gdx.graphics.Texture::getWidth (10 bytes)
Event: 36.178 Thread 0x0000000009284000  136             com.badlogic.gdx.graphics.glutils.FileTextureData::getWidth (5 bytes)
Event: 36.179 Thread 0x0000000009284000 nmethod 136 0x0000000002218050 code [0x0000000002218180, 0x00000000022181d8]
Event: 36.179 Thread 0x0000000009284000  137             com.badlogic.gdx.graphics.Texture::getHeight (10 bytes)
Event: 36.180 Thread 0x0000000009285800 nmethod 135 0x0000000002217d90 code [0x0000000002217ee0, 0x0000000002217f58]
Event: 36.180 Thread 0x0000000009285800  138             com.badlogic.gdx.graphics.glutils.FileTextureData::getHeight (5 bytes)
Event: 36.180 Thread 0x0000000009285800 nmethod 138 0x000000000221d590 code [0x000000000221d6c0, 0x000000000221d718]
Event: 36.180 Thread 0x0000000009284000 nmethod 137 0x000000000221d310 code [0x000000000221d460, 0x000000000221d4d8]
Event: 36.795 Thread 0x0000000009285800  139             com.badlogic.gdx.math.Vector3::crs (62 bytes)
Event: 36.797 Thread 0x0000000009285800 nmethod 139 0x000000000221e990 code [0x000000000221eac0, 0x000000000221eb78]

GC Heap History (0 events):
No events

Deoptimization events (0 events):
No events

Internal exceptions (10 events):
Event: 10.113 Thread 0x000000000ae08000 Threw 0x00000000e0d936c8 at C:\jdk7u2_64p\jdk7u40\hotspot\src\share\vm\prims\jvm.cpp:1244
Event: 10.113 Thread 0x000000000ae08000 Threw 0x00000000e0d975b8 at C:\jdk7u2_64p\jdk7u40\hotspot\src\share\vm\prims\jvm.cpp:1244
Event: 10.125 Thread 0x000000000ae08000 Threw 0x00000000e0d9c1b0 at C:\jdk7u2_64p\jdk7u40\hotspot\src\share\vm\prims\jvm.cpp:1244
Event: 10.126 Thread 0x000000000ae08000 Threw 0x00000000e0da04d8 at C:\jdk7u2_64p\jdk7u40\hotspot\src\share\vm\prims\jvm.cpp:1244
Event: 10.127 Thread 0x000000000ae08000 Threw 0x00000000e0da4528 at C:\jdk7u2_64p\jdk7u40\hotspot\src\share\vm\prims\jvm.cpp:1244
Event: 10.128 Thread 0x000000000ae08000 Threw 0x00000000e0da86d0 at C:\jdk7u2_64p\jdk7u40\hotspot\src\share\vm\prims\jvm.cpp:1244
Event: 10.129 Thread 0x000000000ae08000 Threw 0x00000000e0dac5f8 at C:\jdk7u2_64p\jdk7u40\hotspot\src\share\vm\prims\jvm.cpp:1244
Event: 10.130 Thread 0x000000000ae08000 Threw 0x00000000e0db09d0 at C:\jdk7u2_64p\jdk7u40\hotspot\src\share\vm\prims\jvm.cpp:1244
Event: 10.159 Thread 0x000000000ae08000 Threw 0x00000000e0db5b50 at C:\jdk7u2_64p\jdk7u40\hotspot\src\share\vm\prims\jvm.cpp:1244
Event: 37.246 Thread 0x000000000ae08000 Threw 0x00000000e0fbc218 at C:\jdk7u2_64p\jdk7u40\hotspot\src\share\vm\prims\jvm.cpp:1244

Events (10 events):
Event: 10.128 loading class 0x00000000092ab4b0
Event: 10.128 loading class 0x00000000092ab4b0 done
Event: 10.129 loading class 0x00000000092aa7b0
Event: 10.129 loading class 0x00000000092aa7b0 done
Event: 10.130 loading class 0x000000000ae3f130
Event: 10.130 loading class 0x000000000ae3f130 done
Event: 10.159 loading class 0x000000000acb1ef0
Event: 10.159 loading class 0x000000000acb1ef0 done
Event: 37.246 loading class 0x00000000092fd3e0
Event: 37.246 loading class 0x00000000092fd3e0 done


Dynamic libraries:
0x00007ff6fa1c0000 - 0x00007ff6fa1f3000 	C:\Program Files\Java\jre7\bin\javaw.exe
0x00007ff96c5a0000 - 0x00007ff96c749000 	C:\WINDOWS\SYSTEM32\ntdll.dll
0x00007ff96aa30000 - 0x00007ff96ab69000 	C:\WINDOWS\system32\KERNEL32.DLL
0x00007ff9699f0000 - 0x00007ff969afe000 	C:\WINDOWS\system32\KERNELBASE.dll
0x00007ff968520000 - 0x00007ff9685ab000 	C:\WINDOWS\system32\apphelp.dll
0x00007ff95e630000 - 0x00007ff95e67f000 	C:\WINDOWS\AppPatch\AppPatch64\AcGenral.DLL
0x00007ff96ab70000 - 0x00007ff96ac17000 	C:\WINDOWS\system32\msvcrt.dll
0x00007ff969700000 - 0x00007ff96972b000 	C:\WINDOWS\SYSTEM32\SspiCli.dll
0x00007ff96a330000 - 0x00007ff96a381000 	C:\WINDOWS\system32\SHLWAPI.dll
0x00007ff969e30000 - 0x00007ff969fa1000 	C:\WINDOWS\system32\USER32.dll
0x00007ff96ac20000 - 0x00007ff96ad96000 	C:\WINDOWS\system32\ole32.dll
0x00007ff96ae60000 - 0x00007ff96c26f000 	C:\WINDOWS\system32\SHELL32.dll
0x00007ff9692d0000 - 0x00007ff9692ef000 	C:\WINDOWS\SYSTEM32\USERENV.dll
0x00007ff96c340000 - 0x00007ff96c3e5000 	C:\WINDOWS\system32\ADVAPI32.dll
0x00007ff9600d0000 - 0x00007ff9600eb000 	C:\WINDOWS\SYSTEM32\MPR.dll
0x00007ff96a5e0000 - 0x00007ff96a716000 	C:\WINDOWS\system32\RPCRT4.dll
0x00007ff969fb0000 - 0x00007ff96a007000 	C:\WINDOWS\SYSTEM32\sechost.dll
0x00007ff96a150000 - 0x00007ff96a327000 	C:\WINDOWS\SYSTEM32\combase.dll
0x00007ff96a870000 - 0x00007ff96a9b5000 	C:\WINDOWS\system32\GDI32.dll
0x00007ff969920000 - 0x00007ff969934000 	C:\WINDOWS\SYSTEM32\profapi.dll
0x00007ff9681b0000 - 0x00007ff968251000 	C:\WINDOWS\SYSTEM32\SHCORE.dll
0x00007ff96c270000 - 0x00007ff96c2a4000 	C:\WINDOWS\system32\IMM32.DLL
0x00007ff96a010000 - 0x00007ff96a148000 	C:\WINDOWS\system32\MSCTF.dll
0x00007ff967940000 - 0x00007ff967b9a000 	C:\WINDOWS\WinSxS\amd64_microsoft.windows.common-controls_6595b64144ccf1df_6.0.9600.16384_none_62475f7becb72503\COMCTL32.dll
0x0000000073d80000 - 0x0000000073e51000 	C:\Program Files\Java\jre7\bin\msvcr100.dll
0x00000000735b0000 - 0x0000000073d79000 	C:\Program Files\Java\jre7\bin\server\jvm.dll
0x00007ff962630000 - 0x00007ff962639000 	C:\WINDOWS\SYSTEM32\WSOCK32.dll
0x00007ff95caf0000 - 0x00007ff95cb0f000 	C:\WINDOWS\SYSTEM32\WINMM.dll
0x00007ff96a9c0000 - 0x00007ff96a9c7000 	C:\WINDOWS\system32\PSAPI.DLL
0x00007ff96a9d0000 - 0x00007ff96aa28000 	C:\WINDOWS\system32\WS2_32.dll
0x00007ff95cac0000 - 0x00007ff95caea000 	C:\WINDOWS\SYSTEM32\WINMMBASE.dll
0x00007ff96a570000 - 0x00007ff96a579000 	C:\WINDOWS\system32\NSI.dll
0x00007ff969d30000 - 0x00007ff969d7a000 	C:\WINDOWS\SYSTEM32\cfgmgr32.dll
0x00007ff968780000 - 0x00007ff9687a6000 	C:\WINDOWS\SYSTEM32\DEVOBJ.dll
0x0000000074d70000 - 0x0000000074d7f000 	C:\Program Files\Java\jre7\bin\verify.dll
0x0000000073580000 - 0x00000000735a8000 	C:\Program Files\Java\jre7\bin\java.dll
0x0000000073560000 - 0x0000000073575000 	C:\Program Files\Java\jre7\bin\zip.dll
0x0000000065580000 - 0x0000000065610000 	C:\Users\Fathurrohman E\AppData\Local\Temp\libgdxFathurrohman E\5498721d\gdx64.dll
0x0000000180000000 - 0x0000000180050000 	C:\Users\Fathurrohman E\AppData\Local\Temp\libgdxFathurrohman E\4c88a7c1\lwjgl64.dll
0x00007ff959730000 - 0x00007ff959851000 	C:\WINDOWS\SYSTEM32\OPENGL32.dll
0x00007ff9674f0000 - 0x00007ff9674fa000 	C:\WINDOWS\SYSTEM32\VERSION.dll
0x00007ff95e760000 - 0x00007ff95e78c000 	C:\WINDOWS\SYSTEM32\GLU32.dll
0x00007ff9561b0000 - 0x00007ff9562a4000 	C:\WINDOWS\SYSTEM32\DDRAW.dll
0x00007ff962120000 - 0x00007ff962129000 	C:\WINDOWS\SYSTEM32\DCIMAN32.dll
0x000000000b070000 - 0x000000000b0d4000 	C:\Users\FATHUR~1\AppData\Local\Temp\libgdxFathurrohman E\4c88a7c1\OpenAL64.dll
0x00007ff9685b0000 - 0x00007ff9685ba000 	C:\WINDOWS\SYSTEM32\kernel.appcore.dll
0x00007ff969790000 - 0x00007ff96979a000 	C:\WINDOWS\SYSTEM32\CRYPTBASE.dll
0x00007ff969730000 - 0x00007ff96978e000 	C:\WINDOWS\SYSTEM32\bcryptPrimitives.dll
0x00007ff968650000 - 0x00007ff968772000 	C:\WINDOWS\system32\uxtheme.dll
0x00007ff96a7c0000 - 0x00007ff96a864000 	C:\WINDOWS\SYSTEM32\clbcatq.dll
0x00007ff95cef0000 - 0x00007ff95cf77000 	C:\WINDOWS\SYSTEM32\dsound.dll
0x00007ff9698c0000 - 0x00007ff969905000 	C:\WINDOWS\SYSTEM32\POWRPROF.dll
0x00007ff966f10000 - 0x00007ff966f71000 	C:\WINDOWS\System32\MMDevApi.dll
0x00007ff95a890000 - 0x00007ff95a906000 	C:\WINDOWS\SYSTEM32\AUDIOSES.DLL
0x00007ff96ada0000 - 0x00007ff96ae57000 	C:\WINDOWS\system32\OLEAUT32.dll
0x00007ff967dc0000 - 0x00007ff967de1000 	C:\WINDOWS\system32\dwmapi.dll
0x00007ff95e6e0000 - 0x00007ff95e6f8000 	C:\WINDOWS\SYSTEM32\atig6pxx.dll
0x0000000071b70000 - 0x0000000073511000 	C:\WINDOWS\SYSTEM32\atio6axx.dll
0x00007ff96a390000 - 0x00007ff96a566000 	C:\WINDOWS\system32\SETUPAPI.dll
0x00007ff965370000 - 0x00007ff965498000 	C:\WINDOWS\SYSTEM32\atiadlxx.dll
0x00007ff965200000 - 0x00007ff965364000 	C:\WINDOWS\SYSTEM32\PROPSYS.dll
0x00007ff967d40000 - 0x00007ff967d51000 	C:\WINDOWS\SYSTEM32\WTSAPI32.dll
0x00007ff9658d0000 - 0x00007ff9658f9000 	C:\WINDOWS\SYSTEM32\IPHLPAPI.DLL
0x00007ff965860000 - 0x00007ff96586a000 	C:\WINDOWS\SYSTEM32\WINNSI.DLL
0x00007ff969b00000 - 0x00007ff969b4e000 	C:\WINDOWS\system32\WINTRUST.dll
0x00007ff969b50000 - 0x00007ff969d27000 	C:\WINDOWS\system32\CRYPT32.dll
0x00007ff9699d0000 - 0x00007ff9699e2000 	C:\WINDOWS\system32\MSASN1.dll
0x00007ff9672f0000 - 0x00007ff967434000 	C:\WINDOWS\SYSTEM32\aticfx64.dll
0x00007ff95e610000 - 0x00007ff95e62e000 	C:\WINDOWS\SYSTEM32\atig6txx.dll
0x00007ff95cf80000 - 0x00007ff95d00d000 	C:\WINDOWS\SYSTEM32\mscms.dll
0x00007ff95a440000 - 0x00007ff95a481000 	C:\WINDOWS\SYSTEM32\icm32.dll
0x00007ff95ed80000 - 0x00007ff95ef08000 	C:\WINDOWS\SYSTEM32\dbghelp.dll

VM Arguments:
jvm_args: -Dfile.encoding=Cp1252 
java_command: com.infinithinks.pentastic.Main
Launcher Type: SUN_STANDARD

Environment Variables:
PATH=C:\WINDOWS\system32;C:\WINDOWS;C:\WINDOWS\System32\Wbem;C:\WINDOWS\System32\WindowsPowerShell\v1.0\;C:\Program Files (x86)\ATI Technologies\ATI.ACE\Core-Static;C:\Program Files (x86)\SoftKinetic\DepthSenseSDK\bin;e:\Program Files\MATLAB\R2010a\runtime\win64;e:\Program Files\MATLAB\R2010a\bin;C:\Program Files (x86)\Windows Kits\8.0\Windows Performance Toolkit\;C:\Program Files\Microsoft SQL Server\110\Tools\Binn\
USERNAME=Fathurrohman E
OS=Windows_NT
PROCESSOR_IDENTIFIER=Intel64 Family 6 Model 42 Stepping 7, GenuineIntel



---------------  S Y S T E M  ---------------

OS: Windows 8 , 64 bit Build 9200 

CPU:total 4 (2 cores per cpu, 2 threads per core) family 6 model 42 stepping 7, cmov, cx8, fxsr, mmx, sse, sse2, sse3, ssse3, sse4.1, sse4.2, popcnt, avx, ht, tsc, tscinvbit

Memory: 4k page, physical 6268032k(3110964k free), swap 7316608k(2937756k free)

vm_info: Java HotSpot(TM) 64-Bit Server VM (24.0-b56) for windows-amd64 JRE (1.7.0_40-b43), built on Aug 26 2013 22:38:32 by "java_re" with unknown MS VC++:1600

time: Thu Jan 23 10:15:20 2014
elapsed time: 37 seconds

