#
# A fatal error has been detected by the Java Runtime Environment:
#
#  EXCEPTION_ACCESS_VIOLATION (0xc0000005) at pc=0x00000000655a1b9f, pid=5912, tid=8212
#
# JRE version: Java(TM) SE Runtime Environment (7.0_40-b43) (build 1.7.0_40-b43)
# Java VM: Java HotSpot(TM) 64-Bit Server VM (24.0-b56 mixed mode windows-amd64 compressed oops)
# Problematic frame:
# C  [gdx64.dll+0x21b9f]
#
# Failed to write core dump. Minidumps are not enabled by default on client versions of Windows
#
# If you would like to submit a bug report, please visit:
#   http://bugreport.sun.com/bugreport/crash.jsp
# The crash happened outside the Java Virtual Machine in native code.
# See problematic frame for where to report the bug.
#

---------------  T H R E A D  ---------------

Current thread (0x000000000afea800):  JavaThread "LWJGL Application" [_thread_in_native, id=8212, stack(0x000000000bc70000,0x000000000bd70000)]

siginfo: ExceptionCode=0xc0000005, reading address 0x000000000bde8958

Registers:
RAX=0x000000000bde44c0, RBX=0x000000000bdb7720, RCX=0x000000000bde8950, RDX=0x000000000bde4400
RSP=0x000000000bd6f100, RBP=0x000000000bd6f270, RSI=0x0000000000000001, RDI=0x0000000000000002
R8 =0x000000000bdb7720, R9 =0x00000000000000db, R10=0x00000000024d3064, R11=0x000000005ec2f7d0
R12=0x0000000000000000, R13=0x000000009b7a50e8, R14=0x000000000bd6f2a0, R15=0x000000000afea800
RIP=0x00000000655a1b9f, EFLAGS=0x0000000000010206

Top of Stack: (sp=0x000000000bd6f100)
0x000000000bd6f100:   00001c769cf766a5 000000005eacf72f
0x000000000bd6f110:   000000009b7a5028 000000005eb5c49f
0x000000000bd6f120:   000000000bde4400 0000000002409140
0x000000000bd6f130:   000000000afea800 000000005eaeabb0
0x000000000bd6f140:   0000000000000000 0000000002409140
0x000000000bd6f150:   0000000000000003 000000000000000e
0x000000000bd6f160:   000000000bd60000 00000000024de103
0x000000000bd6f170:   00000000655d3070 00000000655d3928
0x000000000bd6f180:   000000000bd6f1b0 00000000655a1c31
0x000000000bd6f190:   000000000bd6f100 000000005eaeadce
0x000000000bd6f1a0:   00000000095e2c00 000000009b7d7f8c
0x000000000bd6f1b0:   000000000bd6f270 00000000655aae75
0x000000000bd6f1c0:   000000000bdb7720 000000005eaee25e
0x000000000bd6f1d0:   000000000bd6f748 000000000bd6f269
0x000000000bd6f1e0:   000000009b7a50e8 00000000024d3090
0x000000000bd6f1f0:   00000000000000b6 000000000afea800 

Instructions: (pc=0x00000000655a1b9f)
0x00000000655a1b7f:   90 48 83 7c 24 20 00 74 4b 48 8b 44 24 20 48 8b
0x00000000655a1b8f:   48 70 48 8b 50 68 48 85 c9 48 89 54 24 20 74 e1
0x00000000655a1b9f:   48 8b 41 08 48 8b 94 24 c0 00 00 00 c7 41 30 00
0x00000000655a1baf:   00 00 00 c7 44 24 48 01 00 00 00 48 89 44 24 28 


Register to memory mapping:

RAX=0x000000000bde44c0 is an unknown value
RBX=0x000000000bdb7720 is an unknown value
RCX=0x000000000bde8950 is an unknown value
RDX=0x000000000bde4400 is an unknown value
RSP=0x000000000bd6f100 is pointing into the stack for thread: 0x000000000afea800
RBP=0x000000000bd6f270 is pointing into the stack for thread: 0x000000000afea800
RSI=0x0000000000000001 is an unknown value
RDI=0x0000000000000002 is an unknown value
R8 =0x000000000bdb7720 is an unknown value
R9 =0x00000000000000db is an unknown value
R10=0x00000000024d3064 is at code_begin+644 in an Interpreter codelet
method entry point (kind = native)  [0x00000000024d2de0, 0x00000000024d3680]  2208 bytes
R11=0x000000005ec2f7d0 is an unknown value
R12=0x0000000000000000 is an unknown value
R13=0x000000009b7a50e8 is an oop
{method} 
 - klass: {other class}
R14=0x000000000bd6f2a0 is pointing into the stack for thread: 0x000000000afea800
R15=0x000000000afea800 is a thread


Stack: [0x000000000bc70000,0x000000000bd70000],  sp=0x000000000bd6f100,  free space=1020k
Native frames: (J=compiled Java code, j=interpreted, Vv=VM code, C=native code)
C  [gdx64.dll+0x21b9f]
j  com.badlogic.gdx.physics.box2d.World.dispose()V+5
j  com.infinithinks.pentastic.entities.Track.dispose()V+4
j  com.infinithinks.pentastic.level.Level_1.dispose()V+18
j  com.infinithinks.pentastic.level.Level_1.hide()V+1
j  com.badlogic.gdx.Game.dispose()V+11
j  com.infinithinks.pentastic.PENtasticMain.dispose()V+1
j  com.badlogic.gdx.backends.lwjgl.LwjglApplication.mainLoop()V+780
j  com.badlogic.gdx.backends.lwjgl.LwjglApplication$1.run()V+27
v  ~StubRoutines::call_stub
V  [jvm.dll+0x1cb013]

Java frames: (J=compiled Java code, j=interpreted, Vv=VM code)
j  com.badlogic.gdx.physics.box2d.World.jniDispose(J)V+0
j  com.badlogic.gdx.physics.box2d.World.dispose()V+5
j  com.infinithinks.pentastic.entities.Track.dispose()V+4
j  com.infinithinks.pentastic.level.Level_1.dispose()V+18
j  com.infinithinks.pentastic.level.Level_1.hide()V+1
j  com.badlogic.gdx.Game.dispose()V+11
j  com.infinithinks.pentastic.PENtasticMain.dispose()V+1
j  com.badlogic.gdx.backends.lwjgl.LwjglApplication.mainLoop()V+780
j  com.badlogic.gdx.backends.lwjgl.LwjglApplication$1.run()V+27
v  ~StubRoutines::call_stub

---------------  P R O C E S S  ---------------

Java Threads: ( => current thread )
  0x000000000b04f000 JavaThread "LWJGL Timer" daemon [_thread_blocked, id=6036, stack(0x00000000112f0000,0x00000000113f0000)]
  0x00000000023c0800 JavaThread "DestroyJavaVM" [_thread_blocked, id=6924, stack(0x0000000002220000,0x0000000002320000)]
=>0x000000000afea800 JavaThread "LWJGL Application" [_thread_in_native, id=8212, stack(0x000000000bc70000,0x000000000bd70000)]
  0x00000000095e9000 JavaThread "Service Thread" daemon [_thread_blocked, id=4988, stack(0x000000000ad40000,0x000000000ae40000)]
  0x00000000095df800 JavaThread "C2 CompilerThread1" daemon [_thread_blocked, id=1872, stack(0x000000000ac40000,0x000000000ad40000)]
  0x00000000095d3000 JavaThread "C2 CompilerThread0" daemon [_thread_blocked, id=5172, stack(0x000000000ab40000,0x000000000ac40000)]
  0x00000000095d1800 JavaThread "Attach Listener" daemon [_thread_blocked, id=2872, stack(0x000000000aa40000,0x000000000ab40000)]
  0x00000000095ce800 JavaThread "Signal Dispatcher" daemon [_thread_blocked, id=7976, stack(0x000000000a940000,0x000000000aa40000)]
  0x000000000959b000 JavaThread "Finalizer" daemon [_thread_blocked, id=7308, stack(0x000000000a840000,0x000000000a940000)]
  0x0000000009592000 JavaThread "Reference Handler" daemon [_thread_blocked, id=3084, stack(0x000000000a740000,0x000000000a840000)]

Other Threads:
  0x000000000958f000 VMThread [stack: 0x000000000a640000,0x000000000a740000] [id=7456]
  0x0000000009601800 WatcherThread [stack: 0x000000000ae40000,0x000000000af40000] [id=7372]

VM state:not at safepoint (normal execution)

VM Mutex/Monitor currently owned by a thread: None

Heap
 PSYoungGen      total 28672K, used 13618K [0x00000000e0100000, 0x00000000e2100000, 0x0000000100000000)
  eden space 24576K, 55% used [0x00000000e0100000,0x00000000e0e4c838,0x00000000e1900000)
  from space 4096K, 0% used [0x00000000e1d00000,0x00000000e1d00000,0x00000000e2100000)
  to   space 4096K, 0% used [0x00000000e1900000,0x00000000e1900000,0x00000000e1d00000)
 ParOldGen       total 65024K, used 0K [0x00000000a0400000, 0x00000000a4380000, 0x00000000e0100000)
  object space 65024K, 0% used [0x00000000a0400000,0x00000000a0400000,0x00000000a4380000)
 PSPermGen       total 21504K, used 6461K [0x000000009b200000, 0x000000009c700000, 0x00000000a0400000)
  object space 21504K, 30% used [0x000000009b200000,0x000000009b84f750,0x000000009c700000)

Card table byte_map: [0x0000000005580000,0x00000000058b0000] byte_map_base: 0x00000000050a7000

Polling page: 0x0000000002180000

Code Cache  [0x00000000024c0000, 0x0000000002730000, 0x00000000054c0000)
 total_blobs=494 nmethods=90 adapters=357 free_code_cache=48544Kb largest_free_block=49687552

Compilation events (10 events):
Event: 15.694 Thread 0x00000000095df800   84             com.badlogic.gdx.backends.lwjgl.LwjglGraphics::isGL20Available (13 bytes)
Event: 15.696 Thread 0x00000000095df800 nmethod 84 0x000000000254c0d0 code [0x000000000254c200, 0x000000000254c278]
Event: 15.829 Thread 0x00000000095d3000   85             org.lwjgl.MemoryUtil::getAddress0 (10 bytes)
Event: 15.829 Thread 0x00000000095df800   86             org.lwjgl.MemoryUtilSun$AccessorUnsafe::getAddress (13 bytes)
Event: 15.831 Thread 0x00000000095df800 nmethod 86 0x000000000255a210 code [0x000000000255a340, 0x000000000255a3b8]
Event: 15.831 Thread 0x00000000095d3000 nmethod 85 0x0000000002554b90 code [0x0000000002554cc0, 0x0000000002554d38]
Event: 16.111 Thread 0x00000000095df800   88             com.badlogic.gdx.physics.box2d.Body::getType (39 bytes)
Event: 16.113 Thread 0x00000000095df800 nmethod 88 0x00000000025557d0 code [0x0000000002555920, 0x00000000025559c8]
Event: 17.461 Thread 0x00000000095d3000   90             com.badlogic.gdx.math.Vector3::set (17 bytes)
Event: 17.464 Thread 0x00000000095d3000 nmethod 90 0x0000000002554590 code [0x00000000025546c0, 0x0000000002554738]

GC Heap History (0 events):
No events

Deoptimization events (0 events):
No events

Internal exceptions (10 events):
Event: 11.720 Thread 0x000000000afea800 Threw 0x00000000e0d99e28 at C:\jdk7u2_64p\jdk7u40\hotspot\src\share\vm\prims\jvm.cpp:1244
Event: 11.721 Thread 0x000000000afea800 Threw 0x00000000e0d9de50 at C:\jdk7u2_64p\jdk7u40\hotspot\src\share\vm\prims\jvm.cpp:1244
Event: 11.726 Thread 0x000000000afea800 Threw 0x00000000e0da0720 at C:\jdk7u2_64p\jdk7u40\hotspot\src\share\vm\prims\jvm.cpp:1244
Event: 11.727 Thread 0x000000000afea800 Threw 0x00000000e0da4a48 at C:\jdk7u2_64p\jdk7u40\hotspot\src\share\vm\prims\jvm.cpp:1244
Event: 11.728 Thread 0x000000000afea800 Threw 0x00000000e0da8a98 at C:\jdk7u2_64p\jdk7u40\hotspot\src\share\vm\prims\jvm.cpp:1244
Event: 11.729 Thread 0x000000000afea800 Threw 0x00000000e0dacc40 at C:\jdk7u2_64p\jdk7u40\hotspot\src\share\vm\prims\jvm.cpp:1244
Event: 11.730 Thread 0x000000000afea800 Threw 0x00000000e0db0b68 at C:\jdk7u2_64p\jdk7u40\hotspot\src\share\vm\prims\jvm.cpp:1244
Event: 11.730 Thread 0x000000000afea800 Threw 0x00000000e0db4f40 at C:\jdk7u2_64p\jdk7u40\hotspot\src\share\vm\prims\jvm.cpp:1244
Event: 11.760 Thread 0x000000000afea800 Threw 0x00000000e0dba0c0 at C:\jdk7u2_64p\jdk7u40\hotspot\src\share\vm\prims\jvm.cpp:1244
Event: 17.778 Thread 0x000000000afea800 Threw 0x00000000e0e04620 at C:\jdk7u2_64p\jdk7u40\hotspot\src\share\vm\prims\jvm.cpp:1244

Events (10 events):
Event: 11.729 loading class 0x0000000009602a90
Event: 11.729 loading class 0x0000000009602a90 done
Event: 11.730 loading class 0x0000000009602b90
Event: 11.730 loading class 0x0000000009602b90 done
Event: 11.730 loading class 0x000000000b15fc40
Event: 11.730 loading class 0x000000000b15fc40 done
Event: 11.760 loading class 0x000000000b049820
Event: 11.760 loading class 0x000000000b049820 done
Event: 17.778 loading class 0x000000000960aa70
Event: 17.778 loading class 0x000000000960aa70 done


Dynamic libraries:
0x00007ff635950000 - 0x00007ff635983000 	C:\Program Files\Java\jre7\bin\javaw.exe
0x00007ff8e6620000 - 0x00007ff8e67c9000 	C:\WINDOWS\SYSTEM32\ntdll.dll
0x00007ff8e4600000 - 0x00007ff8e4739000 	C:\WINDOWS\system32\KERNEL32.DLL
0x00007ff8e3da0000 - 0x00007ff8e3eae000 	C:\WINDOWS\system32\KERNELBASE.dll
0x00007ff8e25d0000 - 0x00007ff8e265b000 	C:\WINDOWS\system32\apphelp.dll
0x00007ff8d6d50000 - 0x00007ff8d6d9f000 	C:\WINDOWS\AppPatch\AppPatch64\AcGenral.DLL
0x00007ff8e4c20000 - 0x00007ff8e4cc7000 	C:\WINDOWS\system32\msvcrt.dll
0x00007ff8e37e0000 - 0x00007ff8e380b000 	C:\WINDOWS\SYSTEM32\SspiCli.dll
0x00007ff8e63d0000 - 0x00007ff8e6421000 	C:\WINDOWS\system32\SHLWAPI.dll
0x00007ff8e4d70000 - 0x00007ff8e4ee1000 	C:\WINDOWS\system32\USER32.dll
0x00007ff8e4aa0000 - 0x00007ff8e4c16000 	C:\WINDOWS\system32\ole32.dll
0x00007ff8e4f00000 - 0x00007ff8e630f000 	C:\WINDOWS\system32\SHELL32.dll
0x00007ff8e2fb0000 - 0x00007ff8e2fcf000 	C:\WINDOWS\SYSTEM32\USERENV.dll
0x00007ff8e6310000 - 0x00007ff8e63b5000 	C:\WINDOWS\system32\ADVAPI32.dll
0x00007ff8da3e0000 - 0x00007ff8da3fb000 	C:\WINDOWS\SYSTEM32\MPR.dll
0x00007ff8e4740000 - 0x00007ff8e4876000 	C:\WINDOWS\system32\RPCRT4.dll
0x00007ff8e4d10000 - 0x00007ff8e4d67000 	C:\WINDOWS\SYSTEM32\sechost.dll
0x00007ff8e6430000 - 0x00007ff8e6607000 	C:\WINDOWS\SYSTEM32\combase.dll
0x00007ff8e4110000 - 0x00007ff8e4255000 	C:\WINDOWS\system32\GDI32.dll
0x00007ff8e39a0000 - 0x00007ff8e39b4000 	C:\WINDOWS\SYSTEM32\profapi.dll
0x00007ff8e2030000 - 0x00007ff8e20d1000 	C:\WINDOWS\SYSTEM32\SHCORE.dll
0x00007ff8e4cd0000 - 0x00007ff8e4d04000 	C:\WINDOWS\system32\IMM32.DLL
0x00007ff8e3f20000 - 0x00007ff8e4058000 	C:\WINDOWS\system32\MSCTF.dll
0x00007ff8e0e50000 - 0x00007ff8e10aa000 	C:\WINDOWS\WinSxS\amd64_microsoft.windows.common-controls_6595b64144ccf1df_6.0.9600.16384_none_62475f7becb72503\COMCTL32.dll
0x000000005f220000 - 0x000000005f2f1000 	C:\Program Files\Java\jre7\bin\msvcr100.dll
0x000000005ea50000 - 0x000000005f219000 	C:\Program Files\Java\jre7\bin\server\jvm.dll
0x00007ff8e0500000 - 0x00007ff8e0509000 	C:\WINDOWS\SYSTEM32\WSOCK32.dll
0x00007ff8d91f0000 - 0x00007ff8d920f000 	C:\WINDOWS\SYSTEM32\WINMM.dll
0x00007ff8e3f10000 - 0x00007ff8e3f17000 	C:\WINDOWS\system32\PSAPI.DLL
0x00007ff8e49a0000 - 0x00007ff8e49f8000 	C:\WINDOWS\system32\WS2_32.dll
0x00007ff8d7680000 - 0x00007ff8d76aa000 	C:\WINDOWS\SYSTEM32\WINMMBASE.dll
0x00007ff8e63c0000 - 0x00007ff8e63c9000 	C:\WINDOWS\system32\NSI.dll
0x00007ff8e3d50000 - 0x00007ff8e3d9a000 	C:\WINDOWS\SYSTEM32\cfgmgr32.dll
0x00007ff8e2830000 - 0x00007ff8e2856000 	C:\WINDOWS\SYSTEM32\DEVOBJ.dll
0x0000000060240000 - 0x000000006024f000 	C:\Program Files\Java\jre7\bin\verify.dll
0x000000005f4f0000 - 0x000000005f518000 	C:\Program Files\Java\jre7\bin\java.dll
0x000000005ea30000 - 0x000000005ea45000 	C:\Program Files\Java\jre7\bin\zip.dll
0x0000000065580000 - 0x0000000065610000 	C:\Users\Fathurrohman E\AppData\Local\Temp\libgdxFathurrohman E\5498721d\gdx64.dll
0x0000000180000000 - 0x0000000180050000 	C:\Users\Fathurrohman E\AppData\Local\Temp\libgdxFathurrohman E\4c88a7c1\lwjgl64.dll
0x00007ff8d3700000 - 0x00007ff8d3821000 	C:\WINDOWS\SYSTEM32\OPENGL32.dll
0x00007ff8e1120000 - 0x00007ff8e112a000 	C:\WINDOWS\SYSTEM32\VERSION.dll
0x00007ff8decc0000 - 0x00007ff8decec000 	C:\WINDOWS\SYSTEM32\GLU32.dll
0x00007ff8c7140000 - 0x00007ff8c7234000 	C:\WINDOWS\SYSTEM32\DDRAW.dll
0x00007ff8dec80000 - 0x00007ff8dec89000 	C:\WINDOWS\SYSTEM32\DCIMAN32.dll
0x000000000b380000 - 0x000000000b3e4000 	C:\Users\FATHUR~1\AppData\Local\Temp\libgdxFathurrohman E\4c88a7c1\OpenAL64.dll
0x00007ff8e26a0000 - 0x00007ff8e26aa000 	C:\WINDOWS\SYSTEM32\kernel.appcore.dll
0x00007ff8e3870000 - 0x00007ff8e387a000 	C:\WINDOWS\SYSTEM32\CRYPTBASE.dll
0x00007ff8e3810000 - 0x00007ff8e386e000 	C:\WINDOWS\SYSTEM32\bcryptPrimitives.dll
0x00007ff8e26b0000 - 0x00007ff8e27d2000 	C:\WINDOWS\system32\uxtheme.dll
0x00007ff8e4060000 - 0x00007ff8e4104000 	C:\WINDOWS\SYSTEM32\clbcatq.dll
0x00007ff8c70b0000 - 0x00007ff8c7137000 	C:\WINDOWS\SYSTEM32\dsound.dll
0x00007ff8e3940000 - 0x00007ff8e3985000 	C:\WINDOWS\SYSTEM32\POWRPROF.dll
0x00007ff8e00d0000 - 0x00007ff8e0131000 	C:\WINDOWS\System32\MMDevApi.dll
0x00007ff8d6c60000 - 0x00007ff8d6cd6000 	C:\WINDOWS\SYSTEM32\AUDIOSES.DLL
0x00007ff8e48e0000 - 0x00007ff8e4997000 	C:\WINDOWS\system32\OLEAUT32.dll
0x00007ff8e1df0000 - 0x00007ff8e1e11000 	C:\WINDOWS\system32\dwmapi.dll
0x00007ff8deb80000 - 0x00007ff8deb98000 	C:\WINDOWS\SYSTEM32\atig6pxx.dll
0x000000005d040000 - 0x000000005e9e1000 	C:\WINDOWS\SYSTEM32\atio6axx.dll
0x00007ff8e4400000 - 0x00007ff8e45d6000 	C:\WINDOWS\system32\SETUPAPI.dll
0x00007ff8de2f0000 - 0x00007ff8de418000 	C:\WINDOWS\SYSTEM32\atiadlxx.dll
0x00007ff8dfdd0000 - 0x00007ff8dff34000 	C:\WINDOWS\SYSTEM32\PROPSYS.dll
0x00007ff8e25b0000 - 0x00007ff8e25c1000 	C:\WINDOWS\SYSTEM32\WTSAPI32.dll
0x00007ff8dfda0000 - 0x00007ff8dfdc9000 	C:\WINDOWS\SYSTEM32\IPHLPAPI.DLL
0x00007ff8dfd30000 - 0x00007ff8dfd3a000 	C:\WINDOWS\SYSTEM32\WINNSI.DLL
0x00007ff8e3c50000 - 0x00007ff8e3c9e000 	C:\WINDOWS\system32\WINTRUST.dll
0x00007ff8e3a70000 - 0x00007ff8e3c47000 	C:\WINDOWS\system32\CRYPT32.dll
0x00007ff8e3a50000 - 0x00007ff8e3a62000 	C:\WINDOWS\system32\MSASN1.dll
0x00007ff8de960000 - 0x00007ff8deaa4000 	C:\WINDOWS\SYSTEM32\aticfx64.dll
0x00007ff8ddaa0000 - 0x00007ff8ddabe000 	C:\WINDOWS\SYSTEM32\atig6txx.dll
0x00007ff8c5b70000 - 0x00007ff8c5bfd000 	C:\WINDOWS\SYSTEM32\mscms.dll
0x00007ff8d4790000 - 0x00007ff8d47d1000 	C:\WINDOWS\SYSTEM32\icm32.dll
0x00007ff8c48c0000 - 0x00007ff8c4a48000 	C:\WINDOWS\SYSTEM32\dbghelp.dll

VM Arguments:
jvm_args: -Dfile.encoding=Cp1252 
java_command: com.infinithinks.pentastic.Main
Launcher Type: SUN_STANDARD

Environment Variables:
PATH=C:\WINDOWS\system32;C:\WINDOWS;C:\WINDOWS\System32\Wbem;C:\WINDOWS\System32\WindowsPowerShell\v1.0\;C:\Program Files (x86)\ATI Technologies\ATI.ACE\Core-Static;C:\Program Files (x86)\SoftKinetic\DepthSenseSDK\bin;e:\Program Files\MATLAB\R2010a\runtime\win64;e:\Program Files\MATLAB\R2010a\bin;C:\Program Files (x86)\Windows Kits\8.0\Windows Performance Toolkit\;C:\Program Files\Microsoft SQL Server\110\Tools\Binn\
USERNAME=Fathurrohman E
OS=Windows_NT
PROCESSOR_IDENTIFIER=Intel64 Family 6 Model 42 Stepping 7, GenuineIntel



---------------  S Y S T E M  ---------------

OS: Windows 8 , 64 bit Build 9200 

CPU:total 4 (2 cores per cpu, 2 threads per core) family 6 model 42 stepping 7, cmov, cx8, fxsr, mmx, sse, sse2, sse3, ssse3, sse4.1, sse4.2, popcnt, avx, ht, tsc, tscinvbit

Memory: 4k page, physical 6268032k(2604332k free), swap 7316608k(2212208k free)

vm_info: Java HotSpot(TM) 64-Bit Server VM (24.0-b56) for windows-amd64 JRE (1.7.0_40-b43), built on Aug 26 2013 22:38:32 by "java_re" with unknown MS VC++:1600

time: Tue Jan 28 17:48:22 2014
elapsed time: 17 seconds

