#
# A fatal error has been detected by the Java Runtime Environment:
#
#  EXCEPTION_ACCESS_VIOLATION (0xc0000005) at pc=0x00000000655a1b9f, pid=7800, tid=7544
#
# JRE version: Java(TM) SE Runtime Environment (7.0_40-b43) (build 1.7.0_40-b43)
# Java VM: Java HotSpot(TM) 64-Bit Server VM (24.0-b56 mixed mode windows-amd64 compressed oops)
# Problematic frame:
# C  [gdx64.dll+0x21b9f]
#
# Failed to write core dump. Minidumps are not enabled by default on client versions of Windows
#
# If you would like to submit a bug report, please visit:
#   http://bugreport.sun.com/bugreport/crash.jsp
# The crash happened outside the Java Virtual Machine in native code.
# See problematic frame for where to report the bug.
#

---------------  T H R E A D  ---------------

Current thread (0x000000000b654000):  JavaThread "LWJGL Application" [_thread_in_native, id=7544, stack(0x000000000c1f0000,0x000000000c2f0000)]

siginfo: ExceptionCode=0xc0000005, reading address 0x000000000c33c218

Registers:
RAX=0x000000000c337840, RBX=0x000000000c30a820, RCX=0x000000000c33c210, RDX=0x000000000c337780
RSP=0x000000000c2eee60, RBP=0x000000000c2eefd0, RSI=0x0000000000000001, RDI=0x0000000000000000
R8 =0x000000000c30a820, R9 =0x00000000000000db, R10=0x0000000002b43064, R11=0x000000006a78f7d0
R12=0x0000000000000000, R13=0x000000009b7070d8, R14=0x000000000c2ef000, R15=0x000000000b654000
RIP=0x00000000655a1b9f, EFLAGS=0x0000000000010202

Top of Stack: (sp=0x000000000c2eee60)
0x000000000c2eee60:   00000ff0ebbcf084 000000006a62f72f
0x000000000c2eee70:   000000009b707018 000000006a6bc49f
0x000000000c2eee80:   000000000c337780 0000000002a7b150
0x000000000c2eee90:   000000000b654000 000000006a64abb0
0x000000000c2eeea0:   0000000000000000 0000000002a7b150
0x000000000c2eeeb0:   0000000000000003 000000000000000e
0x000000000c2eeec0:   000000000c2e0000 0000000002b4e103
0x000000000c2eeed0:   00000000655d3070 00000000655d3928
0x000000000c2eeee0:   000000000c2eef10 00000000655a1c31
0x000000000c2eeef0:   000000000c2eee60 000000006a64adce
0x000000000c2eef00:   0000000009b8b900 000000009b73fda4
0x000000000c2eef10:   000000000c2eefd0 00000000655aae75
0x000000000c2eef20:   000000000c30a820 000000006a64e25e
0x000000000c2eef30:   000000000c2ef4a8 000000000c2eefc9
0x000000000c2eef40:   000000009b7070d8 0000000002b43090
0x000000000c2eef50:   00000000000000b6 000000000b654000 

Instructions: (pc=0x00000000655a1b9f)
0x00000000655a1b7f:   90 48 83 7c 24 20 00 74 4b 48 8b 44 24 20 48 8b
0x00000000655a1b8f:   48 70 48 8b 50 68 48 85 c9 48 89 54 24 20 74 e1
0x00000000655a1b9f:   48 8b 41 08 48 8b 94 24 c0 00 00 00 c7 41 30 00
0x00000000655a1baf:   00 00 00 c7 44 24 48 01 00 00 00 48 89 44 24 28 


Register to memory mapping:

RAX=0x000000000c337840 is an unknown value
RBX=0x000000000c30a820 is an unknown value
RCX=0x000000000c33c210 is an unknown value
RDX=0x000000000c337780 is an unknown value
RSP=0x000000000c2eee60 is pointing into the stack for thread: 0x000000000b654000
RBP=0x000000000c2eefd0 is pointing into the stack for thread: 0x000000000b654000
RSI=0x0000000000000001 is an unknown value
RDI=0x0000000000000000 is an unknown value
R8 =0x000000000c30a820 is an unknown value
R9 =0x00000000000000db is an unknown value
R10=0x0000000002b43064 is at code_begin+644 in an Interpreter codelet
method entry point (kind = native)  [0x0000000002b42de0, 0x0000000002b43680]  2208 bytes
R11=0x000000006a78f7d0 is an unknown value
R12=0x0000000000000000 is an unknown value
R13=0x000000009b7070d8 is an oop
{method} 
 - klass: {other class}
R14=0x000000000c2ef000 is pointing into the stack for thread: 0x000000000b654000
R15=0x000000000b654000 is a thread


Stack: [0x000000000c1f0000,0x000000000c2f0000],  sp=0x000000000c2eee60,  free space=1019k
Native frames: (J=compiled Java code, j=interpreted, Vv=VM code, C=native code)
C  [gdx64.dll+0x21b9f]
j  com.badlogic.gdx.physics.box2d.World.dispose()V+5
j  com.infinithinks.pentastic.entities.Track.dispose()V+4
j  com.infinithinks.pentastic.level.Level_1.dispose()V+18
j  com.infinithinks.pentastic.level.Level_1.hide()V+1
j  com.badlogic.gdx.Game.dispose()V+11
j  com.infinithinks.pentastic.PENtasticMain.dispose()V+1
j  com.badlogic.gdx.backends.lwjgl.LwjglApplication.mainLoop()V+780
j  com.badlogic.gdx.backends.lwjgl.LwjglApplication$1.run()V+27
v  ~StubRoutines::call_stub
V  [jvm.dll+0x1cb013]

Java frames: (J=compiled Java code, j=interpreted, Vv=VM code)
j  com.badlogic.gdx.physics.box2d.World.jniDispose(J)V+0
j  com.badlogic.gdx.physics.box2d.World.dispose()V+5
j  com.infinithinks.pentastic.entities.Track.dispose()V+4
j  com.infinithinks.pentastic.level.Level_1.dispose()V+18
j  com.infinithinks.pentastic.level.Level_1.hide()V+1
j  com.badlogic.gdx.Game.dispose()V+11
j  com.infinithinks.pentastic.PENtasticMain.dispose()V+1
j  com.badlogic.gdx.backends.lwjgl.LwjglApplication.mainLoop()V+780
j  com.badlogic.gdx.backends.lwjgl.LwjglApplication$1.run()V+27
v  ~StubRoutines::call_stub

---------------  P R O C E S S  ---------------

Java Threads: ( => current thread )
  0x000000000b7f4000 JavaThread "LWJGL Timer" daemon [_thread_blocked, id=4728, stack(0x00000000117a0000,0x00000000118a0000)]
  0x0000000002a30800 JavaThread "DestroyJavaVM" [_thread_blocked, id=4088, stack(0x0000000002860000,0x0000000002960000)]
=>0x000000000b654000 JavaThread "LWJGL Application" [_thread_in_native, id=7544, stack(0x000000000c1f0000,0x000000000c2f0000)]
  0x0000000009b99000 JavaThread "Service Thread" daemon [_thread_blocked, id=9128, stack(0x000000000b330000,0x000000000b430000)]
  0x0000000009b89000 JavaThread "C2 CompilerThread1" daemon [_thread_blocked, id=2380, stack(0x000000000b230000,0x000000000b330000)]
  0x0000000009b84000 JavaThread "C2 CompilerThread0" daemon [_thread_blocked, id=1912, stack(0x000000000b130000,0x000000000b230000)]
  0x0000000009b83800 JavaThread "Attach Listener" daemon [_thread_blocked, id=1080, stack(0x000000000b030000,0x000000000b130000)]
  0x0000000009b80000 JavaThread "Signal Dispatcher" daemon [_thread_blocked, id=988, stack(0x000000000af30000,0x000000000b030000)]
  0x0000000009b4c800 JavaThread "Finalizer" daemon [_thread_blocked, id=8660, stack(0x000000000ae30000,0x000000000af30000)]
  0x0000000009b43800 JavaThread "Reference Handler" daemon [_thread_blocked, id=8324, stack(0x000000000ad30000,0x000000000ae30000)]

Other Threads:
  0x0000000009b41000 VMThread [stack: 0x000000000ac30000,0x000000000ad30000] [id=7892]
  0x0000000009ba1800 WatcherThread [stack: 0x000000000b430000,0x000000000b530000] [id=4696]

VM state:not at safepoint (normal execution)

VM Mutex/Monitor currently owned by a thread: None

Heap
 PSYoungGen      total 28672K, used 10655K [0x00000000e0100000, 0x00000000e2100000, 0x0000000100000000)
  eden space 24576K, 43% used [0x00000000e0100000,0x00000000e0b67c38,0x00000000e1900000)
  from space 4096K, 0% used [0x00000000e1d00000,0x00000000e1d00000,0x00000000e2100000)
  to   space 4096K, 0% used [0x00000000e1900000,0x00000000e1900000,0x00000000e1d00000)
 ParOldGen       total 65024K, used 0K [0x00000000a0400000, 0x00000000a4380000, 0x00000000e0100000)
  object space 65024K, 0% used [0x00000000a0400000,0x00000000a0400000,0x00000000a4380000)
 PSPermGen       total 21504K, used 5878K [0x000000009b200000, 0x000000009c700000, 0x00000000a0400000)
  object space 21504K, 27% used [0x000000009b200000,0x000000009b7bda70,0x000000009c700000)

Card table byte_map: [0x0000000005b30000,0x0000000005e60000] byte_map_base: 0x0000000005657000

Polling page: 0x00000000027b0000

Code Cache  [0x0000000002b30000, 0x0000000002da0000, 0x0000000005b30000)
 total_blobs=513 nmethods=123 adapters=343 free_code_cache=48460Kb largest_free_block=49598080

Compilation events (10 events):
Event: 31.345 Thread 0x0000000009b84000  117             java.nio.Buffer::flip (20 bytes)
Event: 31.347 Thread 0x0000000009b84000 nmethod 117 0x0000000002bd7690 code [0x0000000002bd77c0, 0x0000000002bd7818]
Event: 32.712 Thread 0x0000000009b89000  118             java.nio.DirectIntBufferU::get (16 bytes)
Event: 32.715 Thread 0x0000000009b89000 nmethod 118 0x0000000002bd9f50 code [0x0000000002bda080, 0x0000000002bda0f8]
Event: 34.346 Thread 0x0000000009b84000  120             java.nio.Buffer::capacity (5 bytes)
Event: 34.347 Thread 0x0000000009b84000 nmethod 120 0x0000000002bd11d0 code [0x0000000002bd1300, 0x0000000002bd1358]
Event: 34.463 Thread 0x0000000009b89000  121             com.badlogic.gdx.utils.BufferUtils::copy (45 bytes)
Event: 34.468 Thread 0x0000000009b89000 nmethod 121 0x0000000002bd0a10 code [0x0000000002bd0b60, 0x0000000002bd0c88]
Event: 34.513 Thread 0x0000000009b84000  123   !         org.lwjgl.opengl.Display::isCreated (17 bytes)
Event: 34.516 Thread 0x0000000009b84000 nmethod 123 0x0000000002bd0610 code [0x0000000002bd0760, 0x0000000002bd0998]

GC Heap History (0 events):
No events

Deoptimization events (0 events):
No events

Internal exceptions (10 events):
Event: 1.189 Thread 0x000000000b654000 Threw 0x00000000e0ab0168 at C:\jdk7u2_64p\jdk7u40\hotspot\src\share\vm\prims\jvm.cpp:1244
Event: 1.190 Thread 0x000000000b654000 Threw 0x00000000e0ab4170 at C:\jdk7u2_64p\jdk7u40\hotspot\src\share\vm\prims\jvm.cpp:1244
Event: 1.191 Thread 0x000000000b654000 Threw 0x00000000e0ab84e0 at C:\jdk7u2_64p\jdk7u40\hotspot\src\share\vm\prims\jvm.cpp:1244
Event: 1.192 Thread 0x000000000b654000 Threw 0x00000000e0abcc80 at C:\jdk7u2_64p\jdk7u40\hotspot\src\share\vm\prims\jvm.cpp:1244
Event: 1.193 Thread 0x000000000b654000 Threw 0x00000000e0ac0808 at C:\jdk7u2_64p\jdk7u40\hotspot\src\share\vm\prims\jvm.cpp:1244
Event: 1.194 Thread 0x000000000b654000 Threw 0x00000000e0ac4be0 at C:\jdk7u2_64p\jdk7u40\hotspot\src\share\vm\prims\jvm.cpp:1244
Event: 1.228 Thread 0x000000000b654000 Threw 0x00000000e0ac9908 at C:\jdk7u2_64p\jdk7u40\hotspot\src\share\vm\prims\jvm.cpp:1244
Event: 1.229 Thread 0x000000000b654000 Threw 0x00000000e0acd6f0 at C:\jdk7u2_64p\jdk7u40\hotspot\src\share\vm\prims\jvm.cpp:1244
Event: 1.230 Thread 0x000000000b654000 Threw 0x00000000e0ad1260 at C:\jdk7u2_64p\jdk7u40\hotspot\src\share\vm\prims\jvm.cpp:1244
Event: 35.919 Thread 0x000000000b654000 Threw 0x00000000e0b499f8 at C:\jdk7u2_64p\jdk7u40\hotspot\src\share\vm\prims\jvm.cpp:1244

Events (10 events):
Event: 1.228 loading class 0x000000000b6851b0 done
Event: 1.229 loading class 0x000000000b713010
Event: 1.229 loading class 0x000000000b713010 done
Event: 1.230 loading class 0x000000000b70a260
Event: 1.230 loading class 0x000000000b70a260 done
Event: 1.230 Thread 0x000000000b7f4000 Thread added: 0x000000000b7f4000
Event: 4.118 Executing VM operation: EnableBiasedLocking
Event: 4.119 Executing VM operation: EnableBiasedLocking done
Event: 35.919 loading class 0x0000000009bb2380
Event: 35.919 loading class 0x0000000009bb2380 done


Dynamic libraries:
0x00007ff7aec00000 - 0x00007ff7aec33000 	C:\Program Files\Java\jre7\bin\javaw.exe
0x00007ff874e80000 - 0x00007ff875029000 	C:\WINDOWS\SYSTEM32\ntdll.dll
0x00007ff874340000 - 0x00007ff874479000 	C:\WINDOWS\system32\KERNEL32.DLL
0x00007ff872600000 - 0x00007ff87270e000 	C:\WINDOWS\system32\KERNELBASE.dll
0x00007ff870e10000 - 0x00007ff870e9b000 	C:\WINDOWS\system32\apphelp.dll
0x00007ff8652b0000 - 0x00007ff8652ff000 	C:\WINDOWS\AppPatch\AppPatch64\AcGenral.DLL
0x00007ff874850000 - 0x00007ff8748f7000 	C:\WINDOWS\system32\msvcrt.dll
0x00007ff8720b0000 - 0x00007ff8720db000 	C:\WINDOWS\SYSTEM32\SspiCli.dll
0x00007ff874920000 - 0x00007ff874971000 	C:\WINDOWS\system32\SHLWAPI.dll
0x00007ff8746d0000 - 0x00007ff874841000 	C:\WINDOWS\system32\USER32.dll
0x00007ff8740b0000 - 0x00007ff874226000 	C:\WINDOWS\system32\ole32.dll
0x00007ff872ca0000 - 0x00007ff8740af000 	C:\WINDOWS\system32\SHELL32.dll
0x00007ff871810000 - 0x00007ff87182f000 	C:\WINDOWS\SYSTEM32\USERENV.dll
0x00007ff874290000 - 0x00007ff874335000 	C:\WINDOWS\system32\ADVAPI32.dll
0x00007ff868c50000 - 0x00007ff868c6b000 	C:\WINDOWS\SYSTEM32\MPR.dll
0x00007ff872980000 - 0x00007ff872ab6000 	C:\WINDOWS\system32\RPCRT4.dll
0x00007ff8745c0000 - 0x00007ff874617000 	C:\WINDOWS\SYSTEM32\sechost.dll
0x00007ff874aa0000 - 0x00007ff874c77000 	C:\WINDOWS\SYSTEM32\combase.dll
0x00007ff872710000 - 0x00007ff872855000 	C:\WINDOWS\system32\GDI32.dll
0x00007ff872200000 - 0x00007ff872214000 	C:\WINDOWS\SYSTEM32\profapi.dll
0x00007ff8701d0000 - 0x00007ff870271000 	C:\WINDOWS\SYSTEM32\SHCORE.dll
0x00007ff874a40000 - 0x00007ff874a74000 	C:\WINDOWS\system32\IMM32.DLL
0x00007ff874480000 - 0x00007ff8745b8000 	C:\WINDOWS\system32\MSCTF.dll
0x00007ff86fcc0000 - 0x00007ff86ff1a000 	C:\WINDOWS\WinSxS\amd64_microsoft.windows.common-controls_6595b64144ccf1df_6.0.9600.16384_none_62475f7becb72503\COMCTL32.dll
0x000000006ad80000 - 0x000000006ae51000 	C:\Program Files\Java\jre7\bin\msvcr100.dll
0x000000006a5b0000 - 0x000000006ad79000 	C:\Program Files\Java\jre7\bin\server\jvm.dll
0x00007ff8660c0000 - 0x00007ff8660c9000 	C:\WINDOWS\SYSTEM32\WSOCK32.dll
0x00007ff868cf0000 - 0x00007ff868d0f000 	C:\WINDOWS\SYSTEM32\WINMM.dll
0x00007ff874a80000 - 0x00007ff874a87000 	C:\WINDOWS\system32\PSAPI.DLL
0x00007ff874c80000 - 0x00007ff874cd8000 	C:\WINDOWS\system32\WS2_32.dll
0x00007ff868cc0000 - 0x00007ff868cea000 	C:\WINDOWS\SYSTEM32\WINMMBASE.dll
0x00007ff874a30000 - 0x00007ff874a39000 	C:\WINDOWS\system32\NSI.dll
0x00007ff8724b0000 - 0x00007ff8724fa000 	C:\WINDOWS\SYSTEM32\cfgmgr32.dll
0x00007ff871080000 - 0x00007ff8710a6000 	C:\WINDOWS\SYSTEM32\DEVOBJ.dll
0x000000006bca0000 - 0x000000006bcaf000 	C:\Program Files\Java\jre7\bin\verify.dll
0x000000006a580000 - 0x000000006a5a8000 	C:\Program Files\Java\jre7\bin\java.dll
0x000000006a560000 - 0x000000006a575000 	C:\Program Files\Java\jre7\bin\zip.dll
0x0000000065580000 - 0x0000000065610000 	C:\Users\Fathurrohman E\AppData\Local\Temp\libgdxFathurrohman E\5498721d\gdx64.dll
0x0000000180000000 - 0x0000000180050000 	C:\Users\Fathurrohman E\AppData\Local\Temp\libgdxFathurrohman E\4c88a7c1\lwjgl64.dll
0x00007ff86afc0000 - 0x00007ff86b0e1000 	C:\WINDOWS\SYSTEM32\OPENGL32.dll
0x00007ff86fc50000 - 0x00007ff86fc5a000 	C:\WINDOWS\SYSTEM32\VERSION.dll
0x00007ff86c970000 - 0x00007ff86c99c000 	C:\WINDOWS\SYSTEM32\GLU32.dll
0x00007ff864d00000 - 0x00007ff864df4000 	C:\WINDOWS\SYSTEM32\DDRAW.dll
0x00007ff86f140000 - 0x00007ff86f149000 	C:\WINDOWS\SYSTEM32\DCIMAN32.dll
0x000000000b950000 - 0x000000000b9b4000 	C:\Users\FATHUR~1\AppData\Local\Temp\libgdxFathurrohman E\4c88a7c1\OpenAL64.dll
0x00007ff8710d0000 - 0x00007ff8710da000 	C:\WINDOWS\SYSTEM32\kernel.appcore.dll
0x00007ff872140000 - 0x00007ff87214a000 	C:\WINDOWS\SYSTEM32\CRYPTBASE.dll
0x00007ff8720e0000 - 0x00007ff87213e000 	C:\WINDOWS\SYSTEM32\bcryptPrimitives.dll
0x00007ff870f00000 - 0x00007ff871022000 	C:\WINDOWS\system32\uxtheme.dll
0x00007ff874980000 - 0x00007ff874a24000 	C:\WINDOWS\SYSTEM32\clbcatq.dll
0x00007ff865550000 - 0x00007ff8655d7000 	C:\WINDOWS\SYSTEM32\dsound.dll
0x00007ff871d00000 - 0x00007ff871d45000 	C:\WINDOWS\SYSTEM32\POWRPROF.dll
0x00007ff86faf0000 - 0x00007ff86fb51000 	C:\WINDOWS\System32\MMDevApi.dll
0x00007ff865a10000 - 0x00007ff865a86000 	C:\WINDOWS\SYSTEM32\AUDIOSES.DLL
0x00007ff8728c0000 - 0x00007ff872977000 	C:\WINDOWS\system32\OLEAUT32.dll
0x00007ff86fff0000 - 0x00007ff870011000 	C:\WINDOWS\system32\dwmapi.dll
0x00007ff86afa0000 - 0x00007ff86afb8000 	C:\WINDOWS\SYSTEM32\atig6pxx.dll
0x0000000068b70000 - 0x000000006a511000 	C:\WINDOWS\SYSTEM32\atio6axx.dll
0x00007ff872ac0000 - 0x00007ff872c96000 	C:\WINDOWS\system32\SETUPAPI.dll
0x00007ff86dd60000 - 0x00007ff86de88000 	C:\WINDOWS\SYSTEM32\atiadlxx.dll
0x00007ff86eb20000 - 0x00007ff86ec84000 	C:\WINDOWS\SYSTEM32\PROPSYS.dll
0x00007ff870ea0000 - 0x00007ff870eb1000 	C:\WINDOWS\SYSTEM32\WTSAPI32.dll
0x00007ff86ea40000 - 0x00007ff86ea69000 	C:\WINDOWS\SYSTEM32\IPHLPAPI.DLL
0x00007ff86ea30000 - 0x00007ff86ea3a000 	C:\WINDOWS\SYSTEM32\WINNSI.DLL
0x00007ff8725b0000 - 0x00007ff8725fe000 	C:\WINDOWS\system32\WINTRUST.dll
0x00007ff8722d0000 - 0x00007ff8724a7000 	C:\WINDOWS\system32\CRYPT32.dll
0x00007ff8722b0000 - 0x00007ff8722c2000 	C:\WINDOWS\system32\MSASN1.dll
0x00007ff86f810000 - 0x00007ff86f954000 	C:\WINDOWS\SYSTEM32\aticfx64.dll
0x00007ff86af80000 - 0x00007ff86af9e000 	C:\WINDOWS\SYSTEM32\atig6txx.dll
0x00007ff864c70000 - 0x00007ff864cfd000 	C:\WINDOWS\SYSTEM32\mscms.dll
0x00007ff864ba0000 - 0x00007ff864be1000 	C:\WINDOWS\SYSTEM32\icm32.dll
0x00007ff855b30000 - 0x00007ff855cb8000 	C:\WINDOWS\SYSTEM32\dbghelp.dll

VM Arguments:
jvm_args: -Dfile.encoding=Cp1252 
java_command: com.infinithinks.pentastic.Main
Launcher Type: SUN_STANDARD

Environment Variables:
PATH=C:\WINDOWS\system32;C:\WINDOWS;C:\WINDOWS\System32\Wbem;C:\WINDOWS\System32\WindowsPowerShell\v1.0\;C:\Program Files (x86)\ATI Technologies\ATI.ACE\Core-Static;C:\Program Files (x86)\SoftKinetic\DepthSenseSDK\bin;e:\Program Files\MATLAB\R2010a\runtime\win64;e:\Program Files\MATLAB\R2010a\bin;C:\Program Files (x86)\Windows Kits\8.0\Windows Performance Toolkit\;C:\Program Files\Microsoft SQL Server\110\Tools\Binn\
USERNAME=Fathurrohman E
OS=Windows_NT
PROCESSOR_IDENTIFIER=Intel64 Family 6 Model 42 Stepping 7, GenuineIntel



---------------  S Y S T E M  ---------------

OS: Windows 8 , 64 bit Build 9200 

CPU:total 4 (2 cores per cpu, 2 threads per core) family 6 model 42 stepping 7, cmov, cx8, fxsr, mmx, sse, sse2, sse3, ssse3, sse4.1, sse4.2, popcnt, avx, ht, tsc, tscinvbit

Memory: 4k page, physical 6268032k(3551352k free), swap 7316608k(3351772k free)

vm_info: Java HotSpot(TM) 64-Bit Server VM (24.0-b56) for windows-amd64 JRE (1.7.0_40-b43), built on Aug 26 2013 22:38:32 by "java_re" with unknown MS VC++:1600

time: Mon Jan 13 07:30:56 2014
elapsed time: 35 seconds

