#
# A fatal error has been detected by the Java Runtime Environment:
#
#  EXCEPTION_ACCESS_VIOLATION (0xc0000005) at pc=0x00000000655a1b9f, pid=3328, tid=2520
#
# JRE version: Java(TM) SE Runtime Environment (7.0_40-b43) (build 1.7.0_40-b43)
# Java VM: Java HotSpot(TM) 64-Bit Server VM (24.0-b56 mixed mode windows-amd64 compressed oops)
# Problematic frame:
# C  [gdx64.dll+0x21b9f]
#
# Failed to write core dump. Minidumps are not enabled by default on client versions of Windows
#
# If you would like to submit a bug report, please visit:
#   http://bugreport.sun.com/bugreport/crash.jsp
# The crash happened outside the Java Virtual Machine in native code.
# See problematic frame for where to report the bug.
#

---------------  T H R E A D  ---------------

Current thread (0x000000000b15b800):  JavaThread "LWJGL Application" [_thread_in_native, id=2520, stack(0x000000000beb0000,0x000000000bfb0000)]

siginfo: ExceptionCode=0xc0000005, reading address 0x000000000c00f4c8

Registers:
RAX=0x000000000c00ae50, RBX=0x000000000bfde0b0, RCX=0x000000000c00f4c0, RDX=0x000000000c00ad90
RSP=0x000000000bfaec20, RBP=0x000000000bfaed90, RSI=0x0000000000000002, RDI=0x0000000000000001
R8 =0x000000000bfde0b0, R9 =0x00000000000000db, R10=0x0000000002583064, R11=0x000000006bc3f7d0
R12=0x0000000000000000, R13=0x000000009b7a20c0, R14=0x000000000bfaedc0, R15=0x000000000b15b800
RIP=0x00000000655a1b9f, EFLAGS=0x0000000000010206

Top of Stack: (sp=0x000000000bfaec20)
0x000000000bfaec20:   00001e5f45803607 000000006badf72f
0x000000000bfaec30:   000000009b7a2000 000000006bb6c49f
0x000000000bfaec40:   000000000c00ad90 00000000024b9140
0x000000000bfaec50:   000000000b15b800 000000006bafabb0
0x000000000bfaec60:   0000000000000000 00000000024b9140
0x000000000bfaec70:   0000000000000003 000000000000000e
0x000000000bfaec80:   000000000bfa0000 000000000258e103
0x000000000bfaec90:   00000000655d3070 00000000655d3928
0x000000000bfaeca0:   000000000bfaecd0 00000000655a1c31
0x000000000bfaecb0:   000000000bfaec20 000000006bafadce
0x000000000bfaecc0:   00000000096ac900 000000009b7d5094
0x000000000bfaecd0:   000000000bfaed90 00000000655aae75
0x000000000bfaece0:   000000000bfde0b0 000000006bafe25e
0x000000000bfaecf0:   000000000bfaf268 000000000bfaed89
0x000000000bfaed00:   000000009b7a20c0 0000000002583090
0x000000000bfaed10:   00000000000000b6 000000000b15b800 

Instructions: (pc=0x00000000655a1b9f)
0x00000000655a1b7f:   90 48 83 7c 24 20 00 74 4b 48 8b 44 24 20 48 8b
0x00000000655a1b8f:   48 70 48 8b 50 68 48 85 c9 48 89 54 24 20 74 e1
0x00000000655a1b9f:   48 8b 41 08 48 8b 94 24 c0 00 00 00 c7 41 30 00
0x00000000655a1baf:   00 00 00 c7 44 24 48 01 00 00 00 48 89 44 24 28 


Register to memory mapping:

RAX=0x000000000c00ae50 is an unknown value
RBX=0x000000000bfde0b0 is an unknown value
RCX=0x000000000c00f4c0 is an unknown value
RDX=0x000000000c00ad90 is an unknown value
RSP=0x000000000bfaec20 is pointing into the stack for thread: 0x000000000b15b800
RBP=0x000000000bfaed90 is pointing into the stack for thread: 0x000000000b15b800
RSI=0x0000000000000002 is an unknown value
RDI=0x0000000000000001 is an unknown value
R8 =0x000000000bfde0b0 is an unknown value
R9 =0x00000000000000db is an unknown value
R10=0x0000000002583064 is at code_begin+644 in an Interpreter codelet
method entry point (kind = native)  [0x0000000002582de0, 0x0000000002583680]  2208 bytes
R11=0x000000006bc3f7d0 is an unknown value
R12=0x0000000000000000 is an unknown value
R13=0x000000009b7a20c0 is an oop
{method} 
 - klass: {other class}
R14=0x000000000bfaedc0 is pointing into the stack for thread: 0x000000000b15b800
R15=0x000000000b15b800 is a thread


Stack: [0x000000000beb0000,0x000000000bfb0000],  sp=0x000000000bfaec20,  free space=1019k
Native frames: (J=compiled Java code, j=interpreted, Vv=VM code, C=native code)
C  [gdx64.dll+0x21b9f]
j  com.badlogic.gdx.physics.box2d.World.dispose()V+5
j  com.infinithinks.pentastic.entities.Track.dispose()V+4
j  com.infinithinks.pentastic.level.Level_1.dispose()V+18
j  com.infinithinks.pentastic.level.Level_1.hide()V+1
j  com.badlogic.gdx.Game.dispose()V+11
j  com.infinithinks.pentastic.PENtasticMain.dispose()V+1
j  com.badlogic.gdx.backends.lwjgl.LwjglApplication.mainLoop()V+780
j  com.badlogic.gdx.backends.lwjgl.LwjglApplication$1.run()V+27
v  ~StubRoutines::call_stub
V  [jvm.dll+0x1cb013]

Java frames: (J=compiled Java code, j=interpreted, Vv=VM code)
j  com.badlogic.gdx.physics.box2d.World.jniDispose(J)V+0
j  com.badlogic.gdx.physics.box2d.World.dispose()V+5
j  com.infinithinks.pentastic.entities.Track.dispose()V+4
j  com.infinithinks.pentastic.level.Level_1.dispose()V+18
j  com.infinithinks.pentastic.level.Level_1.hide()V+1
j  com.badlogic.gdx.Game.dispose()V+11
j  com.infinithinks.pentastic.PENtasticMain.dispose()V+1
j  com.badlogic.gdx.backends.lwjgl.LwjglApplication.mainLoop()V+780
j  com.badlogic.gdx.backends.lwjgl.LwjglApplication$1.run()V+27
v  ~StubRoutines::call_stub

---------------  P R O C E S S  ---------------

Java Threads: ( => current thread )
  0x000000000b22d800 JavaThread "LWJGL Timer" daemon [_thread_blocked, id=2252, stack(0x000000000fb00000,0x000000000fc00000)]
  0x0000000002470800 JavaThread "DestroyJavaVM" [_thread_blocked, id=4628, stack(0x0000000002370000,0x0000000002470000)]
=>0x000000000b15b800 JavaThread "LWJGL Application" [_thread_in_native, id=2520, stack(0x000000000beb0000,0x000000000bfb0000)]
  0x00000000096b8000 JavaThread "Service Thread" daemon [_thread_blocked, id=5280, stack(0x000000000ae20000,0x000000000af20000)]
  0x00000000096a8800 JavaThread "C2 CompilerThread1" daemon [_thread_blocked, id=5180, stack(0x000000000ad20000,0x000000000ae20000)]
  0x00000000096a3800 JavaThread "C2 CompilerThread0" daemon [_thread_blocked, id=1216, stack(0x000000000ac20000,0x000000000ad20000)]
  0x00000000096a2800 JavaThread "Attach Listener" daemon [_thread_blocked, id=1636, stack(0x000000000ab20000,0x000000000ac20000)]
  0x000000000969f800 JavaThread "Signal Dispatcher" daemon [_thread_blocked, id=5420, stack(0x000000000aa20000,0x000000000ab20000)]
  0x000000000966c000 JavaThread "Finalizer" daemon [_thread_blocked, id=5404, stack(0x000000000a920000,0x000000000aa20000)]
  0x0000000009663000 JavaThread "Reference Handler" daemon [_thread_blocked, id=5832, stack(0x000000000a820000,0x000000000a920000)]

Other Threads:
  0x0000000009662000 VMThread [stack: 0x000000000a720000,0x000000000a820000] [id=5560]
  0x00000000096c1000 WatcherThread [stack: 0x000000000af20000,0x000000000b020000] [id=5656]

VM state:not at safepoint (normal execution)

VM Mutex/Monitor currently owned by a thread: None

Heap
 PSYoungGen      total 28672K, used 16177K [0x00000000e0100000, 0x00000000e2100000, 0x0000000100000000)
  eden space 24576K, 65% used [0x00000000e0100000,0x00000000e10cc580,0x00000000e1900000)
  from space 4096K, 0% used [0x00000000e1d00000,0x00000000e1d00000,0x00000000e2100000)
  to   space 4096K, 0% used [0x00000000e1900000,0x00000000e1900000,0x00000000e1d00000)
 ParOldGen       total 65024K, used 0K [0x00000000a0400000, 0x00000000a4380000, 0x00000000e0100000)
  object space 65024K, 0% used [0x00000000a0400000,0x00000000a0400000,0x00000000a4380000)
 PSPermGen       total 21504K, used 6513K [0x000000009b200000, 0x000000009c700000, 0x00000000a0400000)
  object space 21504K, 30% used [0x000000009b200000,0x000000009b85c4a0,0x000000009c700000)

Card table byte_map: [0x0000000005630000,0x0000000005960000] byte_map_base: 0x0000000005157000

Polling page: 0x0000000002300000

Code Cache  [0x0000000002570000, 0x00000000027e0000, 0x0000000005570000)
 total_blobs=557 nmethods=153 adapters=357 free_code_cache=48422Kb largest_free_block=49548736

Compilation events (10 events):
Event: 18.112 Thread 0x00000000096a8800  148             com.badlogic.gdx.math.Vector3::crs (62 bytes)
Event: 18.114 Thread 0x00000000096a8800 nmethod 148 0x000000000262c390 code [0x000000000262c4c0, 0x000000000262c578]
Event: 18.895 Thread 0x00000000096a8800  151             com.badlogic.gdx.graphics.glutils.FileTextureData::getWidth (5 bytes)
Event: 18.895 Thread 0x00000000096a3800  150             com.badlogic.gdx.graphics.Texture::getWidth (10 bytes)
Event: 18.896 Thread 0x00000000096a8800 nmethod 151 0x000000000261fcd0 code [0x000000000261fe00, 0x000000000261fe58]
Event: 18.896 Thread 0x00000000096a8800  152             com.badlogic.gdx.graphics.Texture::getHeight (10 bytes)
Event: 18.897 Thread 0x00000000096a3800 nmethod 150 0x000000000261fa50 code [0x000000000261fba0, 0x000000000261fc18]
Event: 18.897 Thread 0x00000000096a3800  153             com.badlogic.gdx.graphics.glutils.FileTextureData::getHeight (5 bytes)
Event: 18.898 Thread 0x00000000096a3800 nmethod 153 0x000000000261f850 code [0x000000000261f980, 0x000000000261f9d8]
Event: 18.898 Thread 0x00000000096a8800 nmethod 152 0x000000000261f5d0 code [0x000000000261f720, 0x000000000261f798]

GC Heap History (0 events):
No events

Deoptimization events (0 events):
No events

Internal exceptions (10 events):
Event: 3.037 Thread 0x000000000b15b800 Threw 0x00000000e0d849c0 at C:\jdk7u2_64p\jdk7u40\hotspot\src\share\vm\prims\jvm.cpp:1244
Event: 3.038 Thread 0x000000000b15b800 Threw 0x00000000e0d866e8 at C:\jdk7u2_64p\jdk7u40\hotspot\src\share\vm\prims\jvm.cpp:1244
Event: 3.159 Thread 0x000000000b15b800 Threw 0x00000000e0e2acb8 at C:\jdk7u2_64p\jdk7u40\hotspot\src\share\vm\prims\jvm.cpp:1244
Event: 3.160 Thread 0x000000000b15b800 Threw 0x00000000e0e2ecc0 at C:\jdk7u2_64p\jdk7u40\hotspot\src\share\vm\prims\jvm.cpp:1244
Event: 3.160 Thread 0x000000000b15b800 Threw 0x00000000e0e32d10 at C:\jdk7u2_64p\jdk7u40\hotspot\src\share\vm\prims\jvm.cpp:1244
Event: 3.161 Thread 0x000000000b15b800 Threw 0x00000000e0e371d8 at C:\jdk7u2_64p\jdk7u40\hotspot\src\share\vm\prims\jvm.cpp:1244
Event: 3.162 Thread 0x000000000b15b800 Threw 0x00000000e0e3b100 at C:\jdk7u2_64p\jdk7u40\hotspot\src\share\vm\prims\jvm.cpp:1244
Event: 3.163 Thread 0x000000000b15b800 Threw 0x00000000e0e3f4d8 at C:\jdk7u2_64p\jdk7u40\hotspot\src\share\vm\prims\jvm.cpp:1244
Event: 3.193 Thread 0x000000000b15b800 Threw 0x00000000e0e44f98 at C:\jdk7u2_64p\jdk7u40\hotspot\src\share\vm\prims\jvm.cpp:1244
Event: 19.695 Thread 0x000000000b15b800 Threw 0x00000000e106a040 at C:\jdk7u2_64p\jdk7u40\hotspot\src\share\vm\prims\jvm.cpp:1244

Events (10 events):
Event: 3.162 loading class 0x00000000096c5a80
Event: 3.162 loading class 0x00000000096c5a80 done
Event: 3.162 loading class 0x000000000b20e290
Event: 3.163 loading class 0x000000000b20e290 done
Event: 3.193 loading class 0x000000000b089c10
Event: 3.193 loading class 0x000000000b089c10 done
Event: 4.119 Executing VM operation: EnableBiasedLocking
Event: 4.119 Executing VM operation: EnableBiasedLocking done
Event: 19.694 loading class 0x000000000971d820
Event: 19.694 loading class 0x000000000971d820 done


Dynamic libraries:
0x00007ff721ab0000 - 0x00007ff721ae3000 	C:\Program Files\Java\jre7\bin\javaw.exe
0x00007ffc33170000 - 0x00007ffc33319000 	C:\WINDOWS\SYSTEM32\ntdll.dll
0x00007ffc31500000 - 0x00007ffc31639000 	C:\WINDOWS\system32\KERNEL32.DLL
0x00007ffc305c0000 - 0x00007ffc306ce000 	C:\WINDOWS\system32\KERNELBASE.dll
0x00007ffc2edc0000 - 0x00007ffc2ee4b000 	C:\WINDOWS\system32\apphelp.dll
0x00007ffc15bc0000 - 0x00007ffc15c0f000 	C:\WINDOWS\AppPatch\AppPatch64\AcGenral.DLL
0x00007ffc330c0000 - 0x00007ffc33167000 	C:\WINDOWS\system32\msvcrt.dll
0x00007ffc30330000 - 0x00007ffc3035b000 	C:\WINDOWS\SYSTEM32\SspiCli.dll
0x00007ffc32a50000 - 0x00007ffc32aa1000 	C:\WINDOWS\system32\SHLWAPI.dll
0x00007ffc31190000 - 0x00007ffc31301000 	C:\WINDOWS\system32\USER32.dll
0x00007ffc30e30000 - 0x00007ffc30fa6000 	C:\WINDOWS\system32\ole32.dll
0x00007ffc31640000 - 0x00007ffc32a4f000 	C:\WINDOWS\system32\SHELL32.dll
0x00007ffc2f800000 - 0x00007ffc2f81f000 	C:\WINDOWS\SYSTEM32\USERENV.dll
0x00007ffc32dc0000 - 0x00007ffc32e65000 	C:\WINDOWS\system32\ADVAPI32.dll
0x00007ffc26070000 - 0x00007ffc2608b000 	C:\WINDOWS\SYSTEM32\MPR.dll
0x00007ffc30a40000 - 0x00007ffc30b76000 	C:\WINDOWS\system32\RPCRT4.dll
0x00007ffc32e70000 - 0x00007ffc32ec7000 	C:\WINDOWS\SYSTEM32\sechost.dll
0x00007ffc30fb0000 - 0x00007ffc31187000 	C:\WINDOWS\SYSTEM32\combase.dll
0x00007ffc32ed0000 - 0x00007ffc33015000 	C:\WINDOWS\system32\GDI32.dll
0x00007ffc304f0000 - 0x00007ffc30504000 	C:\WINDOWS\SYSTEM32\profapi.dll
0x00007ffc2e820000 - 0x00007ffc2e8c1000 	C:\WINDOWS\SYSTEM32\SHCORE.dll
0x00007ffc30df0000 - 0x00007ffc30e24000 	C:\WINDOWS\system32\IMM32.DLL
0x00007ffc313c0000 - 0x00007ffc314f8000 	C:\WINDOWS\system32\MSCTF.dll
0x00007ffc2fe50000 - 0x00007ffc300aa000 	C:\WINDOWS\WinSxS\amd64_microsoft.windows.common-controls_6595b64144ccf1df_6.0.9600.16384_none_62475f7becb72503\COMCTL32.dll
0x000000006c230000 - 0x000000006c301000 	C:\Program Files\Java\jre7\bin\msvcr100.dll
0x000000006ba60000 - 0x000000006c229000 	C:\Program Files\Java\jre7\bin\server\jvm.dll
0x00007ffc14de0000 - 0x00007ffc14de9000 	C:\WINDOWS\SYSTEM32\WSOCK32.dll
0x00007ffc258d0000 - 0x00007ffc258ef000 	C:\WINDOWS\SYSTEM32\WINMM.dll
0x00007ffc30be0000 - 0x00007ffc30be7000 	C:\WINDOWS\system32\PSAPI.DLL
0x00007ffc32ab0000 - 0x00007ffc32b08000 	C:\WINDOWS\system32\WS2_32.dll
0x00007ffc25890000 - 0x00007ffc258ba000 	C:\WINDOWS\SYSTEM32\WINMMBASE.dll
0x00007ffc32db0000 - 0x00007ffc32db9000 	C:\WINDOWS\system32\NSI.dll
0x00007ffc306d0000 - 0x00007ffc3071a000 	C:\WINDOWS\SYSTEM32\cfgmgr32.dll
0x00007ffc2f020000 - 0x00007ffc2f046000 	C:\WINDOWS\SYSTEM32\DEVOBJ.dll
0x000000006c8e0000 - 0x000000006c8ef000 	C:\Program Files\Java\jre7\bin\verify.dll
0x000000006c4d0000 - 0x000000006c4f8000 	C:\Program Files\Java\jre7\bin\java.dll
0x000000006c4b0000 - 0x000000006c4c5000 	C:\Program Files\Java\jre7\bin\zip.dll
0x0000000065580000 - 0x0000000065610000 	C:\Users\Fathurrohman E\AppData\Local\Temp\libgdxFathurrohman E\5498721d\gdx64.dll
0x0000000180000000 - 0x0000000180050000 	C:\Users\Fathurrohman E\AppData\Local\Temp\libgdxFathurrohman E\4c88a7c1\lwjgl64.dll
0x00007ffc23590000 - 0x00007ffc236b1000 	C:\WINDOWS\SYSTEM32\OPENGL32.dll
0x00007ffc2e070000 - 0x00007ffc2e07a000 	C:\WINDOWS\SYSTEM32\VERSION.dll
0x00007ffc23970000 - 0x00007ffc2399c000 	C:\WINDOWS\SYSTEM32\GLU32.dll
0x00007ffc23490000 - 0x00007ffc23584000 	C:\WINDOWS\SYSTEM32\DDRAW.dll
0x00007ffc2a580000 - 0x00007ffc2a589000 	C:\WINDOWS\SYSTEM32\DCIMAN32.dll
0x000000000b4e0000 - 0x000000000b544000 	C:\Users\FATHUR~1\AppData\Local\Temp\libgdxFathurrohman E\4c88a7c1\OpenAL64.dll
0x00007ffc2efc0000 - 0x00007ffc2efca000 	C:\WINDOWS\SYSTEM32\kernel.appcore.dll
0x00007ffc303c0000 - 0x00007ffc303ca000 	C:\WINDOWS\SYSTEM32\CRYPTBASE.dll
0x00007ffc30360000 - 0x00007ffc303be000 	C:\WINDOWS\SYSTEM32\bcryptPrimitives.dll
0x00007ffc2ee80000 - 0x00007ffc2efa2000 	C:\WINDOWS\system32\uxtheme.dll
0x00007ffc31310000 - 0x00007ffc313b4000 	C:\WINDOWS\SYSTEM32\clbcatq.dll
0x00007ffc23400000 - 0x00007ffc23487000 	C:\WINDOWS\SYSTEM32\dsound.dll
0x00007ffc303f0000 - 0x00007ffc30435000 	C:\WINDOWS\SYSTEM32\POWRPROF.dll
0x00007ffc2c4e0000 - 0x00007ffc2c541000 	C:\WINDOWS\System32\MMDevApi.dll
0x00007ffc21f90000 - 0x00007ffc22006000 	C:\WINDOWS\SYSTEM32\AUDIOSES.DLL
0x00007ffc32b10000 - 0x00007ffc32bc7000 	C:\WINDOWS\system32\OLEAUT32.dll
0x00007ffc2e5e0000 - 0x00007ffc2e601000 	C:\WINDOWS\system32\dwmapi.dll
0x00007ffc23950000 - 0x00007ffc23968000 	C:\WINDOWS\SYSTEM32\atig6pxx.dll
0x0000000069770000 - 0x000000006b111000 	C:\WINDOWS\SYSTEM32\atio6axx.dll
0x00007ffc32bd0000 - 0x00007ffc32da6000 	C:\WINDOWS\system32\SETUPAPI.dll
0x00007ffc2c2e0000 - 0x00007ffc2c408000 	C:\WINDOWS\SYSTEM32\atiadlxx.dll
0x00007ffc2c140000 - 0x00007ffc2c2a4000 	C:\WINDOWS\SYSTEM32\PROPSYS.dll
0x00007ffc2eda0000 - 0x00007ffc2edb1000 	C:\WINDOWS\SYSTEM32\WTSAPI32.dll
0x00007ffc2c110000 - 0x00007ffc2c139000 	C:\WINDOWS\SYSTEM32\IPHLPAPI.DLL
0x00007ffc2c790000 - 0x00007ffc2c79a000 	C:\WINDOWS\SYSTEM32\WINNSI.DLL
0x00007ffc307d0000 - 0x00007ffc3081e000 	C:\WINDOWS\system32\WINTRUST.dll
0x00007ffc30820000 - 0x00007ffc309f7000 	C:\WINDOWS\system32\CRYPT32.dll
0x00007ffc305a0000 - 0x00007ffc305b2000 	C:\WINDOWS\system32\MSASN1.dll
0x00007ffc2ddc0000 - 0x00007ffc2df04000 	C:\WINDOWS\SYSTEM32\aticfx64.dll
0x00007ffc231b0000 - 0x00007ffc231ce000 	C:\WINDOWS\SYSTEM32\atig6txx.dll
0x00007ffc250c0000 - 0x00007ffc2514d000 	C:\WINDOWS\SYSTEM32\mscms.dll
0x00007ffc21f40000 - 0x00007ffc21f81000 	C:\WINDOWS\SYSTEM32\icm32.dll
0x00007ffc20850000 - 0x00007ffc209d8000 	C:\WINDOWS\SYSTEM32\dbghelp.dll

VM Arguments:
jvm_args: -Dfile.encoding=Cp1252 
java_command: com.infinithinks.pentastic.Main
Launcher Type: SUN_STANDARD

Environment Variables:
PATH=C:\WINDOWS\system32;C:\WINDOWS;C:\WINDOWS\System32\Wbem;C:\WINDOWS\System32\WindowsPowerShell\v1.0\;C:\Program Files (x86)\ATI Technologies\ATI.ACE\Core-Static;C:\Program Files (x86)\SoftKinetic\DepthSenseSDK\bin;e:\Program Files\MATLAB\R2010a\runtime\win64;e:\Program Files\MATLAB\R2010a\bin;C:\Program Files (x86)\Windows Kits\8.0\Windows Performance Toolkit\;C:\Program Files\Microsoft SQL Server\110\Tools\Binn\
USERNAME=Fathurrohman E
OS=Windows_NT
PROCESSOR_IDENTIFIER=Intel64 Family 6 Model 42 Stepping 7, GenuineIntel



---------------  S Y S T E M  ---------------

OS: Windows 8 , 64 bit Build 9200 

CPU:total 4 (2 cores per cpu, 2 threads per core) family 6 model 42 stepping 7, cmov, cx8, fxsr, mmx, sse, sse2, sse3, ssse3, sse4.1, sse4.2, popcnt, avx, ht, tsc, tscinvbit

Memory: 4k page, physical 6268032k(3556596k free), swap 12559488k(9043612k free)

vm_info: Java HotSpot(TM) 64-Bit Server VM (24.0-b56) for windows-amd64 JRE (1.7.0_40-b43), built on Aug 26 2013 22:38:32 by "java_re" with unknown MS VC++:1600

time: Fri Jan 31 15:27:42 2014
elapsed time: 19 seconds

