#
# A fatal error has been detected by the Java Runtime Environment:
#
#  EXCEPTION_ACCESS_VIOLATION (0xc0000005) at pc=0x00000000655a1b9f, pid=704, tid=2376
#
# JRE version: Java(TM) SE Runtime Environment (7.0_40-b43) (build 1.7.0_40-b43)
# Java VM: Java HotSpot(TM) 64-Bit Server VM (24.0-b56 mixed mode windows-amd64 compressed oops)
# Problematic frame:
# C  [gdx64.dll+0x21b9f]
#
# Failed to write core dump. Minidumps are not enabled by default on client versions of Windows
#
# If you would like to submit a bug report, please visit:
#   http://bugreport.sun.com/bugreport/crash.jsp
# The crash happened outside the Java Virtual Machine in native code.
# See problematic frame for where to report the bug.
#

---------------  T H R E A D  ---------------

Current thread (0x000000000b62c000):  JavaThread "LWJGL Application" [_thread_in_native, id=2376, stack(0x000000000c310000,0x000000000c410000)]

siginfo: ExceptionCode=0xc0000005, reading address 0x0000000011604748

Registers:
RAX=0x00000000116002b0, RBX=0x000000000c42a820, RCX=0x0000000011604740, RDX=0x00000000116001f0
RSP=0x000000000c40ec20, RBP=0x000000000c40ed90, RSI=0x0000000000000002, RDI=0x0000000000000000
R8 =0x000000000c42a820, R9 =0x00000000000000db, R10=0x0000000002b63064, R11=0x000000005ec2f7d0
R12=0x0000000000000000, R13=0x000000009b723ab0, R14=0x000000000c40edc0, R15=0x000000000b62c000
RIP=0x00000000655a1b9f, EFLAGS=0x0000000000010202

Top of Stack: (sp=0x000000000c40ec20)
0x000000000c40ec20:   00001cdabc3c8745 000000005eacf72f
0x000000000c40ec30:   000000009b7239f0 000000005eb5c49f
0x000000000c40ec40:   00000000116001f0 0000000002999140
0x000000000c40ec50:   000000000b62c000 000000005eaeabb0
0x000000000c40ec60:   0000000000000000 0000000002999140
0x000000000c40ec70:   0000000000000003 000000000000000e
0x000000000c40ec80:   000000000c400000 0000000002b6e103
0x000000000c40ec90:   00000000655d3070 00000000655d3928
0x000000000c40eca0:   000000000c40ecd0 00000000655a1c31
0x000000000c40ecb0:   000000000c40ec20 000000005eaeadce
0x000000000c40ecc0:   0000000009baac00 000000009b75c85c
0x000000000c40ecd0:   000000000c40ed90 00000000655aae75
0x000000000c40ece0:   000000000c42a820 000000005eaee25e
0x000000000c40ecf0:   000000000c40f268 000000000c40ed89
0x000000000c40ed00:   000000009b723ab0 0000000002b63090
0x000000000c40ed10:   00000000000000b6 000000000b62c000 

Instructions: (pc=0x00000000655a1b9f)
0x00000000655a1b7f:   90 48 83 7c 24 20 00 74 4b 48 8b 44 24 20 48 8b
0x00000000655a1b8f:   48 70 48 8b 50 68 48 85 c9 48 89 54 24 20 74 e1
0x00000000655a1b9f:   48 8b 41 08 48 8b 94 24 c0 00 00 00 c7 41 30 00
0x00000000655a1baf:   00 00 00 c7 44 24 48 01 00 00 00 48 89 44 24 28 


Register to memory mapping:

RAX=0x00000000116002b0 is an unknown value
RBX=0x000000000c42a820 is an unknown value
RCX=0x0000000011604740 is an unknown value
RDX=0x00000000116001f0 is an unknown value
RSP=0x000000000c40ec20 is pointing into the stack for thread: 0x000000000b62c000
RBP=0x000000000c40ed90 is pointing into the stack for thread: 0x000000000b62c000
RSI=0x0000000000000002 is an unknown value
RDI=0x0000000000000000 is an unknown value
R8 =0x000000000c42a820 is an unknown value
R9 =0x00000000000000db is an unknown value
R10=0x0000000002b63064 is at code_begin+644 in an Interpreter codelet
method entry point (kind = native)  [0x0000000002b62de0, 0x0000000002b63680]  2208 bytes
R11=0x000000005ec2f7d0 is an unknown value
R12=0x0000000000000000 is an unknown value
R13=0x000000009b723ab0 is an oop
{method} 
 - klass: {other class}
R14=0x000000000c40edc0 is pointing into the stack for thread: 0x000000000b62c000
R15=0x000000000b62c000 is a thread


Stack: [0x000000000c310000,0x000000000c410000],  sp=0x000000000c40ec20,  free space=1019k
Native frames: (J=compiled Java code, j=interpreted, Vv=VM code, C=native code)
C  [gdx64.dll+0x21b9f]
j  com.badlogic.gdx.physics.box2d.World.dispose()V+5
j  com.infinithinks.pentastic.entities.Track.dispose()V+4
j  com.infinithinks.pentastic.level.Level_1.dispose()V+18
j  com.infinithinks.pentastic.level.Level_1.hide()V+1
j  com.badlogic.gdx.Game.dispose()V+11
j  com.infinithinks.pentastic.PENtasticMain.dispose()V+1
j  com.badlogic.gdx.backends.lwjgl.LwjglApplication.mainLoop()V+780
j  com.badlogic.gdx.backends.lwjgl.LwjglApplication$1.run()V+27
v  ~StubRoutines::call_stub
V  [jvm.dll+0x1cb013]

Java frames: (J=compiled Java code, j=interpreted, Vv=VM code)
j  com.badlogic.gdx.physics.box2d.World.jniDispose(J)V+0
j  com.badlogic.gdx.physics.box2d.World.dispose()V+5
j  com.infinithinks.pentastic.entities.Track.dispose()V+4
j  com.infinithinks.pentastic.level.Level_1.dispose()V+18
j  com.infinithinks.pentastic.level.Level_1.hide()V+1
j  com.badlogic.gdx.Game.dispose()V+11
j  com.infinithinks.pentastic.PENtasticMain.dispose()V+1
j  com.badlogic.gdx.backends.lwjgl.LwjglApplication.mainLoop()V+780
j  com.badlogic.gdx.backends.lwjgl.LwjglApplication$1.run()V+27
v  ~StubRoutines::call_stub

---------------  P R O C E S S  ---------------

Java Threads: ( => current thread )
  0x000000000b92e800 JavaThread "LWJGL Timer" daemon [_thread_blocked, id=9420, stack(0x0000000011800000,0x0000000011900000)]
  0x0000000002950800 JavaThread "DestroyJavaVM" [_thread_blocked, id=4404, stack(0x0000000002800000,0x0000000002900000)]
=>0x000000000b62c000 JavaThread "LWJGL Application" [_thread_in_native, id=2376, stack(0x000000000c310000,0x000000000c410000)]
  0x0000000009bb2000 JavaThread "Service Thread" daemon [_thread_blocked, id=10200, stack(0x000000000b330000,0x000000000b430000)]
  0x0000000009ba8000 JavaThread "C2 CompilerThread1" daemon [_thread_blocked, id=9872, stack(0x000000000b230000,0x000000000b330000)]
  0x0000000009ba3000 JavaThread "C2 CompilerThread0" daemon [_thread_blocked, id=9644, stack(0x000000000b130000,0x000000000b230000)]
  0x0000000009ba1800 JavaThread "Attach Listener" daemon [_thread_blocked, id=8752, stack(0x000000000b030000,0x000000000b130000)]
  0x0000000009b9e800 JavaThread "Signal Dispatcher" daemon [_thread_blocked, id=3088, stack(0x000000000af30000,0x000000000b030000)]
  0x0000000009b6b000 JavaThread "Finalizer" daemon [_thread_blocked, id=8952, stack(0x000000000ae30000,0x000000000af30000)]
  0x0000000009b61800 JavaThread "Reference Handler" daemon [_thread_blocked, id=9788, stack(0x000000000ad30000,0x000000000ae30000)]

Other Threads:
  0x0000000009b5f000 VMThread [stack: 0x000000000ac30000,0x000000000ad30000] [id=836]
  0x0000000009bca800 WatcherThread [stack: 0x000000000b430000,0x000000000b530000] [id=1892]

VM state:not at safepoint (normal execution)

VM Mutex/Monitor currently owned by a thread: None

Heap
 PSYoungGen      total 28672K, used 11615K [0x00000000e0100000, 0x00000000e2100000, 0x0000000100000000)
  eden space 24576K, 47% used [0x00000000e0100000,0x00000000e0c57da8,0x00000000e1900000)
  from space 4096K, 0% used [0x00000000e1d00000,0x00000000e1d00000,0x00000000e2100000)
  to   space 4096K, 0% used [0x00000000e1900000,0x00000000e1900000,0x00000000e1d00000)
 ParOldGen       total 65024K, used 0K [0x00000000a0400000, 0x00000000a4380000, 0x00000000e0100000)
  object space 65024K, 0% used [0x00000000a0400000,0x00000000a0400000,0x00000000a4380000)
 PSPermGen       total 21504K, used 6134K [0x000000009b200000, 0x000000009c700000, 0x00000000a0400000)
  object space 21504K, 28% used [0x000000009b200000,0x000000009b7fdb80,0x000000009c700000)

Card table byte_map: [0x0000000005b50000,0x0000000005e80000] byte_map_base: 0x0000000005677000

Polling page: 0x0000000000f40000

Code Cache  [0x0000000002b50000, 0x0000000002dc0000, 0x0000000005b50000)
 total_blobs=464 nmethods=66 adapters=351 free_code_cache=48569Kb largest_free_block=49715072

Compilation events (10 events):
Event: 3.426 Thread 0x0000000009ba3000   61             com.badlogic.gdx.physics.box2d.Box2DDebugRenderer::drawShape (297 bytes)
Event: 3.480 Thread 0x0000000009ba3000 nmethod 61 0x0000000002be35d0 code [0x0000000002be3920, 0x0000000002be4d08]
Event: 3.993 Thread 0x0000000009ba8000   62             com.badlogic.gdx.graphics.glutils.ShaderProgram::checkManaged (25 bytes)
Event: 3.995 Thread 0x0000000009ba8000 nmethod 62 0x0000000002be0490 code [0x0000000002be05e0, 0x0000000002be0668]
Event: 4.008 Thread 0x0000000009ba3000   63             java.nio.Buffer::checkIndex (22 bytes)
Event: 4.009 Thread 0x0000000009ba3000 nmethod 63 0x0000000002be0250 code [0x0000000002be0380, 0x0000000002be03f8]
Event: 4.360 Thread 0x0000000009ba8000   65             com.badlogic.gdx.math.Vector3::set (17 bytes)
Event: 4.362 Thread 0x0000000009ba8000 nmethod 65 0x0000000002bdf450 code [0x0000000002bdf580, 0x0000000002bdf5d8]
Event: 4.810 Thread 0x0000000009ba3000   66             java.nio.Buffer::limit (5 bytes)
Event: 4.811 Thread 0x0000000009ba3000 nmethod 66 0x0000000002bdfc10 code [0x0000000002bdfd40, 0x0000000002bdfd98]

GC Heap History (0 events):
No events

Deoptimization events (0 events):
No events

Internal exceptions (10 events):
Event: 1.232 Thread 0x000000000b62c000 Threw 0x00000000e0bdb2f8 at C:\jdk7u2_64p\jdk7u40\hotspot\src\share\vm\prims\jvm.cpp:1244
Event: 1.233 Thread 0x000000000b62c000 Threw 0x00000000e0bdf3b0 at C:\jdk7u2_64p\jdk7u40\hotspot\src\share\vm\prims\jvm.cpp:1244
Event: 1.234 Thread 0x000000000b62c000 Threw 0x00000000e0be3558 at C:\jdk7u2_64p\jdk7u40\hotspot\src\share\vm\prims\jvm.cpp:1244
Event: 1.234 Thread 0x000000000b62c000 Threw 0x00000000e0be70e0 at C:\jdk7u2_64p\jdk7u40\hotspot\src\share\vm\prims\jvm.cpp:1244
Event: 1.236 Thread 0x000000000b62c000 Threw 0x00000000e0beb4b8 at C:\jdk7u2_64p\jdk7u40\hotspot\src\share\vm\prims\jvm.cpp:1244
Event: 1.276 Thread 0x000000000b62c000 Threw 0x00000000e0bf0ba8 at C:\jdk7u2_64p\jdk7u40\hotspot\src\share\vm\prims\jvm.cpp:1244
Event: 1.276 Thread 0x000000000b62c000 Threw 0x00000000e0bf4990 at C:\jdk7u2_64p\jdk7u40\hotspot\src\share\vm\prims\jvm.cpp:1244
Event: 1.277 Thread 0x000000000b62c000 Threw 0x00000000e0bf8500 at C:\jdk7u2_64p\jdk7u40\hotspot\src\share\vm\prims\jvm.cpp:1244
Event: 1.295 Thread 0x000000000b62c000 Threw 0x00000000e0bfbae0 at C:\jdk7u2_64p\jdk7u40\hotspot\src\share\vm\prims\jvm.cpp:1244
Event: 5.330 Thread 0x000000000b62c000 Threw 0x00000000e0c408b8 at C:\jdk7u2_64p\jdk7u40\hotspot\src\share\vm\prims\jvm.cpp:1244

Events (10 events):
Event: 1.276 loading class 0x000000000b71ada0 done
Event: 1.277 loading class 0x000000000fa2c0f0
Event: 1.277 loading class 0x000000000fa2c0f0 done
Event: 1.278 Thread 0x000000000b92e800 Thread added: 0x000000000b92e800
Event: 1.295 loading class 0x000000000b5c1480
Event: 1.295 loading class 0x000000000b5c1480 done
Event: 4.099 Executing VM operation: EnableBiasedLocking
Event: 4.099 Executing VM operation: EnableBiasedLocking done
Event: 5.330 loading class 0x0000000009bde9d0
Event: 5.330 loading class 0x0000000009bde9d0 done


Dynamic libraries:
0x00007ff701950000 - 0x00007ff701983000 	C:\Program Files\Java\jre7\bin\javaw.exe
0x00007ff8e6620000 - 0x00007ff8e67c9000 	C:\WINDOWS\SYSTEM32\ntdll.dll
0x00007ff8e4600000 - 0x00007ff8e4739000 	C:\WINDOWS\system32\KERNEL32.DLL
0x00007ff8e3da0000 - 0x00007ff8e3eae000 	C:\WINDOWS\system32\KERNELBASE.dll
0x00007ff8e25d0000 - 0x00007ff8e265b000 	C:\WINDOWS\system32\apphelp.dll
0x00007ff8d6d50000 - 0x00007ff8d6d9f000 	C:\WINDOWS\AppPatch\AppPatch64\AcGenral.DLL
0x00007ff8e4c20000 - 0x00007ff8e4cc7000 	C:\WINDOWS\system32\msvcrt.dll
0x00007ff8e37e0000 - 0x00007ff8e380b000 	C:\WINDOWS\SYSTEM32\SspiCli.dll
0x00007ff8e63d0000 - 0x00007ff8e6421000 	C:\WINDOWS\system32\SHLWAPI.dll
0x00007ff8e4d70000 - 0x00007ff8e4ee1000 	C:\WINDOWS\system32\USER32.dll
0x00007ff8e4aa0000 - 0x00007ff8e4c16000 	C:\WINDOWS\system32\ole32.dll
0x00007ff8e4f00000 - 0x00007ff8e630f000 	C:\WINDOWS\system32\SHELL32.dll
0x00007ff8e2fb0000 - 0x00007ff8e2fcf000 	C:\WINDOWS\SYSTEM32\USERENV.dll
0x00007ff8e6310000 - 0x00007ff8e63b5000 	C:\WINDOWS\system32\ADVAPI32.dll
0x00007ff8da3e0000 - 0x00007ff8da3fb000 	C:\WINDOWS\SYSTEM32\MPR.dll
0x00007ff8e4740000 - 0x00007ff8e4876000 	C:\WINDOWS\system32\RPCRT4.dll
0x00007ff8e4d10000 - 0x00007ff8e4d67000 	C:\WINDOWS\SYSTEM32\sechost.dll
0x00007ff8e6430000 - 0x00007ff8e6607000 	C:\WINDOWS\SYSTEM32\combase.dll
0x00007ff8e4110000 - 0x00007ff8e4255000 	C:\WINDOWS\system32\GDI32.dll
0x00007ff8e39a0000 - 0x00007ff8e39b4000 	C:\WINDOWS\SYSTEM32\profapi.dll
0x00007ff8e2030000 - 0x00007ff8e20d1000 	C:\WINDOWS\SYSTEM32\SHCORE.dll
0x00007ff8e4cd0000 - 0x00007ff8e4d04000 	C:\WINDOWS\system32\IMM32.DLL
0x00007ff8e3f20000 - 0x00007ff8e4058000 	C:\WINDOWS\system32\MSCTF.dll
0x00007ff8e0e50000 - 0x00007ff8e10aa000 	C:\WINDOWS\WinSxS\amd64_microsoft.windows.common-controls_6595b64144ccf1df_6.0.9600.16384_none_62475f7becb72503\COMCTL32.dll
0x000000005f220000 - 0x000000005f2f1000 	C:\Program Files\Java\jre7\bin\msvcr100.dll
0x000000005ea50000 - 0x000000005f219000 	C:\Program Files\Java\jre7\bin\server\jvm.dll
0x00007ff8e0500000 - 0x00007ff8e0509000 	C:\WINDOWS\SYSTEM32\WSOCK32.dll
0x00007ff8d91f0000 - 0x00007ff8d920f000 	C:\WINDOWS\SYSTEM32\WINMM.dll
0x00007ff8e3f10000 - 0x00007ff8e3f17000 	C:\WINDOWS\system32\PSAPI.DLL
0x00007ff8e49a0000 - 0x00007ff8e49f8000 	C:\WINDOWS\system32\WS2_32.dll
0x00007ff8d7680000 - 0x00007ff8d76aa000 	C:\WINDOWS\SYSTEM32\WINMMBASE.dll
0x00007ff8e63c0000 - 0x00007ff8e63c9000 	C:\WINDOWS\system32\NSI.dll
0x00007ff8e3d50000 - 0x00007ff8e3d9a000 	C:\WINDOWS\SYSTEM32\cfgmgr32.dll
0x00007ff8e2830000 - 0x00007ff8e2856000 	C:\WINDOWS\SYSTEM32\DEVOBJ.dll
0x0000000060240000 - 0x000000006024f000 	C:\Program Files\Java\jre7\bin\verify.dll
0x000000005f4f0000 - 0x000000005f518000 	C:\Program Files\Java\jre7\bin\java.dll
0x000000005ea30000 - 0x000000005ea45000 	C:\Program Files\Java\jre7\bin\zip.dll
0x0000000065580000 - 0x0000000065610000 	C:\Users\Fathurrohman E\AppData\Local\Temp\libgdxFathurrohman E\5498721d\gdx64.dll
0x0000000180000000 - 0x0000000180050000 	C:\Users\Fathurrohman E\AppData\Local\Temp\libgdxFathurrohman E\4c88a7c1\lwjgl64.dll
0x00007ff8d3700000 - 0x00007ff8d3821000 	C:\WINDOWS\SYSTEM32\OPENGL32.dll
0x00007ff8e1120000 - 0x00007ff8e112a000 	C:\WINDOWS\SYSTEM32\VERSION.dll
0x00007ff8decc0000 - 0x00007ff8decec000 	C:\WINDOWS\SYSTEM32\GLU32.dll
0x00007ff8c4b70000 - 0x00007ff8c4c64000 	C:\WINDOWS\SYSTEM32\DDRAW.dll
0x00007ff8ded50000 - 0x00007ff8ded59000 	C:\WINDOWS\SYSTEM32\DCIMAN32.dll
0x000000000b9b0000 - 0x000000000ba14000 	C:\Users\FATHUR~1\AppData\Local\Temp\libgdxFathurrohman E\4c88a7c1\OpenAL64.dll
0x00007ff8e26a0000 - 0x00007ff8e26aa000 	C:\WINDOWS\SYSTEM32\kernel.appcore.dll
0x00007ff8e3870000 - 0x00007ff8e387a000 	C:\WINDOWS\SYSTEM32\CRYPTBASE.dll
0x00007ff8e3810000 - 0x00007ff8e386e000 	C:\WINDOWS\SYSTEM32\bcryptPrimitives.dll
0x00007ff8e26b0000 - 0x00007ff8e27d2000 	C:\WINDOWS\system32\uxtheme.dll
0x00007ff8e4060000 - 0x00007ff8e4104000 	C:\WINDOWS\SYSTEM32\clbcatq.dll
0x00007ff8c5b70000 - 0x00007ff8c5bf7000 	C:\WINDOWS\SYSTEM32\dsound.dll
0x00007ff8e3940000 - 0x00007ff8e3985000 	C:\WINDOWS\SYSTEM32\POWRPROF.dll
0x00007ff8e00d0000 - 0x00007ff8e0131000 	C:\WINDOWS\System32\MMDevApi.dll
0x00007ff8d6c60000 - 0x00007ff8d6cd6000 	C:\WINDOWS\SYSTEM32\AUDIOSES.DLL
0x00007ff8e48e0000 - 0x00007ff8e4997000 	C:\WINDOWS\system32\OLEAUT32.dll
0x00007ff8e1df0000 - 0x00007ff8e1e11000 	C:\WINDOWS\system32\dwmapi.dll
0x00007ff8da320000 - 0x00007ff8da338000 	C:\WINDOWS\SYSTEM32\atig6pxx.dll
0x000000005d040000 - 0x000000005e9e1000 	C:\WINDOWS\SYSTEM32\atio6axx.dll
0x00007ff8e4400000 - 0x00007ff8e45d6000 	C:\WINDOWS\system32\SETUPAPI.dll
0x00007ff8de2f0000 - 0x00007ff8de418000 	C:\WINDOWS\SYSTEM32\atiadlxx.dll
0x00007ff8dfdd0000 - 0x00007ff8dff34000 	C:\WINDOWS\SYSTEM32\PROPSYS.dll
0x00007ff8e25b0000 - 0x00007ff8e25c1000 	C:\WINDOWS\SYSTEM32\WTSAPI32.dll
0x00007ff8dfda0000 - 0x00007ff8dfdc9000 	C:\WINDOWS\SYSTEM32\IPHLPAPI.DLL
0x00007ff8dfd30000 - 0x00007ff8dfd3a000 	C:\WINDOWS\SYSTEM32\WINNSI.DLL
0x00007ff8e3c50000 - 0x00007ff8e3c9e000 	C:\WINDOWS\system32\WINTRUST.dll
0x00007ff8e3a70000 - 0x00007ff8e3c47000 	C:\WINDOWS\system32\CRYPT32.dll
0x00007ff8e3a50000 - 0x00007ff8e3a62000 	C:\WINDOWS\system32\MSASN1.dll
0x00007ff8de960000 - 0x00007ff8deaa4000 	C:\WINDOWS\SYSTEM32\aticfx64.dll
0x00007ff8d7e80000 - 0x00007ff8d7e9e000 	C:\WINDOWS\SYSTEM32\atig6txx.dll
0x00007ff8c53e0000 - 0x00007ff8c546d000 	C:\WINDOWS\SYSTEM32\mscms.dll
0x00007ff8d4790000 - 0x00007ff8d47d1000 	C:\WINDOWS\SYSTEM32\icm32.dll
0x00007ff8c48c0000 - 0x00007ff8c4a48000 	C:\WINDOWS\SYSTEM32\dbghelp.dll

VM Arguments:
jvm_args: -Dfile.encoding=Cp1252 
java_command: com.infinithinks.pentastic.Main
Launcher Type: SUN_STANDARD

Environment Variables:
PATH=C:\WINDOWS\system32;C:\WINDOWS;C:\WINDOWS\System32\Wbem;C:\WINDOWS\System32\WindowsPowerShell\v1.0\;C:\Program Files (x86)\ATI Technologies\ATI.ACE\Core-Static;C:\Program Files (x86)\SoftKinetic\DepthSenseSDK\bin;e:\Program Files\MATLAB\R2010a\runtime\win64;e:\Program Files\MATLAB\R2010a\bin;C:\Program Files (x86)\Windows Kits\8.0\Windows Performance Toolkit\;C:\Program Files\Microsoft SQL Server\110\Tools\Binn\
USERNAME=Fathurrohman E
OS=Windows_NT
PROCESSOR_IDENTIFIER=Intel64 Family 6 Model 42 Stepping 7, GenuineIntel



---------------  S Y S T E M  ---------------

OS: Windows 8 , 64 bit Build 9200 

CPU:total 4 (2 cores per cpu, 2 threads per core) family 6 model 42 stepping 7, cmov, cx8, fxsr, mmx, sse, sse2, sse3, ssse3, sse4.1, sse4.2, popcnt, avx, ht, tsc, tscinvbit

Memory: 4k page, physical 6268032k(2108420k free), swap 7316608k(1753092k free)

vm_info: Java HotSpot(TM) 64-Bit Server VM (24.0-b56) for windows-amd64 JRE (1.7.0_40-b43), built on Aug 26 2013 22:38:32 by "java_re" with unknown MS VC++:1600

time: Wed Jan 29 10:50:03 2014
elapsed time: 5 seconds

