#
# A fatal error has been detected by the Java Runtime Environment:
#
#  EXCEPTION_ACCESS_VIOLATION (0xc0000005) at pc=0x00000000655a1b9f, pid=1976, tid=9160
#
# JRE version: Java(TM) SE Runtime Environment (7.0_40-b43) (build 1.7.0_40-b43)
# Java VM: Java HotSpot(TM) 64-Bit Server VM (24.0-b56 mixed mode windows-amd64 compressed oops)
# Problematic frame:
# C  [gdx64.dll+0x21b9f]
#
# Failed to write core dump. Minidumps are not enabled by default on client versions of Windows
#
# If you would like to submit a bug report, please visit:
#   http://bugreport.sun.com/bugreport/crash.jsp
# The crash happened outside the Java Virtual Machine in native code.
# See problematic frame for where to report the bug.
#

---------------  T H R E A D  ---------------

Current thread (0x000000000b070000):  JavaThread "LWJGL Application" [_thread_in_native, id=9160, stack(0x000000000bd90000,0x000000000be90000)]

siginfo: ExceptionCode=0xc0000005, reading address 0x000000000bf08958

Registers:
RAX=0x000000000bf044c0, RBX=0x000000000bed7720, RCX=0x000000000bf08950, RDX=0x000000000bf04400
RSP=0x000000000be8ed00, RBP=0x000000000be8ee70, RSI=0x0000000000000001, RDI=0x0000000000000002
R8 =0x000000000bed7720, R9 =0x00000000000000db, R10=0x0000000002623064, R11=0x000000005ec2f7d0
R12=0x0000000000000000, R13=0x000000009b7a5af8, R14=0x000000000be8eea0, R15=0x000000000b070000
RIP=0x00000000655a1b9f, EFLAGS=0x0000000000010206

Top of Stack: (sp=0x000000000be8ed00)
0x000000000be8ed00:   00001c4f7a0bd2ea 000000005eacf72f
0x000000000be8ed10:   000000009b7a5a38 000000005eb5c49f
0x000000000be8ed20:   000000000bf04400 0000000002469140
0x000000000be8ed30:   000000000b070000 000000005eaeabb0
0x000000000be8ed40:   0000000000000000 0000000002469140
0x000000000be8ed50:   0000000000000003 000000000000000e
0x000000000be8ed60:   000000000be80000 000000000262e103
0x000000000be8ed70:   00000000655d3070 00000000655d3928
0x000000000be8ed80:   000000000be8edb0 00000000655a1c31
0x000000000be8ed90:   000000000be8ed00 000000005eaeadce
0x000000000be8eda0:   0000000009674600 000000009b7d899c
0x000000000be8edb0:   000000000be8ee70 00000000655aae75
0x000000000be8edc0:   000000000bed7720 000000005eaee25e
0x000000000be8edd0:   000000000be8f348 000000000be8ee69
0x000000000be8ede0:   000000009b7a5af8 0000000002623090
0x000000000be8edf0:   00000000000000b6 000000000b070000 

Instructions: (pc=0x00000000655a1b9f)
0x00000000655a1b7f:   90 48 83 7c 24 20 00 74 4b 48 8b 44 24 20 48 8b
0x00000000655a1b8f:   48 70 48 8b 50 68 48 85 c9 48 89 54 24 20 74 e1
0x00000000655a1b9f:   48 8b 41 08 48 8b 94 24 c0 00 00 00 c7 41 30 00
0x00000000655a1baf:   00 00 00 c7 44 24 48 01 00 00 00 48 89 44 24 28 


Register to memory mapping:

RAX=0x000000000bf044c0 is an unknown value
RBX=0x000000000bed7720 is an unknown value
RCX=0x000000000bf08950 is an unknown value
RDX=0x000000000bf04400 is an unknown value
RSP=0x000000000be8ed00 is pointing into the stack for thread: 0x000000000b070000
RBP=0x000000000be8ee70 is pointing into the stack for thread: 0x000000000b070000
RSI=0x0000000000000001 is an unknown value
RDI=0x0000000000000002 is an unknown value
R8 =0x000000000bed7720 is an unknown value
R9 =0x00000000000000db is an unknown value
R10=0x0000000002623064 is at code_begin+644 in an Interpreter codelet
method entry point (kind = native)  [0x0000000002622de0, 0x0000000002623680]  2208 bytes
R11=0x000000005ec2f7d0 is an unknown value
R12=0x0000000000000000 is an unknown value
R13=0x000000009b7a5af8 is an oop
{method} 
 - klass: {other class}
R14=0x000000000be8eea0 is pointing into the stack for thread: 0x000000000b070000
R15=0x000000000b070000 is a thread


Stack: [0x000000000bd90000,0x000000000be90000],  sp=0x000000000be8ed00,  free space=1019k
Native frames: (J=compiled Java code, j=interpreted, Vv=VM code, C=native code)
C  [gdx64.dll+0x21b9f]
j  com.badlogic.gdx.physics.box2d.World.dispose()V+5
j  com.infinithinks.pentastic.entities.Track.dispose()V+4
j  com.infinithinks.pentastic.level.Level_1.dispose()V+18
j  com.infinithinks.pentastic.level.Level_1.hide()V+1
j  com.badlogic.gdx.Game.dispose()V+11
j  com.infinithinks.pentastic.PENtasticMain.dispose()V+1
j  com.badlogic.gdx.backends.lwjgl.LwjglApplication.mainLoop()V+780
j  com.badlogic.gdx.backends.lwjgl.LwjglApplication$1.run()V+27
v  ~StubRoutines::call_stub
V  [jvm.dll+0x1cb013]

Java frames: (J=compiled Java code, j=interpreted, Vv=VM code)
j  com.badlogic.gdx.physics.box2d.World.jniDispose(J)V+0
j  com.badlogic.gdx.physics.box2d.World.dispose()V+5
j  com.infinithinks.pentastic.entities.Track.dispose()V+4
j  com.infinithinks.pentastic.level.Level_1.dispose()V+18
j  com.infinithinks.pentastic.level.Level_1.hide()V+1
j  com.badlogic.gdx.Game.dispose()V+11
j  com.infinithinks.pentastic.PENtasticMain.dispose()V+1
j  com.badlogic.gdx.backends.lwjgl.LwjglApplication.mainLoop()V+780
j  com.badlogic.gdx.backends.lwjgl.LwjglApplication$1.run()V+27
v  ~StubRoutines::call_stub

---------------  P R O C E S S  ---------------

Java Threads: ( => current thread )
  0x000000000b180000 JavaThread "LWJGL Timer" daemon [_thread_blocked, id=4632, stack(0x0000000011250000,0x0000000011350000)]
  0x0000000002420800 JavaThread "DestroyJavaVM" [_thread_blocked, id=8016, stack(0x0000000002250000,0x0000000002350000)]
=>0x000000000b070000 JavaThread "LWJGL Application" [_thread_in_native, id=9160, stack(0x000000000bd90000,0x000000000be90000)]
  0x0000000009680000 JavaThread "Service Thread" daemon [_thread_blocked, id=8284, stack(0x000000000ade0000,0x000000000aee0000)]
  0x000000000966e000 JavaThread "C2 CompilerThread1" daemon [_thread_blocked, id=9188, stack(0x000000000ace0000,0x000000000ade0000)]
  0x0000000009662800 JavaThread "C2 CompilerThread0" daemon [_thread_blocked, id=8528, stack(0x000000000abe0000,0x000000000ace0000)]
  0x0000000009661800 JavaThread "Attach Listener" daemon [_thread_blocked, id=7540, stack(0x000000000aae0000,0x000000000abe0000)]
  0x000000000965e800 JavaThread "Signal Dispatcher" daemon [_thread_blocked, id=4056, stack(0x000000000a9e0000,0x000000000aae0000)]
  0x000000000962b000 JavaThread "Finalizer" daemon [_thread_blocked, id=7976, stack(0x000000000a8e0000,0x000000000a9e0000)]
  0x0000000009621800 JavaThread "Reference Handler" daemon [_thread_blocked, id=5196, stack(0x000000000a7e0000,0x000000000a8e0000)]

Other Threads:
  0x000000000961f000 VMThread [stack: 0x000000000a6e0000,0x000000000a7e0000] [id=6620]
  0x0000000009688800 WatcherThread [stack: 0x000000000aee0000,0x000000000afe0000] [id=6340]

VM state:not at safepoint (normal execution)

VM Mutex/Monitor currently owned by a thread: None

Heap
 PSYoungGen      total 28672K, used 14655K [0x00000000e0100000, 0x00000000e2100000, 0x0000000100000000)
  eden space 24576K, 59% used [0x00000000e0100000,0x00000000e0f4ff50,0x00000000e1900000)
  from space 4096K, 0% used [0x00000000e1d00000,0x00000000e1d00000,0x00000000e2100000)
  to   space 4096K, 0% used [0x00000000e1900000,0x00000000e1900000,0x00000000e1d00000)
 ParOldGen       total 65024K, used 0K [0x00000000a0400000, 0x00000000a4380000, 0x00000000e0100000)
  object space 65024K, 0% used [0x00000000a0400000,0x00000000a0400000,0x00000000a4380000)
 PSPermGen       total 21504K, used 6484K [0x000000009b200000, 0x000000009c700000, 0x00000000a0400000)
  object space 21504K, 30% used [0x000000009b200000,0x000000009b8550c8,0x000000009c700000)

Card table byte_map: [0x0000000005610000,0x0000000005940000] byte_map_base: 0x0000000005137000

Polling page: 0x0000000000990000

Code Cache  [0x0000000002610000, 0x0000000002880000, 0x0000000005610000)
 total_blobs=527 nmethods=123 adapters=357 free_code_cache=48487Kb largest_free_block=49624512

Compilation events (10 events):
Event: 23.456 Thread 0x000000000966e000 nmethod 114 0x00000000026ae890 code [0x00000000026aea20, 0x00000000026aed30]
Event: 23.457 Thread 0x0000000009662800 nmethod 117 0x00000000026ae4d0 code [0x00000000026ae620, 0x00000000026ae708]
Event: 23.655 Thread 0x000000000966e000  118             com.badlogic.gdx.graphics.glutils.IndexArray::getBuffer (5 bytes)
Event: 23.655 Thread 0x000000000966e000 nmethod 118 0x00000000026b7e50 code [0x00000000026b7f80, 0x00000000026b7fd8]
Event: 23.659 Thread 0x0000000009662800  120             com.badlogic.gdx.graphics.glutils.IndexArray::getNumIndices (8 bytes)
Event: 23.661 Thread 0x0000000009662800 nmethod 120 0x00000000026b82d0 code [0x00000000026b8400, 0x00000000026b8458]
Event: 24.471 Thread 0x000000000966e000  122             com.badlogic.gdx.physics.box2d.Box2DDebugRenderer::getColorByBody (59 bytes)
Event: 24.471 Thread 0x0000000009662800  123             com.badlogic.gdx.physics.box2d.Body::isAwake (9 bytes)
Event: 24.472 Thread 0x0000000009662800 nmethod 123 0x00000000026b0510 code [0x00000000026b0660, 0x00000000026b06e8]
Event: 24.476 Thread 0x000000000966e000 nmethod 122 0x00000000026b0050 code [0x00000000026b01c0, 0x00000000026b0310]

GC Heap History (0 events):
No events

Deoptimization events (0 events):
No events

Internal exceptions (10 events):
Event: 13.106 Thread 0x000000000b070000 Threw 0x00000000e0d9fb88 at C:\jdk7u2_64p\jdk7u40\hotspot\src\share\vm\prims\jvm.cpp:1244
Event: 13.106 Thread 0x000000000b070000 Threw 0x00000000e0da3bb0 at C:\jdk7u2_64p\jdk7u40\hotspot\src\share\vm\prims\jvm.cpp:1244
Event: 13.118 Thread 0x000000000b070000 Threw 0x00000000e0da6480 at C:\jdk7u2_64p\jdk7u40\hotspot\src\share\vm\prims\jvm.cpp:1244
Event: 13.119 Thread 0x000000000b070000 Threw 0x00000000e0daa7a8 at C:\jdk7u2_64p\jdk7u40\hotspot\src\share\vm\prims\jvm.cpp:1244
Event: 13.120 Thread 0x000000000b070000 Threw 0x00000000e0dae7f8 at C:\jdk7u2_64p\jdk7u40\hotspot\src\share\vm\prims\jvm.cpp:1244
Event: 13.121 Thread 0x000000000b070000 Threw 0x00000000e0db29a0 at C:\jdk7u2_64p\jdk7u40\hotspot\src\share\vm\prims\jvm.cpp:1244
Event: 13.122 Thread 0x000000000b070000 Threw 0x00000000e0db68c8 at C:\jdk7u2_64p\jdk7u40\hotspot\src\share\vm\prims\jvm.cpp:1244
Event: 13.122 Thread 0x000000000b070000 Threw 0x00000000e0dbaca0 at C:\jdk7u2_64p\jdk7u40\hotspot\src\share\vm\prims\jvm.cpp:1244
Event: 13.152 Thread 0x000000000b070000 Threw 0x00000000e0dbfe20 at C:\jdk7u2_64p\jdk7u40\hotspot\src\share\vm\prims\jvm.cpp:1244
Event: 25.278 Thread 0x000000000b070000 Threw 0x00000000e0e44808 at C:\jdk7u2_64p\jdk7u40\hotspot\src\share\vm\prims\jvm.cpp:1244

Events (10 events):
Event: 13.121 loading class 0x0000000009689cf0
Event: 13.121 loading class 0x0000000009689cf0 done
Event: 13.122 loading class 0x000000000968a270
Event: 13.122 loading class 0x000000000968a270 done
Event: 13.122 loading class 0x000000000f1788d0
Event: 13.122 loading class 0x000000000f1788d0 done
Event: 13.152 loading class 0x00000000096b2ee0
Event: 13.152 loading class 0x00000000096b2ee0 done
Event: 25.278 loading class 0x00000000096999a0
Event: 25.278 loading class 0x00000000096999a0 done


Dynamic libraries:
0x00007ff651ac0000 - 0x00007ff651af3000 	C:\Program Files\Java\jre7\bin\javaw.exe
0x00007ff8e6620000 - 0x00007ff8e67c9000 	C:\WINDOWS\SYSTEM32\ntdll.dll
0x00007ff8e4600000 - 0x00007ff8e4739000 	C:\WINDOWS\system32\KERNEL32.DLL
0x00007ff8e3da0000 - 0x00007ff8e3eae000 	C:\WINDOWS\system32\KERNELBASE.dll
0x00007ff8e25d0000 - 0x00007ff8e265b000 	C:\WINDOWS\system32\apphelp.dll
0x00007ff8d6d50000 - 0x00007ff8d6d9f000 	C:\WINDOWS\AppPatch\AppPatch64\AcGenral.DLL
0x00007ff8e4c20000 - 0x00007ff8e4cc7000 	C:\WINDOWS\system32\msvcrt.dll
0x00007ff8e37e0000 - 0x00007ff8e380b000 	C:\WINDOWS\SYSTEM32\SspiCli.dll
0x00007ff8e63d0000 - 0x00007ff8e6421000 	C:\WINDOWS\system32\SHLWAPI.dll
0x00007ff8e4d70000 - 0x00007ff8e4ee1000 	C:\WINDOWS\system32\USER32.dll
0x00007ff8e4aa0000 - 0x00007ff8e4c16000 	C:\WINDOWS\system32\ole32.dll
0x00007ff8e4f00000 - 0x00007ff8e630f000 	C:\WINDOWS\system32\SHELL32.dll
0x00007ff8e2fb0000 - 0x00007ff8e2fcf000 	C:\WINDOWS\SYSTEM32\USERENV.dll
0x00007ff8e6310000 - 0x00007ff8e63b5000 	C:\WINDOWS\system32\ADVAPI32.dll
0x00007ff8da3e0000 - 0x00007ff8da3fb000 	C:\WINDOWS\SYSTEM32\MPR.dll
0x00007ff8e4740000 - 0x00007ff8e4876000 	C:\WINDOWS\system32\RPCRT4.dll
0x00007ff8e4d10000 - 0x00007ff8e4d67000 	C:\WINDOWS\SYSTEM32\sechost.dll
0x00007ff8e6430000 - 0x00007ff8e6607000 	C:\WINDOWS\SYSTEM32\combase.dll
0x00007ff8e4110000 - 0x00007ff8e4255000 	C:\WINDOWS\system32\GDI32.dll
0x00007ff8e39a0000 - 0x00007ff8e39b4000 	C:\WINDOWS\SYSTEM32\profapi.dll
0x00007ff8e2030000 - 0x00007ff8e20d1000 	C:\WINDOWS\SYSTEM32\SHCORE.dll
0x00007ff8e4cd0000 - 0x00007ff8e4d04000 	C:\WINDOWS\system32\IMM32.DLL
0x00007ff8e3f20000 - 0x00007ff8e4058000 	C:\WINDOWS\system32\MSCTF.dll
0x00007ff8e0e50000 - 0x00007ff8e10aa000 	C:\WINDOWS\WinSxS\amd64_microsoft.windows.common-controls_6595b64144ccf1df_6.0.9600.16384_none_62475f7becb72503\COMCTL32.dll
0x000000005f220000 - 0x000000005f2f1000 	C:\Program Files\Java\jre7\bin\msvcr100.dll
0x000000005ea50000 - 0x000000005f219000 	C:\Program Files\Java\jre7\bin\server\jvm.dll
0x00007ff8e0500000 - 0x00007ff8e0509000 	C:\WINDOWS\SYSTEM32\WSOCK32.dll
0x00007ff8d91f0000 - 0x00007ff8d920f000 	C:\WINDOWS\SYSTEM32\WINMM.dll
0x00007ff8e3f10000 - 0x00007ff8e3f17000 	C:\WINDOWS\system32\PSAPI.DLL
0x00007ff8e49a0000 - 0x00007ff8e49f8000 	C:\WINDOWS\system32\WS2_32.dll
0x00007ff8d7680000 - 0x00007ff8d76aa000 	C:\WINDOWS\SYSTEM32\WINMMBASE.dll
0x00007ff8e63c0000 - 0x00007ff8e63c9000 	C:\WINDOWS\system32\NSI.dll
0x00007ff8e3d50000 - 0x00007ff8e3d9a000 	C:\WINDOWS\SYSTEM32\cfgmgr32.dll
0x00007ff8e2830000 - 0x00007ff8e2856000 	C:\WINDOWS\SYSTEM32\DEVOBJ.dll
0x0000000060240000 - 0x000000006024f000 	C:\Program Files\Java\jre7\bin\verify.dll
0x000000005f4f0000 - 0x000000005f518000 	C:\Program Files\Java\jre7\bin\java.dll
0x000000005ea30000 - 0x000000005ea45000 	C:\Program Files\Java\jre7\bin\zip.dll
0x0000000065580000 - 0x0000000065610000 	C:\Users\Fathurrohman E\AppData\Local\Temp\libgdxFathurrohman E\5498721d\gdx64.dll
0x0000000180000000 - 0x0000000180050000 	C:\Users\Fathurrohman E\AppData\Local\Temp\libgdxFathurrohman E\4c88a7c1\lwjgl64.dll
0x00007ff8d3880000 - 0x00007ff8d39a1000 	C:\WINDOWS\SYSTEM32\OPENGL32.dll
0x00007ff8e1120000 - 0x00007ff8e112a000 	C:\WINDOWS\SYSTEM32\VERSION.dll
0x00007ff8decc0000 - 0x00007ff8decec000 	C:\WINDOWS\SYSTEM32\GLU32.dll
0x00007ff8c55b0000 - 0x00007ff8c56a4000 	C:\WINDOWS\SYSTEM32\DDRAW.dll
0x00007ff8e1c40000 - 0x00007ff8e1c49000 	C:\WINDOWS\SYSTEM32\DCIMAN32.dll
0x000000000b3e0000 - 0x000000000b444000 	C:\Users\FATHUR~1\AppData\Local\Temp\libgdxFathurrohman E\4c88a7c1\OpenAL64.dll
0x00007ff8e26a0000 - 0x00007ff8e26aa000 	C:\WINDOWS\SYSTEM32\kernel.appcore.dll
0x00007ff8e3870000 - 0x00007ff8e387a000 	C:\WINDOWS\SYSTEM32\CRYPTBASE.dll
0x00007ff8e3810000 - 0x00007ff8e386e000 	C:\WINDOWS\SYSTEM32\bcryptPrimitives.dll
0x00007ff8e26b0000 - 0x00007ff8e27d2000 	C:\WINDOWS\system32\uxtheme.dll
0x00007ff8e4060000 - 0x00007ff8e4104000 	C:\WINDOWS\SYSTEM32\clbcatq.dll
0x00007ff8d37f0000 - 0x00007ff8d3877000 	C:\WINDOWS\SYSTEM32\dsound.dll
0x00007ff8e3940000 - 0x00007ff8e3985000 	C:\WINDOWS\SYSTEM32\POWRPROF.dll
0x00007ff8e00d0000 - 0x00007ff8e0131000 	C:\WINDOWS\System32\MMDevApi.dll
0x00007ff8d6c60000 - 0x00007ff8d6cd6000 	C:\WINDOWS\SYSTEM32\AUDIOSES.DLL
0x00007ff8e48e0000 - 0x00007ff8e4997000 	C:\WINDOWS\system32\OLEAUT32.dll
0x00007ff8e1df0000 - 0x00007ff8e1e11000 	C:\WINDOWS\system32\dwmapi.dll
0x00007ff8ded00000 - 0x00007ff8ded18000 	C:\WINDOWS\SYSTEM32\atig6pxx.dll
0x000000005d040000 - 0x000000005e9e1000 	C:\WINDOWS\SYSTEM32\atio6axx.dll
0x00007ff8e4400000 - 0x00007ff8e45d6000 	C:\WINDOWS\system32\SETUPAPI.dll
0x00007ff8de2f0000 - 0x00007ff8de418000 	C:\WINDOWS\SYSTEM32\atiadlxx.dll
0x00007ff8dfdd0000 - 0x00007ff8dff34000 	C:\WINDOWS\SYSTEM32\PROPSYS.dll
0x00007ff8e25b0000 - 0x00007ff8e25c1000 	C:\WINDOWS\SYSTEM32\WTSAPI32.dll
0x00007ff8dfda0000 - 0x00007ff8dfdc9000 	C:\WINDOWS\SYSTEM32\IPHLPAPI.DLL
0x00007ff8dfd30000 - 0x00007ff8dfd3a000 	C:\WINDOWS\SYSTEM32\WINNSI.DLL
0x00007ff8e3c50000 - 0x00007ff8e3c9e000 	C:\WINDOWS\system32\WINTRUST.dll
0x00007ff8e3a70000 - 0x00007ff8e3c47000 	C:\WINDOWS\system32\CRYPT32.dll
0x00007ff8e3a50000 - 0x00007ff8e3a62000 	C:\WINDOWS\system32\MSASN1.dll
0x00007ff8de960000 - 0x00007ff8deaa4000 	C:\WINDOWS\SYSTEM32\aticfx64.dll
0x00007ff8deb80000 - 0x00007ff8deb9e000 	C:\WINDOWS\SYSTEM32\atig6txx.dll
0x00007ff8c70b0000 - 0x00007ff8c713d000 	C:\WINDOWS\SYSTEM32\mscms.dll
0x00007ff8ddc50000 - 0x00007ff8ddc91000 	C:\WINDOWS\SYSTEM32\icm32.dll
0x00007ff8c48c0000 - 0x00007ff8c4a48000 	C:\WINDOWS\SYSTEM32\dbghelp.dll

VM Arguments:
jvm_args: -Dfile.encoding=Cp1252 
java_command: com.infinithinks.pentastic.Main
Launcher Type: SUN_STANDARD

Environment Variables:
PATH=C:\WINDOWS\system32;C:\WINDOWS;C:\WINDOWS\System32\Wbem;C:\WINDOWS\System32\WindowsPowerShell\v1.0\;C:\Program Files (x86)\ATI Technologies\ATI.ACE\Core-Static;C:\Program Files (x86)\SoftKinetic\DepthSenseSDK\bin;e:\Program Files\MATLAB\R2010a\runtime\win64;e:\Program Files\MATLAB\R2010a\bin;C:\Program Files (x86)\Windows Kits\8.0\Windows Performance Toolkit\;C:\Program Files\Microsoft SQL Server\110\Tools\Binn\
USERNAME=Fathurrohman E
OS=Windows_NT
PROCESSOR_IDENTIFIER=Intel64 Family 6 Model 42 Stepping 7, GenuineIntel



---------------  S Y S T E M  ---------------

OS: Windows 8 , 64 bit Build 9200 

CPU:total 4 (2 cores per cpu, 2 threads per core) family 6 model 42 stepping 7, cmov, cx8, fxsr, mmx, sse, sse2, sse3, ssse3, sse4.1, sse4.2, popcnt, avx, ht, tsc, tscinvbit

Memory: 4k page, physical 6268032k(2567548k free), swap 7316608k(2145140k free)

vm_info: Java HotSpot(TM) 64-Bit Server VM (24.0-b56) for windows-amd64 JRE (1.7.0_40-b43), built on Aug 26 2013 22:38:32 by "java_re" with unknown MS VC++:1600

time: Tue Jan 28 20:10:34 2014
elapsed time: 25 seconds

