#
# A fatal error has been detected by the Java Runtime Environment:
#
#  EXCEPTION_ACCESS_VIOLATION (0xc0000005) at pc=0x00000000655a1b9f, pid=6560, tid=8960
#
# JRE version: Java(TM) SE Runtime Environment (7.0_40-b43) (build 1.7.0_40-b43)
# Java VM: Java HotSpot(TM) 64-Bit Server VM (24.0-b56 mixed mode windows-amd64 compressed oops)
# Problematic frame:
# C  [gdx64.dll+0x21b9f]
#
# Failed to write core dump. Minidumps are not enabled by default on client versions of Windows
#
# If you would like to submit a bug report, please visit:
#   http://bugreport.sun.com/bugreport/crash.jsp
# The crash happened outside the Java Virtual Machine in native code.
# See problematic frame for where to report the bug.
#

---------------  T H R E A D  ---------------

Current thread (0x0000000009eef800):  JavaThread "LWJGL Application" [_thread_in_native, id=8960, stack(0x000000000c690000,0x000000000c790000)]

siginfo: ExceptionCode=0xc0000005, reading address 0x000000000c7ef4c8

Registers:
RAX=0x000000000c7eae50, RBX=0x000000000c7be0b0, RCX=0x000000000c7ef4c0, RDX=0x000000000c7ead90
RSP=0x000000000c78ed10, RBP=0x000000000c78ee80, RSI=0x0000000000000002, RDI=0x0000000000000001
R8 =0x000000000c7be0b0, R9 =0x00000000000000db, R10=0x0000000002e63064, R11=0x000000006bc3f7d0
R12=0x0000000000000000, R13=0x000000009b7a2120, R14=0x000000000c78eeb0, R15=0x0000000009eef800
RIP=0x00000000655a1b9f, EFLAGS=0x0000000000010206

Top of Stack: (sp=0x000000000c78ed10)
0x000000000c78ed10:   00001e9ecfc7026f 000000006badf72f
0x000000000c78ed20:   000000009b7a2060 000000006bb6c49f
0x000000000c78ed30:   000000000c7ead90 0000000002d98e70
0x000000000c78ed40:   0000000009eef800 000000006bafabb0
0x000000000c78ed50:   0000000000000000 0000000002d98e70
0x000000000c78ed60:   0000000000000003 000000000000000e
0x000000000c78ed70:   000000000c780000 0000000002e6e103
0x000000000c78ed80:   00000000655d3070 00000000655d3928
0x000000000c78ed90:   000000000c78edc0 00000000655a1c31
0x000000000c78eda0:   000000000c78ed10 000000006bafadce
0x000000000c78edb0:   0000000009ead800 000000009b7d50f4
0x000000000c78edc0:   000000000c78ee80 00000000655aae75
0x000000000c78edd0:   000000000c7be0b0 000000006bafe25e
0x000000000c78ede0:   000000000c78f358 000000000c78ee79
0x000000000c78edf0:   000000009b7a2120 0000000002e63090
0x000000000c78ee00:   00000000000000b6 0000000009eef800 

Instructions: (pc=0x00000000655a1b9f)
0x00000000655a1b7f:   90 48 83 7c 24 20 00 74 4b 48 8b 44 24 20 48 8b
0x00000000655a1b8f:   48 70 48 8b 50 68 48 85 c9 48 89 54 24 20 74 e1
0x00000000655a1b9f:   48 8b 41 08 48 8b 94 24 c0 00 00 00 c7 41 30 00
0x00000000655a1baf:   00 00 00 c7 44 24 48 01 00 00 00 48 89 44 24 28 


Register to memory mapping:

RAX=0x000000000c7eae50 is an unknown value
RBX=0x000000000c7be0b0 is an unknown value
RCX=0x000000000c7ef4c0 is an unknown value
RDX=0x000000000c7ead90 is an unknown value
RSP=0x000000000c78ed10 is pointing into the stack for thread: 0x0000000009eef800
RBP=0x000000000c78ee80 is pointing into the stack for thread: 0x0000000009eef800
RSI=0x0000000000000002 is an unknown value
RDI=0x0000000000000001 is an unknown value
R8 =0x000000000c7be0b0 is an unknown value
R9 =0x00000000000000db is an unknown value
R10=0x0000000002e63064 is at code_begin+644 in an Interpreter codelet
method entry point (kind = native)  [0x0000000002e62de0, 0x0000000002e63680]  2208 bytes
R11=0x000000006bc3f7d0 is an unknown value
R12=0x0000000000000000 is an unknown value
R13=0x000000009b7a2120 is an oop
{method} 
 - klass: {other class}
R14=0x000000000c78eeb0 is pointing into the stack for thread: 0x0000000009eef800
R15=0x0000000009eef800 is a thread


Stack: [0x000000000c690000,0x000000000c790000],  sp=0x000000000c78ed10,  free space=1019k
Native frames: (J=compiled Java code, j=interpreted, Vv=VM code, C=native code)
C  [gdx64.dll+0x21b9f]
j  com.badlogic.gdx.physics.box2d.World.dispose()V+5
j  com.infinithinks.pentastic.entities.Track.dispose()V+4
j  com.infinithinks.pentastic.level.Level_1.dispose()V+18
j  com.infinithinks.pentastic.level.Level_1.hide()V+1
j  com.badlogic.gdx.Game.dispose()V+11
j  com.infinithinks.pentastic.PENtasticMain.dispose()V+1
j  com.badlogic.gdx.backends.lwjgl.LwjglApplication.mainLoop()V+780
j  com.badlogic.gdx.backends.lwjgl.LwjglApplication$1.run()V+27
v  ~StubRoutines::call_stub
V  [jvm.dll+0x1cb013]

Java frames: (J=compiled Java code, j=interpreted, Vv=VM code)
j  com.badlogic.gdx.physics.box2d.World.jniDispose(J)V+0
j  com.badlogic.gdx.physics.box2d.World.dispose()V+5
j  com.infinithinks.pentastic.entities.Track.dispose()V+4
j  com.infinithinks.pentastic.level.Level_1.dispose()V+18
j  com.infinithinks.pentastic.level.Level_1.hide()V+1
j  com.badlogic.gdx.Game.dispose()V+11
j  com.infinithinks.pentastic.PENtasticMain.dispose()V+1
j  com.badlogic.gdx.backends.lwjgl.LwjglApplication.mainLoop()V+780
j  com.badlogic.gdx.backends.lwjgl.LwjglApplication$1.run()V+27
v  ~StubRoutines::call_stub

---------------  P R O C E S S  ---------------

Java Threads: ( => current thread )
  0x000000000ba64000 JavaThread "LWJGL Timer" daemon [_thread_blocked, id=8612, stack(0x0000000010220000,0x0000000010320000)]
  0x0000000002d50800 JavaThread "DestroyJavaVM" [_thread_blocked, id=8092, stack(0x0000000002b50000,0x0000000002c50000)]
=>0x0000000009eef800 JavaThread "LWJGL Application" [_thread_in_native, id=8960, stack(0x000000000c690000,0x000000000c790000)]
  0x0000000009eba000 JavaThread "Service Thread" daemon [_thread_blocked, id=3344, stack(0x000000000b640000,0x000000000b740000)]
  0x0000000009ea5000 JavaThread "C2 CompilerThread1" daemon [_thread_blocked, id=7928, stack(0x000000000b540000,0x000000000b640000)]
  0x0000000009ea3000 JavaThread "C2 CompilerThread0" daemon [_thread_blocked, id=3068, stack(0x000000000b440000,0x000000000b540000)]
  0x0000000009ea2000 JavaThread "Attach Listener" daemon [_thread_blocked, id=4412, stack(0x000000000b340000,0x000000000b440000)]
  0x0000000009e9e800 JavaThread "Signal Dispatcher" daemon [_thread_blocked, id=2468, stack(0x000000000b240000,0x000000000b340000)]
  0x0000000009e6b000 JavaThread "Finalizer" daemon [_thread_blocked, id=7432, stack(0x000000000b140000,0x000000000b240000)]
  0x0000000009e61800 JavaThread "Reference Handler" daemon [_thread_blocked, id=6484, stack(0x000000000b040000,0x000000000b140000)]

Other Threads:
  0x0000000009e5f000 VMThread [stack: 0x000000000af40000,0x000000000b040000] [id=6748]
  0x0000000009ec4000 WatcherThread [stack: 0x000000000b740000,0x000000000b840000] [id=7884]

VM state:not at safepoint (normal execution)

VM Mutex/Monitor currently owned by a thread: None

Heap
 PSYoungGen      total 28672K, used 22022K [0x00000000e0100000, 0x00000000e2100000, 0x0000000100000000)
  eden space 24576K, 73% used [0x00000000e0100000,0x00000000e12b5c60,0x00000000e1900000)
  from space 4096K, 94% used [0x00000000e1900000,0x00000000e1ccbe88,0x00000000e1d00000)
  to   space 4096K, 0% used [0x00000000e1d00000,0x00000000e1d00000,0x00000000e2100000)
 ParOldGen       total 175616K, used 163180K [0x00000000a0400000, 0x00000000aaf80000, 0x00000000e0100000)
  object space 175616K, 92% used [0x00000000a0400000,0x00000000aa35b260,0x00000000aaf80000)
 PSPermGen       total 21504K, used 6946K [0x000000009b200000, 0x000000009c700000, 0x00000000a0400000)
  object space 21504K, 32% used [0x000000009b200000,0x000000009b8c8888,0x000000009c700000)

Card table byte_map: [0x0000000005e50000,0x0000000006180000] byte_map_base: 0x0000000005977000

Polling page: 0x0000000001340000

Code Cache  [0x0000000002e50000, 0x00000000030c0000, 0x0000000005e50000)
 total_blobs=657 nmethods=250 adapters=360 free_code_cache=47935Kb largest_free_block=49065216

Compilation events (10 events):
Event: 40.702 Thread 0x0000000009ea3000 nmethod 245 0x0000000002f7a910 code [0x0000000002f7aa40, 0x0000000002f7aaf8]
Event: 40.713 Thread 0x0000000009ea5000 nmethod 246 0x0000000002f80310 code [0x0000000002f804c0, 0x0000000002f80c48]
Event: 41.632 Thread 0x0000000009ea3000  247   !         org.lwjgl.opengl.Display::isCreated (17 bytes)
Event: 41.636 Thread 0x0000000009ea3000 nmethod 247 0x0000000002f7e5d0 code [0x0000000002f7e720, 0x0000000002f7e958]
Event: 42.699 Thread 0x0000000009ea5000  248             com.badlogic.gdx.utils.Array$ArrayIterable::iterator (113 bytes)
Event: 42.707 Thread 0x0000000009ea5000 nmethod 248 0x0000000002f7e150 code [0x0000000002f7e2a0, 0x0000000002f7e498]
Event: 42.950 Thread 0x0000000009ea3000  249             com.badlogic.gdx.graphics.VertexAttributes::size (6 bytes)
Event: 42.951 Thread 0x0000000009ea3000 nmethod 249 0x0000000002f7df50 code [0x0000000002f7e080, 0x0000000002f7e0d8]
Event: 43.852 Thread 0x0000000009ea5000  250             java.lang.ref.Reference::get (5 bytes)
Event: 43.853 Thread 0x0000000009ea5000 nmethod 250 0x0000000002f7e9d0 code [0x0000000002f7eb00, 0x0000000002f7eb58]

GC Heap History (2 events):
Event: 5.432 GC heap before
{Heap before GC invocations=1 (full 0):
 PSYoungGen      total 28672K, used 22712K [0x00000000e0100000, 0x00000000e2100000, 0x0000000100000000)
  eden space 24576K, 92% used [0x00000000e0100000,0x00000000e172e198,0x00000000e1900000)
  from space 4096K, 0% used [0x00000000e1d00000,0x00000000e1d00000,0x00000000e2100000)
  to   space 4096K, 0% used [0x00000000e1900000,0x00000000e1900000,0x00000000e1d00000)
 ParOldGen       total 65024K, used 0K [0x00000000a0400000, 0x00000000a4380000, 0x00000000e0100000)
  object space 65024K, 0% used [0x00000000a0400000,0x00000000a0400000,0x00000000a4380000)
 PSPermGen       total 21504K, used 6807K [0x000000009b200000, 0x000000009c700000, 0x00000000a0400000)
  object space 21504K, 31% used [0x000000009b200000,0x000000009b8a5cd0,0x000000009c700000)
Event: 5.439 GC heap after
Heap after GC invocations=1 (full 0):
 PSYoungGen      total 28672K, used 3887K [0x00000000e0100000, 0x00000000e2100000, 0x0000000100000000)
  eden space 24576K, 0% used [0x00000000e0100000,0x00000000e0100000,0x00000000e1900000)
  from space 4096K, 94% used [0x00000000e1900000,0x00000000e1ccbe88,0x00000000e1d00000)
  to   space 4096K, 0% used [0x00000000e1d00000,0x00000000e1d00000,0x00000000e2100000)
 ParOldGen       total 65024K, used 4136K [0x00000000a0400000, 0x00000000a4380000, 0x00000000e0100000)
  object space 65024K, 6% used [0x00000000a0400000,0x00000000a080a020,0x00000000a4380000)
 PSPermGen       total 21504K, used 6807K [0x000000009b200000, 0x000000009c700000, 0x00000000a0400000)
  object space 21504K, 31% used [0x000000009b200000,0x000000009b8a5cd0,0x000000009c700000)
}

Deoptimization events (7 events):
Event: 8.798 Thread 0x0000000009eef800 Uncommon trap: reason=class_check action=maybe_recompile pc=0x0000000002f1094c method=java.io.BufferedInputStream.read([BII)I @ 101
Event: 9.192 Thread 0x0000000009eef800 Uncommon trap: reason=class_check action=maybe_recompile pc=0x0000000002f1094c method=java.io.BufferedInputStream.read([BII)I @ 101
Event: 9.256 Thread 0x0000000009eef800 Uncommon trap: reason=class_check action=maybe_recompile pc=0x0000000002f1094c method=java.io.BufferedInputStream.read([BII)I @ 101
Event: 21.883 Thread 0x0000000009eef800 Uncommon trap: reason=unreached action=reinterpret pc=0x0000000002f5f4b8 method=com.badlogic.gdx.graphics.g2d.BitmapFont.getBounds(Ljava/lang/CharSequence;IILcom/badlogic/gdx/graphics/g2d/BitmapFont$TextBounds;)Lcom/badlogic/gdx/graphics/g2d/BitmapFont$Tex‚
Event: 21.884 Thread 0x0000000009eef800 Uncommon trap: reason=unreached action=reinterpret pc=0x0000000002f5be40 method=com.badlogic.gdx.graphics.g2d.BitmapFontCache.addToCache(Ljava/lang/CharSequence;FFII)F @ 146
Event: 33.048 Thread 0x0000000009eef800 Uncommon trap: reason=array_check action=maybe_recompile pc=0x0000000002f66b68 method=com.badlogic.gdx.utils.Array.add(Ljava/lang/Object;)V @ 46
Event: 41.132 Thread 0x0000000009eef800 Uncommon trap: reason=array_check action=maybe_recompile pc=0x0000000002f66b68 method=com.badlogic.gdx.utils.Array.add(Ljava/lang/Object;)V @ 46

Internal exceptions (10 events):
Event: 9.281 Thread 0x0000000009eef800 Threw 0x00000000e0ce6310 at C:\jdk7u2_64p\jdk7u40\hotspot\src\share\vm\prims\jvm.cpp:1244
Event: 9.281 Thread 0x0000000009eef800 Threw 0x00000000e0f85870 at C:\jdk7u2_64p\jdk7u40\hotspot\src\share\vm\prims\jvm.cpp:1244
Event: 9.282 Thread 0x0000000009eef800 Threw 0x00000000e0f89a18 at C:\jdk7u2_64p\jdk7u40\hotspot\src\share\vm\prims\jvm.cpp:1244
Event: 9.283 Thread 0x0000000009eef800 Threw 0x00000000e0f8d5a0 at C:\jdk7u2_64p\jdk7u40\hotspot\src\share\vm\prims\jvm.cpp:1244
Event: 9.283 Thread 0x0000000009eef800 Threw 0x00000000e0f91978 at C:\jdk7u2_64p\jdk7u40\hotspot\src\share\vm\prims\jvm.cpp:1244
Event: 9.330 Thread 0x0000000009eef800 Threw 0x00000000e0f976b0 at C:\jdk7u2_64p\jdk7u40\hotspot\src\share\vm\prims\jvm.cpp:1244
Event: 21.883 Thread 0x0000000009eef800 Implicit null exception at 0x0000000002f5f180 to 0x0000000002f5f6a7
Event: 21.883 Thread 0x0000000009eef800 Implicit null exception at 0x0000000002f5b99b to 0x0000000002f5be15
Event: 21.983 Thread 0x0000000009eef800 Threw 0x00000000e1104e50 at C:\jdk7u2_64p\jdk7u40\hotspot\src\share\vm\prims\jvm.cpp:1244
Event: 44.254 Thread 0x0000000009eef800 Threw 0x00000000e12a5610 at C:\jdk7u2_64p\jdk7u40\hotspot\src\share\vm\prims\jvm.cpp:1244

Events (10 events):
Event: 21.983 loading class 0x000000000ba177d0
Event: 21.983 loading class 0x000000000ba177d0 done
Event: 33.048 Thread 0x0000000009eef800 Uncommon trap: trap_request=0xffffffd6 fr.pc=0x0000000002f66b68
Event: 33.048 Thread 0x0000000009eef800 DEOPT PACKING pc=0x0000000002f66b68 sp=0x000000000c78edc0
Event: 33.048 Thread 0x0000000009eef800 DEOPT UNPACKING pc=0x0000000002e875a4 sp=0x000000000c78ed50 mode 2
Event: 41.132 Thread 0x0000000009eef800 Uncommon trap: trap_request=0xffffffd6 fr.pc=0x0000000002f66b68
Event: 41.132 Thread 0x0000000009eef800 DEOPT PACKING pc=0x0000000002f66b68 sp=0x000000000c78edb0
Event: 41.132 Thread 0x0000000009eef800 DEOPT UNPACKING pc=0x0000000002e875a4 sp=0x000000000c78ed40 mode 2
Event: 44.254 loading class 0x0000000009ed48b0
Event: 44.254 loading class 0x0000000009ed48b0 done


Dynamic libraries:
0x00007ff721ab0000 - 0x00007ff721ae3000 	C:\Program Files\Java\jre7\bin\javaw.exe
0x00007ffc33170000 - 0x00007ffc33319000 	C:\WINDOWS\SYSTEM32\ntdll.dll
0x00007ffc31500000 - 0x00007ffc31639000 	C:\WINDOWS\system32\KERNEL32.DLL
0x00007ffc305c0000 - 0x00007ffc306ce000 	C:\WINDOWS\system32\KERNELBASE.dll
0x00007ffc2edc0000 - 0x00007ffc2ee4b000 	C:\WINDOWS\system32\apphelp.dll
0x00007ffc15bc0000 - 0x00007ffc15c0f000 	C:\WINDOWS\AppPatch\AppPatch64\AcGenral.DLL
0x00007ffc330c0000 - 0x00007ffc33167000 	C:\WINDOWS\system32\msvcrt.dll
0x00007ffc30330000 - 0x00007ffc3035b000 	C:\WINDOWS\SYSTEM32\SspiCli.dll
0x00007ffc32a50000 - 0x00007ffc32aa1000 	C:\WINDOWS\system32\SHLWAPI.dll
0x00007ffc31190000 - 0x00007ffc31301000 	C:\WINDOWS\system32\USER32.dll
0x00007ffc30e30000 - 0x00007ffc30fa6000 	C:\WINDOWS\system32\ole32.dll
0x00007ffc31640000 - 0x00007ffc32a4f000 	C:\WINDOWS\system32\SHELL32.dll
0x00007ffc2f800000 - 0x00007ffc2f81f000 	C:\WINDOWS\SYSTEM32\USERENV.dll
0x00007ffc32dc0000 - 0x00007ffc32e65000 	C:\WINDOWS\system32\ADVAPI32.dll
0x00007ffc26070000 - 0x00007ffc2608b000 	C:\WINDOWS\SYSTEM32\MPR.dll
0x00007ffc30a40000 - 0x00007ffc30b76000 	C:\WINDOWS\system32\RPCRT4.dll
0x00007ffc32e70000 - 0x00007ffc32ec7000 	C:\WINDOWS\SYSTEM32\sechost.dll
0x00007ffc30fb0000 - 0x00007ffc31187000 	C:\WINDOWS\SYSTEM32\combase.dll
0x00007ffc32ed0000 - 0x00007ffc33015000 	C:\WINDOWS\system32\GDI32.dll
0x00007ffc304f0000 - 0x00007ffc30504000 	C:\WINDOWS\SYSTEM32\profapi.dll
0x00007ffc2e820000 - 0x00007ffc2e8c1000 	C:\WINDOWS\SYSTEM32\SHCORE.dll
0x00007ffc30df0000 - 0x00007ffc30e24000 	C:\WINDOWS\system32\IMM32.DLL
0x00007ffc313c0000 - 0x00007ffc314f8000 	C:\WINDOWS\system32\MSCTF.dll
0x00007ffc2fe50000 - 0x00007ffc300aa000 	C:\WINDOWS\WinSxS\amd64_microsoft.windows.common-controls_6595b64144ccf1df_6.0.9600.16384_none_62475f7becb72503\COMCTL32.dll
0x000000006c230000 - 0x000000006c301000 	C:\Program Files\Java\jre7\bin\msvcr100.dll
0x000000006ba60000 - 0x000000006c229000 	C:\Program Files\Java\jre7\bin\server\jvm.dll
0x00007ffc14de0000 - 0x00007ffc14de9000 	C:\WINDOWS\SYSTEM32\WSOCK32.dll
0x00007ffc258d0000 - 0x00007ffc258ef000 	C:\WINDOWS\SYSTEM32\WINMM.dll
0x00007ffc30be0000 - 0x00007ffc30be7000 	C:\WINDOWS\system32\PSAPI.DLL
0x00007ffc32ab0000 - 0x00007ffc32b08000 	C:\WINDOWS\system32\WS2_32.dll
0x00007ffc25890000 - 0x00007ffc258ba000 	C:\WINDOWS\SYSTEM32\WINMMBASE.dll
0x00007ffc32db0000 - 0x00007ffc32db9000 	C:\WINDOWS\system32\NSI.dll
0x00007ffc306d0000 - 0x00007ffc3071a000 	C:\WINDOWS\SYSTEM32\cfgmgr32.dll
0x00007ffc2f020000 - 0x00007ffc2f046000 	C:\WINDOWS\SYSTEM32\DEVOBJ.dll
0x000000006c8e0000 - 0x000000006c8ef000 	C:\Program Files\Java\jre7\bin\verify.dll
0x000000006c4d0000 - 0x000000006c4f8000 	C:\Program Files\Java\jre7\bin\java.dll
0x000000006c4b0000 - 0x000000006c4c5000 	C:\Program Files\Java\jre7\bin\zip.dll
0x0000000065580000 - 0x0000000065610000 	C:\Users\Fathurrohman E\AppData\Local\Temp\libgdxFathurrohman E\5498721d\gdx64.dll
0x0000000180000000 - 0x0000000180050000 	C:\Users\Fathurrohman E\AppData\Local\Temp\libgdxFathurrohman E\4c88a7c1\lwjgl64.dll
0x00007ffc087f0000 - 0x00007ffc08911000 	C:\WINDOWS\SYSTEM32\OPENGL32.dll
0x00007ffc2e070000 - 0x00007ffc2e07a000 	C:\WINDOWS\SYSTEM32\VERSION.dll
0x00007ffc23af0000 - 0x00007ffc23b1c000 	C:\WINDOWS\SYSTEM32\GLU32.dll
0x00007ffc086f0000 - 0x00007ffc087e4000 	C:\WINDOWS\SYSTEM32\DDRAW.dll
0x00007ffc289f0000 - 0x00007ffc289f9000 	C:\WINDOWS\SYSTEM32\DCIMAN32.dll
0x000000000bcc0000 - 0x000000000bd24000 	C:\Users\FATHUR~1\AppData\Local\Temp\libgdxFathurrohman E\4c88a7c1\OpenAL64.dll
0x00007ffc2efc0000 - 0x00007ffc2efca000 	C:\WINDOWS\SYSTEM32\kernel.appcore.dll
0x00007ffc303c0000 - 0x00007ffc303ca000 	C:\WINDOWS\SYSTEM32\CRYPTBASE.dll
0x00007ffc30360000 - 0x00007ffc303be000 	C:\WINDOWS\SYSTEM32\bcryptPrimitives.dll
0x00007ffc2ee80000 - 0x00007ffc2efa2000 	C:\WINDOWS\system32\uxtheme.dll
0x00007ffc31310000 - 0x00007ffc313b4000 	C:\WINDOWS\SYSTEM32\clbcatq.dll
0x00007ffc15db0000 - 0x00007ffc15e37000 	C:\WINDOWS\SYSTEM32\dsound.dll
0x00007ffc303f0000 - 0x00007ffc30435000 	C:\WINDOWS\SYSTEM32\POWRPROF.dll
0x00007ffc2c4e0000 - 0x00007ffc2c541000 	C:\WINDOWS\System32\MMDevApi.dll
0x00007ffc21f90000 - 0x00007ffc22006000 	C:\WINDOWS\SYSTEM32\AUDIOSES.DLL
0x00007ffc32b10000 - 0x00007ffc32bc7000 	C:\WINDOWS\system32\OLEAUT32.dll
0x00007ffc2e5e0000 - 0x00007ffc2e601000 	C:\WINDOWS\system32\dwmapi.dll
0x00007ffc25100000 - 0x00007ffc25118000 	C:\WINDOWS\SYSTEM32\atig6pxx.dll
0x00000000695e0000 - 0x000000006af81000 	C:\WINDOWS\SYSTEM32\atio6axx.dll
0x00007ffc32bd0000 - 0x00007ffc32da6000 	C:\WINDOWS\system32\SETUPAPI.dll
0x00007ffc2c2e0000 - 0x00007ffc2c408000 	C:\WINDOWS\SYSTEM32\atiadlxx.dll
0x00007ffc2c140000 - 0x00007ffc2c2a4000 	C:\WINDOWS\SYSTEM32\PROPSYS.dll
0x00007ffc2eda0000 - 0x00007ffc2edb1000 	C:\WINDOWS\SYSTEM32\WTSAPI32.dll
0x00007ffc2c110000 - 0x00007ffc2c139000 	C:\WINDOWS\SYSTEM32\IPHLPAPI.DLL
0x00007ffc2c790000 - 0x00007ffc2c79a000 	C:\WINDOWS\SYSTEM32\WINNSI.DLL
0x00007ffc307d0000 - 0x00007ffc3081e000 	C:\WINDOWS\system32\WINTRUST.dll
0x00007ffc30820000 - 0x00007ffc309f7000 	C:\WINDOWS\system32\CRYPT32.dll
0x00007ffc305a0000 - 0x00007ffc305b2000 	C:\WINDOWS\system32\MSASN1.dll
0x00007ffc2ddc0000 - 0x00007ffc2df04000 	C:\WINDOWS\SYSTEM32\aticfx64.dll
0x00007ffc23490000 - 0x00007ffc234ae000 	C:\WINDOWS\SYSTEM32\atig6txx.dll
0x00007ffc20a40000 - 0x00007ffc20acd000 	C:\WINDOWS\SYSTEM32\mscms.dll
0x00007ffc12620000 - 0x00007ffc12661000 	C:\WINDOWS\SYSTEM32\icm32.dll
0x00007ffc20850000 - 0x00007ffc209d8000 	C:\WINDOWS\SYSTEM32\dbghelp.dll

VM Arguments:
jvm_args: -Dfile.encoding=Cp1252 
java_command: com.infinithinks.pentastic.Main
Launcher Type: SUN_STANDARD

Environment Variables:
PATH=C:\WINDOWS\system32;C:\WINDOWS;C:\WINDOWS\System32\Wbem;C:\WINDOWS\System32\WindowsPowerShell\v1.0\;C:\Program Files (x86)\ATI Technologies\ATI.ACE\Core-Static;C:\Program Files (x86)\SoftKinetic\DepthSenseSDK\bin;e:\Program Files\MATLAB\R2010a\runtime\win64;e:\Program Files\MATLAB\R2010a\bin;C:\Program Files (x86)\Windows Kits\8.0\Windows Performance Toolkit\;C:\Program Files\Microsoft SQL Server\110\Tools\Binn\
USERNAME=Fathurrohman E
OS=Windows_NT
PROCESSOR_IDENTIFIER=Intel64 Family 6 Model 42 Stepping 7, GenuineIntel



---------------  S Y S T E M  ---------------

OS: Windows 8 , 64 bit Build 9200 

CPU:total 4 (2 cores per cpu, 2 threads per core) family 6 model 42 stepping 7, cmov, cx8, fxsr, mmx, sse, sse2, sse3, ssse3, sse4.1, sse4.2, popcnt, avx, ht, tsc, tscinvbit

Memory: 4k page, physical 6268032k(2446104k free), swap 12559488k(7445124k free)

vm_info: Java HotSpot(TM) 64-Bit Server VM (24.0-b56) for windows-amd64 JRE (1.7.0_40-b43), built on Aug 26 2013 22:38:32 by "java_re" with unknown MS VC++:1600

time: Fri Jan 31 21:42:06 2014
elapsed time: 44 seconds

