#
# A fatal error has been detected by the Java Runtime Environment:
#
#  EXCEPTION_ACCESS_VIOLATION (0xc0000005) at pc=0x00000000655a1b9f, pid=6492, tid=7948
#
# JRE version: Java(TM) SE Runtime Environment (7.0_40-b43) (build 1.7.0_40-b43)
# Java VM: Java HotSpot(TM) 64-Bit Server VM (24.0-b56 mixed mode windows-amd64 compressed oops)
# Problematic frame:
# C  [gdx64.dll+0x21b9f]
#
# Failed to write core dump. Minidumps are not enabled by default on client versions of Windows
#
# If you would like to submit a bug report, please visit:
#   http://bugreport.sun.com/bugreport/crash.jsp
# The crash happened outside the Java Virtual Machine in native code.
# See problematic frame for where to report the bug.
#

---------------  T H R E A D  ---------------

Current thread (0x000000000b9cb800):  JavaThread "LWJGL Application" [_thread_in_native, id=7948, stack(0x000000000c5c0000,0x000000000c6c0000)]

siginfo: ExceptionCode=0xc0000005, reading address 0x000000000c71f4c8

Registers:
RAX=0x000000000c71ae50, RBX=0x000000000c6ee0b0, RCX=0x000000000c71f4c0, RDX=0x000000000c71ad90
RSP=0x000000000c6befb0, RBP=0x000000000c6bf120, RSI=0x0000000000000002, RDI=0x0000000000000001
R8 =0x000000000c6ee0b0, R9 =0x00000000000000db, R10=0x0000000002e43064, R11=0x000000005ec2f7d0
R12=0x0000000000000000, R13=0x000000009b7a1c90, R14=0x000000000c6bf150, R15=0x000000000b9cb800
RIP=0x00000000655a1b9f, EFLAGS=0x0000000000010206

Top of Stack: (sp=0x000000000c6befb0)
0x000000000c6befb0:   00001ee677541f97 000000005eacf72f
0x000000000c6befc0:   000000009b7a1bd0 000000005eb5c49f
0x000000000c6befd0:   000000000c71ad90 0000000002d79140
0x000000000c6befe0:   000000000b9cb800 000000005eaeabb0
0x000000000c6beff0:   0000000000000000 0000000002d79140
0x000000000c6bf000:   0000000000000003 000000000000000e
0x000000000c6bf010:   000000000c6b0000 0000000002e4e103
0x000000000c6bf020:   00000000655d3070 00000000655d3928
0x000000000c6bf030:   000000000c6bf060 00000000655a1c31
0x000000000c6bf040:   000000000c6befb0 000000005eaeadce
0x000000000c6bf050:   0000000009f54c00 000000009b7d4c64
0x000000000c6bf060:   000000000c6bf120 00000000655aae75
0x000000000c6bf070:   000000000c6ee0b0 000000005eaee25e
0x000000000c6bf080:   000000000c6bf5f8 000000000c6bf119
0x000000000c6bf090:   000000009b7a1c90 0000000002e43090
0x000000000c6bf0a0:   00000000000000b6 000000000b9cb800 

Instructions: (pc=0x00000000655a1b9f)
0x00000000655a1b7f:   90 48 83 7c 24 20 00 74 4b 48 8b 44 24 20 48 8b
0x00000000655a1b8f:   48 70 48 8b 50 68 48 85 c9 48 89 54 24 20 74 e1
0x00000000655a1b9f:   48 8b 41 08 48 8b 94 24 c0 00 00 00 c7 41 30 00
0x00000000655a1baf:   00 00 00 c7 44 24 48 01 00 00 00 48 89 44 24 28 


Register to memory mapping:

RAX=0x000000000c71ae50 is an unknown value
RBX=0x000000000c6ee0b0 is an unknown value
RCX=0x000000000c71f4c0 is an unknown value
RDX=0x000000000c71ad90 is an unknown value
RSP=0x000000000c6befb0 is pointing into the stack for thread: 0x000000000b9cb800
RBP=0x000000000c6bf120 is pointing into the stack for thread: 0x000000000b9cb800
RSI=0x0000000000000002 is an unknown value
RDI=0x0000000000000001 is an unknown value
R8 =0x000000000c6ee0b0 is an unknown value
R9 =0x00000000000000db is an unknown value
R10=0x0000000002e43064 is at code_begin+644 in an Interpreter codelet
method entry point (kind = native)  [0x0000000002e42de0, 0x0000000002e43680]  2208 bytes
R11=0x000000005ec2f7d0 is an unknown value
R12=0x0000000000000000 is an unknown value
R13=0x000000009b7a1c90 is an oop
{method} 
 - klass: {other class}
R14=0x000000000c6bf150 is pointing into the stack for thread: 0x000000000b9cb800
R15=0x000000000b9cb800 is a thread


Stack: [0x000000000c5c0000,0x000000000c6c0000],  sp=0x000000000c6befb0,  free space=1019k
Native frames: (J=compiled Java code, j=interpreted, Vv=VM code, C=native code)
C  [gdx64.dll+0x21b9f]
j  com.badlogic.gdx.physics.box2d.World.dispose()V+5
j  com.infinithinks.pentastic.entities.Track.dispose()V+4
j  com.infinithinks.pentastic.level.Level_1.dispose()V+18
j  com.infinithinks.pentastic.level.Level_1.hide()V+1
j  com.badlogic.gdx.Game.dispose()V+11
j  com.infinithinks.pentastic.PENtasticMain.dispose()V+1
j  com.badlogic.gdx.backends.lwjgl.LwjglApplication.mainLoop()V+780
j  com.badlogic.gdx.backends.lwjgl.LwjglApplication$1.run()V+27
v  ~StubRoutines::call_stub
V  [jvm.dll+0x1cb013]

Java frames: (J=compiled Java code, j=interpreted, Vv=VM code)
j  com.badlogic.gdx.physics.box2d.World.jniDispose(J)V+0
j  com.badlogic.gdx.physics.box2d.World.dispose()V+5
j  com.infinithinks.pentastic.entities.Track.dispose()V+4
j  com.infinithinks.pentastic.level.Level_1.dispose()V+18
j  com.infinithinks.pentastic.level.Level_1.hide()V+1
j  com.badlogic.gdx.Game.dispose()V+11
j  com.infinithinks.pentastic.PENtasticMain.dispose()V+1
j  com.badlogic.gdx.backends.lwjgl.LwjglApplication.mainLoop()V+780
j  com.badlogic.gdx.backends.lwjgl.LwjglApplication$1.run()V+27
v  ~StubRoutines::call_stub

---------------  P R O C E S S  ---------------

Java Threads: ( => current thread )
  0x000000000bb46000 JavaThread "LWJGL Timer" daemon [_thread_blocked, id=5380, stack(0x0000000010140000,0x0000000010240000)]
  0x0000000002d30800 JavaThread "DestroyJavaVM" [_thread_blocked, id=11724, stack(0x0000000002c30000,0x0000000002d30000)]
=>0x000000000b9cb800 JavaThread "LWJGL Application" [_thread_in_native, id=7948, stack(0x000000000c5c0000,0x000000000c6c0000)]
  0x0000000009f57000 JavaThread "Service Thread" daemon [_thread_blocked, id=10532, stack(0x000000000b6c0000,0x000000000b7c0000)]
  0x0000000009f46800 JavaThread "C2 CompilerThread1" daemon [_thread_blocked, id=8308, stack(0x000000000b5c0000,0x000000000b6c0000)]
  0x0000000009f44800 JavaThread "C2 CompilerThread0" daemon [_thread_blocked, id=8360, stack(0x000000000b4c0000,0x000000000b5c0000)]
  0x0000000009f41800 JavaThread "Attach Listener" daemon [_thread_blocked, id=5416, stack(0x000000000b3c0000,0x000000000b4c0000)]
  0x0000000009f3e800 JavaThread "Signal Dispatcher" daemon [_thread_blocked, id=5964, stack(0x000000000b2c0000,0x000000000b3c0000)]
  0x0000000009f0b000 JavaThread "Finalizer" daemon [_thread_blocked, id=8700, stack(0x000000000b1c0000,0x000000000b2c0000)]
  0x0000000009f01800 JavaThread "Reference Handler" daemon [_thread_blocked, id=8764, stack(0x000000000b0c0000,0x000000000b1c0000)]

Other Threads:
  0x0000000009eff000 VMThread [stack: 0x000000000afc0000,0x000000000b0c0000] [id=7108]
  0x0000000009f70800 WatcherThread [stack: 0x000000000b7c0000,0x000000000b8c0000] [id=9436]

VM state:not at safepoint (normal execution)

VM Mutex/Monitor currently owned by a thread: None

Heap
 PSYoungGen      total 28672K, used 15211K [0x00000000e0100000, 0x00000000e2100000, 0x0000000100000000)
  eden space 24576K, 61% used [0x00000000e0100000,0x00000000e0fdaf98,0x00000000e1900000)
  from space 4096K, 0% used [0x00000000e1d00000,0x00000000e1d00000,0x00000000e2100000)
  to   space 4096K, 0% used [0x00000000e1900000,0x00000000e1900000,0x00000000e1d00000)
 ParOldGen       total 65024K, used 0K [0x00000000a0400000, 0x00000000a4380000, 0x00000000e0100000)
  object space 65024K, 0% used [0x00000000a0400000,0x00000000a0400000,0x00000000a4380000)
 PSPermGen       total 21504K, used 6510K [0x000000009b200000, 0x000000009c700000, 0x00000000a0400000)
  object space 21504K, 30% used [0x000000009b200000,0x000000009b85b9e8,0x000000009c700000)

Card table byte_map: [0x0000000005ef0000,0x0000000006220000] byte_map_base: 0x0000000005a17000

Polling page: 0x00000000014f0000

Code Cache  [0x0000000002e30000, 0x00000000030a0000, 0x0000000005e30000)
 total_blobs=558 nmethods=154 adapters=357 free_code_cache=48402Kb largest_free_block=49523008

Compilation events (10 events):
Event: 23.528 Thread 0x0000000009f46800  150             com.badlogic.gdx.graphics.Mesh::render (203 bytes)
Event: 23.528 Thread 0x0000000009f44800  151             com.badlogic.gdx.graphics.Mesh::bind (7 bytes)
Event: 23.559 Thread 0x0000000009f44800 nmethod 151 0x0000000002ee5790 code [0x0000000002ee59c0, 0x0000000002ee6240]
Event: 23.559 Thread 0x0000000009f44800  152             com.badlogic.gdx.graphics.Mesh::bind (54 bytes)
Event: 23.579 Thread 0x0000000009f44800 nmethod 152 0x0000000002ee7690 code [0x0000000002ee78c0, 0x0000000002ee8180]
Event: 23.579 Thread 0x0000000009f44800  153             com.badlogic.gdx.graphics.Mesh::unbind (7 bytes)
Event: 23.591 Thread 0x0000000009f44800 nmethod 153 0x0000000002eee2d0 code [0x0000000002eee4e0, 0x0000000002eeebe0]
Event: 23.591 Thread 0x0000000009f44800  154             com.badlogic.gdx.graphics.Mesh::unbind (54 bytes)
Event: 23.592 Thread 0x0000000009f46800 nmethod 150 0x0000000002eefd50 code [0x0000000002ef00e0, 0x0000000002ef1998]
Event: 23.602 Thread 0x0000000009f44800 nmethod 154 0x0000000002eeca10 code [0x0000000002eecc20, 0x0000000002eed360]

GC Heap History (0 events):
No events

Deoptimization events (0 events):
No events

Internal exceptions (10 events):
Event: 2.827 Thread 0x000000000b9cb800 Threw 0x00000000e0d81e08 at C:\jdk7u2_64p\jdk7u40\hotspot\src\share\vm\prims\jvm.cpp:1244
Event: 2.828 Thread 0x000000000b9cb800 Threw 0x00000000e0d83b30 at C:\jdk7u2_64p\jdk7u40\hotspot\src\share\vm\prims\jvm.cpp:1244
Event: 2.924 Thread 0x000000000b9cb800 Threw 0x00000000e0dd4b20 at C:\jdk7u2_64p\jdk7u40\hotspot\src\share\vm\prims\jvm.cpp:1244
Event: 2.925 Thread 0x000000000b9cb800 Threw 0x00000000e0df1150 at C:\jdk7u2_64p\jdk7u40\hotspot\src\share\vm\prims\jvm.cpp:1244
Event: 2.926 Thread 0x000000000b9cb800 Threw 0x00000000e0df51a0 at C:\jdk7u2_64p\jdk7u40\hotspot\src\share\vm\prims\jvm.cpp:1244
Event: 2.926 Thread 0x000000000b9cb800 Threw 0x00000000e0df9668 at C:\jdk7u2_64p\jdk7u40\hotspot\src\share\vm\prims\jvm.cpp:1244
Event: 2.927 Thread 0x000000000b9cb800 Threw 0x00000000e0dfd590 at C:\jdk7u2_64p\jdk7u40\hotspot\src\share\vm\prims\jvm.cpp:1244
Event: 2.928 Thread 0x000000000b9cb800 Threw 0x00000000e0e01968 at C:\jdk7u2_64p\jdk7u40\hotspot\src\share\vm\prims\jvm.cpp:1244
Event: 2.959 Thread 0x000000000b9cb800 Threw 0x00000000e0e07428 at C:\jdk7u2_64p\jdk7u40\hotspot\src\share\vm\prims\jvm.cpp:1244
Event: 23.828 Thread 0x000000000b9cb800 Threw 0x00000000e0fc0468 at C:\jdk7u2_64p\jdk7u40\hotspot\src\share\vm\prims\jvm.cpp:1244

Events (10 events):
Event: 2.927 loading class 0x0000000009f720b0
Event: 2.927 loading class 0x0000000009f720b0 done
Event: 2.928 loading class 0x000000000ba93410
Event: 2.928 loading class 0x000000000ba93410 done
Event: 2.959 loading class 0x000000000b9b92e0
Event: 2.959 loading class 0x000000000b9b92e0 done
Event: 4.112 Executing VM operation: EnableBiasedLocking
Event: 4.112 Executing VM operation: EnableBiasedLocking done
Event: 23.828 loading class 0x000000000b8f5f10
Event: 23.828 loading class 0x000000000b8f5f10 done


Dynamic libraries:
0x00007ff79b9f0000 - 0x00007ff79ba23000 	C:\Program Files\Java\jre7\bin\javaw.exe
0x00007ff8e6620000 - 0x00007ff8e67c9000 	C:\WINDOWS\SYSTEM32\ntdll.dll
0x00007ff8e4600000 - 0x00007ff8e4739000 	C:\WINDOWS\system32\KERNEL32.DLL
0x00007ff8e3da0000 - 0x00007ff8e3eae000 	C:\WINDOWS\system32\KERNELBASE.dll
0x00007ff8e25d0000 - 0x00007ff8e265b000 	C:\WINDOWS\system32\apphelp.dll
0x00007ff8d38b0000 - 0x00007ff8d38ff000 	C:\WINDOWS\AppPatch\AppPatch64\AcGenral.DLL
0x00007ff8e4c20000 - 0x00007ff8e4cc7000 	C:\WINDOWS\system32\msvcrt.dll
0x00007ff8e37e0000 - 0x00007ff8e380b000 	C:\WINDOWS\SYSTEM32\SspiCli.dll
0x00007ff8e63d0000 - 0x00007ff8e6421000 	C:\WINDOWS\system32\SHLWAPI.dll
0x00007ff8e4d70000 - 0x00007ff8e4ee1000 	C:\WINDOWS\system32\USER32.dll
0x00007ff8e4aa0000 - 0x00007ff8e4c16000 	C:\WINDOWS\system32\ole32.dll
0x00007ff8e4f00000 - 0x00007ff8e630f000 	C:\WINDOWS\system32\SHELL32.dll
0x00007ff8e2fb0000 - 0x00007ff8e2fcf000 	C:\WINDOWS\SYSTEM32\USERENV.dll
0x00007ff8e6310000 - 0x00007ff8e63b5000 	C:\WINDOWS\system32\ADVAPI32.dll
0x00007ff8da3e0000 - 0x00007ff8da3fb000 	C:\WINDOWS\SYSTEM32\MPR.dll
0x00007ff8e4740000 - 0x00007ff8e4876000 	C:\WINDOWS\system32\RPCRT4.dll
0x00007ff8e4d10000 - 0x00007ff8e4d67000 	C:\WINDOWS\SYSTEM32\sechost.dll
0x00007ff8e6430000 - 0x00007ff8e6607000 	C:\WINDOWS\SYSTEM32\combase.dll
0x00007ff8e4110000 - 0x00007ff8e4255000 	C:\WINDOWS\system32\GDI32.dll
0x00007ff8e39a0000 - 0x00007ff8e39b4000 	C:\WINDOWS\SYSTEM32\profapi.dll
0x00007ff8e2030000 - 0x00007ff8e20d1000 	C:\WINDOWS\SYSTEM32\SHCORE.dll
0x00007ff8e4cd0000 - 0x00007ff8e4d04000 	C:\WINDOWS\system32\IMM32.DLL
0x00007ff8e3f20000 - 0x00007ff8e4058000 	C:\WINDOWS\system32\MSCTF.dll
0x00007ff8e0e50000 - 0x00007ff8e10aa000 	C:\WINDOWS\WinSxS\amd64_microsoft.windows.common-controls_6595b64144ccf1df_6.0.9600.16384_none_62475f7becb72503\COMCTL32.dll
0x000000005f220000 - 0x000000005f2f1000 	C:\Program Files\Java\jre7\bin\msvcr100.dll
0x000000005ea50000 - 0x000000005f219000 	C:\Program Files\Java\jre7\bin\server\jvm.dll
0x00007ff8d6c20000 - 0x00007ff8d6c29000 	C:\WINDOWS\SYSTEM32\WSOCK32.dll
0x00007ff8d91f0000 - 0x00007ff8d920f000 	C:\WINDOWS\SYSTEM32\WINMM.dll
0x00007ff8e3f10000 - 0x00007ff8e3f17000 	C:\WINDOWS\system32\PSAPI.DLL
0x00007ff8e49a0000 - 0x00007ff8e49f8000 	C:\WINDOWS\system32\WS2_32.dll
0x00007ff8d7680000 - 0x00007ff8d76aa000 	C:\WINDOWS\SYSTEM32\WINMMBASE.dll
0x00007ff8e63c0000 - 0x00007ff8e63c9000 	C:\WINDOWS\system32\NSI.dll
0x00007ff8e3d50000 - 0x00007ff8e3d9a000 	C:\WINDOWS\SYSTEM32\cfgmgr32.dll
0x00007ff8e2830000 - 0x00007ff8e2856000 	C:\WINDOWS\SYSTEM32\DEVOBJ.dll
0x0000000060240000 - 0x000000006024f000 	C:\Program Files\Java\jre7\bin\verify.dll
0x000000005f4f0000 - 0x000000005f518000 	C:\Program Files\Java\jre7\bin\java.dll
0x000000005ea30000 - 0x000000005ea45000 	C:\Program Files\Java\jre7\bin\zip.dll
0x0000000065580000 - 0x0000000065610000 	C:\Users\Fathurrohman E\AppData\Local\Temp\libgdxFathurrohman E\5498721d\gdx64.dll
0x0000000180000000 - 0x0000000180050000 	C:\Users\Fathurrohman E\AppData\Local\Temp\libgdxFathurrohman E\4c88a7c1\lwjgl64.dll
0x00007ff8d3780000 - 0x00007ff8d38a1000 	C:\WINDOWS\SYSTEM32\OPENGL32.dll
0x00007ff8e1120000 - 0x00007ff8e112a000 	C:\WINDOWS\SYSTEM32\VERSION.dll
0x00007ff8d6ae0000 - 0x00007ff8d6b0c000 	C:\WINDOWS\SYSTEM32\GLU32.dll
0x00007ff8c5440000 - 0x00007ff8c5534000 	C:\WINDOWS\SYSTEM32\DDRAW.dll
0x00007ff8deb20000 - 0x00007ff8deb29000 	C:\WINDOWS\SYSTEM32\DCIMAN32.dll
0x000000000bcc0000 - 0x000000000bd24000 	C:\Users\FATHUR~1\AppData\Local\Temp\libgdxFathurrohman E\4c88a7c1\OpenAL64.dll
0x00007ff8e26a0000 - 0x00007ff8e26aa000 	C:\WINDOWS\SYSTEM32\kernel.appcore.dll
0x00007ff8e3870000 - 0x00007ff8e387a000 	C:\WINDOWS\SYSTEM32\CRYPTBASE.dll
0x00007ff8e3810000 - 0x00007ff8e386e000 	C:\WINDOWS\SYSTEM32\bcryptPrimitives.dll
0x00007ff8e26b0000 - 0x00007ff8e27d2000 	C:\WINDOWS\system32\uxtheme.dll
0x00007ff8e4060000 - 0x00007ff8e4104000 	C:\WINDOWS\SYSTEM32\clbcatq.dll
0x00007ff8d3920000 - 0x00007ff8d39a7000 	C:\WINDOWS\SYSTEM32\dsound.dll
0x00007ff8e3940000 - 0x00007ff8e3985000 	C:\WINDOWS\SYSTEM32\POWRPROF.dll
0x00007ff8e00d0000 - 0x00007ff8e0131000 	C:\WINDOWS\System32\MMDevApi.dll
0x00007ff8d6c60000 - 0x00007ff8d6cd6000 	C:\WINDOWS\SYSTEM32\AUDIOSES.DLL
0x00007ff8e48e0000 - 0x00007ff8e4997000 	C:\WINDOWS\system32\OLEAUT32.dll
0x00007ff8e1df0000 - 0x00007ff8e1e11000 	C:\WINDOWS\system32\dwmapi.dll
0x00007ff8d47a0000 - 0x00007ff8d47b8000 	C:\WINDOWS\SYSTEM32\atig6pxx.dll
0x000000005d040000 - 0x000000005e9e1000 	C:\WINDOWS\SYSTEM32\atio6axx.dll
0x00007ff8e4400000 - 0x00007ff8e45d6000 	C:\WINDOWS\system32\SETUPAPI.dll
0x00007ff8de2f0000 - 0x00007ff8de418000 	C:\WINDOWS\SYSTEM32\atiadlxx.dll
0x00007ff8dfdd0000 - 0x00007ff8dff34000 	C:\WINDOWS\SYSTEM32\PROPSYS.dll
0x00007ff8e25b0000 - 0x00007ff8e25c1000 	C:\WINDOWS\SYSTEM32\WTSAPI32.dll
0x00007ff8dfda0000 - 0x00007ff8dfdc9000 	C:\WINDOWS\SYSTEM32\IPHLPAPI.DLL
0x00007ff8dfd30000 - 0x00007ff8dfd3a000 	C:\WINDOWS\SYSTEM32\WINNSI.DLL
0x00007ff8e3c50000 - 0x00007ff8e3c9e000 	C:\WINDOWS\system32\WINTRUST.dll
0x00007ff8e3a70000 - 0x00007ff8e3c47000 	C:\WINDOWS\system32\CRYPT32.dll
0x00007ff8e3a50000 - 0x00007ff8e3a62000 	C:\WINDOWS\system32\MSASN1.dll
0x00007ff8de960000 - 0x00007ff8deaa4000 	C:\WINDOWS\SYSTEM32\aticfx64.dll
0x00007ff8d4780000 - 0x00007ff8d479e000 	C:\WINDOWS\SYSTEM32\atig6txx.dll
0x00007ff8d4590000 - 0x00007ff8d461d000 	C:\WINDOWS\SYSTEM32\mscms.dll
0x00007ff8d3730000 - 0x00007ff8d3771000 	C:\WINDOWS\SYSTEM32\icm32.dll
0x00007ff8c48c0000 - 0x00007ff8c4a48000 	C:\WINDOWS\SYSTEM32\dbghelp.dll

VM Arguments:
jvm_args: -Dfile.encoding=Cp1252 
java_command: com.infinithinks.pentastic.Main
Launcher Type: SUN_STANDARD

Environment Variables:
PATH=C:\WINDOWS\system32;C:\WINDOWS;C:\WINDOWS\System32\Wbem;C:\WINDOWS\System32\WindowsPowerShell\v1.0\;C:\Program Files (x86)\ATI Technologies\ATI.ACE\Core-Static;C:\Program Files (x86)\SoftKinetic\DepthSenseSDK\bin;e:\Program Files\MATLAB\R2010a\runtime\win64;e:\Program Files\MATLAB\R2010a\bin;C:\Program Files (x86)\Windows Kits\8.0\Windows Performance Toolkit\;C:\Program Files\Microsoft SQL Server\110\Tools\Binn\
USERNAME=Fathurrohman E
OS=Windows_NT
PROCESSOR_IDENTIFIER=Intel64 Family 6 Model 42 Stepping 7, GenuineIntel



---------------  S Y S T E M  ---------------

OS: Windows 8 , 64 bit Build 9200 

CPU:total 4 (2 cores per cpu, 2 threads per core) family 6 model 42 stepping 7, cmov, cx8, fxsr, mmx, sse, sse2, sse3, ssse3, sse4.1, sse4.2, popcnt, avx, ht, tsc, tscinvbit

Memory: 4k page, physical 6268032k(2760244k free), swap 9865796k(3667320k free)

vm_info: Java HotSpot(TM) 64-Bit Server VM (24.0-b56) for windows-amd64 JRE (1.7.0_40-b43), built on Aug 26 2013 22:38:32 by "java_re" with unknown MS VC++:1600

time: Fri Jan 31 10:15:33 2014
elapsed time: 23 seconds

