#
# A fatal error has been detected by the Java Runtime Environment:
#
#  EXCEPTION_ACCESS_VIOLATION (0xc0000005) at pc=0x00000000655a1b9f, pid=8180, tid=7276
#
# JRE version: Java(TM) SE Runtime Environment (7.0_40-b43) (build 1.7.0_40-b43)
# Java VM: Java HotSpot(TM) 64-Bit Server VM (24.0-b56 mixed mode windows-amd64 compressed oops)
# Problematic frame:
# C  [gdx64.dll+0x21b9f]
#
# Failed to write core dump. Minidumps are not enabled by default on client versions of Windows
#
# If you would like to submit a bug report, please visit:
#   http://bugreport.sun.com/bugreport/crash.jsp
# The crash happened outside the Java Virtual Machine in native code.
# See problematic frame for where to report the bug.
#

---------------  T H R E A D  ---------------

Current thread (0x000000000b3e5000):  JavaThread "LWJGL Application" [_thread_in_native, id=7276, stack(0x000000000bfa0000,0x000000000c0a0000)]

siginfo: ExceptionCode=0xc0000005, reading address 0x000000000c0ff4c8

Registers:
RAX=0x000000000c0fae50, RBX=0x000000000c0ce0b0, RCX=0x000000000c0ff4c0, RDX=0x000000000c0fad90
RSP=0x000000000c09f1e0, RBP=0x000000000c09f350, RSI=0x0000000000000002, RDI=0x0000000000000001
R8 =0x000000000c0ce0b0, R9 =0x00000000000000db, R10=0x0000000002813064, R11=0x000000006bc3f7d0
R12=0x0000000000000000, R13=0x000000009b7a1da0, R14=0x000000000c09f380, R15=0x000000000b3e5000
RIP=0x00000000655a1b9f, EFLAGS=0x0000000000010206

Top of Stack: (sp=0x000000000c09f1e0)
0x000000000c09f1e0:   00001e8a72daf376 000000006badf72f
0x000000000c09f1f0:   000000009b7a1ce0 000000006bb6c49f
0x000000000c09f200:   000000000c0fad90 0000000002749140
0x000000000c09f210:   000000000b3e5000 000000006bafabb0
0x000000000c09f220:   0000000000000000 0000000002749140
0x000000000c09f230:   0000000000000003 000000000000000e
0x000000000c09f240:   000000000c090000 000000000281e103
0x000000000c09f250:   00000000655d3070 00000000655d3928
0x000000000c09f260:   000000000c09f290 00000000655a1c31
0x000000000c09f270:   000000000c09f1e0 000000006bafadce
0x000000000c09f280:   000000000991ac00 000000009b7d4d74
0x000000000c09f290:   000000000c09f350 00000000655aae75
0x000000000c09f2a0:   000000000c0ce0b0 000000006bafe25e
0x000000000c09f2b0:   000000000c09f828 000000000c09f349
0x000000000c09f2c0:   000000009b7a1da0 0000000002813090
0x000000000c09f2d0:   00000000000000b6 000000000b3e5000 

Instructions: (pc=0x00000000655a1b9f)
0x00000000655a1b7f:   90 48 83 7c 24 20 00 74 4b 48 8b 44 24 20 48 8b
0x00000000655a1b8f:   48 70 48 8b 50 68 48 85 c9 48 89 54 24 20 74 e1
0x00000000655a1b9f:   48 8b 41 08 48 8b 94 24 c0 00 00 00 c7 41 30 00
0x00000000655a1baf:   00 00 00 c7 44 24 48 01 00 00 00 48 89 44 24 28 


Register to memory mapping:

RAX=0x000000000c0fae50 is an unknown value
RBX=0x000000000c0ce0b0 is an unknown value
RCX=0x000000000c0ff4c0 is an unknown value
RDX=0x000000000c0fad90 is an unknown value
RSP=0x000000000c09f1e0 is pointing into the stack for thread: 0x000000000b3e5000
RBP=0x000000000c09f350 is pointing into the stack for thread: 0x000000000b3e5000
RSI=0x0000000000000002 is an unknown value
RDI=0x0000000000000001 is an unknown value
R8 =0x000000000c0ce0b0 is an unknown value
R9 =0x00000000000000db is an unknown value
R10=0x0000000002813064 is at code_begin+644 in an Interpreter codelet
method entry point (kind = native)  [0x0000000002812de0, 0x0000000002813680]  2208 bytes
R11=0x000000006bc3f7d0 is an unknown value
R12=0x0000000000000000 is an unknown value
R13=0x000000009b7a1da0 is an oop
{method} 
 - klass: {other class}
R14=0x000000000c09f380 is pointing into the stack for thread: 0x000000000b3e5000
R15=0x000000000b3e5000 is a thread


Stack: [0x000000000bfa0000,0x000000000c0a0000],  sp=0x000000000c09f1e0,  free space=1020k
Native frames: (J=compiled Java code, j=interpreted, Vv=VM code, C=native code)
C  [gdx64.dll+0x21b9f]
j  com.badlogic.gdx.physics.box2d.World.dispose()V+5
j  com.infinithinks.pentastic.entities.Track.dispose()V+4
j  com.infinithinks.pentastic.level.Level_1.dispose()V+18
j  com.infinithinks.pentastic.level.Level_1.hide()V+1
j  com.badlogic.gdx.Game.dispose()V+11
j  com.infinithinks.pentastic.PENtasticMain.dispose()V+1
j  com.badlogic.gdx.backends.lwjgl.LwjglApplication.mainLoop()V+780
j  com.badlogic.gdx.backends.lwjgl.LwjglApplication$1.run()V+27
v  ~StubRoutines::call_stub
V  [jvm.dll+0x1cb013]

Java frames: (J=compiled Java code, j=interpreted, Vv=VM code)
j  com.badlogic.gdx.physics.box2d.World.jniDispose(J)V+0
j  com.badlogic.gdx.physics.box2d.World.dispose()V+5
j  com.infinithinks.pentastic.entities.Track.dispose()V+4
j  com.infinithinks.pentastic.level.Level_1.dispose()V+18
j  com.infinithinks.pentastic.level.Level_1.hide()V+1
j  com.badlogic.gdx.Game.dispose()V+11
j  com.infinithinks.pentastic.PENtasticMain.dispose()V+1
j  com.badlogic.gdx.backends.lwjgl.LwjglApplication.mainLoop()V+780
j  com.badlogic.gdx.backends.lwjgl.LwjglApplication$1.run()V+27
v  ~StubRoutines::call_stub

---------------  P R O C E S S  ---------------

Java Threads: ( => current thread )
  0x000000000b4f7800 JavaThread "LWJGL Timer" daemon [_thread_blocked, id=5020, stack(0x000000000fac0000,0x000000000fbc0000)]
  0x0000000002700800 JavaThread "DestroyJavaVM" [_thread_blocked, id=6716, stack(0x0000000002560000,0x0000000002660000)]
=>0x000000000b3e5000 JavaThread "LWJGL Application" [_thread_in_native, id=7276, stack(0x000000000bfa0000,0x000000000c0a0000)]
  0x0000000009928000 JavaThread "Service Thread" daemon [_thread_blocked, id=8896, stack(0x000000000b090000,0x000000000b190000)]
  0x0000000009918800 JavaThread "C2 CompilerThread1" daemon [_thread_blocked, id=6792, stack(0x000000000af90000,0x000000000b090000)]
  0x0000000009913000 JavaThread "C2 CompilerThread0" daemon [_thread_blocked, id=7616, stack(0x000000000ae90000,0x000000000af90000)]
  0x0000000009912000 JavaThread "Attach Listener" daemon [_thread_blocked, id=8916, stack(0x000000000ad90000,0x000000000ae90000)]
  0x000000000990e800 JavaThread "Signal Dispatcher" daemon [_thread_blocked, id=8876, stack(0x000000000ac90000,0x000000000ad90000)]
  0x00000000098db000 JavaThread "Finalizer" daemon [_thread_blocked, id=8124, stack(0x000000000ab90000,0x000000000ac90000)]
  0x00000000098d1800 JavaThread "Reference Handler" daemon [_thread_blocked, id=7724, stack(0x000000000aa90000,0x000000000ab90000)]

Other Threads:
  0x00000000098cf000 VMThread [stack: 0x000000000a990000,0x000000000aa90000] [id=1140]
  0x0000000009931800 WatcherThread [stack: 0x000000000b190000,0x000000000b290000] [id=8564]

VM state:not at safepoint (normal execution)

VM Mutex/Monitor currently owned by a thread: None

Heap
 PSYoungGen      total 28672K, used 23705K [0x00000000e0100000, 0x00000000e2100000, 0x0000000100000000)
  eden space 24576K, 80% used [0x00000000e0100000,0x00000000e1466850,0x00000000e1900000)
  from space 4096K, 93% used [0x00000000e1900000,0x00000000e1cbfe98,0x00000000e1d00000)
  to   space 4096K, 0% used [0x00000000e1d00000,0x00000000e1d00000,0x00000000e2100000)
 ParOldGen       total 175616K, used 163180K [0x00000000a0400000, 0x00000000aaf80000, 0x00000000e0100000)
  object space 175616K, 92% used [0x00000000a0400000,0x00000000aa35b260,0x00000000aaf80000)
 PSPermGen       total 21504K, used 6969K [0x000000009b200000, 0x000000009c700000, 0x00000000a0400000)
  object space 21504K, 32% used [0x000000009b200000,0x000000009b8ce698,0x000000009c700000)

Card table byte_map: [0x00000000058c0000,0x0000000005bf0000] byte_map_base: 0x00000000053e7000

Polling page: 0x0000000000ce0000

Code Cache  [0x0000000002800000, 0x0000000002a70000, 0x0000000005800000)
 total_blobs=684 nmethods=277 adapters=360 free_code_cache=47844Kb largest_free_block=48959488

Compilation events (10 events):
Event: 52.588 Thread 0x0000000009913000  273             com.badlogic.gdx.scenes.scene2d.Stage::act (237 bytes)
Event: 52.638 Thread 0x0000000009913000 nmethod 273 0x000000000294cc10 code [0x000000000294cee0, 0x000000000294db38]
Event: 52.838 Thread 0x0000000009918800  274   !         org.lwjgl.opengl.Display::isCreated (17 bytes)
Event: 52.841 Thread 0x0000000009918800 nmethod 274 0x0000000002935250 code [0x00000000029353a0, 0x00000000029355d8]
Event: 53.654 Thread 0x0000000009913000  275             com.badlogic.gdx.math.Vector3::tmp (8 bytes)
Event: 53.656 Thread 0x0000000009913000 nmethod 275 0x0000000002936290 code [0x00000000029363c0, 0x0000000002936438]
Event: 53.804 Thread 0x0000000009918800  276             com.badlogic.gdx.backends.lwjgl.LwjglGraphics::getHeight (23 bytes)
Event: 53.810 Thread 0x0000000009918800 nmethod 276 0x000000000294ac50 code [0x000000000294ada0, 0x000000000294b098]
Event: 54.088 Thread 0x0000000009913000  277             com.badlogic.gdx.math.Matrix4::idt (124 bytes)
Event: 54.091 Thread 0x0000000009913000 nmethod 277 0x0000000002938550 code [0x0000000002938680, 0x0000000002938758]

GC Heap History (2 events):
Event: 4.152 GC heap before
{Heap before GC invocations=1 (full 0):
 PSYoungGen      total 28672K, used 22759K [0x00000000e0100000, 0x00000000e2100000, 0x0000000100000000)
  eden space 24576K, 92% used [0x00000000e0100000,0x00000000e1739e90,0x00000000e1900000)
  from space 4096K, 0% used [0x00000000e1d00000,0x00000000e1d00000,0x00000000e2100000)
  to   space 4096K, 0% used [0x00000000e1900000,0x00000000e1900000,0x00000000e1d00000)
 ParOldGen       total 65024K, used 0K [0x00000000a0400000, 0x00000000a4380000, 0x00000000e0100000)
  object space 65024K, 0% used [0x00000000a0400000,0x00000000a0400000,0x00000000a4380000)
 PSPermGen       total 21504K, used 6806K [0x000000009b200000, 0x000000009c700000, 0x00000000a0400000)
  object space 21504K, 31% used [0x000000009b200000,0x000000009b8a5950,0x000000009c700000)
Event: 4.158 GC heap after
Heap after GC invocations=1 (full 0):
 PSYoungGen      total 28672K, used 3839K [0x00000000e0100000, 0x00000000e2100000, 0x0000000100000000)
  eden space 24576K, 0% used [0x00000000e0100000,0x00000000e0100000,0x00000000e1900000)
  from space 4096K, 93% used [0x00000000e1900000,0x00000000e1cbfe98,0x00000000e1d00000)
  to   space 4096K, 0% used [0x00000000e1d00000,0x00000000e1d00000,0x00000000e2100000)
 ParOldGen       total 65024K, used 4136K [0x00000000a0400000, 0x00000000a4380000, 0x00000000e0100000)
  object space 65024K, 6% used [0x00000000a0400000,0x00000000a080a020,0x00000000a4380000)
 PSPermGen       total 21504K, used 6806K [0x000000009b200000, 0x000000009c700000, 0x00000000a0400000)
  object space 21504K, 31% used [0x000000009b200000,0x000000009b8a5950,0x000000009c700000)
}

Deoptimization events (9 events):
Event: 7.397 Thread 0x000000000b3e5000 Uncommon trap: reason=class_check action=maybe_recompile pc=0x00000000028cee88 method=java.io.BufferedInputStream.read([BII)I @ 101
Event: 7.545 Thread 0x000000000b3e5000 Uncommon trap: reason=class_check action=maybe_recompile pc=0x00000000028cee88 method=java.io.BufferedInputStream.read([BII)I @ 101
Event: 7.602 Thread 0x000000000b3e5000 Uncommon trap: reason=class_check action=maybe_recompile pc=0x00000000028cee88 method=java.io.BufferedInputStream.read([BII)I @ 101
Event: 14.217 Thread 0x000000000b3e5000 Uncommon trap: reason=unreached action=reinterpret pc=0x0000000002907738 method=com.badlogic.gdx.graphics.g2d.BitmapFont.getBounds(Ljava/lang/CharSequence;IILcom/badlogic/gdx/graphics/g2d/BitmapFont$TextBounds;)Lcom/badlogic/gdx/graphics/g2d/BitmapFont$TexR©~…Oo,@
Event: 14.217 Thread 0x000000000b3e5000 Uncommon trap: reason=unreached action=reinterpret pc=0x0000000002904ec0 method=com.badlogic.gdx.graphics.g2d.BitmapFontCache.addToCache(Ljava/lang/CharSequence;FFII)F @ 146
Event: 29.752 Thread 0x000000000b3e5000 Uncommon trap: reason=array_check action=maybe_recompile pc=0x0000000002911d68 method=com.badlogic.gdx.utils.Array.add(Ljava/lang/Object;)V @ 46
Event: 37.619 Thread 0x000000000b3e5000 Uncommon trap: reason=array_check action=maybe_recompile pc=0x0000000002911d68 method=com.badlogic.gdx.utils.Array.add(Ljava/lang/Object;)V @ 46
Event: 41.952 Thread 0x000000000b3e5000 Uncommon trap: reason=array_check action=maybe_recompile pc=0x0000000002911d68 method=com.badlogic.gdx.utils.Array.add(Ljava/lang/Object;)V @ 46
Event: 54.716 Thread 0x000000000b3e5000 Uncommon trap: reason=unreached action=reinterpret pc=0x0000000002921488 method=com.badlogic.gdx.utils.Array$ArrayIterable.iterator()Ljava/util/Iterator; @ 4

Internal exceptions (10 events):
Event: 7.618 Thread 0x000000000b3e5000 Threw 0x00000000e0f856c0 at C:\jdk7u2_64p\jdk7u40\hotspot\src\share\vm\prims\jvm.cpp:1244
Event: 7.619 Thread 0x000000000b3e5000 Threw 0x00000000e0f89868 at C:\jdk7u2_64p\jdk7u40\hotspot\src\share\vm\prims\jvm.cpp:1244
Event: 7.620 Thread 0x000000000b3e5000 Threw 0x00000000e0f8d3f0 at C:\jdk7u2_64p\jdk7u40\hotspot\src\share\vm\prims\jvm.cpp:1244
Event: 7.621 Thread 0x000000000b3e5000 Threw 0x00000000e0f917c8 at C:\jdk7u2_64p\jdk7u40\hotspot\src\share\vm\prims\jvm.cpp:1244
Event: 7.667 Thread 0x000000000b3e5000 Threw 0x00000000e0f97500 at C:\jdk7u2_64p\jdk7u40\hotspot\src\share\vm\prims\jvm.cpp:1244
Event: 14.217 Thread 0x000000000b3e5000 Implicit null exception at 0x0000000002907400 to 0x0000000002907927
Event: 14.217 Thread 0x000000000b3e5000 Implicit null exception at 0x0000000002904a1b to 0x0000000002904e95
Event: 14.317 Thread 0x000000000b3e5000 Threw 0x00000000e102b758 at C:\jdk7u2_64p\jdk7u40\hotspot\src\share\vm\prims\jvm.cpp:1244
Event: 54.715 Thread 0x000000000b3e5000 Threw 0x00000000e1411a78 at C:\jdk7u2_64p\jdk7u40\hotspot\src\share\vm\prims\jvm.cpp:1244
Event: 54.716 Thread 0x000000000b3e5000 Implicit null exception at 0x0000000002921420 to 0x0000000002921475

Events (10 events):
Event: 37.619 Thread 0x000000000b3e5000 DEOPT PACKING pc=0x0000000002911d68 sp=0x000000000c09f290
Event: 37.619 Thread 0x000000000b3e5000 DEOPT UNPACKING pc=0x00000000028375a4 sp=0x000000000c09f220 mode 2
Event: 41.952 Thread 0x000000000b3e5000 Uncommon trap: trap_request=0xffffffd6 fr.pc=0x0000000002911d68
Event: 41.952 Thread 0x000000000b3e5000 DEOPT PACKING pc=0x0000000002911d68 sp=0x000000000c09f290
Event: 41.952 Thread 0x000000000b3e5000 DEOPT UNPACKING pc=0x00000000028375a4 sp=0x000000000c09f220 mode 2
Event: 54.715 loading class 0x00000000099545f0
Event: 54.715 loading class 0x00000000099545f0 done
Event: 54.716 Thread 0x000000000b3e5000 Uncommon trap: trap_request=0xffffffad fr.pc=0x0000000002921488
Event: 54.716 Thread 0x000000000b3e5000 DEOPT PACKING pc=0x0000000002921488 sp=0x000000000c09f500
Event: 54.716 Thread 0x000000000b3e5000 DEOPT UNPACKING pc=0x00000000028375a4 sp=0x000000000c09f4a8 mode 2


Dynamic libraries:
0x00007ff721ab0000 - 0x00007ff721ae3000 	C:\Program Files\Java\jre7\bin\javaw.exe
0x00007ffc33170000 - 0x00007ffc33319000 	C:\WINDOWS\SYSTEM32\ntdll.dll
0x00007ffc31500000 - 0x00007ffc31639000 	C:\WINDOWS\system32\KERNEL32.DLL
0x00007ffc305c0000 - 0x00007ffc306ce000 	C:\WINDOWS\system32\KERNELBASE.dll
0x00007ffc2edc0000 - 0x00007ffc2ee4b000 	C:\WINDOWS\system32\apphelp.dll
0x00007ffc15bc0000 - 0x00007ffc15c0f000 	C:\WINDOWS\AppPatch\AppPatch64\AcGenral.DLL
0x00007ffc330c0000 - 0x00007ffc33167000 	C:\WINDOWS\system32\msvcrt.dll
0x00007ffc30330000 - 0x00007ffc3035b000 	C:\WINDOWS\SYSTEM32\SspiCli.dll
0x00007ffc32a50000 - 0x00007ffc32aa1000 	C:\WINDOWS\system32\SHLWAPI.dll
0x00007ffc31190000 - 0x00007ffc31301000 	C:\WINDOWS\system32\USER32.dll
0x00007ffc30e30000 - 0x00007ffc30fa6000 	C:\WINDOWS\system32\ole32.dll
0x00007ffc31640000 - 0x00007ffc32a4f000 	C:\WINDOWS\system32\SHELL32.dll
0x00007ffc2f800000 - 0x00007ffc2f81f000 	C:\WINDOWS\SYSTEM32\USERENV.dll
0x00007ffc32dc0000 - 0x00007ffc32e65000 	C:\WINDOWS\system32\ADVAPI32.dll
0x00007ffc26070000 - 0x00007ffc2608b000 	C:\WINDOWS\SYSTEM32\MPR.dll
0x00007ffc30a40000 - 0x00007ffc30b76000 	C:\WINDOWS\system32\RPCRT4.dll
0x00007ffc32e70000 - 0x00007ffc32ec7000 	C:\WINDOWS\SYSTEM32\sechost.dll
0x00007ffc30fb0000 - 0x00007ffc31187000 	C:\WINDOWS\SYSTEM32\combase.dll
0x00007ffc32ed0000 - 0x00007ffc33015000 	C:\WINDOWS\system32\GDI32.dll
0x00007ffc304f0000 - 0x00007ffc30504000 	C:\WINDOWS\SYSTEM32\profapi.dll
0x00007ffc2e820000 - 0x00007ffc2e8c1000 	C:\WINDOWS\SYSTEM32\SHCORE.dll
0x00007ffc30df0000 - 0x00007ffc30e24000 	C:\WINDOWS\system32\IMM32.DLL
0x00007ffc313c0000 - 0x00007ffc314f8000 	C:\WINDOWS\system32\MSCTF.dll
0x00007ffc2fe50000 - 0x00007ffc300aa000 	C:\WINDOWS\WinSxS\amd64_microsoft.windows.common-controls_6595b64144ccf1df_6.0.9600.16384_none_62475f7becb72503\COMCTL32.dll
0x000000006c230000 - 0x000000006c301000 	C:\Program Files\Java\jre7\bin\msvcr100.dll
0x000000006ba60000 - 0x000000006c229000 	C:\Program Files\Java\jre7\bin\server\jvm.dll
0x00007ffc14de0000 - 0x00007ffc14de9000 	C:\WINDOWS\SYSTEM32\WSOCK32.dll
0x00007ffc258d0000 - 0x00007ffc258ef000 	C:\WINDOWS\SYSTEM32\WINMM.dll
0x00007ffc30be0000 - 0x00007ffc30be7000 	C:\WINDOWS\system32\PSAPI.DLL
0x00007ffc32ab0000 - 0x00007ffc32b08000 	C:\WINDOWS\system32\WS2_32.dll
0x00007ffc25890000 - 0x00007ffc258ba000 	C:\WINDOWS\SYSTEM32\WINMMBASE.dll
0x00007ffc32db0000 - 0x00007ffc32db9000 	C:\WINDOWS\system32\NSI.dll
0x00007ffc306d0000 - 0x00007ffc3071a000 	C:\WINDOWS\SYSTEM32\cfgmgr32.dll
0x00007ffc2f020000 - 0x00007ffc2f046000 	C:\WINDOWS\SYSTEM32\DEVOBJ.dll
0x000000006c8e0000 - 0x000000006c8ef000 	C:\Program Files\Java\jre7\bin\verify.dll
0x000000006c4d0000 - 0x000000006c4f8000 	C:\Program Files\Java\jre7\bin\java.dll
0x000000006c4b0000 - 0x000000006c4c5000 	C:\Program Files\Java\jre7\bin\zip.dll
0x0000000065580000 - 0x0000000065610000 	C:\Users\Fathurrohman E\AppData\Local\Temp\libgdxFathurrohman E\5498721d\gdx64.dll
0x0000000180000000 - 0x0000000180050000 	C:\Users\Fathurrohman E\AppData\Local\Temp\libgdxFathurrohman E\4c88a7c1\lwjgl64.dll
0x00007ffc1aa10000 - 0x00007ffc1ab31000 	C:\WINDOWS\SYSTEM32\OPENGL32.dll
0x00007ffc2e070000 - 0x00007ffc2e07a000 	C:\WINDOWS\SYSTEM32\VERSION.dll
0x00007ffc28a00000 - 0x00007ffc28a2c000 	C:\WINDOWS\SYSTEM32\GLU32.dll
0x00007ffc12570000 - 0x00007ffc12664000 	C:\WINDOWS\SYSTEM32\DDRAW.dll
0x00007ffc2c7b0000 - 0x00007ffc2c7b9000 	C:\WINDOWS\SYSTEM32\DCIMAN32.dll
0x000000000b690000 - 0x000000000b6f4000 	C:\Users\FATHUR~1\AppData\Local\Temp\libgdxFathurrohman E\4c88a7c1\OpenAL64.dll
0x00007ffc2efc0000 - 0x00007ffc2efca000 	C:\WINDOWS\SYSTEM32\kernel.appcore.dll
0x00007ffc303c0000 - 0x00007ffc303ca000 	C:\WINDOWS\SYSTEM32\CRYPTBASE.dll
0x00007ffc30360000 - 0x00007ffc303be000 	C:\WINDOWS\SYSTEM32\bcryptPrimitives.dll
0x00007ffc2ee80000 - 0x00007ffc2efa2000 	C:\WINDOWS\system32\uxtheme.dll
0x00007ffc31310000 - 0x00007ffc313b4000 	C:\WINDOWS\SYSTEM32\clbcatq.dll
0x00007ffc15db0000 - 0x00007ffc15e37000 	C:\WINDOWS\SYSTEM32\dsound.dll
0x00007ffc303f0000 - 0x00007ffc30435000 	C:\WINDOWS\SYSTEM32\POWRPROF.dll
0x00007ffc2c4e0000 - 0x00007ffc2c541000 	C:\WINDOWS\System32\MMDevApi.dll
0x00007ffc21f90000 - 0x00007ffc22006000 	C:\WINDOWS\SYSTEM32\AUDIOSES.DLL
0x00007ffc32b10000 - 0x00007ffc32bc7000 	C:\WINDOWS\system32\OLEAUT32.dll
0x00007ffc2e5e0000 - 0x00007ffc2e601000 	C:\WINDOWS\system32\dwmapi.dll
0x00007ffc25130000 - 0x00007ffc25148000 	C:\WINDOWS\SYSTEM32\atig6pxx.dll
0x00000000695e0000 - 0x000000006af81000 	C:\WINDOWS\SYSTEM32\atio6axx.dll
0x00007ffc32bd0000 - 0x00007ffc32da6000 	C:\WINDOWS\system32\SETUPAPI.dll
0x00007ffc2c2e0000 - 0x00007ffc2c408000 	C:\WINDOWS\SYSTEM32\atiadlxx.dll
0x00007ffc2c140000 - 0x00007ffc2c2a4000 	C:\WINDOWS\SYSTEM32\PROPSYS.dll
0x00007ffc2eda0000 - 0x00007ffc2edb1000 	C:\WINDOWS\SYSTEM32\WTSAPI32.dll
0x00007ffc2c110000 - 0x00007ffc2c139000 	C:\WINDOWS\SYSTEM32\IPHLPAPI.DLL
0x00007ffc2c790000 - 0x00007ffc2c79a000 	C:\WINDOWS\SYSTEM32\WINNSI.DLL
0x00007ffc307d0000 - 0x00007ffc3081e000 	C:\WINDOWS\system32\WINTRUST.dll
0x00007ffc30820000 - 0x00007ffc309f7000 	C:\WINDOWS\system32\CRYPT32.dll
0x00007ffc305a0000 - 0x00007ffc305b2000 	C:\WINDOWS\system32\MSASN1.dll
0x00007ffc2ddc0000 - 0x00007ffc2df04000 	C:\WINDOWS\SYSTEM32\aticfx64.dll
0x00007ffc25110000 - 0x00007ffc2512e000 	C:\WINDOWS\SYSTEM32\atig6txx.dll
0x00007ffc20a40000 - 0x00007ffc20acd000 	C:\WINDOWS\SYSTEM32\mscms.dll
0x00007ffc23ad0000 - 0x00007ffc23b11000 	C:\WINDOWS\SYSTEM32\icm32.dll
0x00007ffc20850000 - 0x00007ffc209d8000 	C:\WINDOWS\SYSTEM32\dbghelp.dll

VM Arguments:
jvm_args: -Dfile.encoding=Cp1252 
java_command: com.infinithinks.pentastic.Main
Launcher Type: SUN_STANDARD

Environment Variables:
PATH=C:\WINDOWS\system32;C:\WINDOWS;C:\WINDOWS\System32\Wbem;C:\WINDOWS\System32\WindowsPowerShell\v1.0\;C:\Program Files (x86)\ATI Technologies\ATI.ACE\Core-Static;C:\Program Files (x86)\SoftKinetic\DepthSenseSDK\bin;e:\Program Files\MATLAB\R2010a\runtime\win64;e:\Program Files\MATLAB\R2010a\bin;C:\Program Files (x86)\Windows Kits\8.0\Windows Performance Toolkit\;C:\Program Files\Microsoft SQL Server\110\Tools\Binn\
USERNAME=Fathurrohman E
OS=Windows_NT
PROCESSOR_IDENTIFIER=Intel64 Family 6 Model 42 Stepping 7, GenuineIntel



---------------  S Y S T E M  ---------------

OS: Windows 8 , 64 bit Build 9200 

CPU:total 4 (2 cores per cpu, 2 threads per core) family 6 model 42 stepping 7, cmov, cx8, fxsr, mmx, sse, sse2, sse3, ssse3, sse4.1, sse4.2, popcnt, avx, ht, tsc, tscinvbit

Memory: 4k page, physical 6268032k(2381768k free), swap 12559488k(7561260k free)

vm_info: Java HotSpot(TM) 64-Bit Server VM (24.0-b56) for windows-amd64 JRE (1.7.0_40-b43), built on Aug 26 2013 22:38:32 by "java_re" with unknown MS VC++:1600

time: Fri Jan 31 19:48:44 2014
elapsed time: 54 seconds

