#
# A fatal error has been detected by the Java Runtime Environment:
#
#  EXCEPTION_ACCESS_VIOLATION (0xc0000005) at pc=0x00000000655a1b9f, pid=5180, tid=7504
#
# JRE version: Java(TM) SE Runtime Environment (7.0_40-b43) (build 1.7.0_40-b43)
# Java VM: Java HotSpot(TM) 64-Bit Server VM (24.0-b56 mixed mode windows-amd64 compressed oops)
# Problematic frame:
# C  [gdx64.dll+0x21b9f]
#
# Failed to write core dump. Minidumps are not enabled by default on client versions of Windows
#
# If you would like to submit a bug report, please visit:
#   http://bugreport.sun.com/bugreport/crash.jsp
# The crash happened outside the Java Virtual Machine in native code.
# See problematic frame for where to report the bug.
#

---------------  T H R E A D  ---------------

Current thread (0x000000000ab3c800):  JavaThread "LWJGL Application" [_thread_in_native, id=7504, stack(0x000000000b770000,0x000000000b870000)]

siginfo: ExceptionCode=0xc0000005, reading address 0x000000000b8e5c48

Registers:
RAX=0x000000000b8e15d0, RBX=0x000000000b8b4830, RCX=0x000000000b8e5c40, RDX=0x000000000b8e1510
RSP=0x000000000b86ef70, RBP=0x000000000b86f0e0, RSI=0x0000000000000002, RDI=0x0000000000000002
R8 =0x000000000b8b4830, R9 =0x00000000000000db, R10=0x0000000002043064, R11=0x000000006bd1f7d0
R12=0x0000000000000000, R13=0x000000009b7a20f8, R14=0x000000000b86f110, R15=0x000000000ab3c800
RIP=0x00000000655a1b9f, EFLAGS=0x0000000000010202

Top of Stack: (sp=0x000000000b86ef70)
0x000000000b86ef70:   00001e9989b96833 000000006bbbf72f
0x000000000b86ef80:   000000009b7a2038 000000006bc4c49f
0x000000000b86ef90:   000000000b8e1510 0000000001f79140
0x000000000b86efa0:   000000000ab3c800 000000006bbdabb0
0x000000000b86efb0:   0000000000000000 0000000001f79140
0x000000000b86efc0:   0000000000000003 000000000000000e
0x000000000b86efd0:   000000000b860000 000000000204e103
0x000000000b86efe0:   00000000655d3070 00000000655d3928
0x000000000b86eff0:   000000000b86f020 00000000655a1c31
0x000000000b86f000:   000000000b86ef70 000000006bbdadce
0x000000000b86f010:   0000000009087900 000000009b7d50cc
0x000000000b86f020:   000000000b86f0e0 00000000655aae75
0x000000000b86f030:   000000000b8b4830 000000006bbde25e
0x000000000b86f040:   000000000b86f738 000000000b86f0d9
0x000000000b86f050:   000000009b7a20f8 0000000002043090
0x000000000b86f060:   00000000000000b6 000000000ab3c800 

Instructions: (pc=0x00000000655a1b9f)
0x00000000655a1b7f:   90 48 83 7c 24 20 00 74 4b 48 8b 44 24 20 48 8b
0x00000000655a1b8f:   48 70 48 8b 50 68 48 85 c9 48 89 54 24 20 74 e1
0x00000000655a1b9f:   48 8b 41 08 48 8b 94 24 c0 00 00 00 c7 41 30 00
0x00000000655a1baf:   00 00 00 c7 44 24 48 01 00 00 00 48 89 44 24 28 


Register to memory mapping:

RAX=0x000000000b8e15d0 is an unknown value
RBX=0x000000000b8b4830 is an unknown value
RCX=0x000000000b8e5c40 is an unknown value
RDX=0x000000000b8e1510 is an unknown value
RSP=0x000000000b86ef70 is pointing into the stack for thread: 0x000000000ab3c800
RBP=0x000000000b86f0e0 is pointing into the stack for thread: 0x000000000ab3c800
RSI=0x0000000000000002 is an unknown value
RDI=0x0000000000000002 is an unknown value
R8 =0x000000000b8b4830 is an unknown value
R9 =0x00000000000000db is an unknown value
R10=0x0000000002043064 is at code_begin+644 in an Interpreter codelet
method entry point (kind = native)  [0x0000000002042de0, 0x0000000002043680]  2208 bytes
R11=0x000000006bd1f7d0 is an unknown value
R12=0x0000000000000000 is an unknown value
R13=0x000000009b7a20f8 is an oop
{method} 
 - klass: {other class}
R14=0x000000000b86f110 is pointing into the stack for thread: 0x000000000ab3c800
R15=0x000000000ab3c800 is a thread


Stack: [0x000000000b770000,0x000000000b870000],  sp=0x000000000b86ef70,  free space=1019k
Native frames: (J=compiled Java code, j=interpreted, Vv=VM code, C=native code)
C  [gdx64.dll+0x21b9f]
j  com.badlogic.gdx.physics.box2d.World.dispose()V+5
j  com.infinithinks.pentastic.entities.Track.dispose()V+4
j  com.infinithinks.pentastic.level.Level_1.dispose()V+18
j  com.infinithinks.pentastic.level.Level_1.hide()V+1
j  com.badlogic.gdx.Game.setScreen(Lcom/badlogic/gdx/Screen;)V+11
j  com.infinithinks.pentastic.PENtasticMain.changeScreen(I)V+29
j  com.infinithinks.pentastic.screen.HUD.render(FLcom/badlogic/gdx/graphics/g2d/SpriteBatch;Lcom/badlogic/gdx/graphics/Camera;)V+939
j  com.infinithinks.pentastic.level.Level_1.render(F)V+183
j  com.badlogic.gdx.Game.render()V+19
j  com.infinithinks.pentastic.PENtasticMain.render()V+1
j  com.badlogic.gdx.backends.lwjgl.LwjglApplication.mainLoop()V+642
j  com.badlogic.gdx.backends.lwjgl.LwjglApplication$1.run()V+27
v  ~StubRoutines::call_stub
V  [jvm.dll+0x1cb013]

Java frames: (J=compiled Java code, j=interpreted, Vv=VM code)
j  com.badlogic.gdx.physics.box2d.World.jniDispose(J)V+0
j  com.badlogic.gdx.physics.box2d.World.dispose()V+5
j  com.infinithinks.pentastic.entities.Track.dispose()V+4
j  com.infinithinks.pentastic.level.Level_1.dispose()V+18
j  com.infinithinks.pentastic.level.Level_1.hide()V+1
j  com.badlogic.gdx.Game.setScreen(Lcom/badlogic/gdx/Screen;)V+11
j  com.infinithinks.pentastic.PENtasticMain.changeScreen(I)V+29
j  com.infinithinks.pentastic.screen.HUD.render(FLcom/badlogic/gdx/graphics/g2d/SpriteBatch;Lcom/badlogic/gdx/graphics/Camera;)V+939
j  com.infinithinks.pentastic.level.Level_1.render(F)V+183
j  com.badlogic.gdx.Game.render()V+19
j  com.infinithinks.pentastic.PENtasticMain.render()V+1
j  com.badlogic.gdx.backends.lwjgl.LwjglApplication.mainLoop()V+642
j  com.badlogic.gdx.backends.lwjgl.LwjglApplication$1.run()V+27
v  ~StubRoutines::call_stub

---------------  P R O C E S S  ---------------

Java Threads: ( => current thread )
  0x000000000da20800 JavaThread "LWJGL Timer" daemon [_thread_blocked, id=7416, stack(0x000000000f300000,0x000000000f400000)]
  0x0000000001f30800 JavaThread "DestroyJavaVM" [_thread_blocked, id=6748, stack(0x0000000001db0000,0x0000000001eb0000)]
=>0x000000000ab3c800 JavaThread "LWJGL Application" [_thread_in_native, id=7504, stack(0x000000000b770000,0x000000000b870000)]
  0x000000000909d800 JavaThread "Service Thread" daemon [_thread_blocked, id=7164, stack(0x000000000a810000,0x000000000a910000)]
  0x0000000009084800 JavaThread "C2 CompilerThread1" daemon [_thread_blocked, id=6180, stack(0x000000000a710000,0x000000000a810000)]
  0x0000000009083000 JavaThread "C2 CompilerThread0" daemon [_thread_blocked, id=4360, stack(0x000000000a610000,0x000000000a710000)]
  0x0000000009081800 JavaThread "Attach Listener" daemon [_thread_blocked, id=3724, stack(0x000000000a510000,0x000000000a610000)]
  0x000000000907e800 JavaThread "Signal Dispatcher" daemon [_thread_blocked, id=7732, stack(0x000000000a410000,0x000000000a510000)]
  0x000000000904b000 JavaThread "Finalizer" daemon [_thread_blocked, id=7492, stack(0x000000000a310000,0x000000000a410000)]
  0x0000000009041800 JavaThread "Reference Handler" daemon [_thread_blocked, id=3700, stack(0x000000000a210000,0x000000000a310000)]

Other Threads:
  0x000000000903f000 VMThread [stack: 0x000000000a110000,0x000000000a210000] [id=7876]
  0x00000000090a7800 WatcherThread [stack: 0x000000000a910000,0x000000000aa10000] [id=4084]

VM state:not at safepoint (normal execution)

VM Mutex/Monitor currently owned by a thread: None

Heap
 PSYoungGen      total 28672K, used 19941K [0x00000000e0100000, 0x00000000e2100000, 0x0000000100000000)
  eden space 24576K, 65% used [0x00000000e0100000,0x00000000e10ad860,0x00000000e1900000)
  from space 4096K, 94% used [0x00000000e1900000,0x00000000e1ccbe88,0x00000000e1d00000)
  to   space 4096K, 0% used [0x00000000e1d00000,0x00000000e1d00000,0x00000000e2100000)
 ParOldGen       total 175616K, used 163180K [0x00000000a0400000, 0x00000000aaf80000, 0x00000000e0100000)
  object space 175616K, 92% used [0x00000000a0400000,0x00000000aa35b260,0x00000000aaf80000)
 PSPermGen       total 21504K, used 6874K [0x000000009b200000, 0x000000009c700000, 0x00000000a0400000)
  object space 21504K, 31% used [0x000000009b200000,0x000000009b8b6978,0x000000009c700000)

Card table byte_map: [0x0000000005030000,0x0000000005360000] byte_map_base: 0x0000000004b57000

Polling page: 0x0000000000590000

Code Cache  [0x0000000002030000, 0x00000000022a0000, 0x0000000005030000)
 total_blobs=571 nmethods=164 adapters=360 free_code_cache=48136Kb largest_free_block=49273216

Compilation events (10 events):
Event: 11.335 Thread 0x0000000009083000 nmethod 159 0x0000000002111110 code [0x0000000002111240, 0x00000000021112d8]
Event: 11.339 Thread 0x0000000009084800 nmethod 158 0x000000000210e4d0 code [0x000000000210e620, 0x000000000210e6d8]
Event: 11.498 Thread 0x0000000009083000  160             com.badlogic.gdx.math.Vector2::set (12 bytes)
Event: 11.499 Thread 0x0000000009083000 nmethod 160 0x00000000020f4150 code [0x00000000020f4280, 0x00000000020f42d8]
Event: 11.516 Thread 0x0000000009084800  161             com.badlogic.gdx.graphics.g2d.BitmapFont$Glyph::getKerning (31 bytes)
Event: 11.517 Thread 0x0000000009084800 nmethod 161 0x0000000002110e90 code [0x0000000002110fc0, 0x0000000002111038]
Event: 11.699 Thread 0x0000000009083000  162             com.badlogic.gdx.physics.box2d.Body::getType (39 bytes)
Event: 11.701 Thread 0x0000000009083000 nmethod 162 0x000000000210de90 code [0x000000000210dfe0, 0x000000000210e088]
Event: 11.717 Thread 0x0000000009084800  164             com.badlogic.gdx.graphics.VertexAttributes::get (7 bytes)
Event: 11.719 Thread 0x0000000009084800 nmethod 164 0x000000000210dc10 code [0x000000000210dd40, 0x000000000210ddd8]

GC Heap History (2 events):
Event: 4.152 GC heap before
{Heap before GC invocations=1 (full 0):
 PSYoungGen      total 28672K, used 22713K [0x00000000e0100000, 0x00000000e2100000, 0x0000000100000000)
  eden space 24576K, 92% used [0x00000000e0100000,0x00000000e172e450,0x00000000e1900000)
  from space 4096K, 0% used [0x00000000e1d00000,0x00000000e1d00000,0x00000000e2100000)
  to   space 4096K, 0% used [0x00000000e1900000,0x00000000e1900000,0x00000000e1d00000)
 ParOldGen       total 65024K, used 0K [0x00000000a0400000, 0x00000000a4380000, 0x00000000e0100000)
  object space 65024K, 0% used [0x00000000a0400000,0x00000000a0400000,0x00000000a4380000)
 PSPermGen       total 21504K, used 6807K [0x000000009b200000, 0x000000009c700000, 0x00000000a0400000)
  object space 21504K, 31% used [0x000000009b200000,0x000000009b8a5c60,0x000000009c700000)
Event: 4.158 GC heap after
Heap after GC invocations=1 (full 0):
 PSYoungGen      total 28672K, used 3887K [0x00000000e0100000, 0x00000000e2100000, 0x0000000100000000)
  eden space 24576K, 0% used [0x00000000e0100000,0x00000000e0100000,0x00000000e1900000)
  from space 4096K, 94% used [0x00000000e1900000,0x00000000e1ccbe88,0x00000000e1d00000)
  to   space 4096K, 0% used [0x00000000e1d00000,0x00000000e1d00000,0x00000000e2100000)
 ParOldGen       total 65024K, used 4136K [0x00000000a0400000, 0x00000000a4380000, 0x00000000e0100000)
  object space 65024K, 6% used [0x00000000a0400000,0x00000000a080a020,0x00000000a4380000)
 PSPermGen       total 21504K, used 6807K [0x000000009b200000, 0x000000009c700000, 0x00000000a0400000)
  object space 21504K, 31% used [0x000000009b200000,0x000000009b8a5c60,0x000000009c700000)
}

Deoptimization events (3 events):
Event: 7.697 Thread 0x000000000ab3c800 Uncommon trap: reason=class_check action=maybe_recompile pc=0x00000000020f7c0c method=java.io.BufferedInputStream.read([BII)I @ 101
Event: 7.848 Thread 0x000000000ab3c800 Uncommon trap: reason=class_check action=maybe_recompile pc=0x00000000020f7c0c method=java.io.BufferedInputStream.read([BII)I @ 101
Event: 7.897 Thread 0x000000000ab3c800 Uncommon trap: reason=class_check action=maybe_recompile pc=0x00000000020f7c0c method=java.io.BufferedInputStream.read([BII)I @ 101

Internal exceptions (10 events):
Event: 3.297 Thread 0x000000000ab3c800 Threw 0x00000000e0f1e200 at C:\jdk7u2_64p\jdk7u40\hotspot\src\share\vm\prims\jvm.cpp:1244
Event: 3.297 Thread 0x000000000ab3c800 Threw 0x00000000e0f21b08 at C:\jdk7u2_64p\jdk7u40\hotspot\src\share\vm\prims\jvm.cpp:1244
Event: 3.298 Thread 0x000000000ab3c800 Threw 0x00000000e0f25220 at C:\jdk7u2_64p\jdk7u40\hotspot\src\share\vm\prims\jvm.cpp:1244
Event: 7.913 Thread 0x000000000ab3c800 Threw 0x00000000e0ce1fe8 at C:\jdk7u2_64p\jdk7u40\hotspot\src\share\vm\prims\jvm.cpp:1244
Event: 7.914 Thread 0x000000000ab3c800 Threw 0x00000000e0ce6310 at C:\jdk7u2_64p\jdk7u40\hotspot\src\share\vm\prims\jvm.cpp:1244
Event: 7.915 Thread 0x000000000ab3c800 Threw 0x00000000e0f85870 at C:\jdk7u2_64p\jdk7u40\hotspot\src\share\vm\prims\jvm.cpp:1244
Event: 7.916 Thread 0x000000000ab3c800 Threw 0x00000000e0f89a18 at C:\jdk7u2_64p\jdk7u40\hotspot\src\share\vm\prims\jvm.cpp:1244
Event: 7.917 Thread 0x000000000ab3c800 Threw 0x00000000e0f8d5a0 at C:\jdk7u2_64p\jdk7u40\hotspot\src\share\vm\prims\jvm.cpp:1244
Event: 7.918 Thread 0x000000000ab3c800 Threw 0x00000000e0f91978 at C:\jdk7u2_64p\jdk7u40\hotspot\src\share\vm\prims\jvm.cpp:1244
Event: 7.963 Thread 0x000000000ab3c800 Threw 0x00000000e0f976b0 at C:\jdk7u2_64p\jdk7u40\hotspot\src\share\vm\prims\jvm.cpp:1244

Events (10 events):
Event: 7.916 loading class 0x0000000001f99c10
Event: 7.916 loading class 0x0000000001f99c10 done
Event: 7.916 loading class 0x00000000090a8460
Event: 7.916 loading class 0x00000000090a8460 done
Event: 7.917 loading class 0x00000000090a8920
Event: 7.917 loading class 0x00000000090a8920 done
Event: 7.918 loading class 0x000000000ac89810
Event: 7.918 loading class 0x000000000ac89810 done
Event: 7.963 loading class 0x00000000090fb080
Event: 7.963 loading class 0x00000000090fb080 done


Dynamic libraries:
0x00007ff721ab0000 - 0x00007ff721ae3000 	C:\Program Files\Java\jre7\bin\javaw.exe
0x00007ffc33170000 - 0x00007ffc33319000 	C:\WINDOWS\SYSTEM32\ntdll.dll
0x00007ffc31500000 - 0x00007ffc31639000 	C:\WINDOWS\system32\KERNEL32.DLL
0x00007ffc305c0000 - 0x00007ffc306ce000 	C:\WINDOWS\system32\KERNELBASE.dll
0x00007ffc2edc0000 - 0x00007ffc2ee4b000 	C:\WINDOWS\system32\apphelp.dll
0x00007ffc101b0000 - 0x00007ffc101ff000 	C:\WINDOWS\AppPatch\AppPatch64\AcGenral.DLL
0x00007ffc330c0000 - 0x00007ffc33167000 	C:\WINDOWS\system32\msvcrt.dll
0x00007ffc30330000 - 0x00007ffc3035b000 	C:\WINDOWS\SYSTEM32\SspiCli.dll
0x00007ffc32a50000 - 0x00007ffc32aa1000 	C:\WINDOWS\system32\SHLWAPI.dll
0x00007ffc31190000 - 0x00007ffc31301000 	C:\WINDOWS\system32\USER32.dll
0x00007ffc30e30000 - 0x00007ffc30fa6000 	C:\WINDOWS\system32\ole32.dll
0x00007ffc31640000 - 0x00007ffc32a4f000 	C:\WINDOWS\system32\SHELL32.dll
0x00007ffc2f800000 - 0x00007ffc2f81f000 	C:\WINDOWS\SYSTEM32\USERENV.dll
0x00007ffc32dc0000 - 0x00007ffc32e65000 	C:\WINDOWS\system32\ADVAPI32.dll
0x00007ffc26070000 - 0x00007ffc2608b000 	C:\WINDOWS\SYSTEM32\MPR.dll
0x00007ffc30a40000 - 0x00007ffc30b76000 	C:\WINDOWS\system32\RPCRT4.dll
0x00007ffc32e70000 - 0x00007ffc32ec7000 	C:\WINDOWS\SYSTEM32\sechost.dll
0x00007ffc30fb0000 - 0x00007ffc31187000 	C:\WINDOWS\SYSTEM32\combase.dll
0x00007ffc32ed0000 - 0x00007ffc33015000 	C:\WINDOWS\system32\GDI32.dll
0x00007ffc304f0000 - 0x00007ffc30504000 	C:\WINDOWS\SYSTEM32\profapi.dll
0x00007ffc2e820000 - 0x00007ffc2e8c1000 	C:\WINDOWS\SYSTEM32\SHCORE.dll
0x00007ffc30df0000 - 0x00007ffc30e24000 	C:\WINDOWS\system32\IMM32.DLL
0x00007ffc313c0000 - 0x00007ffc314f8000 	C:\WINDOWS\system32\MSCTF.dll
0x00007ffc2fe50000 - 0x00007ffc300aa000 	C:\WINDOWS\WinSxS\amd64_microsoft.windows.common-controls_6595b64144ccf1df_6.0.9600.16384_none_62475f7becb72503\COMCTL32.dll
0x000000006c4b0000 - 0x000000006c581000 	C:\Program Files\Java\jre7\bin\msvcr100.dll
0x000000006bb40000 - 0x000000006c309000 	C:\Program Files\Java\jre7\bin\server\jvm.dll
0x00007ffc1f5b0000 - 0x00007ffc1f5b9000 	C:\WINDOWS\SYSTEM32\WSOCK32.dll
0x00007ffc258d0000 - 0x00007ffc258ef000 	C:\WINDOWS\SYSTEM32\WINMM.dll
0x00007ffc30be0000 - 0x00007ffc30be7000 	C:\WINDOWS\system32\PSAPI.DLL
0x00007ffc32ab0000 - 0x00007ffc32b08000 	C:\WINDOWS\system32\WS2_32.dll
0x00007ffc25890000 - 0x00007ffc258ba000 	C:\WINDOWS\SYSTEM32\WINMMBASE.dll
0x00007ffc32db0000 - 0x00007ffc32db9000 	C:\WINDOWS\system32\NSI.dll
0x00007ffc306d0000 - 0x00007ffc3071a000 	C:\WINDOWS\SYSTEM32\cfgmgr32.dll
0x00007ffc2f020000 - 0x00007ffc2f046000 	C:\WINDOWS\SYSTEM32\DEVOBJ.dll
0x000000006c8e0000 - 0x000000006c8ef000 	C:\Program Files\Java\jre7\bin\verify.dll
0x000000006c6c0000 - 0x000000006c6e8000 	C:\Program Files\Java\jre7\bin\java.dll
0x000000006c6a0000 - 0x000000006c6b5000 	C:\Program Files\Java\jre7\bin\zip.dll
0x0000000065580000 - 0x0000000065610000 	C:\Users\Fathurrohman E\AppData\Local\Temp\libgdxFathurrohman E\5498721d\gdx64.dll
0x0000000180000000 - 0x0000000180050000 	C:\Users\Fathurrohman E\AppData\Local\Temp\libgdxFathurrohman E\4c88a7c1\lwjgl64.dll
0x00007ffc087f0000 - 0x00007ffc08911000 	C:\WINDOWS\SYSTEM32\OPENGL32.dll
0x00007ffc2e070000 - 0x00007ffc2e07a000 	C:\WINDOWS\SYSTEM32\VERSION.dll
0x00007ffc20010000 - 0x00007ffc2003c000 	C:\WINDOWS\SYSTEM32\GLU32.dll
0x00007ffc086f0000 - 0x00007ffc087e4000 	C:\WINDOWS\SYSTEM32\DDRAW.dll
0x00007ffc25a60000 - 0x00007ffc25a69000 	C:\WINDOWS\SYSTEM32\DCIMAN32.dll
0x000000000af20000 - 0x000000000af84000 	C:\Users\FATHUR~1\AppData\Local\Temp\libgdxFathurrohman E\4c88a7c1\OpenAL64.dll
0x00007ffc2efc0000 - 0x00007ffc2efca000 	C:\WINDOWS\SYSTEM32\kernel.appcore.dll
0x00007ffc303c0000 - 0x00007ffc303ca000 	C:\WINDOWS\SYSTEM32\CRYPTBASE.dll
0x00007ffc30360000 - 0x00007ffc303be000 	C:\WINDOWS\SYSTEM32\bcryptPrimitives.dll
0x00007ffc2ee80000 - 0x00007ffc2efa2000 	C:\WINDOWS\system32\uxtheme.dll
0x00007ffc31310000 - 0x00007ffc313b4000 	C:\WINDOWS\SYSTEM32\clbcatq.dll
0x00007ffc15db0000 - 0x00007ffc15e37000 	C:\WINDOWS\SYSTEM32\dsound.dll
0x00007ffc303f0000 - 0x00007ffc30435000 	C:\WINDOWS\SYSTEM32\POWRPROF.dll
0x00007ffc2c4e0000 - 0x00007ffc2c541000 	C:\WINDOWS\System32\MMDevApi.dll
0x00007ffc21f90000 - 0x00007ffc22006000 	C:\WINDOWS\SYSTEM32\AUDIOSES.DLL
0x00007ffc32b10000 - 0x00007ffc32bc7000 	C:\WINDOWS\system32\OLEAUT32.dll
0x00007ffc2e5e0000 - 0x00007ffc2e601000 	C:\WINDOWS\system32\dwmapi.dll
0x00007ffc25100000 - 0x00007ffc25118000 	C:\WINDOWS\SYSTEM32\atig6pxx.dll
0x00000000695e0000 - 0x000000006af81000 	C:\WINDOWS\SYSTEM32\atio6axx.dll
0x00007ffc32bd0000 - 0x00007ffc32da6000 	C:\WINDOWS\system32\SETUPAPI.dll
0x00007ffc2c2e0000 - 0x00007ffc2c408000 	C:\WINDOWS\SYSTEM32\atiadlxx.dll
0x00007ffc2c140000 - 0x00007ffc2c2a4000 	C:\WINDOWS\SYSTEM32\PROPSYS.dll
0x00007ffc2eda0000 - 0x00007ffc2edb1000 	C:\WINDOWS\SYSTEM32\WTSAPI32.dll
0x00007ffc2c110000 - 0x00007ffc2c139000 	C:\WINDOWS\SYSTEM32\IPHLPAPI.DLL
0x00007ffc2c790000 - 0x00007ffc2c79a000 	C:\WINDOWS\SYSTEM32\WINNSI.DLL
0x00007ffc307d0000 - 0x00007ffc3081e000 	C:\WINDOWS\system32\WINTRUST.dll
0x00007ffc30820000 - 0x00007ffc309f7000 	C:\WINDOWS\system32\CRYPT32.dll
0x00007ffc305a0000 - 0x00007ffc305b2000 	C:\WINDOWS\system32\MSASN1.dll
0x00007ffc2ddc0000 - 0x00007ffc2df04000 	C:\WINDOWS\SYSTEM32\aticfx64.dll
0x00007ffc23410000 - 0x00007ffc2342e000 	C:\WINDOWS\SYSTEM32\atig6txx.dll
0x00007ffc20a40000 - 0x00007ffc20acd000 	C:\WINDOWS\SYSTEM32\mscms.dll
0x00007ffc15bc0000 - 0x00007ffc15c01000 	C:\WINDOWS\SYSTEM32\icm32.dll
0x00007ffc20850000 - 0x00007ffc209d8000 	C:\WINDOWS\SYSTEM32\dbghelp.dll

VM Arguments:
jvm_args: -Dfile.encoding=Cp1252 
java_command: com.infinithinks.pentastic.Main
Launcher Type: SUN_STANDARD

Environment Variables:
PATH=C:\WINDOWS\system32;C:\WINDOWS;C:\WINDOWS\System32\Wbem;C:\WINDOWS\System32\WindowsPowerShell\v1.0\;C:\Program Files (x86)\ATI Technologies\ATI.ACE\Core-Static;C:\Program Files (x86)\SoftKinetic\DepthSenseSDK\bin;e:\Program Files\MATLAB\R2010a\runtime\win64;e:\Program Files\MATLAB\R2010a\bin;C:\Program Files (x86)\Windows Kits\8.0\Windows Performance Toolkit\;C:\Program Files\Microsoft SQL Server\110\Tools\Binn\
USERNAME=Fathurrohman E
OS=Windows_NT
PROCESSOR_IDENTIFIER=Intel64 Family 6 Model 42 Stepping 7, GenuineIntel



---------------  S Y S T E M  ---------------

OS: Windows 8 , 64 bit Build 9200 

CPU:total 4 (2 cores per cpu, 2 threads per core) family 6 model 42 stepping 7, cmov, cx8, fxsr, mmx, sse, sse2, sse3, ssse3, sse4.1, sse4.2, popcnt, avx, ht, tsc, tscinvbit

Memory: 4k page, physical 6268032k(2337296k free), swap 12559488k(7412336k free)

vm_info: Java HotSpot(TM) 64-Bit Server VM (24.0-b56) for windows-amd64 JRE (1.7.0_40-b43), built on Aug 26 2013 22:38:32 by "java_re" with unknown MS VC++:1600

time: Fri Jan 31 22:02:02 2014
elapsed time: 11 seconds

