#
# A fatal error has been detected by the Java Runtime Environment:
#
#  EXCEPTION_ACCESS_VIOLATION (0xc0000005) at pc=0x00000000655a1b9f, pid=6420, tid=1476
#
# JRE version: Java(TM) SE Runtime Environment (7.0_40-b43) (build 1.7.0_40-b43)
# Java VM: Java HotSpot(TM) 64-Bit Server VM (24.0-b56 mixed mode windows-amd64 compressed oops)
# Problematic frame:
# C  [gdx64.dll+0x21b9f]
#
# Failed to write core dump. Minidumps are not enabled by default on client versions of Windows
#
# If you would like to submit a bug report, please visit:
#   http://bugreport.sun.com/bugreport/crash.jsp
# The crash happened outside the Java Virtual Machine in native code.
# See problematic frame for where to report the bug.
#

---------------  T H R E A D  ---------------

Current thread (0x000000000abda800):  JavaThread "LWJGL Application" [_thread_in_native, id=1476, stack(0x000000000b8d0000,0x000000000b9d0000)]

siginfo: ExceptionCode=0xc0000005, reading address 0x000000000ba48958

Registers:
RAX=0x000000000ba444c0, RBX=0x000000000ba17720, RCX=0x000000000ba48950, RDX=0x000000000ba44400
RSP=0x000000000b9cf2a0, RBP=0x000000000b9cf408, RSI=0x0000000000000001, RDI=0x0000000000000002
R8 =0x000000000ba17720, R9 =0x00000000000000db, R10=0x0000000002093064, R11=0x000000006a78f7d0
R12=0x0000000000000000, R13=0x000000009b7a4e30, R14=0x000000000b9cf438, R15=0x000000000abda800
RIP=0x00000000655a1b9f, EFLAGS=0x0000000000010206

Top of Stack: (sp=0x000000000b9cf2a0)
0x000000000b9cf2a0:   000000009b7a4d70 000000006a6bc49f
0x000000000b9cf2b0:   0000000001fc9141 0000000001fc9140
0x000000000b9cf2c0:   000000000ba44400 000000006a64abb0
0x000000000b9cf2d0:   000000006ab1a078 0000000001fc9140
0x000000000b9cf2e0:   0000000000000000 000000000000000e
0x000000000b9cf2f0:   000000000b9c0000 000000000209e103
0x000000000b9cf300:   0000000002085410 000000006a68ab0f
0x000000000b9cf310:   00000000655d3070 00000000655d3928
0x000000000b9cf320:   000000000b9cf350 00000000655a1c31
0x000000000b9cf330:   000000000b9cf2a0 000000009b7d7cd4
0x000000000b9cf340:   0000000000000000 00000000090e2600
0x000000000b9cf350:   000000000b9cf408 00000000655aae75
0x000000000b9cf360:   000000000ba17720 000000000b9cf3f9
0x000000000b9cf370:   00000000090e2630 000000000b9cf4e8
0x000000000b9cf380:   000000009b7a4e30 0000000002093090
0x000000000b9cf390:   000000000b9cf490 000000000209e103 

Instructions: (pc=0x00000000655a1b9f)
0x00000000655a1b7f:   90 48 83 7c 24 20 00 74 4b 48 8b 44 24 20 48 8b
0x00000000655a1b8f:   48 70 48 8b 50 68 48 85 c9 48 89 54 24 20 74 e1
0x00000000655a1b9f:   48 8b 41 08 48 8b 94 24 c0 00 00 00 c7 41 30 00
0x00000000655a1baf:   00 00 00 c7 44 24 48 01 00 00 00 48 89 44 24 28 


Register to memory mapping:

RAX=0x000000000ba444c0 is an unknown value
RBX=0x000000000ba17720 is an unknown value
RCX=0x000000000ba48950 is an unknown value
RDX=0x000000000ba44400 is an unknown value
RSP=0x000000000b9cf2a0 is pointing into the stack for thread: 0x000000000abda800
RBP=0x000000000b9cf408 is pointing into the stack for thread: 0x000000000abda800
RSI=0x0000000000000001 is an unknown value
RDI=0x0000000000000002 is an unknown value
R8 =0x000000000ba17720 is an unknown value
R9 =0x00000000000000db is an unknown value
R10=0x0000000002093064 is at code_begin+644 in an Interpreter codelet
method entry point (kind = native)  [0x0000000002092de0, 0x0000000002093680]  2208 bytes
R11=0x000000006a78f7d0 is an unknown value
R12=0x0000000000000000 is an unknown value
R13=0x000000009b7a4e30 is an oop
{method} 
 - klass: {other class}
R14=0x000000000b9cf438 is pointing into the stack for thread: 0x000000000abda800
R15=0x000000000abda800 is a thread


Stack: [0x000000000b8d0000,0x000000000b9d0000],  sp=0x000000000b9cf2a0,  free space=1020k
Native frames: (J=compiled Java code, j=interpreted, Vv=VM code, C=native code)
C  [gdx64.dll+0x21b9f]
j  com.badlogic.gdx.physics.box2d.World.dispose()V+5
j  com.infinithinks.pentastic.entities.Track.dispose()V+4
j  com.infinithinks.pentastic.level.Level_1.dispose()V+18
j  com.infinithinks.pentastic.level.Level_1.hide()V+1
j  com.badlogic.gdx.Game.dispose()V+11
j  com.infinithinks.pentastic.PENtasticMain.dispose()V+1

Java frames: (J=compiled Java code, j=interpreted, Vv=VM code)
j  com.badlogic.gdx.physics.box2d.World.jniDispose(J)V+0
j  com.badlogic.gdx.physics.box2d.World.dispose()V+5
j  com.infinithinks.pentastic.entities.Track.dispose()V+4
j  com.infinithinks.pentastic.level.Level_1.dispose()V+18
j  com.infinithinks.pentastic.level.Level_1.hide()V+1
j  com.badlogic.gdx.Game.dispose()V+11
j  com.infinithinks.pentastic.PENtasticMain.dispose()V+1
J  com.badlogic.gdx.backends.lwjgl.LwjglApplication.mainLoop()V
j  com.badlogic.gdx.backends.lwjgl.LwjglApplication$1.run()V+27
v  ~StubRoutines::call_stub

---------------  P R O C E S S  ---------------

Java Threads: ( => current thread )
  0x000000000ac51800 JavaThread "LWJGL Timer" daemon [_thread_blocked, id=4428, stack(0x0000000010e00000,0x0000000010f00000)]
  0x0000000001f80800 JavaThread "DestroyJavaVM" [_thread_blocked, id=6776, stack(0x0000000001d80000,0x0000000001e80000)]
=>0x000000000abda800 JavaThread "LWJGL Application" [_thread_in_native, id=1476, stack(0x000000000b8d0000,0x000000000b9d0000)]
  0x00000000090e7000 JavaThread "Service Thread" daemon [_thread_blocked, id=9116, stack(0x000000000a870000,0x000000000a970000)]
  0x00000000090dd800 JavaThread "C2 CompilerThread1" daemon [_thread_blocked, id=8180, stack(0x000000000a770000,0x000000000a870000)]
  0x00000000090d2800 JavaThread "C2 CompilerThread0" daemon [_thread_blocked, id=9172, stack(0x000000000a670000,0x000000000a770000)]
  0x00000000090d1800 JavaThread "Attach Listener" daemon [_thread_blocked, id=7568, stack(0x000000000a570000,0x000000000a670000)]
  0x00000000090ce800 JavaThread "Signal Dispatcher" daemon [_thread_blocked, id=6992, stack(0x000000000a470000,0x000000000a570000)]
  0x000000000909b000 JavaThread "Finalizer" daemon [_thread_blocked, id=3300, stack(0x000000000a370000,0x000000000a470000)]
  0x0000000009091800 JavaThread "Reference Handler" daemon [_thread_blocked, id=6784, stack(0x000000000a270000,0x000000000a370000)]

Other Threads:
  0x000000000908f000 VMThread [stack: 0x000000000a170000,0x000000000a270000] [id=9572]
  0x0000000009100000 WatcherThread [stack: 0x000000000a970000,0x000000000aa70000] [id=9812]

VM state:not at safepoint (normal execution)

VM Mutex/Monitor currently owned by a thread: None

Heap
 PSYoungGen      total 28672K, used 7655K [0x00000000e0100000, 0x00000000e2100000, 0x0000000100000000)
  eden space 24576K, 17% used [0x00000000e0100000,0x00000000e0548390,0x00000000e1900000)
  from space 4096K, 79% used [0x00000000e1900000,0x00000000e1c31910,0x00000000e1d00000)
  to   space 4096K, 0% used [0x00000000e1d00000,0x00000000e1d00000,0x00000000e2100000)
 ParOldGen       total 65024K, used 80K [0x00000000a0400000, 0x00000000a4380000, 0x00000000e0100000)
  object space 65024K, 0% used [0x00000000a0400000,0x00000000a0414010,0x00000000a4380000)
 PSPermGen       total 21504K, used 6544K [0x000000009b200000, 0x000000009c700000, 0x00000000a0400000)
  object space 21504K, 30% used [0x000000009b200000,0x000000009b864308,0x000000009c700000)

Card table byte_map: [0x0000000005080000,0x00000000053b0000] byte_map_base: 0x0000000004ba7000

Polling page: 0x00000000004e0000

Code Cache  [0x0000000002080000, 0x00000000022f0000, 0x0000000005080000)
 total_blobs=778 nmethods=374 adapters=357 free_code_cache=47942Kb largest_free_block=49033280

Compilation events (10 events):
Event: 177.719 Thread 0x00000000090d2800 nmethod 369 0x000000000219b150 code [0x000000000219b280, 0x000000000219b2d8]
Event: 177.719 Thread 0x00000000090d2800  370             com.infinithinks.others.StopWatch::render (80 bytes)
Event: 177.720 Thread 0x00000000090d2800 nmethod 370 0x00000000021a2dd0 code [0x00000000021a2f20, 0x00000000021a3018]
Event: 177.842 Thread 0x00000000090dd800 nmethod 354 0x00000000021adb10 code [0x00000000021ae1c0, 0x00000000021b3038]
Event: 245.325 Thread 0x00000000090d2800  372 % !         com.badlogic.gdx.backends.lwjgl.LwjglApplication::mainLoop @ 94 (820 bytes)
Event: 245.428 Thread 0x00000000090d2800 nmethod 372% 0x00000000021b7e90 code [0x00000000021b82a0, 0x00000000021bae30]
Event: 373.196 Thread 0x00000000090dd800  373             java.nio.HeapByteBuffer::_put (8 bytes)
Event: 373.196 Thread 0x00000000090d2800  374             java.nio.HeapByteBuffer::_get (7 bytes)
Event: 373.199 Thread 0x00000000090d2800 nmethod 374 0x000000000219aed0 code [0x000000000219b000, 0x000000000219b098]
Event: 373.199 Thread 0x00000000090dd800 nmethod 373 0x00000000021a30d0 code [0x00000000021a3200, 0x00000000021a3298]

GC Heap History (2 events):
Event: 293.327 GC heap before
{Heap before GC invocations=1 (full 0):
 PSYoungGen      total 28672K, used 24576K [0x00000000e0100000, 0x00000000e2100000, 0x0000000100000000)
  eden space 24576K, 100% used [0x00000000e0100000,0x00000000e1900000,0x00000000e1900000)
  from space 4096K, 0% used [0x00000000e1d00000,0x00000000e1d00000,0x00000000e2100000)
  to   space 4096K, 0% used [0x00000000e1900000,0x00000000e1900000,0x00000000e1d00000)
 ParOldGen       total 65024K, used 0K [0x00000000a0400000, 0x00000000a4380000, 0x00000000e0100000)
  object space 65024K, 0% used [0x00000000a0400000,0x00000000a0400000,0x00000000a4380000)
 PSPermGen       total 21504K, used 6542K [0x000000009b200000, 0x000000009c700000, 0x00000000a0400000)
  object space 21504K, 30% used [0x000000009b200000,0x000000009b863918,0x000000009c700000)
Event: 293.333 GC heap after
Heap after GC invocations=1 (full 0):
 PSYoungGen      total 28672K, used 3270K [0x00000000e0100000, 0x00000000e2100000, 0x0000000100000000)
  eden space 24576K, 0% used [0x00000000e0100000,0x00000000e0100000,0x00000000e1900000)
  from space 4096K, 79% used [0x00000000e1900000,0x00000000e1c31910,0x00000000e1d00000)
  to   space 4096K, 0% used [0x00000000e1d00000,0x00000000e1d00000,0x00000000e2100000)
 ParOldGen       total 65024K, used 80K [0x00000000a0400000, 0x00000000a4380000, 0x00000000e0100000)
  object space 65024K, 0% used [0x00000000a0400000,0x00000000a0414010,0x00000000a4380000)
 PSPermGen       total 21504K, used 6542K [0x000000009b200000, 0x000000009c700000, 0x00000000a0400000)
  object space 21504K, 30% used [0x000000009b200000,0x000000009b863918,0x000000009c700000)
}

Deoptimization events (1 events):
Event: 392.841 Thread 0x000000000abda800 Uncommon trap: reason=unreached action=reinterpret pc=0x0000000002132788 method=com.badlogic.gdx.utils.Array$ArrayIterable.iterator()Ljava/util/Iterator; @ 4

Internal exceptions (10 events):
Event: 10.838 Thread 0x000000000abda800 Threw 0x00000000e0d9d4c0 at C:\jdk7u2_64p\jdk7u40\hotspot\src\share\vm\prims\jvm.cpp:1244
Event: 10.846 Thread 0x000000000abda800 Threw 0x00000000e0da20e8 at C:\jdk7u2_64p\jdk7u40\hotspot\src\share\vm\prims\jvm.cpp:1244
Event: 10.847 Thread 0x000000000abda800 Threw 0x00000000e0da6410 at C:\jdk7u2_64p\jdk7u40\hotspot\src\share\vm\prims\jvm.cpp:1244
Event: 10.847 Thread 0x000000000abda800 Threw 0x00000000e0daa460 at C:\jdk7u2_64p\jdk7u40\hotspot\src\share\vm\prims\jvm.cpp:1244
Event: 10.848 Thread 0x000000000abda800 Threw 0x00000000e0dae608 at C:\jdk7u2_64p\jdk7u40\hotspot\src\share\vm\prims\jvm.cpp:1244
Event: 10.849 Thread 0x000000000abda800 Threw 0x00000000e0db2530 at C:\jdk7u2_64p\jdk7u40\hotspot\src\share\vm\prims\jvm.cpp:1244
Event: 10.850 Thread 0x000000000abda800 Threw 0x00000000e0db6908 at C:\jdk7u2_64p\jdk7u40\hotspot\src\share\vm\prims\jvm.cpp:1244
Event: 10.880 Thread 0x000000000abda800 Threw 0x00000000e0dbba88 at C:\jdk7u2_64p\jdk7u40\hotspot\src\share\vm\prims\jvm.cpp:1244
Event: 392.840 Thread 0x000000000abda800 Threw 0x00000000e0513d10 at C:\jdk7u2_64p\jdk7u40\hotspot\src\share\vm\prims\jvm.cpp:1244
Event: 392.841 Thread 0x000000000abda800 Implicit null exception at 0x0000000002132720 to 0x0000000002132775

Events (10 events):
Event: 293.338 Executing VM operation: RevokeBias done
Event: 293.339 Executing VM operation: RevokeBias
Event: 293.339 Executing VM operation: RevokeBias done
Event: 293.339 Executing VM operation: BulkRevokeBias
Event: 293.339 Executing VM operation: BulkRevokeBias done
Event: 392.840 loading class 0x000000000911b1f0
Event: 392.840 loading class 0x000000000911b1f0 done
Event: 392.841 Thread 0x000000000abda800 Uncommon trap: trap_request=0xffffffad fr.pc=0x0000000002132788
Event: 392.841 Thread 0x000000000abda800 DEOPT PACKING pc=0x0000000002132788 sp=0x000000000b9cf5b0
Event: 392.841 Thread 0x000000000abda800 DEOPT UNPACKING pc=0x00000000020b75a4 sp=0x000000000b9cf558 mode 2


Dynamic libraries:
0x00007ff6bfee0000 - 0x00007ff6bff13000 	C:\Program Files\Java\jre7\bin\javaw.exe
0x00007ff874e80000 - 0x00007ff875029000 	C:\WINDOWS\SYSTEM32\ntdll.dll
0x00007ff874340000 - 0x00007ff874479000 	C:\WINDOWS\system32\KERNEL32.DLL
0x00007ff872600000 - 0x00007ff87270e000 	C:\WINDOWS\system32\KERNELBASE.dll
0x00007ff870e10000 - 0x00007ff870e9b000 	C:\WINDOWS\system32\apphelp.dll
0x00007ff8652b0000 - 0x00007ff8652ff000 	C:\WINDOWS\AppPatch\AppPatch64\AcGenral.DLL
0x00007ff874850000 - 0x00007ff8748f7000 	C:\WINDOWS\system32\msvcrt.dll
0x00007ff8720b0000 - 0x00007ff8720db000 	C:\WINDOWS\SYSTEM32\SspiCli.dll
0x00007ff874920000 - 0x00007ff874971000 	C:\WINDOWS\system32\SHLWAPI.dll
0x00007ff8746d0000 - 0x00007ff874841000 	C:\WINDOWS\system32\USER32.dll
0x00007ff8740b0000 - 0x00007ff874226000 	C:\WINDOWS\system32\ole32.dll
0x00007ff872ca0000 - 0x00007ff8740af000 	C:\WINDOWS\system32\SHELL32.dll
0x00007ff871810000 - 0x00007ff87182f000 	C:\WINDOWS\SYSTEM32\USERENV.dll
0x00007ff874290000 - 0x00007ff874335000 	C:\WINDOWS\system32\ADVAPI32.dll
0x00007ff868c50000 - 0x00007ff868c6b000 	C:\WINDOWS\SYSTEM32\MPR.dll
0x00007ff872980000 - 0x00007ff872ab6000 	C:\WINDOWS\system32\RPCRT4.dll
0x00007ff8745c0000 - 0x00007ff874617000 	C:\WINDOWS\SYSTEM32\sechost.dll
0x00007ff874aa0000 - 0x00007ff874c77000 	C:\WINDOWS\SYSTEM32\combase.dll
0x00007ff872710000 - 0x00007ff872855000 	C:\WINDOWS\system32\GDI32.dll
0x00007ff872200000 - 0x00007ff872214000 	C:\WINDOWS\SYSTEM32\profapi.dll
0x00007ff8701d0000 - 0x00007ff870271000 	C:\WINDOWS\SYSTEM32\SHCORE.dll
0x00007ff874a40000 - 0x00007ff874a74000 	C:\WINDOWS\system32\IMM32.DLL
0x00007ff874480000 - 0x00007ff8745b8000 	C:\WINDOWS\system32\MSCTF.dll
0x00007ff86fcc0000 - 0x00007ff86ff1a000 	C:\WINDOWS\WinSxS\amd64_microsoft.windows.common-controls_6595b64144ccf1df_6.0.9600.16384_none_62475f7becb72503\COMCTL32.dll
0x000000006ad80000 - 0x000000006ae51000 	C:\Program Files\Java\jre7\bin\msvcr100.dll
0x000000006a5b0000 - 0x000000006ad79000 	C:\Program Files\Java\jre7\bin\server\jvm.dll
0x00007ff8660c0000 - 0x00007ff8660c9000 	C:\WINDOWS\SYSTEM32\WSOCK32.dll
0x00007ff868cf0000 - 0x00007ff868d0f000 	C:\WINDOWS\SYSTEM32\WINMM.dll
0x00007ff874a80000 - 0x00007ff874a87000 	C:\WINDOWS\system32\PSAPI.DLL
0x00007ff874c80000 - 0x00007ff874cd8000 	C:\WINDOWS\system32\WS2_32.dll
0x00007ff868cc0000 - 0x00007ff868cea000 	C:\WINDOWS\SYSTEM32\WINMMBASE.dll
0x00007ff874a30000 - 0x00007ff874a39000 	C:\WINDOWS\system32\NSI.dll
0x00007ff8724b0000 - 0x00007ff8724fa000 	C:\WINDOWS\SYSTEM32\cfgmgr32.dll
0x00007ff871080000 - 0x00007ff8710a6000 	C:\WINDOWS\SYSTEM32\DEVOBJ.dll
0x000000006bca0000 - 0x000000006bcaf000 	C:\Program Files\Java\jre7\bin\verify.dll
0x000000006a580000 - 0x000000006a5a8000 	C:\Program Files\Java\jre7\bin\java.dll
0x000000006a560000 - 0x000000006a575000 	C:\Program Files\Java\jre7\bin\zip.dll
0x0000000065580000 - 0x0000000065610000 	C:\Users\Fathurrohman E\AppData\Local\Temp\libgdxFathurrohman E\5498721d\gdx64.dll
0x0000000180000000 - 0x0000000180050000 	C:\Users\Fathurrohman E\AppData\Local\Temp\libgdxFathurrohman E\4c88a7c1\lwjgl64.dll
0x00007ff861820000 - 0x00007ff861941000 	C:\WINDOWS\SYSTEM32\OPENGL32.dll
0x00007ff86fc50000 - 0x00007ff86fc5a000 	C:\WINDOWS\SYSTEM32\VERSION.dll
0x00007ff866310000 - 0x00007ff86633c000 	C:\WINDOWS\SYSTEM32\GLU32.dll
0x00007ff860200000 - 0x00007ff8602f4000 	C:\WINDOWS\SYSTEM32\DDRAW.dll
0x00007ff86ea70000 - 0x00007ff86ea79000 	C:\WINDOWS\SYSTEM32\DCIMAN32.dll
0x000000000ae70000 - 0x000000000aed4000 	C:\Users\FATHUR~1\AppData\Local\Temp\libgdxFathurrohman E\4c88a7c1\OpenAL64.dll
0x00007ff8710d0000 - 0x00007ff8710da000 	C:\WINDOWS\SYSTEM32\kernel.appcore.dll
0x00007ff872140000 - 0x00007ff87214a000 	C:\WINDOWS\SYSTEM32\CRYPTBASE.dll
0x00007ff8720e0000 - 0x00007ff87213e000 	C:\WINDOWS\SYSTEM32\bcryptPrimitives.dll
0x00007ff870f00000 - 0x00007ff871022000 	C:\WINDOWS\system32\uxtheme.dll
0x00007ff874980000 - 0x00007ff874a24000 	C:\WINDOWS\SYSTEM32\clbcatq.dll
0x00007ff85d360000 - 0x00007ff85d3e7000 	C:\WINDOWS\SYSTEM32\dsound.dll
0x00007ff871d00000 - 0x00007ff871d45000 	C:\WINDOWS\SYSTEM32\POWRPROF.dll
0x00007ff86faf0000 - 0x00007ff86fb51000 	C:\WINDOWS\System32\MMDevApi.dll
0x00007ff865a10000 - 0x00007ff865a86000 	C:\WINDOWS\SYSTEM32\AUDIOSES.DLL
0x00007ff8728c0000 - 0x00007ff872977000 	C:\WINDOWS\system32\OLEAUT32.dll
0x00007ff86fff0000 - 0x00007ff870011000 	C:\WINDOWS\system32\dwmapi.dll
0x00007ff86c270000 - 0x00007ff86c288000 	C:\WINDOWS\SYSTEM32\atig6pxx.dll
0x0000000068b70000 - 0x000000006a511000 	C:\WINDOWS\SYSTEM32\atio6axx.dll
0x00007ff872ac0000 - 0x00007ff872c96000 	C:\WINDOWS\system32\SETUPAPI.dll
0x00007ff85e140000 - 0x00007ff85e268000 	C:\WINDOWS\SYSTEM32\atiadlxx.dll
0x00007ff86eb20000 - 0x00007ff86ec84000 	C:\WINDOWS\SYSTEM32\PROPSYS.dll
0x00007ff870ea0000 - 0x00007ff870eb1000 	C:\WINDOWS\SYSTEM32\WTSAPI32.dll
0x00007ff86ea40000 - 0x00007ff86ea69000 	C:\WINDOWS\SYSTEM32\IPHLPAPI.DLL
0x00007ff86ea30000 - 0x00007ff86ea3a000 	C:\WINDOWS\SYSTEM32\WINNSI.DLL
0x00007ff8725b0000 - 0x00007ff8725fe000 	C:\WINDOWS\system32\WINTRUST.dll
0x00007ff8722d0000 - 0x00007ff8724a7000 	C:\WINDOWS\system32\CRYPT32.dll
0x00007ff8722b0000 - 0x00007ff8722c2000 	C:\WINDOWS\system32\MSASN1.dll
0x00007ff86f810000 - 0x00007ff86f954000 	C:\WINDOWS\SYSTEM32\aticfx64.dll
0x00007ff86ab60000 - 0x00007ff86ab7e000 	C:\WINDOWS\SYSTEM32\atig6txx.dll
0x00007ff86c510000 - 0x00007ff86c59d000 	C:\WINDOWS\SYSTEM32\mscms.dll
0x00007ff85d510000 - 0x00007ff85d551000 	C:\WINDOWS\SYSTEM32\icm32.dll
0x00007ff855b30000 - 0x00007ff855cb8000 	C:\WINDOWS\SYSTEM32\dbghelp.dll

VM Arguments:
jvm_args: -Dfile.encoding=Cp1252 
java_command: com.infinithinks.pentastic.Main
Launcher Type: SUN_STANDARD

Environment Variables:
PATH=C:\WINDOWS\system32;C:\WINDOWS;C:\WINDOWS\System32\Wbem;C:\WINDOWS\System32\WindowsPowerShell\v1.0\;C:\Program Files (x86)\ATI Technologies\ATI.ACE\Core-Static;C:\Program Files (x86)\SoftKinetic\DepthSenseSDK\bin;e:\Program Files\MATLAB\R2010a\runtime\win64;e:\Program Files\MATLAB\R2010a\bin;C:\Program Files (x86)\Windows Kits\8.0\Windows Performance Toolkit\;C:\Program Files\Microsoft SQL Server\110\Tools\Binn\
USERNAME=Fathurrohman E
OS=Windows_NT
PROCESSOR_IDENTIFIER=Intel64 Family 6 Model 42 Stepping 7, GenuineIntel



---------------  S Y S T E M  ---------------

OS: Windows 8 , 64 bit Build 9200 

CPU:total 4 (2 cores per cpu, 2 threads per core) family 6 model 42 stepping 7, cmov, cx8, fxsr, mmx, sse, sse2, sse3, ssse3, sse4.1, sse4.2, popcnt, avx, ht, tsc, tscinvbit

Memory: 4k page, physical 6268032k(2234356k free), swap 7316608k(1221984k free)

vm_info: Java HotSpot(TM) 64-Bit Server VM (24.0-b56) for windows-amd64 JRE (1.7.0_40-b43), built on Aug 26 2013 22:38:32 by "java_re" with unknown MS VC++:1600

time: Tue Jan 14 09:39:46 2014
elapsed time: 392 seconds

