#
# A fatal error has been detected by the Java Runtime Environment:
#
#  EXCEPTION_ACCESS_VIOLATION (0xc0000005) at pc=0x00000000655a1b9f, pid=6604, tid=2492
#
# JRE version: Java(TM) SE Runtime Environment (7.0_40-b43) (build 1.7.0_40-b43)
# Java VM: Java HotSpot(TM) 64-Bit Server VM (24.0-b56 mixed mode windows-amd64 compressed oops)
# Problematic frame:
# C  [gdx64.dll+0x21b9f]
#
# Failed to write core dump. Minidumps are not enabled by default on client versions of Windows
#
# If you would like to submit a bug report, please visit:
#   http://bugreport.sun.com/bugreport/crash.jsp
# The crash happened outside the Java Virtual Machine in native code.
# See problematic frame for where to report the bug.
#

---------------  T H R E A D  ---------------

Current thread (0x000000000b5fc000):  JavaThread "LWJGL Application" [_thread_in_native, id=2492, stack(0x000000000c2b0000,0x000000000c3b0000)]

siginfo: ExceptionCode=0xc0000005, reading address 0x000000000c40f4c8

Registers:
RAX=0x000000000c40ae50, RBX=0x000000000c3de0b0, RCX=0x000000000c40f4c0, RDX=0x000000000c40ad90
RSP=0x000000000c3aedc0, RBP=0x000000000c3aef30, RSI=0x0000000000000002, RDI=0x0000000000000001
R8 =0x000000000c3de0b0, R9 =0x00000000000000db, R10=0x0000000002b53064, R11=0x000000006bd1f7d0
R12=0x0000000000000000, R13=0x000000009b7a21c8, R14=0x000000000c3aef60, R15=0x000000000b5fc000
RIP=0x00000000655a1b9f, EFLAGS=0x0000000000010206

Top of Stack: (sp=0x000000000c3aedc0)
0x000000000c3aedc0:   00001e9822ab0dd8 000000006bbbf72f
0x000000000c3aedd0:   000000009b7a2108 000000006bc4c49f
0x000000000c3aede0:   000000000c40ad90 0000000002989140
0x000000000c3aedf0:   000000000b5fc000 000000006bbdabb0
0x000000000c3aee00:   0000000000000000 0000000002989140
0x000000000c3aee10:   0000000000000003 000000000000000e
0x000000000c3aee20:   000000000c3a0000 0000000002b5e103
0x000000000c3aee30:   00000000655d3070 00000000655d3928
0x000000000c3aee40:   000000000c3aee70 00000000655a1c31
0x000000000c3aee50:   000000000c3aedc0 000000006bbdadce
0x000000000c3aee60:   0000000009b9e800 000000009b7d519c
0x000000000c3aee70:   000000000c3aef30 00000000655aae75
0x000000000c3aee80:   000000000c3de0b0 000000006bbde25e
0x000000000c3aee90:   000000000c3af408 000000000c3aef29
0x000000000c3aeea0:   000000009b7a21c8 0000000002b53090
0x000000000c3aeeb0:   00000000000000b6 000000000b5fc000 

Instructions: (pc=0x00000000655a1b9f)
0x00000000655a1b7f:   90 48 83 7c 24 20 00 74 4b 48 8b 44 24 20 48 8b
0x00000000655a1b8f:   48 70 48 8b 50 68 48 85 c9 48 89 54 24 20 74 e1
0x00000000655a1b9f:   48 8b 41 08 48 8b 94 24 c0 00 00 00 c7 41 30 00
0x00000000655a1baf:   00 00 00 c7 44 24 48 01 00 00 00 48 89 44 24 28 


Register to memory mapping:

RAX=0x000000000c40ae50 is an unknown value
RBX=0x000000000c3de0b0 is an unknown value
RCX=0x000000000c40f4c0 is an unknown value
RDX=0x000000000c40ad90 is an unknown value
RSP=0x000000000c3aedc0 is pointing into the stack for thread: 0x000000000b5fc000
RBP=0x000000000c3aef30 is pointing into the stack for thread: 0x000000000b5fc000
RSI=0x0000000000000002 is an unknown value
RDI=0x0000000000000001 is an unknown value
R8 =0x000000000c3de0b0 is an unknown value
R9 =0x00000000000000db is an unknown value
R10=0x0000000002b53064 is at code_begin+644 in an Interpreter codelet
method entry point (kind = native)  [0x0000000002b52de0, 0x0000000002b53680]  2208 bytes
R11=0x000000006bd1f7d0 is an unknown value
R12=0x0000000000000000 is an unknown value
R13=0x000000009b7a21c8 is an oop
{method} 
 - klass: {other class}
R14=0x000000000c3aef60 is pointing into the stack for thread: 0x000000000b5fc000
R15=0x000000000b5fc000 is a thread


Stack: [0x000000000c2b0000,0x000000000c3b0000],  sp=0x000000000c3aedc0,  free space=1019k
Native frames: (J=compiled Java code, j=interpreted, Vv=VM code, C=native code)
C  [gdx64.dll+0x21b9f]
j  com.badlogic.gdx.physics.box2d.World.dispose()V+5
j  com.infinithinks.pentastic.entities.Track.dispose()V+4
j  com.infinithinks.pentastic.level.Level_1.dispose()V+18
j  com.infinithinks.pentastic.level.Level_1.hide()V+1
j  com.badlogic.gdx.Game.dispose()V+11
j  com.infinithinks.pentastic.PENtasticMain.dispose()V+1
j  com.badlogic.gdx.backends.lwjgl.LwjglApplication.mainLoop()V+780
j  com.badlogic.gdx.backends.lwjgl.LwjglApplication$1.run()V+27
v  ~StubRoutines::call_stub
V  [jvm.dll+0x1cb013]

Java frames: (J=compiled Java code, j=interpreted, Vv=VM code)
j  com.badlogic.gdx.physics.box2d.World.jniDispose(J)V+0
j  com.badlogic.gdx.physics.box2d.World.dispose()V+5
j  com.infinithinks.pentastic.entities.Track.dispose()V+4
j  com.infinithinks.pentastic.level.Level_1.dispose()V+18
j  com.infinithinks.pentastic.level.Level_1.hide()V+1
j  com.badlogic.gdx.Game.dispose()V+11
j  com.infinithinks.pentastic.PENtasticMain.dispose()V+1
j  com.badlogic.gdx.backends.lwjgl.LwjglApplication.mainLoop()V+780
j  com.badlogic.gdx.backends.lwjgl.LwjglApplication$1.run()V+27
v  ~StubRoutines::call_stub

---------------  P R O C E S S  ---------------

Java Threads: ( => current thread )
  0x000000000b69d800 JavaThread "LWJGL Timer" daemon [_thread_blocked, id=6928, stack(0x000000000fea0000,0x000000000ffa0000)]
  0x0000000002940800 JavaThread "DestroyJavaVM" [_thread_blocked, id=7072, stack(0x00000000027f0000,0x00000000028f0000)]
=>0x000000000b5fc000 JavaThread "LWJGL Application" [_thread_in_native, id=2492, stack(0x000000000c2b0000,0x000000000c3b0000)]
  0x0000000009ba1000 JavaThread "Service Thread" daemon [_thread_blocked, id=4672, stack(0x000000000b300000,0x000000000b400000)]
  0x0000000009b99800 JavaThread "C2 CompilerThread1" daemon [_thread_blocked, id=8852, stack(0x000000000b200000,0x000000000b300000)]
  0x0000000009b94800 JavaThread "C2 CompilerThread0" daemon [_thread_blocked, id=6324, stack(0x000000000b100000,0x000000000b200000)]
  0x0000000009b93800 JavaThread "Attach Listener" daemon [_thread_blocked, id=8468, stack(0x000000000b000000,0x000000000b100000)]
  0x0000000009b90800 JavaThread "Signal Dispatcher" daemon [_thread_blocked, id=6256, stack(0x000000000af00000,0x000000000b000000)]
  0x0000000009b5c800 JavaThread "Finalizer" daemon [_thread_blocked, id=8760, stack(0x000000000ae00000,0x000000000af00000)]
  0x0000000009b53800 JavaThread "Reference Handler" daemon [_thread_blocked, id=8688, stack(0x000000000ad00000,0x000000000ae00000)]

Other Threads:
  0x0000000009b4f000 VMThread [stack: 0x000000000ac00000,0x000000000ad00000] [id=7664]
  0x0000000009bba000 WatcherThread [stack: 0x000000000b400000,0x000000000b500000] [id=8284]

VM state:not at safepoint (normal execution)

VM Mutex/Monitor currently owned by a thread: None

Heap
 PSYoungGen      total 28672K, used 21093K [0x00000000e0100000, 0x00000000e2100000, 0x0000000100000000)
  eden space 24576K, 70% used [0x00000000e0100000,0x00000000e11d5670,0x00000000e1900000)
  from space 4096K, 94% used [0x00000000e1900000,0x00000000e1cc3e88,0x00000000e1d00000)
  to   space 4096K, 0% used [0x00000000e1d00000,0x00000000e1d00000,0x00000000e2100000)
 ParOldGen       total 175616K, used 163180K [0x00000000a0400000, 0x00000000aaf80000, 0x00000000e0100000)
  object space 175616K, 92% used [0x00000000a0400000,0x00000000aa35b260,0x00000000aaf80000)
 PSPermGen       total 21504K, used 6908K [0x000000009b200000, 0x000000009c700000, 0x00000000a0400000)
  object space 21504K, 32% used [0x000000009b200000,0x000000009b8bf118,0x000000009c700000)

Card table byte_map: [0x0000000005b40000,0x0000000005e70000] byte_map_base: 0x0000000005667000

Polling page: 0x0000000000f30000

Code Cache  [0x0000000002b40000, 0x0000000002db0000, 0x0000000005b40000)
 total_blobs=600 nmethods=193 adapters=360 free_code_cache=48086Kb largest_free_block=49214912

Compilation events (10 events):
Event: 17.449 Thread 0x0000000009b94800  188             com.badlogic.gdx.graphics.glutils.IndexArray::getBuffer (5 bytes)
Event: 17.450 Thread 0x0000000009b94800 nmethod 188 0x0000000002c46490 code [0x0000000002c465c0, 0x0000000002c46618]
Event: 17.451 Thread 0x0000000009b99800  190             com.badlogic.gdx.graphics.glutils.IndexArray::getNumIndices (8 bytes)
Event: 17.452 Thread 0x0000000009b99800 nmethod 190 0x0000000002c48710 code [0x0000000002c48840, 0x0000000002c48898]
Event: 17.533 Thread 0x0000000009b94800  191             com.badlogic.gdx.math.Vector3::sub (17 bytes)
Event: 17.533 Thread 0x0000000009b99800  192             com.badlogic.gdx.math.Vector3::sub (23 bytes)
Event: 17.534 Thread 0x0000000009b99800 nmethod 192 0x0000000002c47110 code [0x0000000002c47240, 0x0000000002c472b8]
Event: 17.534 Thread 0x0000000009b94800 nmethod 191 0x0000000002c46ed0 code [0x0000000002c47000, 0x0000000002c47098]
Event: 18.318 Thread 0x0000000009b99800  193             com.badlogic.gdx.graphics.g2d.BitmapFont::getBounds (136 bytes)
Event: 18.353 Thread 0x0000000009b99800 nmethod 193 0x0000000002c494d0 code [0x0000000002c49640, 0x0000000002c49c18]

GC Heap History (2 events):
Event: 4.393 GC heap before
{Heap before GC invocations=1 (full 0):
 PSYoungGen      total 28672K, used 22773K [0x00000000e0100000, 0x00000000e2100000, 0x0000000100000000)
  eden space 24576K, 92% used [0x00000000e0100000,0x00000000e173d768,0x00000000e1900000)
  from space 4096K, 0% used [0x00000000e1d00000,0x00000000e1d00000,0x00000000e2100000)
  to   space 4096K, 0% used [0x00000000e1900000,0x00000000e1900000,0x00000000e1d00000)
 ParOldGen       total 65024K, used 0K [0x00000000a0400000, 0x00000000a4380000, 0x00000000e0100000)
  object space 65024K, 0% used [0x00000000a0400000,0x00000000a0400000,0x00000000a4380000)
 PSPermGen       total 21504K, used 6807K [0x000000009b200000, 0x000000009c700000, 0x00000000a0400000)
  object space 21504K, 31% used [0x000000009b200000,0x000000009b8a5e10,0x000000009c700000)
Event: 4.399 GC heap after
Heap after GC invocations=1 (full 0):
 PSYoungGen      total 28672K, used 3855K [0x00000000e0100000, 0x00000000e2100000, 0x0000000100000000)
  eden space 24576K, 0% used [0x00000000e0100000,0x00000000e0100000,0x00000000e1900000)
  from space 4096K, 94% used [0x00000000e1900000,0x00000000e1cc3e88,0x00000000e1d00000)
  to   space 4096K, 0% used [0x00000000e1d00000,0x00000000e1d00000,0x00000000e2100000)
 ParOldGen       total 65024K, used 4136K [0x00000000a0400000, 0x00000000a4380000, 0x00000000e0100000)
  object space 65024K, 6% used [0x00000000a0400000,0x00000000a080a020,0x00000000a4380000)
 PSPermGen       total 21504K, used 6807K [0x000000009b200000, 0x000000009c700000, 0x00000000a0400000)
  object space 21504K, 31% used [0x000000009b200000,0x000000009b8a5e10,0x000000009c700000)
}

Deoptimization events (3 events):
Event: 7.658 Thread 0x000000000b5fc000 Uncommon trap: reason=class_check action=maybe_recompile pc=0x0000000002c0d48c method=java.io.BufferedInputStream.read([BII)I @ 101
Event: 7.808 Thread 0x000000000b5fc000 Uncommon trap: reason=class_check action=maybe_recompile pc=0x0000000002c0d48c method=java.io.BufferedInputStream.read([BII)I @ 101
Event: 7.867 Thread 0x000000000b5fc000 Uncommon trap: reason=class_check action=maybe_recompile pc=0x0000000002c0d48c method=java.io.BufferedInputStream.read([BII)I @ 101

Internal exceptions (10 events):
Event: 3.601 Thread 0x000000000b5fc000 Threw 0x00000000e0f29190 at C:\jdk7u2_64p\jdk7u40\hotspot\src\share\vm\prims\jvm.cpp:1244
Event: 7.882 Thread 0x000000000b5fc000 Threw 0x00000000e0ce25a8 at C:\jdk7u2_64p\jdk7u40\hotspot\src\share\vm\prims\jvm.cpp:1244
Event: 7.883 Thread 0x000000000b5fc000 Threw 0x00000000e0ce68d0 at C:\jdk7u2_64p\jdk7u40\hotspot\src\share\vm\prims\jvm.cpp:1244
Event: 7.884 Thread 0x000000000b5fc000 Threw 0x00000000e0f85640 at C:\jdk7u2_64p\jdk7u40\hotspot\src\share\vm\prims\jvm.cpp:1244
Event: 7.885 Thread 0x000000000b5fc000 Threw 0x00000000e0f897e8 at C:\jdk7u2_64p\jdk7u40\hotspot\src\share\vm\prims\jvm.cpp:1244
Event: 7.885 Thread 0x000000000b5fc000 Threw 0x00000000e0f8d370 at C:\jdk7u2_64p\jdk7u40\hotspot\src\share\vm\prims\jvm.cpp:1244
Event: 7.886 Thread 0x000000000b5fc000 Threw 0x00000000e0f91748 at C:\jdk7u2_64p\jdk7u40\hotspot\src\share\vm\prims\jvm.cpp:1244
Event: 7.932 Thread 0x000000000b5fc000 Threw 0x00000000e0f97480 at C:\jdk7u2_64p\jdk7u40\hotspot\src\share\vm\prims\jvm.cpp:1244
Event: 11.716 Thread 0x000000000b5fc000 Threw 0x00000000e0ffb060 at C:\jdk7u2_64p\jdk7u40\hotspot\src\share\vm\prims\jvm.cpp:1244
Event: 19.074 Thread 0x000000000b5fc000 Threw 0x00000000e11abca0 at C:\jdk7u2_64p\jdk7u40\hotspot\src\share\vm\prims\jvm.cpp:1244

Events (10 events):
Event: 7.885 loading class 0x0000000009bbafc0
Event: 7.885 loading class 0x0000000009bbafc0 done
Event: 7.886 loading class 0x000000000b719d20
Event: 7.886 loading class 0x000000000b719d20 done
Event: 7.932 loading class 0x000000000b594b00
Event: 7.932 loading class 0x000000000b594b00 done
Event: 11.716 loading class 0x000000000b718820
Event: 11.716 loading class 0x000000000b718820 done
Event: 19.074 loading class 0x0000000009bc2ab0
Event: 19.074 loading class 0x0000000009bc2ab0 done


Dynamic libraries:
0x00007ff721ab0000 - 0x00007ff721ae3000 	C:\Program Files\Java\jre7\bin\javaw.exe
0x00007ffc33170000 - 0x00007ffc33319000 	C:\WINDOWS\SYSTEM32\ntdll.dll
0x00007ffc31500000 - 0x00007ffc31639000 	C:\WINDOWS\system32\KERNEL32.DLL
0x00007ffc305c0000 - 0x00007ffc306ce000 	C:\WINDOWS\system32\KERNELBASE.dll
0x00007ffc2edc0000 - 0x00007ffc2ee4b000 	C:\WINDOWS\system32\apphelp.dll
0x00007ffc101b0000 - 0x00007ffc101ff000 	C:\WINDOWS\AppPatch\AppPatch64\AcGenral.DLL
0x00007ffc330c0000 - 0x00007ffc33167000 	C:\WINDOWS\system32\msvcrt.dll
0x00007ffc30330000 - 0x00007ffc3035b000 	C:\WINDOWS\SYSTEM32\SspiCli.dll
0x00007ffc32a50000 - 0x00007ffc32aa1000 	C:\WINDOWS\system32\SHLWAPI.dll
0x00007ffc31190000 - 0x00007ffc31301000 	C:\WINDOWS\system32\USER32.dll
0x00007ffc30e30000 - 0x00007ffc30fa6000 	C:\WINDOWS\system32\ole32.dll
0x00007ffc31640000 - 0x00007ffc32a4f000 	C:\WINDOWS\system32\SHELL32.dll
0x00007ffc2f800000 - 0x00007ffc2f81f000 	C:\WINDOWS\SYSTEM32\USERENV.dll
0x00007ffc32dc0000 - 0x00007ffc32e65000 	C:\WINDOWS\system32\ADVAPI32.dll
0x00007ffc26070000 - 0x00007ffc2608b000 	C:\WINDOWS\SYSTEM32\MPR.dll
0x00007ffc30a40000 - 0x00007ffc30b76000 	C:\WINDOWS\system32\RPCRT4.dll
0x00007ffc32e70000 - 0x00007ffc32ec7000 	C:\WINDOWS\SYSTEM32\sechost.dll
0x00007ffc30fb0000 - 0x00007ffc31187000 	C:\WINDOWS\SYSTEM32\combase.dll
0x00007ffc32ed0000 - 0x00007ffc33015000 	C:\WINDOWS\system32\GDI32.dll
0x00007ffc304f0000 - 0x00007ffc30504000 	C:\WINDOWS\SYSTEM32\profapi.dll
0x00007ffc2e820000 - 0x00007ffc2e8c1000 	C:\WINDOWS\SYSTEM32\SHCORE.dll
0x00007ffc30df0000 - 0x00007ffc30e24000 	C:\WINDOWS\system32\IMM32.DLL
0x00007ffc313c0000 - 0x00007ffc314f8000 	C:\WINDOWS\system32\MSCTF.dll
0x00007ffc2fe50000 - 0x00007ffc300aa000 	C:\WINDOWS\WinSxS\amd64_microsoft.windows.common-controls_6595b64144ccf1df_6.0.9600.16384_none_62475f7becb72503\COMCTL32.dll
0x000000006c4b0000 - 0x000000006c581000 	C:\Program Files\Java\jre7\bin\msvcr100.dll
0x000000006bb40000 - 0x000000006c309000 	C:\Program Files\Java\jre7\bin\server\jvm.dll
0x00007ffc1f5b0000 - 0x00007ffc1f5b9000 	C:\WINDOWS\SYSTEM32\WSOCK32.dll
0x00007ffc258d0000 - 0x00007ffc258ef000 	C:\WINDOWS\SYSTEM32\WINMM.dll
0x00007ffc30be0000 - 0x00007ffc30be7000 	C:\WINDOWS\system32\PSAPI.DLL
0x00007ffc32ab0000 - 0x00007ffc32b08000 	C:\WINDOWS\system32\WS2_32.dll
0x00007ffc25890000 - 0x00007ffc258ba000 	C:\WINDOWS\SYSTEM32\WINMMBASE.dll
0x00007ffc32db0000 - 0x00007ffc32db9000 	C:\WINDOWS\system32\NSI.dll
0x00007ffc306d0000 - 0x00007ffc3071a000 	C:\WINDOWS\SYSTEM32\cfgmgr32.dll
0x00007ffc2f020000 - 0x00007ffc2f046000 	C:\WINDOWS\SYSTEM32\DEVOBJ.dll
0x000000006c8e0000 - 0x000000006c8ef000 	C:\Program Files\Java\jre7\bin\verify.dll
0x000000006c6c0000 - 0x000000006c6e8000 	C:\Program Files\Java\jre7\bin\java.dll
0x000000006c6a0000 - 0x000000006c6b5000 	C:\Program Files\Java\jre7\bin\zip.dll
0x0000000065580000 - 0x0000000065610000 	C:\Users\Fathurrohman E\AppData\Local\Temp\libgdxFathurrohman E\5498721d\gdx64.dll
0x0000000180000000 - 0x0000000180050000 	C:\Users\Fathurrohman E\AppData\Local\Temp\libgdxFathurrohman E\4c88a7c1\lwjgl64.dll
0x00007ffc087f0000 - 0x00007ffc08911000 	C:\WINDOWS\SYSTEM32\OPENGL32.dll
0x00007ffc2e070000 - 0x00007ffc2e07a000 	C:\WINDOWS\SYSTEM32\VERSION.dll
0x00007ffc20010000 - 0x00007ffc2003c000 	C:\WINDOWS\SYSTEM32\GLU32.dll
0x00007ffc086f0000 - 0x00007ffc087e4000 	C:\WINDOWS\SYSTEM32\DDRAW.dll
0x00007ffc25a60000 - 0x00007ffc25a69000 	C:\WINDOWS\SYSTEM32\DCIMAN32.dll
0x000000000b980000 - 0x000000000b9e4000 	C:\Users\FATHUR~1\AppData\Local\Temp\libgdxFathurrohman E\4c88a7c1\OpenAL64.dll
0x00007ffc2efc0000 - 0x00007ffc2efca000 	C:\WINDOWS\SYSTEM32\kernel.appcore.dll
0x00007ffc303c0000 - 0x00007ffc303ca000 	C:\WINDOWS\SYSTEM32\CRYPTBASE.dll
0x00007ffc30360000 - 0x00007ffc303be000 	C:\WINDOWS\SYSTEM32\bcryptPrimitives.dll
0x00007ffc2ee80000 - 0x00007ffc2efa2000 	C:\WINDOWS\system32\uxtheme.dll
0x00007ffc31310000 - 0x00007ffc313b4000 	C:\WINDOWS\SYSTEM32\clbcatq.dll
0x00007ffc15db0000 - 0x00007ffc15e37000 	C:\WINDOWS\SYSTEM32\dsound.dll
0x00007ffc303f0000 - 0x00007ffc30435000 	C:\WINDOWS\SYSTEM32\POWRPROF.dll
0x00007ffc2c4e0000 - 0x00007ffc2c541000 	C:\WINDOWS\System32\MMDevApi.dll
0x00007ffc21f90000 - 0x00007ffc22006000 	C:\WINDOWS\SYSTEM32\AUDIOSES.DLL
0x00007ffc32b10000 - 0x00007ffc32bc7000 	C:\WINDOWS\system32\OLEAUT32.dll
0x00007ffc2e5e0000 - 0x00007ffc2e601000 	C:\WINDOWS\system32\dwmapi.dll
0x00007ffc23410000 - 0x00007ffc23428000 	C:\WINDOWS\SYSTEM32\atig6pxx.dll
0x00000000695e0000 - 0x000000006af81000 	C:\WINDOWS\SYSTEM32\atio6axx.dll
0x00007ffc32bd0000 - 0x00007ffc32da6000 	C:\WINDOWS\system32\SETUPAPI.dll
0x00007ffc2c2e0000 - 0x00007ffc2c408000 	C:\WINDOWS\SYSTEM32\atiadlxx.dll
0x00007ffc2c140000 - 0x00007ffc2c2a4000 	C:\WINDOWS\SYSTEM32\PROPSYS.dll
0x00007ffc2eda0000 - 0x00007ffc2edb1000 	C:\WINDOWS\SYSTEM32\WTSAPI32.dll
0x00007ffc2c110000 - 0x00007ffc2c139000 	C:\WINDOWS\SYSTEM32\IPHLPAPI.DLL
0x00007ffc2c790000 - 0x00007ffc2c79a000 	C:\WINDOWS\SYSTEM32\WINNSI.DLL
0x00007ffc307d0000 - 0x00007ffc3081e000 	C:\WINDOWS\system32\WINTRUST.dll
0x00007ffc30820000 - 0x00007ffc309f7000 	C:\WINDOWS\system32\CRYPT32.dll
0x00007ffc305a0000 - 0x00007ffc305b2000 	C:\WINDOWS\system32\MSASN1.dll
0x00007ffc2ddc0000 - 0x00007ffc2df04000 	C:\WINDOWS\SYSTEM32\aticfx64.dll
0x00007ffc231b0000 - 0x00007ffc231ce000 	C:\WINDOWS\SYSTEM32\atig6txx.dll
0x00007ffc20a40000 - 0x00007ffc20acd000 	C:\WINDOWS\SYSTEM32\mscms.dll
0x00007ffc124f0000 - 0x00007ffc12531000 	C:\WINDOWS\SYSTEM32\icm32.dll
0x00007ffc20850000 - 0x00007ffc209d8000 	C:\WINDOWS\SYSTEM32\dbghelp.dll

VM Arguments:
jvm_args: -Dfile.encoding=Cp1252 
java_command: com.infinithinks.pentastic.Main
Launcher Type: SUN_STANDARD

Environment Variables:
PATH=C:\WINDOWS\system32;C:\WINDOWS;C:\WINDOWS\System32\Wbem;C:\WINDOWS\System32\WindowsPowerShell\v1.0\;C:\Program Files (x86)\ATI Technologies\ATI.ACE\Core-Static;C:\Program Files (x86)\SoftKinetic\DepthSenseSDK\bin;e:\Program Files\MATLAB\R2010a\runtime\win64;e:\Program Files\MATLAB\R2010a\bin;C:\Program Files (x86)\Windows Kits\8.0\Windows Performance Toolkit\;C:\Program Files\Microsoft SQL Server\110\Tools\Binn\
USERNAME=Fathurrohman E
OS=Windows_NT
PROCESSOR_IDENTIFIER=Intel64 Family 6 Model 42 Stepping 7, GenuineIntel



---------------  S Y S T E M  ---------------

OS: Windows 8 , 64 bit Build 9200 

CPU:total 4 (2 cores per cpu, 2 threads per core) family 6 model 42 stepping 7, cmov, cx8, fxsr, mmx, sse, sse2, sse3, ssse3, sse4.1, sse4.2, popcnt, avx, ht, tsc, tscinvbit

Memory: 4k page, physical 6268032k(2374668k free), swap 12559488k(7432208k free)

vm_info: Java HotSpot(TM) 64-Bit Server VM (24.0-b56) for windows-amd64 JRE (1.7.0_40-b43), built on Aug 26 2013 22:38:32 by "java_re" with unknown MS VC++:1600

time: Fri Jan 31 21:56:44 2014
elapsed time: 19 seconds

