#
# A fatal error has been detected by the Java Runtime Environment:
#
#  EXCEPTION_ACCESS_VIOLATION (0xc0000005) at pc=0x00000000655a1b9f, pid=3092, tid=8468
#
# JRE version: Java(TM) SE Runtime Environment (7.0_40-b43) (build 1.7.0_40-b43)
# Java VM: Java HotSpot(TM) 64-Bit Server VM (24.0-b56 mixed mode windows-amd64 compressed oops)
# Problematic frame:
# C  [gdx64.dll+0x21b9f]
#
# Failed to write core dump. Minidumps are not enabled by default on client versions of Windows
#
# If you would like to submit a bug report, please visit:
#   http://bugreport.sun.com/bugreport/crash.jsp
# The crash happened outside the Java Virtual Machine in native code.
# See problematic frame for where to report the bug.
#

---------------  T H R E A D  ---------------

Current thread (0x000000000b5a9000):  JavaThread "LWJGL Application" [_thread_in_native, id=8468, stack(0x000000000c1c0000,0x000000000c2c0000)]

siginfo: ExceptionCode=0xc0000005, reading address 0x000000000c335c48

Registers:
RAX=0x000000000c3315d0, RBX=0x000000000c304830, RCX=0x000000000c335c40, RDX=0x000000000c331510
RSP=0x000000000c2bee00, RBP=0x000000000c2bef70, RSI=0x0000000000000009, RDI=0x0000000002a260f8
R8 =0x000000000c304830, R9 =0x00000000000000db, R10=0x0000000002a33064, R11=0x000000006bd1f7d0
R12=0x0000000000000000, R13=0x000000009b7a1cd8, R14=0x000000000c2befa0, R15=0x000000000b5a9000
RIP=0x00000000655a1b9f, EFLAGS=0x0000000000010202

Top of Stack: (sp=0x000000000c2bee00)
0x000000000c2bee00:   00001e9bb475428a 000000006bbbf72f
0x000000000c2bee10:   000000009b7a1c18 000000006bc4c49f
0x000000000c2bee20:   000000000c331510 0000000002969140
0x000000000c2bee30:   000000000b5a9000 000000006bbdabb0
0x000000000c2bee40:   0000000000000000 0000000002969140
0x000000000c2bee50:   0000000000000003 000000000000000e
0x000000000c2bee60:   000000000c2b0000 0000000002a3e103
0x000000000c2bee70:   00000000655d3070 00000000655d3928
0x000000000c2bee80:   000000000c2beeb0 00000000655a1c31
0x000000000c2bee90:   000000000c2bee00 000000006bbdadce
0x000000000c2beea0:   0000000009b3d900 000000009b7d4cac
0x000000000c2beeb0:   000000000c2bef70 00000000655aae75
0x000000000c2beec0:   000000000c304830 000000006bbde25e
0x000000000c2beed0:   000000000c2bf5c8 000000000c2bef69
0x000000000c2beee0:   000000009b7a1cd8 0000000002a33090
0x000000000c2beef0:   00000000000000b6 000000000b5a9000 

Instructions: (pc=0x00000000655a1b9f)
0x00000000655a1b7f:   90 48 83 7c 24 20 00 74 4b 48 8b 44 24 20 48 8b
0x00000000655a1b8f:   48 70 48 8b 50 68 48 85 c9 48 89 54 24 20 74 e1
0x00000000655a1b9f:   48 8b 41 08 48 8b 94 24 c0 00 00 00 c7 41 30 00
0x00000000655a1baf:   00 00 00 c7 44 24 48 01 00 00 00 48 89 44 24 28 


Register to memory mapping:

RAX=0x000000000c3315d0 is an unknown value
RBX=0x000000000c304830 is an unknown value
RCX=0x000000000c335c40 is an unknown value
RDX=0x000000000c331510 is an unknown value
RSP=0x000000000c2bee00 is pointing into the stack for thread: 0x000000000b5a9000
RBP=0x000000000c2bef70 is pointing into the stack for thread: 0x000000000b5a9000
RSI=0x0000000000000009 is an unknown value
RDI=0x0000000002a260f8 is at code_begin+2520 in an Interpreter codelet
return entry points  [0x0000000002a25720, 0x0000000002a27520]  7680 bytes
R8 =0x000000000c304830 is an unknown value
R9 =0x00000000000000db is an unknown value
R10=0x0000000002a33064 is at code_begin+644 in an Interpreter codelet
method entry point (kind = native)  [0x0000000002a32de0, 0x0000000002a33680]  2208 bytes
R11=0x000000006bd1f7d0 is an unknown value
R12=0x0000000000000000 is an unknown value
R13=0x000000009b7a1cd8 is an oop
{method} 
 - klass: {other class}
R14=0x000000000c2befa0 is pointing into the stack for thread: 0x000000000b5a9000
R15=0x000000000b5a9000 is a thread


Stack: [0x000000000c1c0000,0x000000000c2c0000],  sp=0x000000000c2bee00,  free space=1019k
Native frames: (J=compiled Java code, j=interpreted, Vv=VM code, C=native code)
C  [gdx64.dll+0x21b9f]
j  com.badlogic.gdx.physics.box2d.World.dispose()V+5
j  com.infinithinks.pentastic.entities.Track.dispose()V+4
j  com.infinithinks.pentastic.level.Level_1.dispose()V+11
j  com.infinithinks.pentastic.level.Level_1.hide()V+1
j  com.badlogic.gdx.Game.setScreen(Lcom/badlogic/gdx/Screen;)V+11
j  com.infinithinks.pentastic.PENtasticMain.changeScreen(I)V+29
j  com.infinithinks.pentastic.screen.HUD.render(FLcom/badlogic/gdx/graphics/g2d/SpriteBatch;Lcom/badlogic/gdx/graphics/Camera;)V+957
j  com.infinithinks.pentastic.level.Level_1.render(F)V+183
j  com.badlogic.gdx.Game.render()V+19
j  com.infinithinks.pentastic.PENtasticMain.render()V+1
j  com.badlogic.gdx.backends.lwjgl.LwjglApplication.mainLoop()V+642
j  com.badlogic.gdx.backends.lwjgl.LwjglApplication$1.run()V+27
v  ~StubRoutines::call_stub
V  [jvm.dll+0x1cb013]

Java frames: (J=compiled Java code, j=interpreted, Vv=VM code)
j  com.badlogic.gdx.physics.box2d.World.jniDispose(J)V+0
j  com.badlogic.gdx.physics.box2d.World.dispose()V+5
j  com.infinithinks.pentastic.entities.Track.dispose()V+4
j  com.infinithinks.pentastic.level.Level_1.dispose()V+11
j  com.infinithinks.pentastic.level.Level_1.hide()V+1
j  com.badlogic.gdx.Game.setScreen(Lcom/badlogic/gdx/Screen;)V+11
j  com.infinithinks.pentastic.PENtasticMain.changeScreen(I)V+29
j  com.infinithinks.pentastic.screen.HUD.render(FLcom/badlogic/gdx/graphics/g2d/SpriteBatch;Lcom/badlogic/gdx/graphics/Camera;)V+957
j  com.infinithinks.pentastic.level.Level_1.render(F)V+183
j  com.badlogic.gdx.Game.render()V+19
j  com.infinithinks.pentastic.PENtasticMain.render()V+1
j  com.badlogic.gdx.backends.lwjgl.LwjglApplication.mainLoop()V+642
j  com.badlogic.gdx.backends.lwjgl.LwjglApplication$1.run()V+27
v  ~StubRoutines::call_stub

---------------  P R O C E S S  ---------------

Java Threads: ( => current thread )
  0x000000000b70a800 JavaThread "LWJGL Timer" daemon [_thread_blocked, id=9124, stack(0x000000000fd80000,0x000000000fe80000)]
  0x0000000002920800 JavaThread "DestroyJavaVM" [_thread_blocked, id=8580, stack(0x0000000002790000,0x0000000002890000)]
=>0x000000000b5a9000 JavaThread "LWJGL Application" [_thread_in_native, id=8468, stack(0x000000000c1c0000,0x000000000c2c0000)]
  0x0000000009b49800 JavaThread "Service Thread" daemon [_thread_blocked, id=2472, stack(0x000000000b2a0000,0x000000000b3a0000)]
  0x0000000009b3a000 JavaThread "C2 CompilerThread1" daemon [_thread_blocked, id=7196, stack(0x000000000b1a0000,0x000000000b2a0000)]
  0x0000000009b33000 JavaThread "C2 CompilerThread0" daemon [_thread_blocked, id=7664, stack(0x000000000b0a0000,0x000000000b1a0000)]
  0x0000000009b31800 JavaThread "Attach Listener" daemon [_thread_blocked, id=2028, stack(0x000000000afa0000,0x000000000b0a0000)]
  0x0000000009b2e800 JavaThread "Signal Dispatcher" daemon [_thread_blocked, id=8780, stack(0x000000000aea0000,0x000000000afa0000)]
  0x0000000009afb000 JavaThread "Finalizer" daemon [_thread_blocked, id=7988, stack(0x000000000ada0000,0x000000000aea0000)]
  0x0000000009af1800 JavaThread "Reference Handler" daemon [_thread_blocked, id=5556, stack(0x000000000aca0000,0x000000000ada0000)]

Other Threads:
  0x0000000009aef000 VMThread [stack: 0x000000000aba0000,0x000000000aca0000] [id=8720]
  0x0000000009b52800 WatcherThread [stack: 0x000000000b3a0000,0x000000000b4a0000] [id=6848]

VM state:not at safepoint (normal execution)

VM Mutex/Monitor currently owned by a thread: None

Heap
 PSYoungGen      total 28672K, used 19467K [0x00000000e0100000, 0x00000000e2100000, 0x0000000100000000)
  eden space 24576K, 63% used [0x00000000e0100000,0x00000000e10323f8,0x00000000e1900000)
  from space 4096K, 95% used [0x00000000e1900000,0x00000000e1cd08d0,0x00000000e1d00000)
  to   space 4096K, 0% used [0x00000000e1d00000,0x00000000e1d00000,0x00000000e2100000)
 ParOldGen       total 175616K, used 163180K [0x00000000a0400000, 0x00000000aaf80000, 0x00000000e0100000)
  object space 175616K, 92% used [0x00000000a0400000,0x00000000aa35b260,0x00000000aaf80000)
 PSPermGen       total 21504K, used 6867K [0x000000009b200000, 0x000000009c700000, 0x00000000a0400000)
  object space 21504K, 31% used [0x000000009b200000,0x000000009b8b4cd8,0x000000009c700000)

Card table byte_map: [0x0000000005ae0000,0x0000000005e10000] byte_map_base: 0x0000000005607000

Polling page: 0x0000000002710000

Code Cache  [0x0000000002a20000, 0x0000000002c90000, 0x0000000005a20000)
 total_blobs=557 nmethods=150 adapters=360 free_code_cache=48181Kb largest_free_block=49303040

Compilation events (10 events):
Event: 8.831 Thread 0x0000000009b33000 nmethod 143 0x0000000002b066d0 code [0x0000000002b06840, 0x0000000002b06918]
Event: 8.831 Thread 0x0000000009b33000  145             java.lang.Math::round (19 bytes)
Event: 8.831 Thread 0x0000000009b3a000 nmethod 144 0x0000000002b06190 code [0x0000000002b06300, 0x0000000002b063d8]
Event: 8.832 Thread 0x0000000009b33000 nmethod 145 0x0000000002b072d0 code [0x0000000002b07440, 0x0000000002b07558]
Event: 9.130 Thread 0x0000000009b3a000  147             com.badlogic.gdx.math.Vector3::set (17 bytes)
Event: 9.131 Thread 0x0000000009b3a000 nmethod 147 0x0000000002b070d0 code [0x0000000002b07200, 0x0000000002b07258]
Event: 9.264 Thread 0x0000000009b33000  148             com.badlogic.gdx.graphics.glutils.ShaderProgram::checkManaged (25 bytes)
Event: 9.265 Thread 0x0000000009b33000 nmethod 148 0x0000000002b08c90 code [0x0000000002b08de0, 0x0000000002b08e68]
Event: 9.617 Thread 0x0000000009b3a000  149             java.nio.Buffer::limit (5 bytes)
Event: 9.618 Thread 0x0000000009b3a000 nmethod 149 0x0000000002b08a90 code [0x0000000002b08bc0, 0x0000000002b08c18]

GC Heap History (2 events):
Event: 3.164 GC heap before
{Heap before GC invocations=1 (full 0):
 PSYoungGen      total 28672K, used 22713K [0x00000000e0100000, 0x00000000e2100000, 0x0000000100000000)
  eden space 24576K, 92% used [0x00000000e0100000,0x00000000e172e420,0x00000000e1900000)
  from space 4096K, 0% used [0x00000000e1d00000,0x00000000e1d00000,0x00000000e2100000)
  to   space 4096K, 0% used [0x00000000e1900000,0x00000000e1900000,0x00000000e1d00000)
 ParOldGen       total 65024K, used 0K [0x00000000a0400000, 0x00000000a4380000, 0x00000000e0100000)
  object space 65024K, 0% used [0x00000000a0400000,0x00000000a0400000,0x00000000a4380000)
 PSPermGen       total 21504K, used 6806K [0x000000009b200000, 0x000000009c700000, 0x00000000a0400000)
  object space 21504K, 31% used [0x000000009b200000,0x000000009b8a5840,0x000000009c700000)
Event: 3.170 GC heap after
Heap after GC invocations=1 (full 0):
 PSYoungGen      total 28672K, used 3906K [0x00000000e0100000, 0x00000000e2100000, 0x0000000100000000)
  eden space 24576K, 0% used [0x00000000e0100000,0x00000000e0100000,0x00000000e1900000)
  from space 4096K, 95% used [0x00000000e1900000,0x00000000e1cd08d0,0x00000000e1d00000)
  to   space 4096K, 0% used [0x00000000e1d00000,0x00000000e1d00000,0x00000000e2100000)
 ParOldGen       total 65024K, used 4136K [0x00000000a0400000, 0x00000000a4380000, 0x00000000e0100000)
  object space 65024K, 6% used [0x00000000a0400000,0x00000000a080a020,0x00000000a4380000)
 PSPermGen       total 21504K, used 6806K [0x000000009b200000, 0x000000009c700000, 0x00000000a0400000)
  object space 21504K, 31% used [0x000000009b200000,0x000000009b8a5840,0x000000009c700000)
}

Deoptimization events (3 events):
Event: 6.684 Thread 0x000000000b5a9000 Uncommon trap: reason=class_check action=maybe_recompile pc=0x0000000002ae518c method=java.io.BufferedInputStream.read([BII)I @ 101
Event: 6.852 Thread 0x000000000b5a9000 Uncommon trap: reason=class_check action=maybe_recompile pc=0x0000000002ae518c method=java.io.BufferedInputStream.read([BII)I @ 101
Event: 6.907 Thread 0x000000000b5a9000 Uncommon trap: reason=class_check action=maybe_recompile pc=0x0000000002ae518c method=java.io.BufferedInputStream.read([BII)I @ 101

Internal exceptions (10 events):
Event: 2.316 Thread 0x000000000b5a9000 Threw 0x00000000e0f1e1d0 at C:\jdk7u2_64p\jdk7u40\hotspot\src\share\vm\prims\jvm.cpp:1244
Event: 2.317 Thread 0x000000000b5a9000 Threw 0x00000000e0f21ad8 at C:\jdk7u2_64p\jdk7u40\hotspot\src\share\vm\prims\jvm.cpp:1244
Event: 2.317 Thread 0x000000000b5a9000 Threw 0x00000000e0f251f0 at C:\jdk7u2_64p\jdk7u40\hotspot\src\share\vm\prims\jvm.cpp:1244
Event: 6.931 Thread 0x000000000b5a9000 Threw 0x00000000e0ce1940 at C:\jdk7u2_64p\jdk7u40\hotspot\src\share\vm\prims\jvm.cpp:1244
Event: 6.931 Thread 0x000000000b5a9000 Threw 0x00000000e0ce5c68 at C:\jdk7u2_64p\jdk7u40\hotspot\src\share\vm\prims\jvm.cpp:1244
Event: 6.932 Thread 0x000000000b5a9000 Threw 0x00000000e0f851f0 at C:\jdk7u2_64p\jdk7u40\hotspot\src\share\vm\prims\jvm.cpp:1244
Event: 6.933 Thread 0x000000000b5a9000 Threw 0x00000000e0f89398 at C:\jdk7u2_64p\jdk7u40\hotspot\src\share\vm\prims\jvm.cpp:1244
Event: 6.933 Thread 0x000000000b5a9000 Threw 0x00000000e0f8cf20 at C:\jdk7u2_64p\jdk7u40\hotspot\src\share\vm\prims\jvm.cpp:1244
Event: 6.934 Thread 0x000000000b5a9000 Threw 0x00000000e0f912f8 at C:\jdk7u2_64p\jdk7u40\hotspot\src\share\vm\prims\jvm.cpp:1244
Event: 6.964 Thread 0x000000000b5a9000 Threw 0x00000000e0f97030 at C:\jdk7u2_64p\jdk7u40\hotspot\src\share\vm\prims\jvm.cpp:1244

Events (10 events):
Event: 6.933 loading class 0x0000000002989c10
Event: 6.933 loading class 0x0000000002989c10 done
Event: 6.933 loading class 0x0000000009b535c0
Event: 6.933 loading class 0x0000000009b535c0 done
Event: 6.933 loading class 0x0000000009b534c0
Event: 6.933 loading class 0x0000000009b534c0 done
Event: 6.934 loading class 0x000000000b664100
Event: 6.934 loading class 0x000000000b664100 done
Event: 6.964 loading class 0x000000000b4fe300
Event: 6.964 loading class 0x000000000b4fe300 done


Dynamic libraries:
0x00007ff721ab0000 - 0x00007ff721ae3000 	C:\Program Files\Java\jre7\bin\javaw.exe
0x00007ffc33170000 - 0x00007ffc33319000 	C:\WINDOWS\SYSTEM32\ntdll.dll
0x00007ffc31500000 - 0x00007ffc31639000 	C:\WINDOWS\system32\KERNEL32.DLL
0x00007ffc305c0000 - 0x00007ffc306ce000 	C:\WINDOWS\system32\KERNELBASE.dll
0x00007ffc2edc0000 - 0x00007ffc2ee4b000 	C:\WINDOWS\system32\apphelp.dll
0x00007ffc101b0000 - 0x00007ffc101ff000 	C:\WINDOWS\AppPatch\AppPatch64\AcGenral.DLL
0x00007ffc330c0000 - 0x00007ffc33167000 	C:\WINDOWS\system32\msvcrt.dll
0x00007ffc30330000 - 0x00007ffc3035b000 	C:\WINDOWS\SYSTEM32\SspiCli.dll
0x00007ffc32a50000 - 0x00007ffc32aa1000 	C:\WINDOWS\system32\SHLWAPI.dll
0x00007ffc31190000 - 0x00007ffc31301000 	C:\WINDOWS\system32\USER32.dll
0x00007ffc30e30000 - 0x00007ffc30fa6000 	C:\WINDOWS\system32\ole32.dll
0x00007ffc31640000 - 0x00007ffc32a4f000 	C:\WINDOWS\system32\SHELL32.dll
0x00007ffc2f800000 - 0x00007ffc2f81f000 	C:\WINDOWS\SYSTEM32\USERENV.dll
0x00007ffc32dc0000 - 0x00007ffc32e65000 	C:\WINDOWS\system32\ADVAPI32.dll
0x00007ffc26070000 - 0x00007ffc2608b000 	C:\WINDOWS\SYSTEM32\MPR.dll
0x00007ffc30a40000 - 0x00007ffc30b76000 	C:\WINDOWS\system32\RPCRT4.dll
0x00007ffc32e70000 - 0x00007ffc32ec7000 	C:\WINDOWS\SYSTEM32\sechost.dll
0x00007ffc30fb0000 - 0x00007ffc31187000 	C:\WINDOWS\SYSTEM32\combase.dll
0x00007ffc32ed0000 - 0x00007ffc33015000 	C:\WINDOWS\system32\GDI32.dll
0x00007ffc304f0000 - 0x00007ffc30504000 	C:\WINDOWS\SYSTEM32\profapi.dll
0x00007ffc2e820000 - 0x00007ffc2e8c1000 	C:\WINDOWS\SYSTEM32\SHCORE.dll
0x00007ffc30df0000 - 0x00007ffc30e24000 	C:\WINDOWS\system32\IMM32.DLL
0x00007ffc313c0000 - 0x00007ffc314f8000 	C:\WINDOWS\system32\MSCTF.dll
0x00007ffc2fe50000 - 0x00007ffc300aa000 	C:\WINDOWS\WinSxS\amd64_microsoft.windows.common-controls_6595b64144ccf1df_6.0.9600.16384_none_62475f7becb72503\COMCTL32.dll
0x000000006c4b0000 - 0x000000006c581000 	C:\Program Files\Java\jre7\bin\msvcr100.dll
0x000000006bb40000 - 0x000000006c309000 	C:\Program Files\Java\jre7\bin\server\jvm.dll
0x00007ffc1f5b0000 - 0x00007ffc1f5b9000 	C:\WINDOWS\SYSTEM32\WSOCK32.dll
0x00007ffc258d0000 - 0x00007ffc258ef000 	C:\WINDOWS\SYSTEM32\WINMM.dll
0x00007ffc30be0000 - 0x00007ffc30be7000 	C:\WINDOWS\system32\PSAPI.DLL
0x00007ffc32ab0000 - 0x00007ffc32b08000 	C:\WINDOWS\system32\WS2_32.dll
0x00007ffc25890000 - 0x00007ffc258ba000 	C:\WINDOWS\SYSTEM32\WINMMBASE.dll
0x00007ffc32db0000 - 0x00007ffc32db9000 	C:\WINDOWS\system32\NSI.dll
0x00007ffc306d0000 - 0x00007ffc3071a000 	C:\WINDOWS\SYSTEM32\cfgmgr32.dll
0x00007ffc2f020000 - 0x00007ffc2f046000 	C:\WINDOWS\SYSTEM32\DEVOBJ.dll
0x000000006c8e0000 - 0x000000006c8ef000 	C:\Program Files\Java\jre7\bin\verify.dll
0x000000006c6c0000 - 0x000000006c6e8000 	C:\Program Files\Java\jre7\bin\java.dll
0x000000006c6a0000 - 0x000000006c6b5000 	C:\Program Files\Java\jre7\bin\zip.dll
0x0000000065580000 - 0x0000000065610000 	C:\Users\Fathurrohman E\AppData\Local\Temp\libgdxFathurrohman E\5498721d\gdx64.dll
0x0000000180000000 - 0x0000000180050000 	C:\Users\Fathurrohman E\AppData\Local\Temp\libgdxFathurrohman E\4c88a7c1\lwjgl64.dll
0x00007ffc087f0000 - 0x00007ffc08911000 	C:\WINDOWS\SYSTEM32\OPENGL32.dll
0x00007ffc2e070000 - 0x00007ffc2e07a000 	C:\WINDOWS\SYSTEM32\VERSION.dll
0x00007ffc23af0000 - 0x00007ffc23b1c000 	C:\WINDOWS\SYSTEM32\GLU32.dll
0x00007ffc086f0000 - 0x00007ffc087e4000 	C:\WINDOWS\SYSTEM32\DDRAW.dll
0x00007ffc25a60000 - 0x00007ffc25a69000 	C:\WINDOWS\SYSTEM32\DCIMAN32.dll
0x000000000b920000 - 0x000000000b984000 	C:\Users\FATHUR~1\AppData\Local\Temp\libgdxFathurrohman E\4c88a7c1\OpenAL64.dll
0x00007ffc2efc0000 - 0x00007ffc2efca000 	C:\WINDOWS\SYSTEM32\kernel.appcore.dll
0x00007ffc303c0000 - 0x00007ffc303ca000 	C:\WINDOWS\SYSTEM32\CRYPTBASE.dll
0x00007ffc30360000 - 0x00007ffc303be000 	C:\WINDOWS\SYSTEM32\bcryptPrimitives.dll
0x00007ffc2ee80000 - 0x00007ffc2efa2000 	C:\WINDOWS\system32\uxtheme.dll
0x00007ffc31310000 - 0x00007ffc313b4000 	C:\WINDOWS\SYSTEM32\clbcatq.dll
0x00007ffc15db0000 - 0x00007ffc15e37000 	C:\WINDOWS\SYSTEM32\dsound.dll
0x00007ffc303f0000 - 0x00007ffc30435000 	C:\WINDOWS\SYSTEM32\POWRPROF.dll
0x00007ffc2c4e0000 - 0x00007ffc2c541000 	C:\WINDOWS\System32\MMDevApi.dll
0x00007ffc21f90000 - 0x00007ffc22006000 	C:\WINDOWS\SYSTEM32\AUDIOSES.DLL
0x00007ffc32b10000 - 0x00007ffc32bc7000 	C:\WINDOWS\system32\OLEAUT32.dll
0x00007ffc2e5e0000 - 0x00007ffc2e601000 	C:\WINDOWS\system32\dwmapi.dll
0x00007ffc25100000 - 0x00007ffc25118000 	C:\WINDOWS\SYSTEM32\atig6pxx.dll
0x00000000695e0000 - 0x000000006af81000 	C:\WINDOWS\SYSTEM32\atio6axx.dll
0x00007ffc32bd0000 - 0x00007ffc32da6000 	C:\WINDOWS\system32\SETUPAPI.dll
0x00007ffc2c2e0000 - 0x00007ffc2c408000 	C:\WINDOWS\SYSTEM32\atiadlxx.dll
0x00007ffc2c140000 - 0x00007ffc2c2a4000 	C:\WINDOWS\SYSTEM32\PROPSYS.dll
0x00007ffc2eda0000 - 0x00007ffc2edb1000 	C:\WINDOWS\SYSTEM32\WTSAPI32.dll
0x00007ffc2c110000 - 0x00007ffc2c139000 	C:\WINDOWS\SYSTEM32\IPHLPAPI.DLL
0x00007ffc2c790000 - 0x00007ffc2c79a000 	C:\WINDOWS\SYSTEM32\WINNSI.DLL
0x00007ffc307d0000 - 0x00007ffc3081e000 	C:\WINDOWS\system32\WINTRUST.dll
0x00007ffc30820000 - 0x00007ffc309f7000 	C:\WINDOWS\system32\CRYPT32.dll
0x00007ffc305a0000 - 0x00007ffc305b2000 	C:\WINDOWS\system32\MSASN1.dll
0x00007ffc2ddc0000 - 0x00007ffc2df04000 	C:\WINDOWS\SYSTEM32\aticfx64.dll
0x00007ffc23410000 - 0x00007ffc2342e000 	C:\WINDOWS\SYSTEM32\atig6txx.dll
0x00007ffc20a40000 - 0x00007ffc20acd000 	C:\WINDOWS\SYSTEM32\mscms.dll
0x00007ffc15bc0000 - 0x00007ffc15c01000 	C:\WINDOWS\SYSTEM32\icm32.dll
0x00007ffc20850000 - 0x00007ffc209d8000 	C:\WINDOWS\SYSTEM32\dbghelp.dll

VM Arguments:
jvm_args: -Dfile.encoding=Cp1252 
java_command: com.infinithinks.pentastic.Main
Launcher Type: SUN_STANDARD

Environment Variables:
PATH=C:\WINDOWS\system32;C:\WINDOWS;C:\WINDOWS\System32\Wbem;C:\WINDOWS\System32\WindowsPowerShell\v1.0\;C:\Program Files (x86)\ATI Technologies\ATI.ACE\Core-Static;C:\Program Files (x86)\SoftKinetic\DepthSenseSDK\bin;e:\Program Files\MATLAB\R2010a\runtime\win64;e:\Program Files\MATLAB\R2010a\bin;C:\Program Files (x86)\Windows Kits\8.0\Windows Performance Toolkit\;C:\Program Files\Microsoft SQL Server\110\Tools\Binn\
USERNAME=Fathurrohman E
OS=Windows_NT
PROCESSOR_IDENTIFIER=Intel64 Family 6 Model 42 Stepping 7, GenuineIntel



---------------  S Y S T E M  ---------------

OS: Windows 8 , 64 bit Build 9200 

CPU:total 4 (2 cores per cpu, 2 threads per core) family 6 model 42 stepping 7, cmov, cx8, fxsr, mmx, sse, sse2, sse3, ssse3, sse4.1, sse4.2, popcnt, avx, ht, tsc, tscinvbit

Memory: 4k page, physical 6268032k(2222152k free), swap 12559488k(7327284k free)

vm_info: Java HotSpot(TM) 64-Bit Server VM (24.0-b56) for windows-amd64 JRE (1.7.0_40-b43), built on Aug 26 2013 22:38:32 by "java_re" with unknown MS VC++:1600

time: Fri Jan 31 22:10:48 2014
elapsed time: 9 seconds

