#
# A fatal error has been detected by the Java Runtime Environment:
#
#  EXCEPTION_ACCESS_VIOLATION (0xc0000005) at pc=0x00000000655a1b9f, pid=8104, tid=9800
#
# JRE version: Java(TM) SE Runtime Environment (7.0_40-b43) (build 1.7.0_40-b43)
# Java VM: Java HotSpot(TM) 64-Bit Server VM (24.0-b56 mixed mode windows-amd64 compressed oops)
# Problematic frame:
# C  [gdx64.dll+0x21b9f]
#
# Failed to write core dump. Minidumps are not enabled by default on client versions of Windows
#
# If you would like to submit a bug report, please visit:
#   http://bugreport.sun.com/bugreport/crash.jsp
# The crash happened outside the Java Virtual Machine in native code.
# See problematic frame for where to report the bug.
#

---------------  T H R E A D  ---------------

Current thread (0x000000000b474800):  JavaThread "LWJGL Application" [_thread_in_native, id=9800, stack(0x000000000c230000,0x000000000c330000)]

siginfo: ExceptionCode=0xc0000005, reading address 0x000000000c3a88f8

Registers:
RAX=0x000000000c3a4400, RBX=0x000000000c377720, RCX=0x000000000c3a88f0, RDX=0x000000000c3a4340
RSP=0x000000000c32f190, RBP=0x000000000c32f300, RSI=0x0000000000000001, RDI=0x0000000000000002
R8 =0x000000000c377720, R9 =0x00000000000000db, R10=0x0000000002973064, R11=0x000000005ec2f7d0
R12=0x0000000000000000, R13=0x000000009b7a5068, R14=0x000000000c32f330, R15=0x000000000b474800
RIP=0x00000000655a1b9f, EFLAGS=0x0000000000010206

Top of Stack: (sp=0x000000000c32f190)
0x000000000c32f190:   00001cffc953ffec 000000005eacf72f
0x000000000c32f1a0:   000000009b7a4fa8 000000005eb5c49f
0x000000000c32f1b0:   000000000c3a4340 00000000028a9140
0x000000000c32f1c0:   000000000b474800 000000005eaeabb0
0x000000000c32f1d0:   0000000000000000 00000000028a9140
0x000000000c32f1e0:   0000000000000003 000000000000000e
0x000000000c32f1f0:   000000000c320000 000000000297e103
0x000000000c32f200:   00000000655d3070 00000000655d3928
0x000000000c32f210:   000000000c32f240 00000000655a1c31
0x000000000c32f220:   000000000c32f190 000000005eaeadce
0x000000000c32f230:   00000000099eb400 000000009b7d7edc
0x000000000c32f240:   000000000c32f300 00000000655aae75
0x000000000c32f250:   000000000c377720 000000005eaee25e
0x000000000c32f260:   000000000c32f7d8 000000000c32f2f9
0x000000000c32f270:   000000009b7a5068 0000000002973090
0x000000000c32f280:   00000000000000b6 000000000b474800 

Instructions: (pc=0x00000000655a1b9f)
0x00000000655a1b7f:   90 48 83 7c 24 20 00 74 4b 48 8b 44 24 20 48 8b
0x00000000655a1b8f:   48 70 48 8b 50 68 48 85 c9 48 89 54 24 20 74 e1
0x00000000655a1b9f:   48 8b 41 08 48 8b 94 24 c0 00 00 00 c7 41 30 00
0x00000000655a1baf:   00 00 00 c7 44 24 48 01 00 00 00 48 89 44 24 28 


Register to memory mapping:

RAX=0x000000000c3a4400 is an unknown value
RBX=0x000000000c377720 is an unknown value
RCX=0x000000000c3a88f0 is an unknown value
RDX=0x000000000c3a4340 is an unknown value
RSP=0x000000000c32f190 is pointing into the stack for thread: 0x000000000b474800
RBP=0x000000000c32f300 is pointing into the stack for thread: 0x000000000b474800
RSI=0x0000000000000001 is an unknown value
RDI=0x0000000000000002 is an unknown value
R8 =0x000000000c377720 is an unknown value
R9 =0x00000000000000db is an unknown value
R10=0x0000000002973064 is at code_begin+644 in an Interpreter codelet
method entry point (kind = native)  [0x0000000002972de0, 0x0000000002973680]  2208 bytes
R11=0x000000005ec2f7d0 is an unknown value
R12=0x0000000000000000 is an unknown value
R13=0x000000009b7a5068 is an oop
{method} 
 - klass: {other class}
R14=0x000000000c32f330 is pointing into the stack for thread: 0x000000000b474800
R15=0x000000000b474800 is a thread


Stack: [0x000000000c230000,0x000000000c330000],  sp=0x000000000c32f190,  free space=1020k
Native frames: (J=compiled Java code, j=interpreted, Vv=VM code, C=native code)
C  [gdx64.dll+0x21b9f]
j  com.badlogic.gdx.physics.box2d.World.dispose()V+5
j  com.infinithinks.pentastic.entities.Track.dispose()V+4
j  com.infinithinks.pentastic.level.Level_1.dispose()V+18
j  com.infinithinks.pentastic.level.Level_1.hide()V+1
j  com.badlogic.gdx.Game.dispose()V+11
j  com.infinithinks.pentastic.PENtasticMain.dispose()V+1
j  com.badlogic.gdx.backends.lwjgl.LwjglApplication.mainLoop()V+780
j  com.badlogic.gdx.backends.lwjgl.LwjglApplication$1.run()V+27
v  ~StubRoutines::call_stub
V  [jvm.dll+0x1cb013]

Java frames: (J=compiled Java code, j=interpreted, Vv=VM code)
j  com.badlogic.gdx.physics.box2d.World.jniDispose(J)V+0
j  com.badlogic.gdx.physics.box2d.World.dispose()V+5
j  com.infinithinks.pentastic.entities.Track.dispose()V+4
j  com.infinithinks.pentastic.level.Level_1.dispose()V+18
j  com.infinithinks.pentastic.level.Level_1.hide()V+1
j  com.badlogic.gdx.Game.dispose()V+11
j  com.infinithinks.pentastic.PENtasticMain.dispose()V+1
j  com.badlogic.gdx.backends.lwjgl.LwjglApplication.mainLoop()V+780
j  com.badlogic.gdx.backends.lwjgl.LwjglApplication$1.run()V+27
v  ~StubRoutines::call_stub

---------------  P R O C E S S  ---------------

Java Threads: ( => current thread )
  0x000000000b5f7800 JavaThread "LWJGL Timer" daemon [_thread_blocked, id=9604, stack(0x0000000011710000,0x0000000011810000)]
  0x0000000002860800 JavaThread "DestroyJavaVM" [_thread_blocked, id=1532, stack(0x0000000002690000,0x0000000002790000)]
=>0x000000000b474800 JavaThread "LWJGL Application" [_thread_in_native, id=9800, stack(0x000000000c230000,0x000000000c330000)]
  0x00000000099f9000 JavaThread "Service Thread" daemon [_thread_blocked, id=1584, stack(0x000000000b160000,0x000000000b260000)]
  0x00000000099e9800 JavaThread "C2 CompilerThread1" daemon [_thread_blocked, id=9464, stack(0x000000000b060000,0x000000000b160000)]
  0x00000000099e4800 JavaThread "C2 CompilerThread0" daemon [_thread_blocked, id=9020, stack(0x000000000af60000,0x000000000b060000)]
  0x00000000099e3800 JavaThread "Attach Listener" daemon [_thread_blocked, id=700, stack(0x000000000ae60000,0x000000000af60000)]
  0x00000000099e0800 JavaThread "Signal Dispatcher" daemon [_thread_blocked, id=9232, stack(0x000000000ad60000,0x000000000ae60000)]
  0x00000000099ac800 JavaThread "Finalizer" daemon [_thread_blocked, id=9628, stack(0x000000000ac60000,0x000000000ad60000)]
  0x00000000099a3800 JavaThread "Reference Handler" daemon [_thread_blocked, id=8264, stack(0x000000000ab60000,0x000000000ac60000)]

Other Threads:
  0x000000000999f000 VMThread [stack: 0x000000000aa60000,0x000000000ab60000] [id=4432]
  0x0000000009a02000 WatcherThread [stack: 0x000000000b260000,0x000000000b360000] [id=2316]

VM state:not at safepoint (normal execution)

VM Mutex/Monitor currently owned by a thread: None

Heap
 PSYoungGen      total 28672K, used 14613K [0x00000000e0100000, 0x00000000e2100000, 0x0000000100000000)
  eden space 24576K, 59% used [0x00000000e0100000,0x00000000e0f456c8,0x00000000e1900000)
  from space 4096K, 0% used [0x00000000e1d00000,0x00000000e1d00000,0x00000000e2100000)
  to   space 4096K, 0% used [0x00000000e1900000,0x00000000e1900000,0x00000000e1d00000)
 ParOldGen       total 65024K, used 0K [0x00000000a0400000, 0x00000000a4380000, 0x00000000e0100000)
  object space 65024K, 0% used [0x00000000a0400000,0x00000000a0400000,0x00000000a4380000)
 PSPermGen       total 21504K, used 6484K [0x000000009b200000, 0x000000009c700000, 0x00000000a0400000)
  object space 21504K, 30% used [0x000000009b200000,0x000000009b855070,0x000000009c700000)

Card table byte_map: [0x0000000005960000,0x0000000005c90000] byte_map_base: 0x0000000005487000

Polling page: 0x0000000000f10000

Code Cache  [0x0000000002960000, 0x0000000002bd0000, 0x0000000005960000)
 total_blobs=531 nmethods=127 adapters=357 free_code_cache=48492Kb largest_free_block=49634048

Compilation events (10 events):
Event: 33.736 Thread 0x00000000099e9800 nmethod 122 0x0000000002a021d0 code [0x0000000002a02340, 0x0000000002a02498]
Event: 33.736 Thread 0x00000000099e9800  123             com.badlogic.gdx.backends.lwjgl.LwjglGL20::glDisableVertexAttribArray (5 bytes)
Event: 33.739 Thread 0x00000000099e9800 nmethod 123 0x0000000002a01dd0 code [0x0000000002a01f20, 0x0000000002a02008]
Event: 33.739 Thread 0x00000000099e9800  124             org.lwjgl.opengl.GL20::glDisableVertexAttribArray (19 bytes)
Event: 33.740 Thread 0x00000000099e4800 nmethod 121 0x0000000002a08090 code [0x0000000002a08220, 0x0000000002a08530]
Event: 33.742 Thread 0x00000000099e9800 nmethod 124 0x0000000002a08a10 code [0x0000000002a08b60, 0x0000000002a08c48]
Event: 34.033 Thread 0x00000000099e4800  126             com.badlogic.gdx.utils.Array::add (48 bytes)
Event: 34.038 Thread 0x00000000099e4800 nmethod 126 0x0000000002a03790 code [0x0000000002a03900, 0x0000000002a03a48]
Event: 34.648 Thread 0x00000000099e9800  127             java.nio.Buffer::capacity (5 bytes)
Event: 34.649 Thread 0x00000000099e9800 nmethod 127 0x0000000002a03590 code [0x0000000002a036c0, 0x0000000002a03718]

GC Heap History (0 events):
No events

Deoptimization events (0 events):
No events

Internal exceptions (10 events):
Event: 10.530 Thread 0x000000000b474800 Threw 0x00000000e0d938f8 at C:\jdk7u2_64p\jdk7u40\hotspot\src\share\vm\prims\jvm.cpp:1244
Event: 10.530 Thread 0x000000000b474800 Threw 0x00000000e0d98330 at C:\jdk7u2_64p\jdk7u40\hotspot\src\share\vm\prims\jvm.cpp:1244
Event: 10.547 Thread 0x000000000b474800 Threw 0x00000000e0d9a1d8 at C:\jdk7u2_64p\jdk7u40\hotspot\src\share\vm\prims\jvm.cpp:1244
Event: 10.547 Thread 0x000000000b474800 Threw 0x00000000e0d9e500 at C:\jdk7u2_64p\jdk7u40\hotspot\src\share\vm\prims\jvm.cpp:1244
Event: 10.548 Thread 0x000000000b474800 Threw 0x00000000e0da2550 at C:\jdk7u2_64p\jdk7u40\hotspot\src\share\vm\prims\jvm.cpp:1244
Event: 10.549 Thread 0x000000000b474800 Threw 0x00000000e0da66f8 at C:\jdk7u2_64p\jdk7u40\hotspot\src\share\vm\prims\jvm.cpp:1244
Event: 10.549 Thread 0x000000000b474800 Threw 0x00000000e0daa620 at C:\jdk7u2_64p\jdk7u40\hotspot\src\share\vm\prims\jvm.cpp:1244
Event: 10.550 Thread 0x000000000b474800 Threw 0x00000000e0dae9f8 at C:\jdk7u2_64p\jdk7u40\hotspot\src\share\vm\prims\jvm.cpp:1244
Event: 22.417 Thread 0x000000000b474800 Threw 0x00000000e0de9458 at C:\jdk7u2_64p\jdk7u40\hotspot\src\share\vm\prims\jvm.cpp:1244
Event: 34.898 Thread 0x000000000b474800 Threw 0x00000000e0e232d0 at C:\jdk7u2_64p\jdk7u40\hotspot\src\share\vm\prims\jvm.cpp:1244

Events (10 events):
Event: 10.548 loading class 0x0000000009a03150
Event: 10.548 loading class 0x0000000009a03150 done
Event: 10.549 loading class 0x0000000009a03210
Event: 10.549 loading class 0x0000000009a03210 done
Event: 10.550 loading class 0x000000000b537bd0
Event: 10.550 loading class 0x000000000b537bd0 done
Event: 22.417 loading class 0x000000000b5fe2f0
Event: 22.417 loading class 0x000000000b5fe2f0 done
Event: 34.898 loading class 0x0000000009a2be90
Event: 34.898 loading class 0x0000000009a2be90 done


Dynamic libraries:
0x00007ff701950000 - 0x00007ff701983000 	C:\Program Files\Java\jre7\bin\javaw.exe
0x00007ff8e6620000 - 0x00007ff8e67c9000 	C:\WINDOWS\SYSTEM32\ntdll.dll
0x00007ff8e4600000 - 0x00007ff8e4739000 	C:\WINDOWS\system32\KERNEL32.DLL
0x00007ff8e3da0000 - 0x00007ff8e3eae000 	C:\WINDOWS\system32\KERNELBASE.dll
0x00007ff8e25d0000 - 0x00007ff8e265b000 	C:\WINDOWS\system32\apphelp.dll
0x00007ff8d6d50000 - 0x00007ff8d6d9f000 	C:\WINDOWS\AppPatch\AppPatch64\AcGenral.DLL
0x00007ff8e4c20000 - 0x00007ff8e4cc7000 	C:\WINDOWS\system32\msvcrt.dll
0x00007ff8e37e0000 - 0x00007ff8e380b000 	C:\WINDOWS\SYSTEM32\SspiCli.dll
0x00007ff8e63d0000 - 0x00007ff8e6421000 	C:\WINDOWS\system32\SHLWAPI.dll
0x00007ff8e4d70000 - 0x00007ff8e4ee1000 	C:\WINDOWS\system32\USER32.dll
0x00007ff8e4aa0000 - 0x00007ff8e4c16000 	C:\WINDOWS\system32\ole32.dll
0x00007ff8e4f00000 - 0x00007ff8e630f000 	C:\WINDOWS\system32\SHELL32.dll
0x00007ff8e2fb0000 - 0x00007ff8e2fcf000 	C:\WINDOWS\SYSTEM32\USERENV.dll
0x00007ff8e6310000 - 0x00007ff8e63b5000 	C:\WINDOWS\system32\ADVAPI32.dll
0x00007ff8da3e0000 - 0x00007ff8da3fb000 	C:\WINDOWS\SYSTEM32\MPR.dll
0x00007ff8e4740000 - 0x00007ff8e4876000 	C:\WINDOWS\system32\RPCRT4.dll
0x00007ff8e4d10000 - 0x00007ff8e4d67000 	C:\WINDOWS\SYSTEM32\sechost.dll
0x00007ff8e6430000 - 0x00007ff8e6607000 	C:\WINDOWS\SYSTEM32\combase.dll
0x00007ff8e4110000 - 0x00007ff8e4255000 	C:\WINDOWS\system32\GDI32.dll
0x00007ff8e39a0000 - 0x00007ff8e39b4000 	C:\WINDOWS\SYSTEM32\profapi.dll
0x00007ff8e2030000 - 0x00007ff8e20d1000 	C:\WINDOWS\SYSTEM32\SHCORE.dll
0x00007ff8e4cd0000 - 0x00007ff8e4d04000 	C:\WINDOWS\system32\IMM32.DLL
0x00007ff8e3f20000 - 0x00007ff8e4058000 	C:\WINDOWS\system32\MSCTF.dll
0x00007ff8e0e50000 - 0x00007ff8e10aa000 	C:\WINDOWS\WinSxS\amd64_microsoft.windows.common-controls_6595b64144ccf1df_6.0.9600.16384_none_62475f7becb72503\COMCTL32.dll
0x000000005f220000 - 0x000000005f2f1000 	C:\Program Files\Java\jre7\bin\msvcr100.dll
0x000000005ea50000 - 0x000000005f219000 	C:\Program Files\Java\jre7\bin\server\jvm.dll
0x00007ff8e0500000 - 0x00007ff8e0509000 	C:\WINDOWS\SYSTEM32\WSOCK32.dll
0x00007ff8d91f0000 - 0x00007ff8d920f000 	C:\WINDOWS\SYSTEM32\WINMM.dll
0x00007ff8e3f10000 - 0x00007ff8e3f17000 	C:\WINDOWS\system32\PSAPI.DLL
0x00007ff8e49a0000 - 0x00007ff8e49f8000 	C:\WINDOWS\system32\WS2_32.dll
0x00007ff8d7680000 - 0x00007ff8d76aa000 	C:\WINDOWS\SYSTEM32\WINMMBASE.dll
0x00007ff8e63c0000 - 0x00007ff8e63c9000 	C:\WINDOWS\system32\NSI.dll
0x00007ff8e3d50000 - 0x00007ff8e3d9a000 	C:\WINDOWS\SYSTEM32\cfgmgr32.dll
0x00007ff8e2830000 - 0x00007ff8e2856000 	C:\WINDOWS\SYSTEM32\DEVOBJ.dll
0x0000000060240000 - 0x000000006024f000 	C:\Program Files\Java\jre7\bin\verify.dll
0x000000005f4f0000 - 0x000000005f518000 	C:\Program Files\Java\jre7\bin\java.dll
0x000000005ea30000 - 0x000000005ea45000 	C:\Program Files\Java\jre7\bin\zip.dll
0x0000000065580000 - 0x0000000065610000 	C:\Users\Fathurrohman E\AppData\Local\Temp\libgdxFathurrohman E\5498721d\gdx64.dll
0x0000000180000000 - 0x0000000180050000 	C:\Users\Fathurrohman E\AppData\Local\Temp\libgdxFathurrohman E\4c88a7c1\lwjgl64.dll
0x00007ff8d3700000 - 0x00007ff8d3821000 	C:\WINDOWS\SYSTEM32\OPENGL32.dll
0x00007ff8e1120000 - 0x00007ff8e112a000 	C:\WINDOWS\SYSTEM32\VERSION.dll
0x00007ff8d8e80000 - 0x00007ff8d8eac000 	C:\WINDOWS\SYSTEM32\GLU32.dll
0x00007ff8c7140000 - 0x00007ff8c7234000 	C:\WINDOWS\SYSTEM32\DDRAW.dll
0x00007ff8e0550000 - 0x00007ff8e0559000 	C:\WINDOWS\SYSTEM32\DCIMAN32.dll
0x000000000b880000 - 0x000000000b8e4000 	C:\Users\FATHUR~1\AppData\Local\Temp\libgdxFathurrohman E\4c88a7c1\OpenAL64.dll
0x00007ff8e26a0000 - 0x00007ff8e26aa000 	C:\WINDOWS\SYSTEM32\kernel.appcore.dll
0x00007ff8e3870000 - 0x00007ff8e387a000 	C:\WINDOWS\SYSTEM32\CRYPTBASE.dll
0x00007ff8e3810000 - 0x00007ff8e386e000 	C:\WINDOWS\SYSTEM32\bcryptPrimitives.dll
0x00007ff8e26b0000 - 0x00007ff8e27d2000 	C:\WINDOWS\system32\uxtheme.dll
0x00007ff8e4060000 - 0x00007ff8e4104000 	C:\WINDOWS\SYSTEM32\clbcatq.dll
0x00007ff8c70b0000 - 0x00007ff8c7137000 	C:\WINDOWS\SYSTEM32\dsound.dll
0x00007ff8e3940000 - 0x00007ff8e3985000 	C:\WINDOWS\SYSTEM32\POWRPROF.dll
0x00007ff8e00d0000 - 0x00007ff8e0131000 	C:\WINDOWS\System32\MMDevApi.dll
0x00007ff8d6c60000 - 0x00007ff8d6cd6000 	C:\WINDOWS\SYSTEM32\AUDIOSES.DLL
0x00007ff8e48e0000 - 0x00007ff8e4997000 	C:\WINDOWS\system32\OLEAUT32.dll
0x00007ff8e1df0000 - 0x00007ff8e1e11000 	C:\WINDOWS\system32\dwmapi.dll
0x00007ff8ded40000 - 0x00007ff8ded58000 	C:\WINDOWS\SYSTEM32\atig6pxx.dll
0x000000005d040000 - 0x000000005e9e1000 	C:\WINDOWS\SYSTEM32\atio6axx.dll
0x00007ff8e4400000 - 0x00007ff8e45d6000 	C:\WINDOWS\system32\SETUPAPI.dll
0x00007ff8de2f0000 - 0x00007ff8de418000 	C:\WINDOWS\SYSTEM32\atiadlxx.dll
0x00007ff8dfdd0000 - 0x00007ff8dff34000 	C:\WINDOWS\SYSTEM32\PROPSYS.dll
0x00007ff8e25b0000 - 0x00007ff8e25c1000 	C:\WINDOWS\SYSTEM32\WTSAPI32.dll
0x00007ff8dfda0000 - 0x00007ff8dfdc9000 	C:\WINDOWS\SYSTEM32\IPHLPAPI.DLL
0x00007ff8dfd30000 - 0x00007ff8dfd3a000 	C:\WINDOWS\SYSTEM32\WINNSI.DLL
0x00007ff8e3c50000 - 0x00007ff8e3c9e000 	C:\WINDOWS\system32\WINTRUST.dll
0x00007ff8e3a70000 - 0x00007ff8e3c47000 	C:\WINDOWS\system32\CRYPT32.dll
0x00007ff8e3a50000 - 0x00007ff8e3a62000 	C:\WINDOWS\system32\MSASN1.dll
0x00007ff8de960000 - 0x00007ff8deaa4000 	C:\WINDOWS\SYSTEM32\aticfx64.dll
0x00007ff8da320000 - 0x00007ff8da33e000 	C:\WINDOWS\SYSTEM32\atig6txx.dll
0x00007ff8c5b70000 - 0x00007ff8c5bfd000 	C:\WINDOWS\SYSTEM32\mscms.dll
0x00007ff8d5360000 - 0x00007ff8d53a1000 	C:\WINDOWS\SYSTEM32\icm32.dll
0x00007ff8c48c0000 - 0x00007ff8c4a48000 	C:\WINDOWS\SYSTEM32\dbghelp.dll

VM Arguments:
jvm_args: -Dfile.encoding=Cp1252 
java_command: com.infinithinks.pentastic.Main
Launcher Type: SUN_STANDARD

Environment Variables:
PATH=C:\WINDOWS\system32;C:\WINDOWS;C:\WINDOWS\System32\Wbem;C:\WINDOWS\System32\WindowsPowerShell\v1.0\;C:\Program Files (x86)\ATI Technologies\ATI.ACE\Core-Static;C:\Program Files (x86)\SoftKinetic\DepthSenseSDK\bin;e:\Program Files\MATLAB\R2010a\runtime\win64;e:\Program Files\MATLAB\R2010a\bin;C:\Program Files (x86)\Windows Kits\8.0\Windows Performance Toolkit\;C:\Program Files\Microsoft SQL Server\110\Tools\Binn\
USERNAME=Fathurrohman E
OS=Windows_NT
PROCESSOR_IDENTIFIER=Intel64 Family 6 Model 42 Stepping 7, GenuineIntel



---------------  S Y S T E M  ---------------

OS: Windows 8 , 64 bit Build 9200 

CPU:total 4 (2 cores per cpu, 2 threads per core) family 6 model 42 stepping 7, cmov, cx8, fxsr, mmx, sse, sse2, sse3, ssse3, sse4.1, sse4.2, popcnt, avx, ht, tsc, tscinvbit

Memory: 4k page, physical 6268032k(2219820k free), swap 7316608k(1854268k free)

vm_info: Java HotSpot(TM) 64-Bit Server VM (24.0-b56) for windows-amd64 JRE (1.7.0_40-b43), built on Aug 26 2013 22:38:32 by "java_re" with unknown MS VC++:1600

time: Wed Jan 29 07:12:45 2014
elapsed time: 34 seconds

