#
# A fatal error has been detected by the Java Runtime Environment:
#
#  EXCEPTION_ACCESS_VIOLATION (0xc0000005) at pc=0x00000000655a1b9f, pid=6440, tid=4984
#
# JRE version: Java(TM) SE Runtime Environment (7.0_40-b43) (build 1.7.0_40-b43)
# Java VM: Java HotSpot(TM) 64-Bit Server VM (24.0-b56 mixed mode windows-amd64 compressed oops)
# Problematic frame:
# C  [gdx64.dll+0x21b9f]
#
# Failed to write core dump. Minidumps are not enabled by default on client versions of Windows
#
# If you would like to submit a bug report, please visit:
#   http://bugreport.sun.com/bugreport/crash.jsp
# The crash happened outside the Java Virtual Machine in native code.
# See problematic frame for where to report the bug.
#

---------------  T H R E A D  ---------------

Current thread (0x000000000adc5000):  JavaThread "LWJGL Application" [_thread_in_native, id=4984, stack(0x000000000b9a0000,0x000000000baa0000)]

siginfo: ExceptionCode=0xc0000005, reading address 0x000000000baff4c8

Registers:
RAX=0x000000000bafae50, RBX=0x000000000bace0b0, RCX=0x000000000baff4c0, RDX=0x000000000bafad90
RSP=0x000000000ba9edc0, RBP=0x000000000ba9ef30, RSI=0x0000000000000002, RDI=0x0000000000000001
R8 =0x000000000bace0b0, R9 =0x00000000000000db, R10=0x0000000002293064, R11=0x000000006bc3f7d0
R12=0x0000000000000000, R13=0x000000009b7a1f58, R14=0x000000000ba9ef60, R15=0x000000000adc5000
RIP=0x00000000655a1b9f, EFLAGS=0x0000000000010206

Top of Stack: (sp=0x000000000ba9edc0)
0x000000000ba9edc0:   00001e61ab15f8c0 000000006badf72f
0x000000000ba9edd0:   000000009b7a1e98 000000006bb6c49f
0x000000000ba9ede0:   000000000bafad90 00000000021c9140
0x000000000ba9edf0:   000000000adc5000 000000006bafabb0
0x000000000ba9ee00:   0000000000000000 00000000021c9140
0x000000000ba9ee10:   0000000000000003 000000000000000e
0x000000000ba9ee20:   000000000ba90000 000000000229e103
0x000000000ba9ee30:   00000000655d3070 00000000655d3928
0x000000000ba9ee40:   000000000ba9ee70 00000000655a1c31
0x000000000ba9ee50:   000000000ba9edc0 000000006bafadce
0x000000000ba9ee60:   00000000092da800 000000009b7d4f2c
0x000000000ba9ee70:   000000000ba9ef30 00000000655aae75
0x000000000ba9ee80:   000000000bace0b0 000000006bafe25e
0x000000000ba9ee90:   000000000ba9f408 000000000ba9ef29
0x000000000ba9eea0:   000000009b7a1f58 0000000002293090
0x000000000ba9eeb0:   00000000000000b6 000000000adc5000 

Instructions: (pc=0x00000000655a1b9f)
0x00000000655a1b7f:   90 48 83 7c 24 20 00 74 4b 48 8b 44 24 20 48 8b
0x00000000655a1b8f:   48 70 48 8b 50 68 48 85 c9 48 89 54 24 20 74 e1
0x00000000655a1b9f:   48 8b 41 08 48 8b 94 24 c0 00 00 00 c7 41 30 00
0x00000000655a1baf:   00 00 00 c7 44 24 48 01 00 00 00 48 89 44 24 28 


Register to memory mapping:

RAX=0x000000000bafae50 is an unknown value
RBX=0x000000000bace0b0 is an unknown value
RCX=0x000000000baff4c0 is an unknown value
RDX=0x000000000bafad90 is an unknown value
RSP=0x000000000ba9edc0 is pointing into the stack for thread: 0x000000000adc5000
RBP=0x000000000ba9ef30 is pointing into the stack for thread: 0x000000000adc5000
RSI=0x0000000000000002 is an unknown value
RDI=0x0000000000000001 is an unknown value
R8 =0x000000000bace0b0 is an unknown value
R9 =0x00000000000000db is an unknown value
R10=0x0000000002293064 is at code_begin+644 in an Interpreter codelet
method entry point (kind = native)  [0x0000000002292de0, 0x0000000002293680]  2208 bytes
R11=0x000000006bc3f7d0 is an unknown value
R12=0x0000000000000000 is an unknown value
R13=0x000000009b7a1f58 is an oop
{method} 
 - klass: {other class}
R14=0x000000000ba9ef60 is pointing into the stack for thread: 0x000000000adc5000
R15=0x000000000adc5000 is a thread


Stack: [0x000000000b9a0000,0x000000000baa0000],  sp=0x000000000ba9edc0,  free space=1019k
Native frames: (J=compiled Java code, j=interpreted, Vv=VM code, C=native code)
C  [gdx64.dll+0x21b9f]
j  com.badlogic.gdx.physics.box2d.World.dispose()V+5
j  com.infinithinks.pentastic.entities.Track.dispose()V+4
j  com.infinithinks.pentastic.level.Level_1.dispose()V+18
j  com.infinithinks.pentastic.level.Level_1.hide()V+1
j  com.badlogic.gdx.Game.dispose()V+11
j  com.infinithinks.pentastic.PENtasticMain.dispose()V+1
j  com.badlogic.gdx.backends.lwjgl.LwjglApplication.mainLoop()V+780
j  com.badlogic.gdx.backends.lwjgl.LwjglApplication$1.run()V+27
v  ~StubRoutines::call_stub
V  [jvm.dll+0x1cb013]

Java frames: (J=compiled Java code, j=interpreted, Vv=VM code)
j  com.badlogic.gdx.physics.box2d.World.jniDispose(J)V+0
j  com.badlogic.gdx.physics.box2d.World.dispose()V+5
j  com.infinithinks.pentastic.entities.Track.dispose()V+4
j  com.infinithinks.pentastic.level.Level_1.dispose()V+18
j  com.infinithinks.pentastic.level.Level_1.hide()V+1
j  com.badlogic.gdx.Game.dispose()V+11
j  com.infinithinks.pentastic.PENtasticMain.dispose()V+1
j  com.badlogic.gdx.backends.lwjgl.LwjglApplication.mainLoop()V+780
j  com.badlogic.gdx.backends.lwjgl.LwjglApplication$1.run()V+27
v  ~StubRoutines::call_stub

---------------  P R O C E S S  ---------------

Java Threads: ( => current thread )
  0x000000000ae6a000 JavaThread "LWJGL Timer" daemon [_thread_blocked, id=7000, stack(0x000000000f5c0000,0x000000000f6c0000)]
  0x0000000002180800 JavaThread "DestroyJavaVM" [_thread_blocked, id=4628, stack(0x0000000002040000,0x0000000002140000)]
=>0x000000000adc5000 JavaThread "LWJGL Application" [_thread_in_native, id=4984, stack(0x000000000b9a0000,0x000000000baa0000)]
  0x00000000092e8000 JavaThread "Service Thread" daemon [_thread_blocked, id=5988, stack(0x000000000aa40000,0x000000000ab40000)]
  0x00000000092d8000 JavaThread "C2 CompilerThread1" daemon [_thread_blocked, id=3160, stack(0x000000000a940000,0x000000000aa40000)]
  0x00000000092d3000 JavaThread "C2 CompilerThread0" daemon [_thread_blocked, id=7048, stack(0x000000000a840000,0x000000000a940000)]
  0x00000000092d2000 JavaThread "Attach Listener" daemon [_thread_blocked, id=3148, stack(0x000000000a740000,0x000000000a840000)]
  0x00000000092ce800 JavaThread "Signal Dispatcher" daemon [_thread_blocked, id=5824, stack(0x000000000a640000,0x000000000a740000)]
  0x000000000929b000 JavaThread "Finalizer" daemon [_thread_blocked, id=1080, stack(0x000000000a540000,0x000000000a640000)]
  0x0000000009291800 JavaThread "Reference Handler" daemon [_thread_blocked, id=5732, stack(0x000000000a440000,0x000000000a540000)]

Other Threads:
  0x000000000928f000 VMThread [stack: 0x000000000a340000,0x000000000a440000] [id=5604]
  0x00000000092f1000 WatcherThread [stack: 0x000000000ab40000,0x000000000ac40000] [id=3428]

VM state:not at safepoint (normal execution)

VM Mutex/Monitor currently owned by a thread: None

Heap
 PSYoungGen      total 28672K, used 21674K [0x00000000e0100000, 0x00000000e2100000, 0x0000000100000000)
  eden space 24576K, 72% used [0x00000000e0100000,0x00000000e125ed18,0x00000000e1900000)
  from space 4096K, 94% used [0x00000000e1900000,0x00000000e1ccbe88,0x00000000e1d00000)
  to   space 4096K, 0% used [0x00000000e1d00000,0x00000000e1d00000,0x00000000e2100000)
 ParOldGen       total 175616K, used 163180K [0x00000000a0400000, 0x00000000aaf80000, 0x00000000e0100000)
  object space 175616K, 92% used [0x00000000a0400000,0x00000000aa35b260,0x00000000aaf80000)
 PSPermGen       total 21504K, used 6940K [0x000000009b200000, 0x000000009c700000, 0x00000000a0400000)
  object space 21504K, 32% used [0x000000009b200000,0x000000009b8c7190,0x000000009c700000)

Card table byte_map: [0x0000000005280000,0x00000000055b0000] byte_map_base: 0x0000000004da7000

Polling page: 0x00000000006c0000

Code Cache  [0x0000000002280000, 0x00000000024f0000, 0x0000000005280000)
 total_blobs=657 nmethods=250 adapters=360 free_code_cache=48008Kb largest_free_block=49135744

Compilation events (10 events):
Event: 35.886 Thread 0x00000000092d8000  245             com.badlogic.gdx.math.Matrix4::mul (13 bytes)
Event: 35.887 Thread 0x00000000092d8000 nmethod 245 0x00000000023a0790 code [0x00000000023a08e0, 0x00000000023a0968]
Event: 36.003 Thread 0x00000000092d3000  246             com.badlogic.gdx.graphics.glutils.ShaderProgram::setUniformMatrix (8 bytes)
Event: 36.003 Thread 0x00000000092d8000  247             com.badlogic.gdx.graphics.glutils.ShaderProgram::setUniformMatrix (62 bytes)
Event: 36.014 Thread 0x00000000092d8000 nmethod 247 0x00000000023a1f10 code [0x00000000023a20c0, 0x00000000023a25a0]
Event: 36.014 Thread 0x00000000092d8000  248             com.badlogic.gdx.backends.lwjgl.LwjglGL20::glUniformMatrix4fv (8 bytes)
Event: 36.014 Thread 0x00000000092d3000 nmethod 246 0x00000000023a2e90 code [0x00000000023a3040, 0x00000000023a3500]
Event: 36.015 Thread 0x00000000092d3000  249             org.lwjgl.opengl.GL20::glUniformMatrix4 (37 bytes)
Event: 36.018 Thread 0x00000000092d8000 nmethod 248 0x000000000239f490 code [0x000000000239f5e0, 0x000000000239f748]
Event: 36.018 Thread 0x00000000092d3000 nmethod 249 0x000000000239ef50 code [0x000000000239f0a0, 0x000000000239f208]

GC Heap History (2 events):
Event: 4.421 GC heap before
{Heap before GC invocations=1 (full 0):
 PSYoungGen      total 28672K, used 22702K [0x00000000e0100000, 0x00000000e2100000, 0x0000000100000000)
  eden space 24576K, 92% used [0x00000000e0100000,0x00000000e172b9c0,0x00000000e1900000)
  from space 4096K, 0% used [0x00000000e1d00000,0x00000000e1d00000,0x00000000e2100000)
  to   space 4096K, 0% used [0x00000000e1900000,0x00000000e1900000,0x00000000e1d00000)
 ParOldGen       total 65024K, used 0K [0x00000000a0400000, 0x00000000a4380000, 0x00000000e0100000)
  object space 65024K, 0% used [0x00000000a0400000,0x00000000a0400000,0x00000000a4380000)
 PSPermGen       total 21504K, used 6806K [0x000000009b200000, 0x000000009c700000, 0x00000000a0400000)
  object space 21504K, 31% used [0x000000009b200000,0x000000009b8a5908,0x000000009c700000)
Event: 4.428 GC heap after
Heap after GC invocations=1 (full 0):
 PSYoungGen      total 28672K, used 3887K [0x00000000e0100000, 0x00000000e2100000, 0x0000000100000000)
  eden space 24576K, 0% used [0x00000000e0100000,0x00000000e0100000,0x00000000e1900000)
  from space 4096K, 94% used [0x00000000e1900000,0x00000000e1ccbe88,0x00000000e1d00000)
  to   space 4096K, 0% used [0x00000000e1d00000,0x00000000e1d00000,0x00000000e2100000)
 ParOldGen       total 65024K, used 4136K [0x00000000a0400000, 0x00000000a4380000, 0x00000000e0100000)
  object space 65024K, 6% used [0x00000000a0400000,0x00000000a080a020,0x00000000a4380000)
 PSPermGen       total 21504K, used 6806K [0x000000009b200000, 0x000000009c700000, 0x00000000a0400000)
  object space 21504K, 31% used [0x000000009b200000,0x000000009b8a5908,0x000000009c700000)
}

Deoptimization events (3 events):
Event: 7.877 Thread 0x000000000adc5000 Uncommon trap: reason=class_check action=maybe_recompile pc=0x000000000234980c method=java.io.BufferedInputStream.read([BII)I @ 101
Event: 8.019 Thread 0x000000000adc5000 Uncommon trap: reason=class_check action=maybe_recompile pc=0x000000000234980c method=java.io.BufferedInputStream.read([BII)I @ 101
Event: 8.075 Thread 0x000000000adc5000 Uncommon trap: reason=class_check action=maybe_recompile pc=0x000000000234980c method=java.io.BufferedInputStream.read([BII)I @ 101

Internal exceptions (10 events):
Event: 3.593 Thread 0x000000000adc5000 Threw 0x00000000e0f22c88 at C:\jdk7u2_64p\jdk7u40\hotspot\src\share\vm\prims\jvm.cpp:1244
Event: 3.594 Thread 0x000000000adc5000 Threw 0x00000000e0f263a0 at C:\jdk7u2_64p\jdk7u40\hotspot\src\share\vm\prims\jvm.cpp:1244
Event: 8.098 Thread 0x000000000adc5000 Threw 0x00000000e0ce1f28 at C:\jdk7u2_64p\jdk7u40\hotspot\src\share\vm\prims\jvm.cpp:1244
Event: 8.099 Thread 0x000000000adc5000 Threw 0x00000000e0ce6250 at C:\jdk7u2_64p\jdk7u40\hotspot\src\share\vm\prims\jvm.cpp:1244
Event: 8.099 Thread 0x000000000adc5000 Threw 0x00000000e0f85250 at C:\jdk7u2_64p\jdk7u40\hotspot\src\share\vm\prims\jvm.cpp:1244
Event: 8.100 Thread 0x000000000adc5000 Threw 0x00000000e0f893f8 at C:\jdk7u2_64p\jdk7u40\hotspot\src\share\vm\prims\jvm.cpp:1244
Event: 8.101 Thread 0x000000000adc5000 Threw 0x00000000e0f8cf80 at C:\jdk7u2_64p\jdk7u40\hotspot\src\share\vm\prims\jvm.cpp:1244
Event: 8.101 Thread 0x000000000adc5000 Threw 0x00000000e0f91358 at C:\jdk7u2_64p\jdk7u40\hotspot\src\share\vm\prims\jvm.cpp:1244
Event: 8.132 Thread 0x000000000adc5000 Threw 0x00000000e0f97090 at C:\jdk7u2_64p\jdk7u40\hotspot\src\share\vm\prims\jvm.cpp:1244
Event: 36.279 Thread 0x000000000adc5000 Threw 0x00000000e121aa78 at C:\jdk7u2_64p\jdk7u40\hotspot\src\share\vm\prims\jvm.cpp:1244

Events (10 events):
Event: 8.100 loading class 0x00000000092f2510
Event: 8.100 loading class 0x00000000092f2510 done
Event: 8.101 loading class 0x00000000092f2710
Event: 8.101 loading class 0x00000000092f2710 done
Event: 8.101 loading class 0x000000000ae21bc0
Event: 8.101 loading class 0x000000000ae21bc0 done
Event: 8.132 loading class 0x000000000ac936a0
Event: 8.132 loading class 0x000000000ac936a0 done
Event: 36.279 loading class 0x0000000009316380
Event: 36.279 loading class 0x0000000009316380 done


Dynamic libraries:
0x00007ff721ab0000 - 0x00007ff721ae3000 	C:\Program Files\Java\jre7\bin\javaw.exe
0x00007ffc33170000 - 0x00007ffc33319000 	C:\WINDOWS\SYSTEM32\ntdll.dll
0x00007ffc31500000 - 0x00007ffc31639000 	C:\WINDOWS\system32\KERNEL32.DLL
0x00007ffc305c0000 - 0x00007ffc306ce000 	C:\WINDOWS\system32\KERNELBASE.dll
0x00007ffc2edc0000 - 0x00007ffc2ee4b000 	C:\WINDOWS\system32\apphelp.dll
0x00007ffc15bc0000 - 0x00007ffc15c0f000 	C:\WINDOWS\AppPatch\AppPatch64\AcGenral.DLL
0x00007ffc330c0000 - 0x00007ffc33167000 	C:\WINDOWS\system32\msvcrt.dll
0x00007ffc30330000 - 0x00007ffc3035b000 	C:\WINDOWS\SYSTEM32\SspiCli.dll
0x00007ffc32a50000 - 0x00007ffc32aa1000 	C:\WINDOWS\system32\SHLWAPI.dll
0x00007ffc31190000 - 0x00007ffc31301000 	C:\WINDOWS\system32\USER32.dll
0x00007ffc30e30000 - 0x00007ffc30fa6000 	C:\WINDOWS\system32\ole32.dll
0x00007ffc31640000 - 0x00007ffc32a4f000 	C:\WINDOWS\system32\SHELL32.dll
0x00007ffc2f800000 - 0x00007ffc2f81f000 	C:\WINDOWS\SYSTEM32\USERENV.dll
0x00007ffc32dc0000 - 0x00007ffc32e65000 	C:\WINDOWS\system32\ADVAPI32.dll
0x00007ffc26070000 - 0x00007ffc2608b000 	C:\WINDOWS\SYSTEM32\MPR.dll
0x00007ffc30a40000 - 0x00007ffc30b76000 	C:\WINDOWS\system32\RPCRT4.dll
0x00007ffc32e70000 - 0x00007ffc32ec7000 	C:\WINDOWS\SYSTEM32\sechost.dll
0x00007ffc30fb0000 - 0x00007ffc31187000 	C:\WINDOWS\SYSTEM32\combase.dll
0x00007ffc32ed0000 - 0x00007ffc33015000 	C:\WINDOWS\system32\GDI32.dll
0x00007ffc304f0000 - 0x00007ffc30504000 	C:\WINDOWS\SYSTEM32\profapi.dll
0x00007ffc2e820000 - 0x00007ffc2e8c1000 	C:\WINDOWS\SYSTEM32\SHCORE.dll
0x00007ffc30df0000 - 0x00007ffc30e24000 	C:\WINDOWS\system32\IMM32.DLL
0x00007ffc313c0000 - 0x00007ffc314f8000 	C:\WINDOWS\system32\MSCTF.dll
0x00007ffc2fe50000 - 0x00007ffc300aa000 	C:\WINDOWS\WinSxS\amd64_microsoft.windows.common-controls_6595b64144ccf1df_6.0.9600.16384_none_62475f7becb72503\COMCTL32.dll
0x000000006c230000 - 0x000000006c301000 	C:\Program Files\Java\jre7\bin\msvcr100.dll
0x000000006ba60000 - 0x000000006c229000 	C:\Program Files\Java\jre7\bin\server\jvm.dll
0x00007ffc14de0000 - 0x00007ffc14de9000 	C:\WINDOWS\SYSTEM32\WSOCK32.dll
0x00007ffc258d0000 - 0x00007ffc258ef000 	C:\WINDOWS\SYSTEM32\WINMM.dll
0x00007ffc30be0000 - 0x00007ffc30be7000 	C:\WINDOWS\system32\PSAPI.DLL
0x00007ffc32ab0000 - 0x00007ffc32b08000 	C:\WINDOWS\system32\WS2_32.dll
0x00007ffc25890000 - 0x00007ffc258ba000 	C:\WINDOWS\SYSTEM32\WINMMBASE.dll
0x00007ffc32db0000 - 0x00007ffc32db9000 	C:\WINDOWS\system32\NSI.dll
0x00007ffc306d0000 - 0x00007ffc3071a000 	C:\WINDOWS\SYSTEM32\cfgmgr32.dll
0x00007ffc2f020000 - 0x00007ffc2f046000 	C:\WINDOWS\SYSTEM32\DEVOBJ.dll
0x000000006c8e0000 - 0x000000006c8ef000 	C:\Program Files\Java\jre7\bin\verify.dll
0x000000006c4d0000 - 0x000000006c4f8000 	C:\Program Files\Java\jre7\bin\java.dll
0x000000006c4b0000 - 0x000000006c4c5000 	C:\Program Files\Java\jre7\bin\zip.dll
0x0000000065580000 - 0x0000000065610000 	C:\Users\Fathurrohman E\AppData\Local\Temp\libgdxFathurrohman E\5498721d\gdx64.dll
0x0000000180000000 - 0x0000000180050000 	C:\Users\Fathurrohman E\AppData\Local\Temp\libgdxFathurrohman E\4c88a7c1\lwjgl64.dll
0x00007ffc234e0000 - 0x00007ffc23601000 	C:\WINDOWS\SYSTEM32\OPENGL32.dll
0x00007ffc2e070000 - 0x00007ffc2e07a000 	C:\WINDOWS\SYSTEM32\VERSION.dll
0x00007ffc2c7a0000 - 0x00007ffc2c7cc000 	C:\WINDOWS\SYSTEM32\GLU32.dll
0x00007ffc1f810000 - 0x00007ffc1f904000 	C:\WINDOWS\SYSTEM32\DDRAW.dll
0x00007ffc2a6e0000 - 0x00007ffc2a6e9000 	C:\WINDOWS\SYSTEM32\DCIMAN32.dll
0x000000000b0e0000 - 0x000000000b144000 	C:\Users\FATHUR~1\AppData\Local\Temp\libgdxFathurrohman E\4c88a7c1\OpenAL64.dll
0x00007ffc2efc0000 - 0x00007ffc2efca000 	C:\WINDOWS\SYSTEM32\kernel.appcore.dll
0x00007ffc303c0000 - 0x00007ffc303ca000 	C:\WINDOWS\SYSTEM32\CRYPTBASE.dll
0x00007ffc30360000 - 0x00007ffc303be000 	C:\WINDOWS\SYSTEM32\bcryptPrimitives.dll
0x00007ffc2ee80000 - 0x00007ffc2efa2000 	C:\WINDOWS\system32\uxtheme.dll
0x00007ffc31310000 - 0x00007ffc313b4000 	C:\WINDOWS\SYSTEM32\clbcatq.dll
0x00007ffc1f600000 - 0x00007ffc1f687000 	C:\WINDOWS\SYSTEM32\dsound.dll
0x00007ffc303f0000 - 0x00007ffc30435000 	C:\WINDOWS\SYSTEM32\POWRPROF.dll
0x00007ffc2c4e0000 - 0x00007ffc2c541000 	C:\WINDOWS\System32\MMDevApi.dll
0x00007ffc21f90000 - 0x00007ffc22006000 	C:\WINDOWS\SYSTEM32\AUDIOSES.DLL
0x00007ffc32b10000 - 0x00007ffc32bc7000 	C:\WINDOWS\system32\OLEAUT32.dll
0x00007ffc2e5e0000 - 0x00007ffc2e601000 	C:\WINDOWS\system32\dwmapi.dll
0x00007ffc29ea0000 - 0x00007ffc29eb8000 	C:\WINDOWS\SYSTEM32\atig6pxx.dll
0x00000000695e0000 - 0x000000006af81000 	C:\WINDOWS\SYSTEM32\atio6axx.dll
0x00007ffc32bd0000 - 0x00007ffc32da6000 	C:\WINDOWS\system32\SETUPAPI.dll
0x00007ffc2c2e0000 - 0x00007ffc2c408000 	C:\WINDOWS\SYSTEM32\atiadlxx.dll
0x00007ffc2c140000 - 0x00007ffc2c2a4000 	C:\WINDOWS\SYSTEM32\PROPSYS.dll
0x00007ffc2eda0000 - 0x00007ffc2edb1000 	C:\WINDOWS\SYSTEM32\WTSAPI32.dll
0x00007ffc2c110000 - 0x00007ffc2c139000 	C:\WINDOWS\SYSTEM32\IPHLPAPI.DLL
0x00007ffc2c790000 - 0x00007ffc2c79a000 	C:\WINDOWS\SYSTEM32\WINNSI.DLL
0x00007ffc307d0000 - 0x00007ffc3081e000 	C:\WINDOWS\system32\WINTRUST.dll
0x00007ffc30820000 - 0x00007ffc309f7000 	C:\WINDOWS\system32\CRYPT32.dll
0x00007ffc305a0000 - 0x00007ffc305b2000 	C:\WINDOWS\system32\MSASN1.dll
0x00007ffc2ddc0000 - 0x00007ffc2df04000 	C:\WINDOWS\SYSTEM32\aticfx64.dll
0x00007ffc28a10000 - 0x00007ffc28a2e000 	C:\WINDOWS\SYSTEM32\atig6txx.dll
0x00007ffc20a40000 - 0x00007ffc20acd000 	C:\WINDOWS\SYSTEM32\mscms.dll
0x00007ffc236c0000 - 0x00007ffc23701000 	C:\WINDOWS\SYSTEM32\icm32.dll
0x00007ffc20850000 - 0x00007ffc209d8000 	C:\WINDOWS\SYSTEM32\dbghelp.dll

VM Arguments:
jvm_args: -Dfile.encoding=Cp1252 
java_command: com.infinithinks.pentastic.Main
Launcher Type: SUN_STANDARD

Environment Variables:
PATH=C:\WINDOWS\system32;C:\WINDOWS;C:\WINDOWS\System32\Wbem;C:\WINDOWS\System32\WindowsPowerShell\v1.0\;C:\Program Files (x86)\ATI Technologies\ATI.ACE\Core-Static;C:\Program Files (x86)\SoftKinetic\DepthSenseSDK\bin;e:\Program Files\MATLAB\R2010a\runtime\win64;e:\Program Files\MATLAB\R2010a\bin;C:\Program Files (x86)\Windows Kits\8.0\Windows Performance Toolkit\;C:\Program Files\Microsoft SQL Server\110\Tools\Binn\
USERNAME=Fathurrohman E
OS=Windows_NT
PROCESSOR_IDENTIFIER=Intel64 Family 6 Model 42 Stepping 7, GenuineIntel



---------------  S Y S T E M  ---------------

OS: Windows 8 , 64 bit Build 9200 

CPU:total 4 (2 cores per cpu, 2 threads per core) family 6 model 42 stepping 7, cmov, cx8, fxsr, mmx, sse, sse2, sse3, ssse3, sse4.1, sse4.2, popcnt, avx, ht, tsc, tscinvbit

Memory: 4k page, physical 6268032k(3229248k free), swap 12559488k(8749864k free)

vm_info: Java HotSpot(TM) 64-Bit Server VM (24.0-b56) for windows-amd64 JRE (1.7.0_40-b43), built on Aug 26 2013 22:38:32 by "java_re" with unknown MS VC++:1600

time: Fri Jan 31 16:05:56 2014
elapsed time: 36 seconds

