#
# A fatal error has been detected by the Java Runtime Environment:
#
#  EXCEPTION_ACCESS_VIOLATION (0xc0000005) at pc=0x00000000655a1b9f, pid=5528, tid=7228
#
# JRE version: Java(TM) SE Runtime Environment (7.0_40-b43) (build 1.7.0_40-b43)
# Java VM: Java HotSpot(TM) 64-Bit Server VM (24.0-b56 mixed mode windows-amd64 compressed oops)
# Problematic frame:
# C  [gdx64.dll+0x21b9f]
#
# Failed to write core dump. Minidumps are not enabled by default on client versions of Windows
#
# If you would like to submit a bug report, please visit:
#   http://bugreport.sun.com/bugreport/crash.jsp
# The crash happened outside the Java Virtual Machine in native code.
# See problematic frame for where to report the bug.
#

---------------  T H R E A D  ---------------

Current thread (0x000000000b83c000):  JavaThread "LWJGL Application" [_thread_in_native, id=7228, stack(0x000000000c430000,0x000000000c530000)]

siginfo: ExceptionCode=0xc0000005, reading address 0x000000000c57b918

Registers:
RAX=0x000000000c577780, RBX=0x000000000c54a820, RCX=0x000000000c57b910, RDX=0x0000000000000000
RSP=0x000000000c52ed10, RBP=0x000000000c52ee80, RSI=0x0000000000000001, RDI=0x0000000000000000
R8 =0x000000000c54a820, R9 =0x00000000000000db, R10=0x0000000002c33064, R11=0x000000007452f7d0
R12=0x0000000000000000, R13=0x000000009b706610, R14=0x000000000c52eeb0, R15=0x000000000b83c000
RIP=0x00000000655a1b9f, EFLAGS=0x0000000000010202

Top of Stack: (sp=0x000000000c52ed10)
0x000000000c52ed10:   00000e9f7b99c3e2 00000000743cf72f
0x000000000c52ed20:   000000009b706550 000000007445c49f
0x000000000c52ed30:   0000000000000000 0000000002b69410
0x000000000c52ed40:   000000000b83c000 00000000743eabb0
0x000000000c52ed50:   0000000000000000 0000000002b69410
0x000000000c52ed60:   0000000000000003 000000000000000e
0x000000000c52ed70:   000000000c520000 0000000002c3e103
0x000000000c52ed80:   00000000655d3070 00000000655d3928
0x000000000c52ed90:   000000000c52edc0 00000000655a1c31
0x000000000c52eda0:   000000000c52ed10 00000000743eadce
0x000000000c52edb0:   0000000009d3a700 000000009b73f124
0x000000000c52edc0:   000000000c52ee80 00000000655aae75
0x000000000c52edd0:   000000000c54a820 00000000743ee25e
0x000000000c52ede0:   000000000c52f358 000000000c52ee79
0x000000000c52edf0:   000000009b706610 0000000002c33090
0x000000000c52ee00:   00000000000000b6 000000000b83c000 

Instructions: (pc=0x00000000655a1b9f)
0x00000000655a1b7f:   90 48 83 7c 24 20 00 74 4b 48 8b 44 24 20 48 8b
0x00000000655a1b8f:   48 70 48 8b 50 68 48 85 c9 48 89 54 24 20 74 e1
0x00000000655a1b9f:   48 8b 41 08 48 8b 94 24 c0 00 00 00 c7 41 30 00
0x00000000655a1baf:   00 00 00 c7 44 24 48 01 00 00 00 48 89 44 24 28 


Register to memory mapping:

RAX=0x000000000c577780 is an unknown value
RBX=0x000000000c54a820 is an unknown value
RCX=0x000000000c57b910 is an unknown value
RDX=0x0000000000000000 is an unknown value
RSP=0x000000000c52ed10 is pointing into the stack for thread: 0x000000000b83c000
RBP=0x000000000c52ee80 is pointing into the stack for thread: 0x000000000b83c000
RSI=0x0000000000000001 is an unknown value
RDI=0x0000000000000000 is an unknown value
R8 =0x000000000c54a820 is an unknown value
R9 =0x00000000000000db is an unknown value
R10=0x0000000002c33064 is at code_begin+644 in an Interpreter codelet
method entry point (kind = native)  [0x0000000002c32de0, 0x0000000002c33680]  2208 bytes
R11=0x000000007452f7d0 is an unknown value
R12=0x0000000000000000 is an unknown value
R13=0x000000009b706610 is an oop
{method} 
 - klass: {other class}
R14=0x000000000c52eeb0 is pointing into the stack for thread: 0x000000000b83c000
R15=0x000000000b83c000 is a thread


Stack: [0x000000000c430000,0x000000000c530000],  sp=0x000000000c52ed10,  free space=1019k
Native frames: (J=compiled Java code, j=interpreted, Vv=VM code, C=native code)
C  [gdx64.dll+0x21b9f]
j  com.badlogic.gdx.physics.box2d.World.dispose()V+5
j  com.infinithinks.pentastic.entities.Track.dispose()V+4
j  com.infinithinks.pentastic.level.Level_1.dispose()V+18
j  com.infinithinks.pentastic.level.Level_1.hide()V+1
j  com.badlogic.gdx.Game.dispose()V+11
j  com.infinithinks.pentastic.PENtasticMain.dispose()V+1
j  com.badlogic.gdx.backends.lwjgl.LwjglApplication.mainLoop()V+780
j  com.badlogic.gdx.backends.lwjgl.LwjglApplication$1.run()V+27
v  ~StubRoutines::call_stub
V  [jvm.dll+0x1cb013]

Java frames: (J=compiled Java code, j=interpreted, Vv=VM code)
j  com.badlogic.gdx.physics.box2d.World.jniDispose(J)V+0
j  com.badlogic.gdx.physics.box2d.World.dispose()V+5
j  com.infinithinks.pentastic.entities.Track.dispose()V+4
j  com.infinithinks.pentastic.level.Level_1.dispose()V+18
j  com.infinithinks.pentastic.level.Level_1.hide()V+1
j  com.badlogic.gdx.Game.dispose()V+11
j  com.infinithinks.pentastic.PENtasticMain.dispose()V+1
j  com.badlogic.gdx.backends.lwjgl.LwjglApplication.mainLoop()V+780
j  com.badlogic.gdx.backends.lwjgl.LwjglApplication$1.run()V+27
v  ~StubRoutines::call_stub

---------------  P R O C E S S  ---------------

Java Threads: ( => current thread )
  0x0000000009d7c800 JavaThread "LWJGL Timer" daemon [_thread_blocked, id=8124, stack(0x00000000121c0000,0x00000000122c0000)]
  0x0000000002b20800 JavaThread "DestroyJavaVM" [_thread_blocked, id=5460, stack(0x0000000002a20000,0x0000000002b20000)]
=>0x000000000b83c000 JavaThread "LWJGL Application" [_thread_in_native, id=7228, stack(0x000000000c430000,0x000000000c530000)]
  0x0000000009d47800 JavaThread "Service Thread" daemon [_thread_blocked, id=12216, stack(0x000000000b4b0000,0x000000000b5b0000)]
  0x0000000009d38000 JavaThread "C2 CompilerThread1" daemon [_thread_blocked, id=7956, stack(0x000000000b3b0000,0x000000000b4b0000)]
  0x0000000009d32800 JavaThread "C2 CompilerThread0" daemon [_thread_blocked, id=10448, stack(0x000000000b2b0000,0x000000000b3b0000)]
  0x0000000009d31800 JavaThread "Attach Listener" daemon [_thread_blocked, id=5644, stack(0x000000000b1b0000,0x000000000b2b0000)]
  0x0000000009d2e800 JavaThread "Signal Dispatcher" daemon [_thread_blocked, id=12196, stack(0x000000000b0b0000,0x000000000b1b0000)]
  0x0000000009cfb000 JavaThread "Finalizer" daemon [_thread_blocked, id=5436, stack(0x000000000afb0000,0x000000000b0b0000)]
  0x0000000009cf1800 JavaThread "Reference Handler" daemon [_thread_blocked, id=9308, stack(0x000000000aeb0000,0x000000000afb0000)]

Other Threads:
  0x0000000009cef000 VMThread [stack: 0x000000000adb0000,0x000000000aeb0000] [id=4896]
  0x0000000009d51000 WatcherThread [stack: 0x000000000b5b0000,0x000000000b6b0000] [id=8468]

VM state:not at safepoint (normal execution)

VM Mutex/Monitor currently owned by a thread: None

Heap
 PSYoungGen      total 28672K, used 10128K [0x00000000e0100000, 0x00000000e2100000, 0x0000000100000000)
  eden space 24576K, 41% used [0x00000000e0100000,0x00000000e0ae4278,0x00000000e1900000)
  from space 4096K, 0% used [0x00000000e1d00000,0x00000000e1d00000,0x00000000e2100000)
  to   space 4096K, 0% used [0x00000000e1900000,0x00000000e1900000,0x00000000e1d00000)
 ParOldGen       total 65024K, used 0K [0x00000000a0400000, 0x00000000a4380000, 0x00000000e0100000)
  object space 65024K, 0% used [0x00000000a0400000,0x00000000a0400000,0x00000000a4380000)
 PSPermGen       total 21504K, used 5826K [0x000000009b200000, 0x000000009c700000, 0x00000000a0400000)
  object space 21504K, 27% used [0x000000009b200000,0x000000009b7b0910,0x000000009c700000)

Card table byte_map: [0x0000000005ce0000,0x0000000006010000] byte_map_base: 0x0000000005807000

Polling page: 0x00000000010f0000

Code Cache  [0x0000000002c20000, 0x0000000002e90000, 0x0000000005c20000)
 total_blobs=466 nmethods=77 adapters=342 free_code_cache=48567Kb largest_free_block=49708800

Compilation events (10 events):
Event: 34.464 Thread 0x0000000009d32800   72             java.nio.Buffer::capacity (5 bytes)
Event: 34.465 Thread 0x0000000009d32800 nmethod 72 0x0000000002cb4950 code [0x0000000002cb4a80, 0x0000000002cb4ad8]
Event: 34.531 Thread 0x0000000009d38000   73             com.badlogic.gdx.graphics.Color::clamp (126 bytes)
Event: 34.533 Thread 0x0000000009d38000 nmethod 73 0x0000000002ca8350 code [0x0000000002ca84c0, 0x0000000002ca85b8]
Event: 34.580 Thread 0x0000000009d32800   74   !         org.lwjgl.opengl.Display::isCreated (17 bytes)
Event: 34.583 Thread 0x0000000009d32800 nmethod 74 0x0000000002cb2fd0 code [0x0000000002cb3120, 0x0000000002cb3358]
Event: 34.614 Thread 0x0000000009d38000   76             com.badlogic.gdx.utils.Array::clear (33 bytes)
Event: 34.618 Thread 0x0000000009d38000 nmethod 76 0x0000000002ca8110 code [0x0000000002ca8240, 0x0000000002ca82d8]
Event: 35.431 Thread 0x0000000009d32800   77             java.nio.Buffer::flip (20 bytes)
Event: 35.432 Thread 0x0000000009d32800 nmethod 77 0x0000000002ca8850 code [0x0000000002ca8980, 0x0000000002ca89d8]

GC Heap History (0 events):
No events

Deoptimization events (0 events):
No events

Internal exceptions (10 events):
Event: 1.206 Thread 0x000000000b83c000 Threw 0x00000000e0a59978 at C:\jdk7u2_64p\jdk7u40\hotspot\src\share\vm\prims\jvm.cpp:1244
Event: 1.207 Thread 0x000000000b83c000 Threw 0x00000000e0a5db20 at C:\jdk7u2_64p\jdk7u40\hotspot\src\share\vm\prims\jvm.cpp:1244
Event: 1.208 Thread 0x000000000b83c000 Threw 0x00000000e0a616a8 at C:\jdk7u2_64p\jdk7u40\hotspot\src\share\vm\prims\jvm.cpp:1244
Event: 1.209 Thread 0x000000000b83c000 Threw 0x00000000e0a659f0 at C:\jdk7u2_64p\jdk7u40\hotspot\src\share\vm\prims\jvm.cpp:1244
Event: 1.227 Thread 0x000000000b83c000 Threw 0x00000000e0a6a048 at C:\jdk7u2_64p\jdk7u40\hotspot\src\share\vm\prims\jvm.cpp:1244
Event: 1.228 Thread 0x000000000b83c000 Threw 0x00000000e0a6de30 at C:\jdk7u2_64p\jdk7u40\hotspot\src\share\vm\prims\jvm.cpp:1244
Event: 1.229 Thread 0x000000000b83c000 Threw 0x00000000e0a719a0 at C:\jdk7u2_64p\jdk7u40\hotspot\src\share\vm\prims\jvm.cpp:1244
Event: 31.363 Thread 0x000000000b83c000 Threw 0x00000000e0a76980 at C:\jdk7u2_64p\jdk7u40\hotspot\src\share\vm\prims\jvm.cpp:1244
Event: 31.364 Thread 0x000000000b83c000 Threw 0x00000000e0a7a520 at C:\jdk7u2_64p\jdk7u40\hotspot\src\share\vm\prims\jvm.cpp:1244
Event: 37.653 Thread 0x000000000b83c000 Threw 0x00000000e0a7dcb8 at C:\jdk7u2_64p\jdk7u40\hotspot\src\share\vm\prims\jvm.cpp:1244

Events (10 events):
Event: 1.229 loading class 0x000000000b956220 done
Event: 1.229 Thread 0x0000000009d7c800 Thread added: 0x0000000009d7c800
Event: 4.136 Executing VM operation: EnableBiasedLocking
Event: 4.136 Executing VM operation: EnableBiasedLocking done
Event: 31.363 loading class 0x000000000b714410
Event: 31.363 loading class 0x000000000b714410 done
Event: 31.364 loading class 0x000000000b8062d0
Event: 31.364 loading class 0x000000000b8062d0 done
Event: 37.653 loading class 0x0000000009dac5a0
Event: 37.653 loading class 0x0000000009dac5a0 done


Dynamic libraries:
0x00007ff72d960000 - 0x00007ff72d993000 	C:\Program Files\Java\jre7\bin\javaw.exe
0x00007ffaec2d0000 - 0x00007ffaec479000 	C:\WINDOWS\SYSTEM32\ntdll.dll
0x00007ffaeaba0000 - 0x00007ffaeacd9000 	C:\WINDOWS\system32\KERNEL32.DLL
0x00007ffae9720000 - 0x00007ffae982e000 	C:\WINDOWS\system32\KERNELBASE.dll
0x00007ffae8280000 - 0x00007ffae830b000 	C:\WINDOWS\system32\apphelp.dll
0x00007ffacfa20000 - 0x00007ffacfa6f000 	C:\WINDOWS\AppPatch\AppPatch64\AcGenral.DLL
0x00007ffaea630000 - 0x00007ffaea6d7000 	C:\WINDOWS\system32\msvcrt.dll
0x00007ffae9500000 - 0x00007ffae952b000 	C:\WINDOWS\SYSTEM32\SspiCli.dll
0x00007ffae9da0000 - 0x00007ffae9df1000 	C:\WINDOWS\system32\SHLWAPI.dll
0x00007ffaead40000 - 0x00007ffaeaeb1000 	C:\WINDOWS\system32\USER32.dll
0x00007ffaea840000 - 0x00007ffaea9b6000 	C:\WINDOWS\system32\ole32.dll
0x00007ffaeaec0000 - 0x00007ffaec2cf000 	C:\WINDOWS\system32\SHELL32.dll
0x00007ffae8c60000 - 0x00007ffae8c7f000 	C:\WINDOWS\SYSTEM32\USERENV.dll
0x00007ffae9bd0000 - 0x00007ffae9c75000 	C:\WINDOWS\system32\ADVAPI32.dll
0x00007ffadff60000 - 0x00007ffadff7b000 	C:\WINDOWS\SYSTEM32\MPR.dll
0x00007ffaea700000 - 0x00007ffaea836000 	C:\WINDOWS\system32\RPCRT4.dll
0x00007ffae9ca0000 - 0x00007ffae9cf7000 	C:\WINDOWS\SYSTEM32\sechost.dll
0x00007ffae9ff0000 - 0x00007ffaea1c7000 	C:\WINDOWS\SYSTEM32\combase.dll
0x00007ffaea430000 - 0x00007ffaea575000 	C:\WINDOWS\system32\GDI32.dll
0x00007ffae9650000 - 0x00007ffae9664000 	C:\WINDOWS\SYSTEM32\profapi.dll
0x00007ffae7c80000 - 0x00007ffae7d21000 	C:\WINDOWS\SYSTEM32\SHCORE.dll
0x00007ffae9d00000 - 0x00007ffae9d34000 	C:\WINDOWS\system32\IMM32.DLL
0x00007ffae9e00000 - 0x00007ffae9f38000 	C:\WINDOWS\system32\MSCTF.dll
0x00007ffae7260000 - 0x00007ffae74ba000 	C:\WINDOWS\WinSxS\amd64_microsoft.windows.common-controls_6595b64144ccf1df_6.0.9600.16384_none_62475f7becb72503\COMCTL32.dll
0x0000000075380000 - 0x0000000075451000 	C:\Program Files\Java\jre7\bin\msvcr100.dll
0x0000000074350000 - 0x0000000074b19000 	C:\Program Files\Java\jre7\bin\server\jvm.dll
0x00007ffae5bf0000 - 0x00007ffae5bf9000 	C:\WINDOWS\SYSTEM32\WSOCK32.dll
0x00007ffadfde0000 - 0x00007ffadfdff000 	C:\WINDOWS\SYSTEM32\WINMM.dll
0x00007ffaea6f0000 - 0x00007ffaea6f7000 	C:\WINDOWS\system32\PSAPI.DLL
0x00007ffaeace0000 - 0x00007ffaead38000 	C:\WINDOWS\system32\WS2_32.dll
0x00007ffadfdb0000 - 0x00007ffadfdda000 	C:\WINDOWS\SYSTEM32\WINMMBASE.dll
0x00007ffaea6e0000 - 0x00007ffaea6e9000 	C:\WINDOWS\system32\NSI.dll
0x00007ffae9830000 - 0x00007ffae987a000 	C:\WINDOWS\SYSTEM32\cfgmgr32.dll
0x00007ffae84d0000 - 0x00007ffae84f6000 	C:\WINDOWS\SYSTEM32\DEVOBJ.dll
0x00000000762a0000 - 0x00000000762af000 	C:\Program Files\Java\jre7\bin\verify.dll
0x0000000075350000 - 0x0000000075378000 	C:\Program Files\Java\jre7\bin\java.dll
0x0000000075330000 - 0x0000000075345000 	C:\Program Files\Java\jre7\bin\zip.dll
0x0000000065580000 - 0x0000000065610000 	C:\Users\Fathurrohman E\AppData\Local\Temp\libgdxFathurrohman E\5498721d\gdx64.dll
0x0000000180000000 - 0x0000000180050000 	C:\Users\Fathurrohman E\AppData\Local\Temp\libgdxFathurrohman E\4c88a7c1\lwjgl64.dll
0x00007ffac88c0000 - 0x00007ffac89e1000 	C:\WINDOWS\SYSTEM32\OPENGL32.dll
0x00007ffae7100000 - 0x00007ffae710a000 	C:\WINDOWS\SYSTEM32\VERSION.dll
0x00007ffadc710000 - 0x00007ffadc73c000 	C:\WINDOWS\SYSTEM32\GLU32.dll
0x00007ffac8250000 - 0x00007ffac8344000 	C:\WINDOWS\SYSTEM32\DDRAW.dll
0x00007ffae24b0000 - 0x00007ffae24b9000 	C:\WINDOWS\SYSTEM32\DCIMAN32.dll
0x000000000bab0000 - 0x000000000bb14000 	C:\Users\FATHUR~1\AppData\Local\Temp\libgdxFathurrohman E\4c88a7c1\OpenAL64.dll
0x00007ffae8520000 - 0x00007ffae852a000 	C:\WINDOWS\SYSTEM32\kernel.appcore.dll
0x00007ffae9590000 - 0x00007ffae959a000 	C:\WINDOWS\SYSTEM32\CRYPTBASE.dll
0x00007ffae9530000 - 0x00007ffae958e000 	C:\WINDOWS\SYSTEM32\bcryptPrimitives.dll
0x00007ffae8340000 - 0x00007ffae8462000 	C:\WINDOWS\system32\uxtheme.dll
0x00007ffaea580000 - 0x00007ffaea624000 	C:\WINDOWS\SYSTEM32\clbcatq.dll
0x00007ffacaad0000 - 0x00007ffacab57000 	C:\WINDOWS\SYSTEM32\dsound.dll
0x00007ffae9490000 - 0x00007ffae94d5000 	C:\WINDOWS\SYSTEM32\POWRPROF.dll
0x00007ffae6ef0000 - 0x00007ffae6f51000 	C:\WINDOWS\System32\MMDevApi.dll
0x00007ffadcb80000 - 0x00007ffadcbf6000 	C:\WINDOWS\SYSTEM32\AUDIOSES.DLL
0x00007ffaea370000 - 0x00007ffaea427000 	C:\WINDOWS\system32\OLEAUT32.dll
0x00007ffae7aa0000 - 0x00007ffae7ac1000 	C:\WINDOWS\system32\dwmapi.dll
0x00007ffae0ea0000 - 0x00007ffae0eb8000 	C:\WINDOWS\SYSTEM32\atig6pxx.dll
0x00000000729a0000 - 0x0000000074341000 	C:\WINDOWS\SYSTEM32\atio6axx.dll
0x00007ffaea9c0000 - 0x00007ffaeab96000 	C:\WINDOWS\system32\SETUPAPI.dll
0x00007ffae4ed0000 - 0x00007ffae4ff8000 	C:\WINDOWS\SYSTEM32\atiadlxx.dll
0x00007ffae54c0000 - 0x00007ffae5624000 	C:\WINDOWS\SYSTEM32\PROPSYS.dll
0x00007ffae8260000 - 0x00007ffae8271000 	C:\WINDOWS\SYSTEM32\WTSAPI32.dll
0x00007ffae5240000 - 0x00007ffae5269000 	C:\WINDOWS\SYSTEM32\IPHLPAPI.DLL
0x00007ffae63c0000 - 0x00007ffae63ca000 	C:\WINDOWS\SYSTEM32\WINNSI.DLL
0x00007ffae9930000 - 0x00007ffae997e000 	C:\WINDOWS\system32\WINTRUST.dll
0x00007ffae9980000 - 0x00007ffae9b57000 	C:\WINDOWS\system32\CRYPT32.dll
0x00007ffae9700000 - 0x00007ffae9712000 	C:\WINDOWS\system32\MSASN1.dll
0x00007ffae7110000 - 0x00007ffae7254000 	C:\WINDOWS\SYSTEM32\aticfx64.dll
0x00007ffadc6a0000 - 0x00007ffadc6be000 	C:\WINDOWS\SYSTEM32\atig6txx.dll
0x00007ffac7cb0000 - 0x00007ffac7d3d000 	C:\WINDOWS\SYSTEM32\mscms.dll
0x00007ffad98c0000 - 0x00007ffad9901000 	C:\WINDOWS\SYSTEM32\icm32.dll
0x00007ffad4130000 - 0x00007ffad42b8000 	C:\WINDOWS\SYSTEM32\dbghelp.dll

VM Arguments:
jvm_args: -Dfile.encoding=Cp1252 
java_command: com.infinithinks.pentastic.Main
Launcher Type: SUN_STANDARD

Environment Variables:
PATH=C:\WINDOWS\system32;C:\WINDOWS;C:\WINDOWS\System32\Wbem;C:\WINDOWS\System32\WindowsPowerShell\v1.0\;C:\Program Files (x86)\ATI Technologies\ATI.ACE\Core-Static;C:\Program Files (x86)\SoftKinetic\DepthSenseSDK\bin;e:\Program Files\MATLAB\R2010a\runtime\win64;e:\Program Files\MATLAB\R2010a\bin;C:\Program Files (x86)\Windows Kits\8.0\Windows Performance Toolkit\;C:\Program Files\Microsoft SQL Server\110\Tools\Binn\
USERNAME=Fathurrohman E
OS=Windows_NT
PROCESSOR_IDENTIFIER=Intel64 Family 6 Model 42 Stepping 7, GenuineIntel



---------------  S Y S T E M  ---------------

OS: Windows 8 , 64 bit Build 9200 

CPU:total 4 (2 cores per cpu, 2 threads per core) family 6 model 42 stepping 7, cmov, cx8, fxsr, mmx, sse, sse2, sse3, ssse3, sse4.1, sse4.2, popcnt, avx, ht, tsc, tscinvbit

Memory: 4k page, physical 6268032k(2082540k free), swap 8402008k(1994992k free)

vm_info: Java HotSpot(TM) 64-Bit Server VM (24.0-b56) for windows-amd64 JRE (1.7.0_40-b43), built on Aug 26 2013 22:38:32 by "java_re" with unknown MS VC++:1600

time: Sat Jan 11 07:59:19 2014
elapsed time: 37 seconds

