#
# A fatal error has been detected by the Java Runtime Environment:
#
#  EXCEPTION_ACCESS_VIOLATION (0xc0000005) at pc=0x00000000655a1b9f, pid=7920, tid=9056
#
# JRE version: Java(TM) SE Runtime Environment (7.0_40-b43) (build 1.7.0_40-b43)
# Java VM: Java HotSpot(TM) 64-Bit Server VM (24.0-b56 mixed mode windows-amd64 compressed oops)
# Problematic frame:
# C  [gdx64.dll+0x21b9f]
#
# Failed to write core dump. Minidumps are not enabled by default on client versions of Windows
#
# If you would like to submit a bug report, please visit:
#   http://bugreport.sun.com/bugreport/crash.jsp
# The crash happened outside the Java Virtual Machine in native code.
# See problematic frame for where to report the bug.
#

---------------  T H R E A D  ---------------

Current thread (0x000000000adf8000):  JavaThread "LWJGL Application" [_thread_in_native, id=9056, stack(0x000000000b960000,0x000000000ba60000)]

siginfo: ExceptionCode=0xc0000005, reading address 0x000000000babf4c8

Registers:
RAX=0x000000000babae50, RBX=0x000000000ba8e0b0, RCX=0x000000000babf4c0, RDX=0x000000000babad90
RSP=0x000000000ba5ef70, RBP=0x000000000ba5f0e0, RSI=0x0000000000000002, RDI=0x0000000000000001
R8 =0x000000000ba8e0b0, R9 =0x00000000000000db, R10=0x00000000022e3064, R11=0x000000005ec2f7d0
R12=0x0000000000000000, R13=0x000000009b7a1c90, R14=0x000000000ba5f110, R15=0x000000000adf8000
RIP=0x00000000655a1b9f, EFLAGS=0x0000000000010206

Top of Stack: (sp=0x000000000ba5ef70)
0x000000000ba5ef70:   00001eeaa120e033 000000005eacf72f
0x000000000ba5ef80:   000000009b7a1bd0 000000005eb5c49f
0x000000000ba5ef90:   000000000babad90 0000000002219140
0x000000000ba5efa0:   000000000adf8000 000000005eaeabb0
0x000000000ba5efb0:   0000000000000000 0000000002219140
0x000000000ba5efc0:   0000000000000003 000000000000000e
0x000000000ba5efd0:   000000000ba50000 00000000022ee103
0x000000000ba5efe0:   00000000655d3070 00000000655d3928
0x000000000ba5eff0:   000000000ba5f020 00000000655a1c31
0x000000000ba5f000:   000000000ba5ef70 000000005eaeadce
0x000000000ba5f010:   0000000009334000 000000009b7d4c64
0x000000000ba5f020:   000000000ba5f0e0 00000000655aae75
0x000000000ba5f030:   000000000ba8e0b0 000000005eaee25e
0x000000000ba5f040:   000000000ba5f5b8 000000000ba5f0d9
0x000000000ba5f050:   000000009b7a1c90 00000000022e3090
0x000000000ba5f060:   00000000000000b6 000000000adf8000 

Instructions: (pc=0x00000000655a1b9f)
0x00000000655a1b7f:   90 48 83 7c 24 20 00 74 4b 48 8b 44 24 20 48 8b
0x00000000655a1b8f:   48 70 48 8b 50 68 48 85 c9 48 89 54 24 20 74 e1
0x00000000655a1b9f:   48 8b 41 08 48 8b 94 24 c0 00 00 00 c7 41 30 00
0x00000000655a1baf:   00 00 00 c7 44 24 48 01 00 00 00 48 89 44 24 28 


Register to memory mapping:

RAX=0x000000000babae50 is an unknown value
RBX=0x000000000ba8e0b0 is an unknown value
RCX=0x000000000babf4c0 is an unknown value
RDX=0x000000000babad90 is an unknown value
RSP=0x000000000ba5ef70 is pointing into the stack for thread: 0x000000000adf8000
RBP=0x000000000ba5f0e0 is pointing into the stack for thread: 0x000000000adf8000
RSI=0x0000000000000002 is an unknown value
RDI=0x0000000000000001 is an unknown value
R8 =0x000000000ba8e0b0 is an unknown value
R9 =0x00000000000000db is an unknown value
R10=0x00000000022e3064 is at code_begin+644 in an Interpreter codelet
method entry point (kind = native)  [0x00000000022e2de0, 0x00000000022e3680]  2208 bytes
R11=0x000000005ec2f7d0 is an unknown value
R12=0x0000000000000000 is an unknown value
R13=0x000000009b7a1c90 is an oop
{method} 
 - klass: {other class}
R14=0x000000000ba5f110 is pointing into the stack for thread: 0x000000000adf8000
R15=0x000000000adf8000 is a thread


Stack: [0x000000000b960000,0x000000000ba60000],  sp=0x000000000ba5ef70,  free space=1019k
Native frames: (J=compiled Java code, j=interpreted, Vv=VM code, C=native code)
C  [gdx64.dll+0x21b9f]
j  com.badlogic.gdx.physics.box2d.World.dispose()V+5
j  com.infinithinks.pentastic.entities.Track.dispose()V+4
j  com.infinithinks.pentastic.level.Level_1.dispose()V+18
j  com.infinithinks.pentastic.level.Level_1.hide()V+1
j  com.badlogic.gdx.Game.dispose()V+11
j  com.infinithinks.pentastic.PENtasticMain.dispose()V+1
j  com.badlogic.gdx.backends.lwjgl.LwjglApplication.mainLoop()V+780
j  com.badlogic.gdx.backends.lwjgl.LwjglApplication$1.run()V+27
v  ~StubRoutines::call_stub
V  [jvm.dll+0x1cb013]

Java frames: (J=compiled Java code, j=interpreted, Vv=VM code)
j  com.badlogic.gdx.physics.box2d.World.jniDispose(J)V+0
j  com.badlogic.gdx.physics.box2d.World.dispose()V+5
j  com.infinithinks.pentastic.entities.Track.dispose()V+4
j  com.infinithinks.pentastic.level.Level_1.dispose()V+18
j  com.infinithinks.pentastic.level.Level_1.hide()V+1
j  com.badlogic.gdx.Game.dispose()V+11
j  com.infinithinks.pentastic.PENtasticMain.dispose()V+1
j  com.badlogic.gdx.backends.lwjgl.LwjglApplication.mainLoop()V+780
j  com.badlogic.gdx.backends.lwjgl.LwjglApplication$1.run()V+27
v  ~StubRoutines::call_stub

---------------  P R O C E S S  ---------------

Java Threads: ( => current thread )
  0x000000000aeec800 JavaThread "LWJGL Timer" daemon [_thread_blocked, id=4156, stack(0x000000000f5d0000,0x000000000f6d0000)]
  0x00000000021d0800 JavaThread "DestroyJavaVM" [_thread_blocked, id=3720, stack(0x0000000002060000,0x0000000002160000)]
=>0x000000000adf8000 JavaThread "LWJGL Application" [_thread_in_native, id=9056, stack(0x000000000b960000,0x000000000ba60000)]
  0x0000000009337000 JavaThread "Service Thread" daemon [_thread_blocked, id=6796, stack(0x000000000aaa0000,0x000000000aba0000)]
  0x000000000932f000 JavaThread "C2 CompilerThread1" daemon [_thread_blocked, id=2808, stack(0x000000000a9a0000,0x000000000aaa0000)]
  0x0000000009323000 JavaThread "C2 CompilerThread0" daemon [_thread_blocked, id=7492, stack(0x000000000a8a0000,0x000000000a9a0000)]
  0x0000000009321800 JavaThread "Attach Listener" daemon [_thread_blocked, id=3780, stack(0x000000000a7a0000,0x000000000a8a0000)]
  0x000000000931e800 JavaThread "Signal Dispatcher" daemon [_thread_blocked, id=5228, stack(0x000000000a6a0000,0x000000000a7a0000)]
  0x00000000092eb000 JavaThread "Finalizer" daemon [_thread_blocked, id=10216, stack(0x000000000a5a0000,0x000000000a6a0000)]
  0x00000000092e1800 JavaThread "Reference Handler" daemon [_thread_blocked, id=10184, stack(0x000000000a4a0000,0x000000000a5a0000)]

Other Threads:
  0x00000000092df000 VMThread [stack: 0x000000000a3a0000,0x000000000a4a0000] [id=8996]
  0x0000000009350000 WatcherThread [stack: 0x000000000aba0000,0x000000000aca0000] [id=13036]

VM state:not at safepoint (normal execution)

VM Mutex/Monitor currently owned by a thread: None

Heap
 PSYoungGen      total 28672K, used 15511K [0x00000000e0100000, 0x00000000e2100000, 0x0000000100000000)
  eden space 24576K, 63% used [0x00000000e0100000,0x00000000e1025fc0,0x00000000e1900000)
  from space 4096K, 0% used [0x00000000e1d00000,0x00000000e1d00000,0x00000000e2100000)
  to   space 4096K, 0% used [0x00000000e1900000,0x00000000e1900000,0x00000000e1d00000)
 ParOldGen       total 65024K, used 0K [0x00000000a0400000, 0x00000000a4380000, 0x00000000e0100000)
  object space 65024K, 0% used [0x00000000a0400000,0x00000000a0400000,0x00000000a4380000)
 PSPermGen       total 21504K, used 6520K [0x000000009b200000, 0x000000009c700000, 0x00000000a0400000)
  object space 21504K, 30% used [0x000000009b200000,0x000000009b85e1a8,0x000000009c700000)

Card table byte_map: [0x00000000052d0000,0x0000000005600000] byte_map_base: 0x0000000004df7000

Polling page: 0x00000000006d0000

Code Cache  [0x00000000022d0000, 0x0000000002540000, 0x00000000052d0000)
 total_blobs=579 nmethods=175 adapters=357 free_code_cache=48386Kb largest_free_block=49519488

Compilation events (10 events):
Event: 25.869 Thread 0x0000000009323000  171             com.badlogic.gdx.physics.box2d.Box2DDebugRenderer::getColorByBody (59 bytes)
Event: 25.869 Thread 0x000000000932f000  172             com.badlogic.gdx.physics.box2d.Body::isAwake (9 bytes)
Event: 25.870 Thread 0x000000000932f000 nmethod 172 0x000000000238e410 code [0x000000000238e560, 0x000000000238e5e8]
Event: 25.874 Thread 0x0000000009323000 nmethod 171 0x0000000002382850 code [0x00000000023829c0, 0x0000000002382b10]
Event: 26.418 Thread 0x000000000932f000  173             org.lwjgl.opengl.WindowsMouse::poll (183 bytes)
Event: 26.444 Thread 0x000000000932f000 nmethod 173 0x0000000002393f90 code [0x0000000002394100, 0x00000000023945b8]
Event: 26.535 Thread 0x0000000009323000  174             com.badlogic.gdx.utils.SnapshotArray::end (80 bytes)
Event: 26.540 Thread 0x0000000009323000 nmethod 174 0x000000000238de10 code [0x000000000238df40, 0x000000000238e058]
Event: 26.652 Thread 0x000000000932f000  175             com.badlogic.gdx.utils.SnapshotArray::modified (82 bytes)
Event: 26.659 Thread 0x000000000932f000 nmethod 175 0x000000000236e990 code [0x000000000236eae0, 0x000000000236ecc8]

GC Heap History (0 events):
No events

Deoptimization events (4 events):
Event: 18.749 Thread 0x000000000adf8000 Uncommon trap: reason=array_check action=maybe_recompile pc=0x000000000237e728 method=com.badlogic.gdx.utils.Array.add(Ljava/lang/Object;)V @ 46
Event: 19.100 Thread 0x000000000adf8000 Uncommon trap: reason=array_check action=maybe_recompile pc=0x000000000237e728 method=com.badlogic.gdx.utils.Array.add(Ljava/lang/Object;)V @ 46
Event: 19.449 Thread 0x000000000adf8000 Uncommon trap: reason=array_check action=maybe_recompile pc=0x000000000237e728 method=com.badlogic.gdx.utils.Array.add(Ljava/lang/Object;)V @ 46
Event: 19.684 Thread 0x000000000adf8000 Uncommon trap: reason=array_check action=maybe_recompile pc=0x000000000237e728 method=com.badlogic.gdx.utils.Array.add(Ljava/lang/Object;)V @ 46

Internal exceptions (10 events):
Event: 3.322 Thread 0x000000000adf8000 Threw 0x00000000e0d83ec8 at C:\jdk7u2_64p\jdk7u40\hotspot\src\share\vm\prims\jvm.cpp:1244
Event: 3.431 Thread 0x000000000adf8000 Threw 0x00000000e0df21b0 at C:\jdk7u2_64p\jdk7u40\hotspot\src\share\vm\prims\jvm.cpp:1244
Event: 3.432 Thread 0x000000000adf8000 Threw 0x00000000e0df61b8 at C:\jdk7u2_64p\jdk7u40\hotspot\src\share\vm\prims\jvm.cpp:1244
Event: 3.433 Thread 0x000000000adf8000 Threw 0x00000000e0dfa208 at C:\jdk7u2_64p\jdk7u40\hotspot\src\share\vm\prims\jvm.cpp:1244
Event: 3.433 Thread 0x000000000adf8000 Threw 0x00000000e0dfe6d0 at C:\jdk7u2_64p\jdk7u40\hotspot\src\share\vm\prims\jvm.cpp:1244
Event: 3.434 Thread 0x000000000adf8000 Threw 0x00000000e0e025f8 at C:\jdk7u2_64p\jdk7u40\hotspot\src\share\vm\prims\jvm.cpp:1244
Event: 3.435 Thread 0x000000000adf8000 Threw 0x00000000e0e069d0 at C:\jdk7u2_64p\jdk7u40\hotspot\src\share\vm\prims\jvm.cpp:1244
Event: 3.466 Thread 0x000000000adf8000 Threw 0x00000000e0e0c490 at C:\jdk7u2_64p\jdk7u40\hotspot\src\share\vm\prims\jvm.cpp:1244
Event: 9.949 Thread 0x000000000adf8000 Threw 0x00000000e0e96f90 at C:\jdk7u2_64p\jdk7u40\hotspot\src\share\vm\prims\jvm.cpp:1244
Event: 27.209 Thread 0x000000000adf8000 Threw 0x00000000e100f488 at C:\jdk7u2_64p\jdk7u40\hotspot\src\share\vm\prims\jvm.cpp:1244

Events (10 events):
Event: 19.100 Thread 0x000000000adf8000 DEOPT PACKING pc=0x000000000237e728 sp=0x000000000ba5f020
Event: 19.100 Thread 0x000000000adf8000 DEOPT UNPACKING pc=0x00000000023075a4 sp=0x000000000ba5efb0 mode 2
Event: 19.449 Thread 0x000000000adf8000 Uncommon trap: trap_request=0xffffffd6 fr.pc=0x000000000237e728
Event: 19.449 Thread 0x000000000adf8000 DEOPT PACKING pc=0x000000000237e728 sp=0x000000000ba5f020
Event: 19.449 Thread 0x000000000adf8000 DEOPT UNPACKING pc=0x00000000023075a4 sp=0x000000000ba5efb0 mode 2
Event: 19.684 Thread 0x000000000adf8000 Uncommon trap: trap_request=0xffffffd6 fr.pc=0x000000000237e728
Event: 19.684 Thread 0x000000000adf8000 DEOPT PACKING pc=0x000000000237e728 sp=0x000000000ba5f020
Event: 19.684 Thread 0x000000000adf8000 DEOPT UNPACKING pc=0x00000000023075a4 sp=0x000000000ba5efb0 mode 2
Event: 27.209 loading class 0x0000000009365270
Event: 27.209 loading class 0x0000000009365270 done


Dynamic libraries:
0x00007ff79b9f0000 - 0x00007ff79ba23000 	C:\Program Files\Java\jre7\bin\javaw.exe
0x00007ff8e6620000 - 0x00007ff8e67c9000 	C:\WINDOWS\SYSTEM32\ntdll.dll
0x00007ff8e4600000 - 0x00007ff8e4739000 	C:\WINDOWS\system32\KERNEL32.DLL
0x00007ff8e3da0000 - 0x00007ff8e3eae000 	C:\WINDOWS\system32\KERNELBASE.dll
0x00007ff8e25d0000 - 0x00007ff8e265b000 	C:\WINDOWS\system32\apphelp.dll
0x00007ff8d38b0000 - 0x00007ff8d38ff000 	C:\WINDOWS\AppPatch\AppPatch64\AcGenral.DLL
0x00007ff8e4c20000 - 0x00007ff8e4cc7000 	C:\WINDOWS\system32\msvcrt.dll
0x00007ff8e37e0000 - 0x00007ff8e380b000 	C:\WINDOWS\SYSTEM32\SspiCli.dll
0x00007ff8e63d0000 - 0x00007ff8e6421000 	C:\WINDOWS\system32\SHLWAPI.dll
0x00007ff8e4d70000 - 0x00007ff8e4ee1000 	C:\WINDOWS\system32\USER32.dll
0x00007ff8e4aa0000 - 0x00007ff8e4c16000 	C:\WINDOWS\system32\ole32.dll
0x00007ff8e4f00000 - 0x00007ff8e630f000 	C:\WINDOWS\system32\SHELL32.dll
0x00007ff8e2fb0000 - 0x00007ff8e2fcf000 	C:\WINDOWS\SYSTEM32\USERENV.dll
0x00007ff8e6310000 - 0x00007ff8e63b5000 	C:\WINDOWS\system32\ADVAPI32.dll
0x00007ff8da3e0000 - 0x00007ff8da3fb000 	C:\WINDOWS\SYSTEM32\MPR.dll
0x00007ff8e4740000 - 0x00007ff8e4876000 	C:\WINDOWS\system32\RPCRT4.dll
0x00007ff8e4d10000 - 0x00007ff8e4d67000 	C:\WINDOWS\SYSTEM32\sechost.dll
0x00007ff8e6430000 - 0x00007ff8e6607000 	C:\WINDOWS\SYSTEM32\combase.dll
0x00007ff8e4110000 - 0x00007ff8e4255000 	C:\WINDOWS\system32\GDI32.dll
0x00007ff8e39a0000 - 0x00007ff8e39b4000 	C:\WINDOWS\SYSTEM32\profapi.dll
0x00007ff8e2030000 - 0x00007ff8e20d1000 	C:\WINDOWS\SYSTEM32\SHCORE.dll
0x00007ff8e4cd0000 - 0x00007ff8e4d04000 	C:\WINDOWS\system32\IMM32.DLL
0x00007ff8e3f20000 - 0x00007ff8e4058000 	C:\WINDOWS\system32\MSCTF.dll
0x00007ff8e0e50000 - 0x00007ff8e10aa000 	C:\WINDOWS\WinSxS\amd64_microsoft.windows.common-controls_6595b64144ccf1df_6.0.9600.16384_none_62475f7becb72503\COMCTL32.dll
0x000000005f220000 - 0x000000005f2f1000 	C:\Program Files\Java\jre7\bin\msvcr100.dll
0x000000005ea50000 - 0x000000005f219000 	C:\Program Files\Java\jre7\bin\server\jvm.dll
0x00007ff8d6c20000 - 0x00007ff8d6c29000 	C:\WINDOWS\SYSTEM32\WSOCK32.dll
0x00007ff8d91f0000 - 0x00007ff8d920f000 	C:\WINDOWS\SYSTEM32\WINMM.dll
0x00007ff8e3f10000 - 0x00007ff8e3f17000 	C:\WINDOWS\system32\PSAPI.DLL
0x00007ff8e49a0000 - 0x00007ff8e49f8000 	C:\WINDOWS\system32\WS2_32.dll
0x00007ff8d7680000 - 0x00007ff8d76aa000 	C:\WINDOWS\SYSTEM32\WINMMBASE.dll
0x00007ff8e63c0000 - 0x00007ff8e63c9000 	C:\WINDOWS\system32\NSI.dll
0x00007ff8e3d50000 - 0x00007ff8e3d9a000 	C:\WINDOWS\SYSTEM32\cfgmgr32.dll
0x00007ff8e2830000 - 0x00007ff8e2856000 	C:\WINDOWS\SYSTEM32\DEVOBJ.dll
0x0000000060240000 - 0x000000006024f000 	C:\Program Files\Java\jre7\bin\verify.dll
0x000000005f4f0000 - 0x000000005f518000 	C:\Program Files\Java\jre7\bin\java.dll
0x000000005ea30000 - 0x000000005ea45000 	C:\Program Files\Java\jre7\bin\zip.dll
0x0000000065580000 - 0x0000000065610000 	C:\Users\Fathurrohman E\AppData\Local\Temp\libgdxFathurrohman E\5498721d\gdx64.dll
0x0000000180000000 - 0x0000000180050000 	C:\Users\Fathurrohman E\AppData\Local\Temp\libgdxFathurrohman E\4c88a7c1\lwjgl64.dll
0x00007ff8c4e50000 - 0x00007ff8c4f71000 	C:\WINDOWS\SYSTEM32\OPENGL32.dll
0x00007ff8e1120000 - 0x00007ff8e112a000 	C:\WINDOWS\SYSTEM32\VERSION.dll
0x00007ff8d4790000 - 0x00007ff8d47bc000 	C:\WINDOWS\SYSTEM32\GLU32.dll
0x00007ff8c1a40000 - 0x00007ff8c1b34000 	C:\WINDOWS\SYSTEM32\DDRAW.dll
0x00007ff8d8ea0000 - 0x00007ff8d8ea9000 	C:\WINDOWS\SYSTEM32\DCIMAN32.dll
0x000000000b120000 - 0x000000000b184000 	C:\Users\FATHUR~1\AppData\Local\Temp\libgdxFathurrohman E\4c88a7c1\OpenAL64.dll
0x00007ff8e26a0000 - 0x00007ff8e26aa000 	C:\WINDOWS\SYSTEM32\kernel.appcore.dll
0x00007ff8e3870000 - 0x00007ff8e387a000 	C:\WINDOWS\SYSTEM32\CRYPTBASE.dll
0x00007ff8e3810000 - 0x00007ff8e386e000 	C:\WINDOWS\SYSTEM32\bcryptPrimitives.dll
0x00007ff8e26b0000 - 0x00007ff8e27d2000 	C:\WINDOWS\system32\uxtheme.dll
0x00007ff8e4060000 - 0x00007ff8e4104000 	C:\WINDOWS\SYSTEM32\clbcatq.dll
0x00007ff8b84b0000 - 0x00007ff8b8537000 	C:\WINDOWS\SYSTEM32\dsound.dll
0x00007ff8e3940000 - 0x00007ff8e3985000 	C:\WINDOWS\SYSTEM32\POWRPROF.dll
0x00007ff8e00d0000 - 0x00007ff8e0131000 	C:\WINDOWS\System32\MMDevApi.dll
0x00007ff8d6c60000 - 0x00007ff8d6cd6000 	C:\WINDOWS\SYSTEM32\AUDIOSES.DLL
0x00007ff8e48e0000 - 0x00007ff8e4997000 	C:\WINDOWS\system32\OLEAUT32.dll
0x00007ff8e1df0000 - 0x00007ff8e1e11000 	C:\WINDOWS\system32\dwmapi.dll
0x00007ff8d36d0000 - 0x00007ff8d36e8000 	C:\WINDOWS\SYSTEM32\atig6pxx.dll
0x000000005cdd0000 - 0x000000005e771000 	C:\WINDOWS\SYSTEM32\atio6axx.dll
0x00007ff8e4400000 - 0x00007ff8e45d6000 	C:\WINDOWS\system32\SETUPAPI.dll
0x00007ff8de2f0000 - 0x00007ff8de418000 	C:\WINDOWS\SYSTEM32\atiadlxx.dll
0x00007ff8dfdd0000 - 0x00007ff8dff34000 	C:\WINDOWS\SYSTEM32\PROPSYS.dll
0x00007ff8e25b0000 - 0x00007ff8e25c1000 	C:\WINDOWS\SYSTEM32\WTSAPI32.dll
0x00007ff8dfda0000 - 0x00007ff8dfdc9000 	C:\WINDOWS\SYSTEM32\IPHLPAPI.DLL
0x00007ff8dfd30000 - 0x00007ff8dfd3a000 	C:\WINDOWS\SYSTEM32\WINNSI.DLL
0x00007ff8e3c50000 - 0x00007ff8e3c9e000 	C:\WINDOWS\system32\WINTRUST.dll
0x00007ff8e3a70000 - 0x00007ff8e3c47000 	C:\WINDOWS\system32\CRYPT32.dll
0x00007ff8e3a50000 - 0x00007ff8e3a62000 	C:\WINDOWS\system32\MSASN1.dll
0x00007ff8de960000 - 0x00007ff8deaa4000 	C:\WINDOWS\SYSTEM32\aticfx64.dll
0x00007ff8c71b0000 - 0x00007ff8c71ce000 	C:\WINDOWS\SYSTEM32\atig6txx.dll
0x00007ff8d4590000 - 0x00007ff8d461d000 	C:\WINDOWS\SYSTEM32\mscms.dll
0x00007ff8c10a0000 - 0x00007ff8c10e1000 	C:\WINDOWS\SYSTEM32\icm32.dll
0x00007ff8c48c0000 - 0x00007ff8c4a48000 	C:\WINDOWS\SYSTEM32\dbghelp.dll

VM Arguments:
jvm_args: -Dfile.encoding=Cp1252 
java_command: com.infinithinks.pentastic.Main
Launcher Type: SUN_STANDARD

Environment Variables:
PATH=C:\WINDOWS\system32;C:\WINDOWS;C:\WINDOWS\System32\Wbem;C:\WINDOWS\System32\WindowsPowerShell\v1.0\;C:\Program Files (x86)\ATI Technologies\ATI.ACE\Core-Static;C:\Program Files (x86)\SoftKinetic\DepthSenseSDK\bin;e:\Program Files\MATLAB\R2010a\runtime\win64;e:\Program Files\MATLAB\R2010a\bin;C:\Program Files (x86)\Windows Kits\8.0\Windows Performance Toolkit\;C:\Program Files\Microsoft SQL Server\110\Tools\Binn\
USERNAME=Fathurrohman E
OS=Windows_NT
PROCESSOR_IDENTIFIER=Intel64 Family 6 Model 42 Stepping 7, GenuineIntel



---------------  S Y S T E M  ---------------

OS: Windows 8 , 64 bit Build 9200 

CPU:total 4 (2 cores per cpu, 2 threads per core) family 6 model 42 stepping 7, cmov, cx8, fxsr, mmx, sse, sse2, sse3, ssse3, sse4.1, sse4.2, popcnt, avx, ht, tsc, tscinvbit

Memory: 4k page, physical 6268032k(2177436k free), swap 9865796k(2384940k free)

vm_info: Java HotSpot(TM) 64-Bit Server VM (24.0-b56) for windows-amd64 JRE (1.7.0_40-b43), built on Aug 26 2013 22:38:32 by "java_re" with unknown MS VC++:1600

time: Fri Jan 31 11:25:29 2014
elapsed time: 27 seconds

