#
# A fatal error has been detected by the Java Runtime Environment:
#
#  EXCEPTION_ACCESS_VIOLATION (0xc0000005) at pc=0x00000000655a1b9f, pid=8044, tid=10620
#
# JRE version: Java(TM) SE Runtime Environment (7.0_40-b43) (build 1.7.0_40-b43)
# Java VM: Java HotSpot(TM) 64-Bit Server VM (24.0-b56 mixed mode windows-amd64 compressed oops)
# Problematic frame:
# C  [gdx64.dll+0x21b9f]
#
# Failed to write core dump. Minidumps are not enabled by default on client versions of Windows
#
# If you would like to submit a bug report, please visit:
#   http://bugreport.sun.com/bugreport/crash.jsp
# The crash happened outside the Java Virtual Machine in native code.
# See problematic frame for where to report the bug.
#

---------------  T H R E A D  ---------------

Current thread (0x000000000b44b000):  JavaThread "LWJGL Application" [_thread_in_native, id=10620, stack(0x000000000bed0000,0x000000000bfd0000)]

siginfo: ExceptionCode=0xc0000005, reading address 0x000000000c01b978

Registers:
RAX=0x000000000c017840, RBX=0x000000000bfea820, RCX=0x000000000c01b970, RDX=0x000000000c017780
RSP=0x000000000bfcf420, RBP=0x000000000bfcf590, RSI=0x0000000000000001, RDI=0x0000000000000000
R8 =0x000000000bfea820, R9 =0x00000000000000db, R10=0x00000000027b3064, R11=0x000000007452f7d0
R12=0x0000000000000000, R13=0x000000009b706738, R14=0x000000000bfcf5c0, R15=0x000000000b44b000
RIP=0x00000000655a1b9f, EFLAGS=0x0000000000010202

Top of Stack: (sp=0x000000000bfcf420)
0x000000000bfcf420:   00000f998e9be9d2 00000000743cf72f
0x000000000bfcf430:   000000009b706678 000000007445c49f
0x000000000bfcf440:   000000000c017780 00000000026e9140
0x000000000bfcf450:   000000000b44b000 00000000743eabb0
0x000000000bfcf460:   0000000000000000 00000000026e9140
0x000000000bfcf470:   0000000000000003 000000000000000e
0x000000000bfcf480:   000000000bfc0000 00000000027be103
0x000000000bfcf490:   00000000655d3070 00000000655d3928
0x000000000bfcf4a0:   000000000bfcf4d0 00000000655a1c31
0x000000000bfcf4b0:   000000000bfcf420 00000000743eadce
0x000000000bfcf4c0:   00000000098bd100 000000009b73f2b4
0x000000000bfcf4d0:   000000000bfcf590 00000000655aae75
0x000000000bfcf4e0:   000000000bfea820 00000000743ee25e
0x000000000bfcf4f0:   000000000bfcfa68 000000000bfcf589
0x000000000bfcf500:   000000009b706738 00000000027b3090
0x000000000bfcf510:   00000000000000b6 000000000b44b000 

Instructions: (pc=0x00000000655a1b9f)
0x00000000655a1b7f:   90 48 83 7c 24 20 00 74 4b 48 8b 44 24 20 48 8b
0x00000000655a1b8f:   48 70 48 8b 50 68 48 85 c9 48 89 54 24 20 74 e1
0x00000000655a1b9f:   48 8b 41 08 48 8b 94 24 c0 00 00 00 c7 41 30 00
0x00000000655a1baf:   00 00 00 c7 44 24 48 01 00 00 00 48 89 44 24 28 


Register to memory mapping:

RAX=0x000000000c017840 is an unknown value
RBX=0x000000000bfea820 is an unknown value
RCX=0x000000000c01b970 is an unknown value
RDX=0x000000000c017780 is an unknown value
RSP=0x000000000bfcf420 is pointing into the stack for thread: 0x000000000b44b000
RBP=0x000000000bfcf590 is pointing into the stack for thread: 0x000000000b44b000
RSI=0x0000000000000001 is an unknown value
RDI=0x0000000000000000 is an unknown value
R8 =0x000000000bfea820 is an unknown value
R9 =0x00000000000000db is an unknown value
R10=0x00000000027b3064 is at code_begin+644 in an Interpreter codelet
method entry point (kind = native)  [0x00000000027b2de0, 0x00000000027b3680]  2208 bytes
R11=0x000000007452f7d0 is an unknown value
R12=0x0000000000000000 is an unknown value
R13=0x000000009b706738 is an oop
{method} 
 - klass: {other class}
R14=0x000000000bfcf5c0 is pointing into the stack for thread: 0x000000000b44b000
R15=0x000000000b44b000 is a thread


Stack: [0x000000000bed0000,0x000000000bfd0000],  sp=0x000000000bfcf420,  free space=1021k
Native frames: (J=compiled Java code, j=interpreted, Vv=VM code, C=native code)
C  [gdx64.dll+0x21b9f]
j  com.badlogic.gdx.physics.box2d.World.dispose()V+5
j  com.infinithinks.pentastic.entities.Track.dispose()V+4
j  com.infinithinks.pentastic.level.Level_1.dispose()V+18
j  com.infinithinks.pentastic.level.Level_1.hide()V+1
j  com.badlogic.gdx.Game.dispose()V+11
j  com.infinithinks.pentastic.PENtasticMain.dispose()V+1
j  com.badlogic.gdx.backends.lwjgl.LwjglApplication.mainLoop()V+780
j  com.badlogic.gdx.backends.lwjgl.LwjglApplication$1.run()V+27
v  ~StubRoutines::call_stub
V  [jvm.dll+0x1cb013]

Java frames: (J=compiled Java code, j=interpreted, Vv=VM code)
j  com.badlogic.gdx.physics.box2d.World.jniDispose(J)V+0
j  com.badlogic.gdx.physics.box2d.World.dispose()V+5
j  com.infinithinks.pentastic.entities.Track.dispose()V+4
j  com.infinithinks.pentastic.level.Level_1.dispose()V+18
j  com.infinithinks.pentastic.level.Level_1.hide()V+1
j  com.badlogic.gdx.Game.dispose()V+11
j  com.infinithinks.pentastic.PENtasticMain.dispose()V+1
j  com.badlogic.gdx.backends.lwjgl.LwjglApplication.mainLoop()V+780
j  com.badlogic.gdx.backends.lwjgl.LwjglApplication$1.run()V+27
v  ~StubRoutines::call_stub

---------------  P R O C E S S  ---------------

Java Threads: ( => current thread )
  0x000000000b411800 JavaThread "LWJGL Timer" daemon [_thread_blocked, id=11552, stack(0x0000000011d40000,0x0000000011e40000)]
  0x00000000026a0800 JavaThread "DestroyJavaVM" [_thread_blocked, id=12180, stack(0x0000000002500000,0x0000000002600000)]
=>0x000000000b44b000 JavaThread "LWJGL Application" [_thread_in_native, id=10620, stack(0x000000000bed0000,0x000000000bfd0000)]
  0x00000000098ca000 JavaThread "Service Thread" daemon [_thread_blocked, id=908, stack(0x000000000b020000,0x000000000b120000)]
  0x00000000098b8000 JavaThread "C2 CompilerThread1" daemon [_thread_blocked, id=7572, stack(0x000000000af20000,0x000000000b020000)]
  0x00000000098b3000 JavaThread "C2 CompilerThread0" daemon [_thread_blocked, id=10720, stack(0x000000000ae20000,0x000000000af20000)]
  0x00000000098b1800 JavaThread "Attach Listener" daemon [_thread_blocked, id=10024, stack(0x000000000ad20000,0x000000000ae20000)]
  0x00000000098ae800 JavaThread "Signal Dispatcher" daemon [_thread_blocked, id=5804, stack(0x000000000ac20000,0x000000000ad20000)]
  0x000000000987b000 JavaThread "Finalizer" daemon [_thread_blocked, id=5660, stack(0x000000000ab20000,0x000000000ac20000)]
  0x0000000009871800 JavaThread "Reference Handler" daemon [_thread_blocked, id=5916, stack(0x000000000aa20000,0x000000000ab20000)]

Other Threads:
  0x000000000986f000 VMThread [stack: 0x000000000a920000,0x000000000aa20000] [id=4128]
  0x00000000098d2800 WatcherThread [stack: 0x000000000b120000,0x000000000b220000] [id=12216]

VM state:not at safepoint (normal execution)

VM Mutex/Monitor currently owned by a thread: None

Heap
 PSYoungGen      total 28672K, used 10131K [0x00000000e0100000, 0x00000000e2100000, 0x0000000100000000)
  eden space 24576K, 41% used [0x00000000e0100000,0x00000000e0ae4fd0,0x00000000e1900000)
  from space 4096K, 0% used [0x00000000e1d00000,0x00000000e1d00000,0x00000000e2100000)
  to   space 4096K, 0% used [0x00000000e1900000,0x00000000e1900000,0x00000000e1d00000)
 ParOldGen       total 65024K, used 0K [0x00000000a0400000, 0x00000000a4380000, 0x00000000e0100000)
  object space 65024K, 0% used [0x00000000a0400000,0x00000000a0400000,0x00000000a4380000)
 PSPermGen       total 21504K, used 5801K [0x000000009b200000, 0x000000009c700000, 0x00000000a0400000)
  object space 21504K, 26% used [0x000000009b200000,0x000000009b7aa700,0x000000009c700000)

Card table byte_map: [0x0000000005860000,0x0000000005b90000] byte_map_base: 0x0000000005387000

Polling page: 0x0000000000c30000

Code Cache  [0x00000000027a0000, 0x0000000002a10000, 0x00000000057a0000)
 total_blobs=422 nmethods=33 adapters=342 free_code_cache=48622Kb largest_free_block=49771584

Compilation events (10 events):
Event: 1.702 Thread 0x00000000098b8000   28             com.badlogic.gdx.utils.LongMap$MapIterator::findNextIndex (64 bytes)
Event: 1.710 Thread 0x00000000098b8000 nmethod 28 0x0000000002827090 code [0x00000000028271c0, 0x0000000002827338]
Event: 2.586 Thread 0x00000000098b3000   29             com.badlogic.gdx.utils.NumberUtils::intToFloatColor (18 bytes)
Event: 2.588 Thread 0x00000000098b3000 nmethod 29 0x0000000002824210 code [0x0000000002824340, 0x0000000002824398]
Event: 2.591 Thread 0x00000000098b8000   31             com.badlogic.gdx.graphics.glutils.ImmediateModeRenderer20::color (23 bytes)
Event: 2.591 Thread 0x00000000098b3000   32             com.badlogic.gdx.graphics.Color::toFloatBits (40 bytes)
Event: 2.593 Thread 0x00000000098b3000 nmethod 32 0x0000000002825cd0 code [0x0000000002825e40, 0x0000000002825f38]
Event: 2.593 Thread 0x00000000098b3000   33             com.badlogic.gdx.graphics.glutils.ImmediateModeRenderer20::vertex (63 bytes)
Event: 2.593 Thread 0x00000000098b8000 nmethod 31 0x0000000002826450 code [0x00000000028265c0, 0x0000000002826718]
Event: 2.595 Thread 0x00000000098b3000 nmethod 33 0x0000000002824450 code [0x0000000002824580, 0x0000000002824678]

GC Heap History (0 events):
No events

Deoptimization events (0 events):
No events

Internal exceptions (10 events):
Event: 1.059 Thread 0x000000000b44b000 Threw 0x00000000e0a65aa0 at C:\jdk7u2_64p\jdk7u40\hotspot\src\share\vm\prims\jvm.cpp:1244
Event: 1.060 Thread 0x000000000b44b000 Threw 0x00000000e0a69aa8 at C:\jdk7u2_64p\jdk7u40\hotspot\src\share\vm\prims\jvm.cpp:1244
Event: 1.060 Thread 0x000000000b44b000 Threw 0x00000000e0a6de48 at C:\jdk7u2_64p\jdk7u40\hotspot\src\share\vm\prims\jvm.cpp:1244
Event: 1.061 Thread 0x000000000b44b000 Threw 0x00000000e0a72310 at C:\jdk7u2_64p\jdk7u40\hotspot\src\share\vm\prims\jvm.cpp:1244
Event: 1.062 Thread 0x000000000b44b000 Threw 0x00000000e0a75e98 at C:\jdk7u2_64p\jdk7u40\hotspot\src\share\vm\prims\jvm.cpp:1244
Event: 1.062 Thread 0x000000000b44b000 Threw 0x00000000e0a7a1e0 at C:\jdk7u2_64p\jdk7u40\hotspot\src\share\vm\prims\jvm.cpp:1244
Event: 1.084 Thread 0x000000000b44b000 Threw 0x00000000e0a7ebe0 at C:\jdk7u2_64p\jdk7u40\hotspot\src\share\vm\prims\jvm.cpp:1244
Event: 1.085 Thread 0x000000000b44b000 Threw 0x00000000e0a82ca0 at C:\jdk7u2_64p\jdk7u40\hotspot\src\share\vm\prims\jvm.cpp:1244
Event: 1.085 Thread 0x000000000b44b000 Threw 0x00000000e0a86810 at C:\jdk7u2_64p\jdk7u40\hotspot\src\share\vm\prims\jvm.cpp:1244
Event: 3.087 Thread 0x000000000b44b000 Threw 0x00000000e0a89dc0 at C:\jdk7u2_64p\jdk7u40\hotspot\src\share\vm\prims\jvm.cpp:1244

Events (10 events):
Event: 1.062 loading class 0x000000000b3c9450 done
Event: 1.084 loading class 0x000000000b365cd0
Event: 1.084 loading class 0x000000000b365cd0 done
Event: 1.084 loading class 0x000000000b3d7f80
Event: 1.084 loading class 0x000000000b3d7f80 done
Event: 1.085 loading class 0x000000000b4c2840
Event: 1.085 loading class 0x000000000b4c2840 done
Event: 1.086 Thread 0x000000000b411800 Thread added: 0x000000000b411800
Event: 3.087 loading class 0x00000000098f5ea0
Event: 3.087 loading class 0x00000000098f5ea0 done


Dynamic libraries:
0x00007ff72d960000 - 0x00007ff72d993000 	C:\Program Files\Java\jre7\bin\javaw.exe
0x00007ffaec2d0000 - 0x00007ffaec479000 	C:\WINDOWS\SYSTEM32\ntdll.dll
0x00007ffaeaba0000 - 0x00007ffaeacd9000 	C:\WINDOWS\system32\KERNEL32.DLL
0x00007ffae9720000 - 0x00007ffae982e000 	C:\WINDOWS\system32\KERNELBASE.dll
0x00007ffae8280000 - 0x00007ffae830b000 	C:\WINDOWS\system32\apphelp.dll
0x00007ffacfa20000 - 0x00007ffacfa6f000 	C:\WINDOWS\AppPatch\AppPatch64\AcGenral.DLL
0x00007ffaea630000 - 0x00007ffaea6d7000 	C:\WINDOWS\system32\msvcrt.dll
0x00007ffae9500000 - 0x00007ffae952b000 	C:\WINDOWS\SYSTEM32\SspiCli.dll
0x00007ffae9da0000 - 0x00007ffae9df1000 	C:\WINDOWS\system32\SHLWAPI.dll
0x00007ffaead40000 - 0x00007ffaeaeb1000 	C:\WINDOWS\system32\USER32.dll
0x00007ffaea840000 - 0x00007ffaea9b6000 	C:\WINDOWS\system32\ole32.dll
0x00007ffaeaec0000 - 0x00007ffaec2cf000 	C:\WINDOWS\system32\SHELL32.dll
0x00007ffae8c60000 - 0x00007ffae8c7f000 	C:\WINDOWS\SYSTEM32\USERENV.dll
0x00007ffae9bd0000 - 0x00007ffae9c75000 	C:\WINDOWS\system32\ADVAPI32.dll
0x00007ffadff60000 - 0x00007ffadff7b000 	C:\WINDOWS\SYSTEM32\MPR.dll
0x00007ffaea700000 - 0x00007ffaea836000 	C:\WINDOWS\system32\RPCRT4.dll
0x00007ffae9ca0000 - 0x00007ffae9cf7000 	C:\WINDOWS\SYSTEM32\sechost.dll
0x00007ffae9ff0000 - 0x00007ffaea1c7000 	C:\WINDOWS\SYSTEM32\combase.dll
0x00007ffaea430000 - 0x00007ffaea575000 	C:\WINDOWS\system32\GDI32.dll
0x00007ffae9650000 - 0x00007ffae9664000 	C:\WINDOWS\SYSTEM32\profapi.dll
0x00007ffae7c80000 - 0x00007ffae7d21000 	C:\WINDOWS\SYSTEM32\SHCORE.dll
0x00007ffae9d00000 - 0x00007ffae9d34000 	C:\WINDOWS\system32\IMM32.DLL
0x00007ffae9e00000 - 0x00007ffae9f38000 	C:\WINDOWS\system32\MSCTF.dll
0x00007ffae7260000 - 0x00007ffae74ba000 	C:\WINDOWS\WinSxS\amd64_microsoft.windows.common-controls_6595b64144ccf1df_6.0.9600.16384_none_62475f7becb72503\COMCTL32.dll
0x0000000075380000 - 0x0000000075451000 	C:\Program Files\Java\jre7\bin\msvcr100.dll
0x0000000074350000 - 0x0000000074b19000 	C:\Program Files\Java\jre7\bin\server\jvm.dll
0x00007ffae5bf0000 - 0x00007ffae5bf9000 	C:\WINDOWS\SYSTEM32\WSOCK32.dll
0x00007ffadfde0000 - 0x00007ffadfdff000 	C:\WINDOWS\SYSTEM32\WINMM.dll
0x00007ffaea6f0000 - 0x00007ffaea6f7000 	C:\WINDOWS\system32\PSAPI.DLL
0x00007ffaeace0000 - 0x00007ffaead38000 	C:\WINDOWS\system32\WS2_32.dll
0x00007ffadfdb0000 - 0x00007ffadfdda000 	C:\WINDOWS\SYSTEM32\WINMMBASE.dll
0x00007ffaea6e0000 - 0x00007ffaea6e9000 	C:\WINDOWS\system32\NSI.dll
0x00007ffae9830000 - 0x00007ffae987a000 	C:\WINDOWS\SYSTEM32\cfgmgr32.dll
0x00007ffae84d0000 - 0x00007ffae84f6000 	C:\WINDOWS\SYSTEM32\DEVOBJ.dll
0x00000000762a0000 - 0x00000000762af000 	C:\Program Files\Java\jre7\bin\verify.dll
0x0000000075350000 - 0x0000000075378000 	C:\Program Files\Java\jre7\bin\java.dll
0x0000000075330000 - 0x0000000075345000 	C:\Program Files\Java\jre7\bin\zip.dll
0x0000000065580000 - 0x0000000065610000 	C:\Users\Fathurrohman E\AppData\Local\Temp\libgdxFathurrohman E\5498721d\gdx64.dll
0x0000000180000000 - 0x0000000180050000 	C:\Users\Fathurrohman E\AppData\Local\Temp\libgdxFathurrohman E\4c88a7c1\lwjgl64.dll
0x00007ffacab90000 - 0x00007ffacacb1000 	C:\WINDOWS\SYSTEM32\OPENGL32.dll
0x00007ffae7100000 - 0x00007ffae710a000 	C:\WINDOWS\SYSTEM32\VERSION.dll
0x00007ffae1e40000 - 0x00007ffae1e6c000 	C:\WINDOWS\SYSTEM32\GLU32.dll
0x00007ffacaa90000 - 0x00007ffacab84000 	C:\WINDOWS\SYSTEM32\DDRAW.dll
0x00007ffae6390000 - 0x00007ffae6399000 	C:\WINDOWS\SYSTEM32\DCIMAN32.dll
0x000000000b620000 - 0x000000000b684000 	C:\Users\FATHUR~1\AppData\Local\Temp\libgdxFathurrohman E\4c88a7c1\OpenAL64.dll
0x00007ffae8520000 - 0x00007ffae852a000 	C:\WINDOWS\SYSTEM32\kernel.appcore.dll
0x00007ffae9590000 - 0x00007ffae959a000 	C:\WINDOWS\SYSTEM32\CRYPTBASE.dll
0x00007ffae9530000 - 0x00007ffae958e000 	C:\WINDOWS\SYSTEM32\bcryptPrimitives.dll
0x00007ffae8340000 - 0x00007ffae8462000 	C:\WINDOWS\system32\uxtheme.dll
0x00007ffaea580000 - 0x00007ffaea624000 	C:\WINDOWS\SYSTEM32\clbcatq.dll
0x00007ffad2e50000 - 0x00007ffad2ed7000 	C:\WINDOWS\SYSTEM32\dsound.dll
0x00007ffae9490000 - 0x00007ffae94d5000 	C:\WINDOWS\SYSTEM32\POWRPROF.dll
0x00007ffae6ef0000 - 0x00007ffae6f51000 	C:\WINDOWS\System32\MMDevApi.dll
0x00007ffadcb80000 - 0x00007ffadcbf6000 	C:\WINDOWS\SYSTEM32\AUDIOSES.DLL
0x00007ffaea370000 - 0x00007ffaea427000 	C:\WINDOWS\system32\OLEAUT32.dll
0x00007ffae7aa0000 - 0x00007ffae7ac1000 	C:\WINDOWS\system32\dwmapi.dll
0x00007ffae3820000 - 0x00007ffae3838000 	C:\WINDOWS\SYSTEM32\atig6pxx.dll
0x00000000729a0000 - 0x0000000074341000 	C:\WINDOWS\SYSTEM32\atio6axx.dll
0x00007ffaea9c0000 - 0x00007ffaeab96000 	C:\WINDOWS\system32\SETUPAPI.dll
0x00007ffae4ed0000 - 0x00007ffae4ff8000 	C:\WINDOWS\SYSTEM32\atiadlxx.dll
0x00007ffae54c0000 - 0x00007ffae5624000 	C:\WINDOWS\SYSTEM32\PROPSYS.dll
0x00007ffae8260000 - 0x00007ffae8271000 	C:\WINDOWS\SYSTEM32\WTSAPI32.dll
0x00007ffae5240000 - 0x00007ffae5269000 	C:\WINDOWS\SYSTEM32\IPHLPAPI.DLL
0x00007ffae63c0000 - 0x00007ffae63ca000 	C:\WINDOWS\SYSTEM32\WINNSI.DLL
0x00007ffae9930000 - 0x00007ffae997e000 	C:\WINDOWS\system32\WINTRUST.dll
0x00007ffae9980000 - 0x00007ffae9b57000 	C:\WINDOWS\system32\CRYPT32.dll
0x00007ffae9700000 - 0x00007ffae9712000 	C:\WINDOWS\system32\MSASN1.dll
0x00007ffae7110000 - 0x00007ffae7254000 	C:\WINDOWS\SYSTEM32\aticfx64.dll
0x00007ffae0ea0000 - 0x00007ffae0ebe000 	C:\WINDOWS\SYSTEM32\atig6txx.dll
0x00007ffac7cb0000 - 0x00007ffac7d3d000 	C:\WINDOWS\SYSTEM32\mscms.dll
0x00007ffad98c0000 - 0x00007ffad9901000 	C:\WINDOWS\SYSTEM32\icm32.dll
0x00007ffad4130000 - 0x00007ffad42b8000 	C:\WINDOWS\SYSTEM32\dbghelp.dll

VM Arguments:
jvm_args: -Dfile.encoding=Cp1252 
java_command: com.infinithinks.pentastic.Main
Launcher Type: SUN_STANDARD

Environment Variables:
PATH=C:\WINDOWS\system32;C:\WINDOWS;C:\WINDOWS\System32\Wbem;C:\WINDOWS\System32\WindowsPowerShell\v1.0\;C:\Program Files (x86)\ATI Technologies\ATI.ACE\Core-Static;C:\Program Files (x86)\SoftKinetic\DepthSenseSDK\bin;e:\Program Files\MATLAB\R2010a\runtime\win64;e:\Program Files\MATLAB\R2010a\bin;C:\Program Files (x86)\Windows Kits\8.0\Windows Performance Toolkit\;C:\Program Files\Microsoft SQL Server\110\Tools\Binn\
USERNAME=Fathurrohman E
OS=Windows_NT
PROCESSOR_IDENTIFIER=Intel64 Family 6 Model 42 Stepping 7, GenuineIntel



---------------  S Y S T E M  ---------------

OS: Windows 8 , 64 bit Build 9200 

CPU:total 4 (2 cores per cpu, 2 threads per core) family 6 model 42 stepping 7, cmov, cx8, fxsr, mmx, sse, sse2, sse3, ssse3, sse4.1, sse4.2, popcnt, avx, ht, tsc, tscinvbit

Memory: 4k page, physical 6268032k(2116168k free), swap 8402008k(2216052k free)

vm_info: Java HotSpot(TM) 64-Bit Server VM (24.0-b56) for windows-amd64 JRE (1.7.0_40-b43), built on Aug 26 2013 22:38:32 by "java_re" with unknown MS VC++:1600

time: Sat Jan 11 14:06:48 2014
elapsed time: 3 seconds

